
Constructing CNF... DONE
CNF stats: 
  Vars=1848 / Clauses=4898
  CNF Time	0.006s
Constructing vtree (from primal graph)... DONE
Vtree stats:
  Vtree widths: con<=51, c_con=1939 v_con=55
  Vtree Time	1.412s
Compiling... DONE
  NNF memory      	180.8 MB
  Learned clauses      	3
Cache stats:
  hit rate   	74.9%
  lookups    	3302507
  ent count  	830190
  ent memory 	242.4 MB
  ht  memory 	152.6 MB
  clists     	1.0 ave, 4 max
  keys       	258.1b ave, 361.0b max, 1.0b min
  Compile Time	19.059s
Saving compiled NNF to file... DONE
  Save Time       	1.241s
NNF stats:
  Nodes           	3948704
  Edges           	7893518
Total Time: 21.806s

