
Constructing CNF... DONE
CNF stats: 
  Vars=417 / Clauses=1060
  CNF Time	0.001s
Constructing vtree (from primal graph)... DONE
Vtree stats:
  Vtree widths: con<=26, c_con=178 v_con=26
  Vtree Time	0.047s
Compiling... DONE
  NNF memory      	5.3 GB
  Learned clauses      	254
Cache stats:
  hit rate   	99.7%
  lookups    	150707281
  ent count  	134669
  ent memory 	9.6 MB
  ht  memory 	152.6 MB
  clists     	1.0 ave, 2 max
  keys       	27.0b ave, 35.0b max, 1.0b min
  Compile Time	997.916s
Saving compiled NNF to file... DONE
  Save Time       	36.489s
NNF stats:
  Nodes           	117788371
  Edges           	235575074
Total Time: 1034.505s

