
Constructing CNF... DONE
CNF stats: 
  Vars=1413 / Clauses=29487
  CNF Time	0.028s
Constructing vtree (from primal graph)... DONE
Vtree stats:
  Vtree widths: con<=443, c_con=14608 v_con=443
  Vtree Time	126.146s
Compiling... DONE
  NNF memory      	5.2 MB
  Learned clauses      	12720
Cache stats:
  hit rate   	30.4%
  lookups    	31693
  ent count  	1161
  ent memory 	1.7 MB
  ht  memory 	152.6 MB
  clists     	1.0 ave, 1 max
  keys       	1450.1b ave, 2035.0b max, 1.0b min
  Compile Time	5.268s
Saving compiled NNF to file... DONE
  Save Time       	0.043s
NNF stats:
  Nodes           	114375
  Edges           	224514
Total Time: 131.504s

