# To display the perf.data header info, please use --header/--header-only options.
#
#
# Total Lost Samples: 1
#
# Samples: 3K of event 'cycles'
# Event count (approx.): 2759060110
#
# Children      Self  Command  Shared Object         Symbol                                                                                                                                                                      
# ........  ........  .......  ....................  ............................................................................................................................................................................
#
    92.38%     0.00%  miniC2D  miniC2D               [.] _start
1.58% _start;__libc_start_main;0x7f681ea46249;main;vtree_manager_free;free_vtree_cache
1.53% _start;__libc_start_main;0x7f681ea46249;main;print_vtree_cache_stats;clist_size
    92.38%     0.00%  miniC2D  libc.so.6             [.] __libc_start_main
1.58% __libc_start_main;0x7f681ea46249;main;vtree_manager_free;free_vtree_cache
1.53% __libc_start_main;0x7f681ea46249;main;print_vtree_cache_stats;clist_size
    92.38%     0.00%  miniC2D  libc.so.6             [.] 0x00007f681ea46249
1.58% 0x7f681ea46249;main;vtree_manager_free;free_vtree_cache
1.53% 0x7f681ea46249;main;print_vtree_cache_stats;clist_size
    92.38%     0.00%  miniC2D  miniC2D               [.] main
1.58% main;vtree_manager_free;free_vtree_cache
1.53% main;print_vtree_cache_stats;clist_size
    78.17%     2.34%  miniC2D  miniC2D               [.] compile_vtree_shannon
    78.07%     4.87%  miniC2D  miniC2D               [.] compile_dispatcher
    78.02%     0.00%  miniC2D  miniC2D               [.] compile_vtree
    76.72%     0.92%  miniC2D  miniC2D               [.] compile_vtree_decomposed
    34.34%    20.39%  miniC2D  miniC2D               [.] get_and_node
3.33% get_and_node;qsort_r
2.10% get_and_node;qsort_r;0x7f681ea5eb9c;nnf_node_cmp
1.96% get_and_node;qsort_r;memcpy
    12.30%     3.33%  miniC2D  libc.so.6             [.] qsort_r
2.10% qsort_r;0x7f681ea5eb9c;nnf_node_cmp
1.96% qsort_r;memcpy
    10.99%     3.60%  miniC2D  miniC2D               [.] lookup_cache
2.65% lookup_cache;construct_vtree_key
1.72% lookup_cache;lookup_cache;vtree_is_shannon_node
1.12% lookup_cache;construct_vtree_key;sat_is_implied_literal
0.92% lookup_cache;lookup_cache;sat_is_instantiated_var
     9.45%     0.00%  miniC2D  miniC2D               [.] compile_with_literal (inlined)
6.87% compile_with_literal (inlined);sat_decide_literal;set_literal
1.48% compile_with_literal (inlined);erase_level
     8.73%     0.00%  miniC2D  miniC2D               [.] save_nnf_manager_to_file
     8.36%     0.80%  miniC2D  miniC2D               [.] save_nnf_nodes
     7.72%     6.98%  miniC2D  miniC2D               [.] set_literal
     7.71%     0.10%  miniC2D  miniC2D               [.] sat_decide_literal
6.87% sat_decide_literal;set_literal
     7.48%     0.00%  miniC2D  libc.so.6             [.] _IO_fprintf (inlined)
0.60% _IO_fprintf (inlined);0x7f681ea7b672
0.54% _IO_fprintf (inlined);0x7f681ea7b758
     5.34%     0.92%  miniC2D  miniC2D               [.] get_or_node
0.97% get_or_node;asm_exc_page_fault;exc_page_fault;do_user_addr_fault;handle_mm_fault;__handle_mm_fault;wp_page_copy;vma_alloc_folio;__folio_alloc;__alloc_pages;get_page_from_freelist;clear_page_rep
0.54% get_or_node;__irqentry_text_end
     5.14%     0.00%  miniC2D  [kernel.kallsyms]     [k] asm_exc_page_fault
1.16% asm_exc_page_fault;exc_page_fault;do_user_addr_fault;handle_mm_fault;__handle_mm_fault;wp_page_copy;vma_alloc_folio;__folio_alloc;__alloc_pages;get_page_from_freelist;clear_page_rep
0.59% asm_exc_page_fault
     4.63%     2.86%  miniC2D  miniC2D               [.] construct_vtree_key
1.12% construct_vtree_key;sat_is_implied_literal
     4.47%     0.04%  miniC2D  [kernel.kallsyms]     [k] exc_page_fault
1.16% exc_page_fault;do_user_addr_fault;handle_mm_fault;__handle_mm_fault;wp_page_copy;vma_alloc_folio;__folio_alloc;__alloc_pages;get_page_from_freelist;clear_page_rep
     4.43%     0.03%  miniC2D  [kernel.kallsyms]     [k] do_user_addr_fault
1.16% do_user_addr_fault;handle_mm_fault;__handle_mm_fault;wp_page_copy;vma_alloc_folio;__folio_alloc;__alloc_pages;get_page_from_freelist;clear_page_rep
     4.14%     0.00%  miniC2D  [kernel.kallsyms]     [k] handle_mm_fault
1.16% handle_mm_fault;__handle_mm_fault;wp_page_copy;vma_alloc_folio;__folio_alloc;__alloc_pages;get_page_from_freelist;clear_page_rep
     3.76%     0.11%  miniC2D  [kernel.kallsyms]     [k] __handle_mm_fault
1.16% __handle_mm_fault;wp_page_copy;vma_alloc_folio;__folio_alloc;__alloc_pages;get_page_from_freelist;clear_page_rep
     3.58%     2.20%  miniC2D  miniC2D               [.] var2nnf
1.12% var2nnf;sat_is_implied_literal
     3.49%     2.68%  miniC2D  miniC2D               [.] literal2nnf_node
0.54% literal2nnf_node;sat_var2index
     3.32%     2.12%  miniC2D  miniC2D               [.] insert_cache
     3.07%     0.09%  miniC2D  [kernel.kallsyms]     [k] wp_page_copy
1.16% wp_page_copy;vma_alloc_folio;__folio_alloc;__alloc_pages;get_page_from_freelist;clear_page_rep
     2.42%     2.42%  miniC2D  miniC2D               [.] vtree_is_shannon_node
     2.39%     1.40%  miniC2D  libc.so.6             [.] _IO_file_xsputn
     2.33%     2.33%  miniC2D  miniC2D               [.] sat_is_implied_literal
     2.24%     2.24%  miniC2D  miniC2D               [.] nnf_node_cmp
     2.24%     2.24%  miniC2D  libc.so.6             [.] memcpy
     2.20%     0.11%  miniC2D  [kernel.kallsyms]     [k] vma_alloc_folio
1.50% vma_alloc_folio;__folio_alloc;__alloc_pages;get_page_from_freelist;clear_page_rep
     2.10%     0.00%  miniC2D  libc.so.6             [.] 0x00007f681ea5eb9c
2.10% 0x7f681ea5eb9c;nnf_node_cmp
     2.05%     0.13%  miniC2D  [kernel.kallsyms]     [k] __alloc_pages
1.55% __alloc_pages;get_page_from_freelist;clear_page_rep
     2.01%     0.00%  miniC2D  miniC2D               [.] compile_vtree_leaf (inlined)
0.62% compile_vtree_leaf (inlined);literal2nnf_node
0.53% compile_vtree_leaf (inlined);var2nnf
     2.00%     0.03%  miniC2D  [kernel.kallsyms]     [k] __folio_alloc
1.50% __folio_alloc;__alloc_pages;get_page_from_freelist;clear_page_rep
     1.92%     0.09%  miniC2D  [kernel.kallsyms]     [k] get_page_from_freelist
1.55% get_page_from_freelist;clear_page_rep
     1.75%     0.00%  miniC2D  miniC2D               [.] vtree_manager_free
1.58% vtree_manager_free;free_vtree_cache
     1.73%     0.00%  miniC2D  miniC2D               [.] vtree_manager_new
     1.73%     0.00%  miniC2D  miniC2D               [.] cnf2vtree
     1.72%     1.58%  miniC2D  miniC2D               [.] free_vtree_cache
1.58% _start;__libc_start_main;0x7f681ea46249;main;vtree_manager_free;free_vtree_cache
     1.66%     1.66%  miniC2D  miniC2D               [.] sat_is_instantiated_var
     1.63%     1.61%  miniC2D  [kernel.kallsyms]     [k] clear_page_rep
     1.62%     1.56%  miniC2D  miniC2D               [.] clist_size
1.53% _start;__libc_start_main;0x7f681ea46249;main;print_vtree_cache_stats;clist_size
     1.59%     0.00%  miniC2D  miniC2D               [.] print_vtree_cache_stats
1.53% print_vtree_cache_stats;clist_size
     1.48%     1.48%  miniC2D  miniC2D               [.] erase_level
     1.46%     0.00%  miniC2D  [kernel.kallsyms]     [k] entry_SYSCALL_64_after_hwframe
     1.46%     0.00%  miniC2D  [kernel.kallsyms]     [k] do_syscall_64
     1.18%     0.00%  miniC2D  miniC2D               [.] p_hdtree2vtree
     1.18%     0.00%  miniC2D  libc.so.6             [.] __libc_free (inlined)
     1.12%     0.02%  miniC2D  miniC2D               [.] pass2
     1.05%     0.00%  miniC2D  miniC2D               [.] classify_clause_vars
     1.00%     0.00%  miniC2D  libc.so.6             [.] 0x00007f681ea7bf75
     0.98%     0.98%  miniC2D  miniC2D               [.] conjoin_nnfs
     0.91%     0.00%  miniC2D  [unknown]             [k] 0xffffffffffffffff
     0.83%     0.00%  miniC2D  libc.so.6             [.] 0x00007f681ea7be58
     0.79%     0.00%  miniC2D  libc.so.6             [.] __write (inlined)
     0.77%     0.00%  miniC2D  libc.so.6             [.] _IO_do_write
     0.77%     0.00%  miniC2D  libc.so.6             [.] 0x00007f681ea9f37f
     0.77%     0.00%  miniC2D  libc.so.6             [.] _IO_file_write
     0.74%     0.00%  miniC2D  libc.so.6             [.] 0x00007f681ea7b50d
     0.74%     0.35%  miniC2D  miniC2D               [.] move_watched_literal
     0.74%     0.20%  miniC2D  miniC2D               [.] new_and_node
     0.72%     0.00%  miniC2D  libc.so.6             [.] 0x00007f681ea5ea19
     0.68%     0.00%  miniC2D  libc.so.6             [.] __munmap
     0.68%     0.00%  miniC2D  [kernel.kallsyms]     [k] __x64_sys_munmap
     0.68%     0.00%  miniC2D  [kernel.kallsyms]     [k] __vm_munmap
     0.68%     0.00%  miniC2D  [kernel.kallsyms]     [k] do_mas_munmap
     0.68%     0.00%  miniC2D  [kernel.kallsyms]     [k] do_mas_align_munmap
     0.68%     0.00%  miniC2D  [kernel.kallsyms]     [k] unmap_region
     0.68%     0.00%  miniC2D  [kernel.kallsyms]     [k] ksys_write
     0.68%     0.00%  miniC2D  [kernel.kallsyms]     [k] vfs_write
     0.66%     0.66%  miniC2D  miniC2D               [.] count_nnf_nodes
     0.66%     0.66%  miniC2D  miniC2D               [.] sat_var2index
     0.62%     0.62%  miniC2D  [kernel.kallsyms]     [k] __irqentry_text_end
     0.60%     0.60%  miniC2D  libc.so.6             [.] 0x000000000005c672
     0.60%     0.00%  miniC2D  libc.so.6             [.] 0x00007f681ea7b672
0.60% 0x7f681ea7b672
     0.55%     0.05%  miniC2D  [kernel.kallsyms]     [k] __mem_cgroup_charge
     0.54%     0.11%  miniC2D  [kernel.kallsyms]     [k] unmap_page_range
     0.54%     0.00%  miniC2D  [kernel.kallsyms]     [k] unmap_vmas
     0.54%     0.00%  miniC2D  miniC2D               [.] free_nnf_manager
     0.54%     0.54%  miniC2D  libc.so.6             [.] 0x000000000005c758
     0.54%     0.00%  miniC2D  libc.so.6             [.] 0x00007f681ea7b758
0.54% 0x7f681ea7b758
     0.54%     0.54%  miniC2D  miniC2D               [.] sat_var2pliteral
     0.54%     0.00%  miniC2D  [stack]               [.] 0x00007ffdbe011be7
     0.49%     0.00%  miniC2D  miniC2D               [.] cnf2hdtree
     0.46%     0.46%  miniC2D  miniC2D               [.] sat_is_subsumed_clause
     0.43%     0.14%  miniC2D  miniC2D               [.] unmark_vset
     0.42%     0.00%  miniC2D  [ext4]                [k] ext4_buffered_write_iter
     0.41%     0.00%  miniC2D  miniC2D               [.] cnf2minfill_order
     0.41%     0.29%  miniC2D  [kernel.kallsyms]     [k] error_entry
     0.40%     0.25%  miniC2D  [kernel.kallsyms]     [k] __count_memcg_events
     0.40%     0.40%  miniC2D  libc.so.6             [.] @plt
     0.40%     0.40%  miniC2D  miniC2D               [.] vtree_shannon_var
     0.40%     0.11%  miniC2D  [kernel.kallsyms]     [k] release_pages
     0.39%     0.02%  miniC2D  miniC2D               [.] vset_intersection
     0.39%     0.39%  miniC2D  libc.so.6             [.] cfree
     0.39%     0.39%  miniC2D  miniC2D               [.] sat_var2nliteral
     0.39%     0.04%  miniC2D  [kernel.kallsyms]     [k] count_memcg_events.constprop.0
     0.39%     0.00%  miniC2D  [heap]                [.] 0x00000000267966af
     0.39%     0.39%  miniC2D  miniC2D               [.] remove_watched_clause
     0.37%     0.00%  miniC2D  [kernel.kallsyms]     [k] tlb_batch_pages_flush
     0.37%     0.00%  miniC2D  [kernel.kallsyms]     [k] generic_perform_write
     0.36%     0.00%  miniC2D  [heap]                [.] 0x000000002675b7cf
     0.36%     0.36%  miniC2D  [kernel.kallsyms]     [k] native_irq_return_iret
     0.36%     0.06%  miniC2D  miniC2D               [.] Graph::removeAndConnect
     0.35%     0.20%  miniC2D  miniC2D               [.] mark_vset
     0.35%     0.00%  miniC2D  miniC2D               [.] vset_minus
     0.32%     0.00%  miniC2D  [kernel.kallsyms]     [k] do_huge_pmd_anonymous_page
     0.31%     0.14%  miniC2D  miniC2D               [.] allocate_nnf_node
     0.30%     0.06%  miniC2D  [kernel.kallsyms]     [k] charge_memcg
     0.30%     0.30%  miniC2D  miniC2D               [.] sort_nnf_node
     0.29%     0.29%  miniC2D  miniC2D               [.] sat_unmark_var
     0.29%     0.29%  miniC2D  libc.so.6             [.] 0x0000000000051aab
     0.29%     0.00%  miniC2D  libc.so.6             [.] 0x00007f681ea70aab
     0.28%     0.00%  miniC2D  libc.so.6             [.] 0x00007f681ea7b99d
     0.28%     0.00%  miniC2D  [ext4]                [k] ext4_da_write_begin
     0.28%     0.28%  miniC2D  libc.so.6             [.] 0x000000000003fb30
     0.28%     0.00%  miniC2D  libc.so.6             [.] 0x00007f681ea5eb30
     0.28%     0.28%  miniC2D  miniC2D               [.] sat_literal2var
     0.27%     0.27%  miniC2D  miniC2D               [.] sat_literal2index
     0.26%     0.26%  miniC2D  libc.so.6             [.] 0x000000000003fa95
     0.26%     0.00%  miniC2D  libc.so.6             [.] 0x00007f681ea5ea95
     0.26%     0.26%  miniC2D  libc.so.6             [.] qsort
     0.26%     0.00%  miniC2D  [kernel.kallsyms]     [k] __fsnotify_parent
     0.26%     0.06%  miniC2D  [kernel.kallsyms]     [k] free_unref_page_list
     0.25%     0.25%  miniC2D  libc.so.6             [.] 0x000000000003fa15
     0.25%     0.00%  miniC2D  libc.so.6             [.] 0x00007f681ea5ea15
     0.25%     0.17%  miniC2D  [kernel.kallsyms]     [k] __mod_lruvec_page_state
     0.23%     0.23%  miniC2D  miniC2D               [.] vtree_is_leaf
     0.23%     0.23%  miniC2D  miniC2D               [.] nnf_conjoin
     0.23%     0.23%  miniC2D  libc.so.6             [.] 0x000000000005c477
     0.23%     0.00%  miniC2D  libc.so.6             [.] 0x00007f681ea7b477
     0.23%     0.10%  miniC2D  miniC2D               [.] vset_union
     0.23%     0.00%  miniC2D  [kernel.kallsyms]     [k] lock_mm_and_find_vma
     0.23%     0.23%  miniC2D  libc.so.6             [.] 0x000000000003f9a8
     0.23%     0.00%  miniC2D  libc.so.6             [.] 0x00007f681ea5e9a8
     0.22%     0.02%  miniC2D  [kernel.kallsyms]     [k] folio_batch_move_lru
     0.22%     0.00%  miniC2D  [kernel.kallsyms]     [k] folio_add_lru
     0.22%     0.22%  miniC2D  libc.so.6             [.] 0x0000000000026360
     0.22%     0.00%  miniC2D  libc.so.6             [.] 0x00007f681ea45360
     0.22%     0.22%  miniC2D  miniC2D               [.] sat_mark_var
     0.20%     0.20%  miniC2D  [kernel.kallsyms]     [k] __list_del_entry_valid
     0.20%     0.00%  miniC2D  miniC2D               [.] set_vtree_hashcode (inlined)
     0.20%     0.20%  miniC2D  libc.so.6             [.] 0x000000000003fb4d
     0.20%     0.00%  miniC2D  libc.so.6             [.] 0x00007f681ea5eb4d
     0.20%     0.20%  miniC2D  libc.so.6             [.] 0x00000000000a2e23
     0.20%     0.00%  miniC2D  libc.so.6             [.] 0x00007f681eac1e23
     0.20%     0.00%  miniC2D  miniC2D               [.] match_keys (inlined)
     0.20%     0.00%  miniC2D  miniC2D               [.] 0x000000000043ada1
     0.20%     0.00%  miniC2D  [stack]               [.] 0x00007ffdbe011c67
     0.20%     0.20%  miniC2D  libstdc++.so.6.0.30   [.] std::_Rb_tree_increment
     0.20%     0.00%  miniC2D  [kernel.kallsyms]     [k] fsnotify
     0.20%     0.10%  miniC2D  [kernel.kallsyms]     [k] mt_find
     0.20%     0.00%  miniC2D  [kernel.kallsyms]     [k] find_vma
     0.20%     0.00%  miniC2D  [kernel.kallsyms]     [k] pagecache_get_page
     0.20%     0.00%  miniC2D  [kernel.kallsyms]     [k] __filemap_get_folio
     0.19%     0.19%  miniC2D  [kernel.kallsyms]     [k] get_mem_cgroup_from_mm
     0.19%     0.19%  miniC2D  [kernel.kallsyms]     [k] native_flush_tlb_one_user
     0.19%     0.00%  miniC2D  [kernel.kallsyms]     [k] ptep_clear_flush
     0.19%     0.00%  miniC2D  [kernel.kallsyms]     [k] flush_tlb_mm_range
     0.19%     0.00%  miniC2D  [kernel.kallsyms]     [k] flush_tlb_func
     0.19%     0.00%  miniC2D  [kernel.kallsyms]     [k] asm_sysvec_apic_timer_interrupt
     0.19%     0.00%  miniC2D  [kernel.kallsyms]     [k] sysvec_apic_timer_interrupt
     0.19%     0.00%  miniC2D  [heap]                [.] 0x000000002671c13f
     0.19%     0.19%  miniC2D  [kernel.kallsyms]     [k] try_charge_memcg
     0.17%     0.17%  miniC2D  libc.so.6             [.] 0x000000000003f989
     0.17%     0.00%  miniC2D  libc.so.6             [.] 0x00007f681ea5e989
     0.17%     0.17%  miniC2D  libc.so.6             [.] 0x000000000003fb7b
     0.17%     0.00%  miniC2D  libc.so.6             [.] 0x00007f681ea5eb7b
     0.17%     0.00%  miniC2D  libc.so.6             [.] 0x00007f681ea7b49f
     0.17%     0.17%  miniC2D  libc.so.6             [.] 0x00000000000a2e5b
     0.17%     0.00%  miniC2D  libc.so.6             [.] 0x00007f681eac1e5b
     0.17%     0.08%  miniC2D  libc.so.6             [.] __libc_calloc
     0.17%     0.00%  miniC2D  [kernel.kallsyms]     [k] tlb_finish_mmu
     0.17%     0.14%  miniC2D  [kernel.kallsyms]     [k] __free_one_page
     0.17%     0.00%  miniC2D  [kernel.kallsyms]     [k] free_pcppages_bulk
     0.17%     0.00%  miniC2D  [kernel.kallsyms]     [k] inotify_handle_inode_event
     0.17%     0.03%  miniC2D  [kernel.kallsyms]     [k] lru_add_fn
     0.17%     0.17%  miniC2D  libc.so.6             [.] 0x000000000003fb8c
     0.17%     0.00%  miniC2D  libc.so.6             [.] 0x00007f681ea5eb8c
     0.16%     0.16%  miniC2D  libc.so.6             [.] 0x000000000003fa9d
     0.16%     0.00%  miniC2D  libc.so.6             [.] 0x00007f681ea5ea9d
     0.16%     0.00%  miniC2D  [kernel.kallsyms]     [k] __sysvec_apic_timer_interrupt
     0.16%     0.00%  miniC2D  [kernel.kallsyms]     [k] hrtimer_interrupt
     0.16%     0.00%  miniC2D  [kernel.kallsyms]     [k] page_add_new_anon_rmap
     0.15%     0.12%  miniC2D  [kernel.kallsyms]     [k] sync_regs
     0.15%     0.06%  miniC2D  [kernel.kallsyms]     [k] rmqueue_bulk
     0.14%     0.14%  miniC2D  libc.so.6             [.] 0x000000000003f9f6
     0.14%     0.00%  miniC2D  libc.so.6             [.] 0x00007f681ea5e9f6
     0.14%     0.14%  miniC2D  libc.so.6             [.] 0x000000000003f98e
     0.14%     0.00%  miniC2D  libc.so.6             [.] 0x00007f681ea5e98e
     0.14%     0.14%  miniC2D  libc.so.6             [.] 0x000000000003f96b
     0.14%     0.00%  miniC2D  libc.so.6             [.] 0x00007f681ea5e96b
     0.14%     0.14%  miniC2D  miniC2D               [.] qsort@plt
     0.14%     0.14%  miniC2D  libc.so.6             [.] 0x000000000003fb61
     0.14%     0.00%  miniC2D  libc.so.6             [.] 0x00007f681ea5eb61
     0.14%     0.14%  miniC2D  [kernel.kallsyms]     [k] _compound_head
     0.14%     0.14%  miniC2D  libc.so.6             [.] fprintf
     0.14%     0.00%  miniC2D  [heap]                [.] 0x000000002671c76f
     0.14%     0.14%  miniC2D  libc.so.6             [.] 0x000000000003f960
     0.14%     0.00%  miniC2D  libc.so.6             [.] 0x00007f681ea5e960
     0.13%     0.07%  miniC2D  libc.so.6             [.] malloc
     0.13%     0.13%  miniC2D  libc.so.6             [.] 0x000000000003f980
     0.13%     0.00%  miniC2D  libc.so.6             [.] 0x00007f681ea5e980
     0.13%     0.13%  miniC2D  libc.so.6             [.] 0x000000000003fa1a
     0.13%     0.00%  miniC2D  libc.so.6             [.] 0x00007f681ea5ea1a
     0.12%     0.12%  miniC2D  miniC2D               [.] nnf_literal2node
     0.12%     0.00%  miniC2D  [stack]               [.] 0x00007ffdbe00fccf
     0.12%     0.00%  miniC2D  [heap]                [.] 0x00000000267b84af
     0.11%     0.00%  miniC2D  miniC2D               [.] 0x000000000043ada2
     0.11%     0.11%  miniC2D  libc.so.6             [.] 0x000000000003fb9f
     0.11%     0.00%  miniC2D  libc.so.6             [.] 0x00007f681ea5eb9f
     0.11%     0.11%  miniC2D  libc.so.6             [.] 0x000000000003f973
     0.11%     0.00%  miniC2D  libc.so.6             [.] 0x00007f681ea5e973
     0.11%     0.10%  miniC2D  libc.so.6             [.] realloc
     0.11%     0.00%  miniC2D  miniC2D               [.] vset_new
     0.11%     0.00%  miniC2D  [stack]               [.] 0x00007ffdbe00fa7f
     0.11%     0.11%  miniC2D  libc.so.6             [.] 0x0000000000051ab0
     0.11%     0.00%  miniC2D  libc.so.6             [.] 0x00007f681ea70ab0
     0.11%     0.00%  miniC2D  [kernel.kallsyms]     [k] filemap_add_folio
     0.11%     0.11%  miniC2D  libc.so.6             [.] 0x0000000000086056
     0.11%     0.00%  miniC2D  libc.so.6             [.] 0x00007f681ea7b78c
     0.11%     0.00%  miniC2D  libc.so.6             [.] 0x00007f681eaa5056
     0.11%     0.00%  miniC2D  libc.so.6             [.] 0x00007f681ea7b9dc
     0.11%     0.08%  miniC2D  [kernel.kallsyms]     [k] exit_to_user_mode_prepare
     0.11%     0.11%  miniC2D  [kernel.kallsyms]     [k] __mod_node_page_state
     0.11%     0.00%  miniC2D  [kernel.kallsyms]     [k] __mod_lruvec_state
     0.11%     0.03%  miniC2D  [kernel.kallsyms]     [k] scheduler_tick
     0.11%     0.00%  miniC2D  [kernel.kallsyms]     [k] __hrtimer_run_queues
     0.11%     0.00%  miniC2D  [kernel.kallsyms]     [k] tick_sched_timer
     0.11%     0.00%  miniC2D  [kernel.kallsyms]     [k] tick_sched_handle
     0.11%     0.00%  miniC2D  [kernel.kallsyms]     [k] update_process_times
     0.11%     0.06%  miniC2D  miniC2D               [.] new_or_node
     0.10%     0.00%  miniC2D  [unknown]             [k] 0x0000000000000001
     0.10%     0.00%  miniC2D  miniC2D               [.] std::set_intersection<std::_Rb_tree_const_iterator<int>, std::_Rb_tree_const_iterator<int>, std::insert_iterator<std::set<int, std::less<int>, std::allocator<int> > > >
     0.10%     0.06%  miniC2D  miniC2D               [.] std::_Rb_tree<int, int, std::_Identity<int>, std::less<int>, std::allocator<int> >::_M_insert_unique
     0.09%     0.09%  miniC2D  [kernel.kallsyms]     [k] cgroup_rstat_updated
     0.09%     0.09%  miniC2D  [kernel.kallsyms]     [k] mtree_range_walk
     0.09%     0.00%  miniC2D  ld-linux-x86-64.so.2  [.] 0x00007f681ee61b27
     0.09%     0.00%  miniC2D  ld-linux-x86-64.so.2  [.] 0x00007f681ee62c7b
     0.09%     0.00%  miniC2D  ld-linux-x86-64.so.2  [.] 0x00007f681ee612fe
     0.09%     0.00%  miniC2D  [stack]               [.] 0x00007ffdbe00f837
     0.09%     0.09%  miniC2D  libc.so.6             [.] 0x000000000003f97d
     0.09%     0.00%  miniC2D  libc.so.6             [.] 0x00007f681ea5e97d
     0.09%     0.09%  miniC2D  libc.so.6             [.] 0x000000000003faad
     0.09%     0.00%  miniC2D  libc.so.6             [.] 0x00007f681ea5eaad
     0.09%     0.00%  miniC2D  [stack]               [.] 0x00007ffdbe00fd2f
     0.09%     0.00%  miniC2D  [stack]               [.] 0x00007ffdbe00f94f
     0.09%     0.09%  miniC2D  libc.so.6             [.] 0x000000000003fb9b
     0.09%     0.00%  miniC2D  libc.so.6             [.] 0x00007f681ea5eb9b
     0.09%     0.09%  miniC2D  libc.so.6             [.] 0x00000000000a7d83
     0.09%     0.00%  miniC2D  libc.so.6             [.] 0x00007f681eac6d83
     0.09%     0.09%  miniC2D  libc.so.6             [.] @plt
     0.09%     0.00%  miniC2D  [kernel.kallsyms]     [k] policy_node
     0.09%     0.09%  miniC2D  [kernel.kallsyms]     [k] __list_add_valid
     0.09%     0.03%  miniC2D  [kernel.kallsyms]     [k] page_remove_rmap
     0.09%     0.09%  miniC2D  libc.so.6             [.] 0x00000000000519f0
     0.09%     0.00%  miniC2D  libc.so.6             [.] 0x00007f681ea709f0
     0.09%     0.09%  miniC2D  libc.so.6             [.] 0x000000000005c78d
     0.09%     0.00%  miniC2D  libc.so.6             [.] 0x00007f681ea7b78d
     0.09%     0.09%  miniC2D  libc.so.6             [.] 0x00000000000a7d4b
     0.09%     0.00%  miniC2D  libc.so.6             [.] 0x00007f681eac6d4b
     0.09%     0.09%  miniC2D  libc.so.6             [.] 0x0000000000051a9a
     0.09%     0.00%  miniC2D  libc.so.6             [.] 0x00007f681ea70a9a
     0.09%     0.00%  miniC2D  [unknown]             [.] 0x0000000000000005
     0.09%     0.09%  miniC2D  libc.so.6             [.] 0x00000000000a7d7b
     0.09%     0.00%  miniC2D  libc.so.6             [.] 0x00007f681eac6d7b
     0.09%     0.09%  miniC2D  libc.so.6             [.] 0x000000000005c4d6
     0.09%     0.00%  miniC2D  libc.so.6             [.] 0x00007f681ea7b4d6
     0.09%     0.09%  miniC2D  libc.so.6             [.] 0x000000000005c4fb
     0.09%     0.00%  miniC2D  libc.so.6             [.] 0x00007f681ea7b4fb
     0.09%     0.09%  miniC2D  libc.so.6             [.] 0x000000000005c4ea
     0.09%     0.00%  miniC2D  libc.so.6             [.] 0x00007f681ea7b4ea
     0.08%     0.03%  miniC2D  [kernel.kallsyms]     [k] __filemap_add_folio
     0.08%     0.00%  miniC2D  [kernel.kallsyms]     [k] __kmalloc
     0.08%     0.00%  miniC2D  [kernel.kallsyms]     [k] __kmem_cache_alloc_node
     0.08%     0.08%  miniC2D  [kernel.kallsyms]     [k] _raw_spin_lock
     0.08%     0.08%  miniC2D  libc.so.6             [.] 0x000000000005df6a
     0.08%     0.00%  miniC2D  libc.so.6             [.] 0x00007f681ea7cf6a
     0.08%     0.00%  miniC2D  [kernel.kallsyms]     [k] folio_alloc
     0.08%     0.08%  miniC2D  libc.so.6             [.] 0x000000000003fb95
     0.08%     0.00%  miniC2D  libc.so.6             [.] 0x00007f681ea5eb95
     0.08%     0.00%  miniC2D  [kernel.kallsyms]     [k] generic_write_end
     0.08%     0.00%  miniC2D  [kernel.kallsyms]     [k] __mark_inode_dirty
     0.08%     0.00%  miniC2D  [ext4]                [k] ext4_dirty_inode
     0.08%     0.00%  miniC2D  [ext4]                [k] __ext4_mark_inode_dirty
     0.08%     0.00%  miniC2D  miniC2D               [.] 0x000000000040dc6f
     0.08%     0.08%  miniC2D  libc.so.6             [.] 0x00000000000a2d56
     0.08%     0.00%  miniC2D  libc.so.6             [.] 0x00007f681eac1d56
     0.08%     0.08%  miniC2D  miniC2D               [.] sat_is_irrelevant_var
     0.08%     0.00%  miniC2D  [kernel.kallsyms]     [k] irqentry_exit_to_user_mode
     0.08%     0.00%  miniC2D  miniC2D               [.] order2hdtree
     0.08%     0.00%  miniC2D  [kernel.kallsyms]     [k] task_tick_fair
     0.08%     0.08%  miniC2D  libc.so.6             [.] 0x000000000003fa0b
     0.08%     0.00%  miniC2D  libc.so.6             [.] 0x00007f681ea5ea0b
     0.08%     0.08%  miniC2D  libc.so.6             [.] 0x000000000003faa9
     0.08%     0.00%  miniC2D  libc.so.6             [.] 0x00007f681ea5eaa9
     0.08%     0.08%  miniC2D  libc.so.6             [.] 0x000000000003fb5a
     0.08%     0.00%  miniC2D  libc.so.6             [.] 0x00007f681ea5eb5a
     0.06%     0.00%  miniC2D  ld-linux-x86-64.so.2  [.] 0x00007f681ee64d68
     0.06%     0.00%  miniC2D  ld-linux-x86-64.so.2  [.] 0x00007f681ee55410
     0.06%     0.00%  miniC2D  ld-linux-x86-64.so.2  [.] 0x00007f681ee50a47
     0.06%     0.06%  miniC2D  miniC2D               [.] sat_is_marked_var
     0.06%     0.00%  miniC2D  miniC2D               [.] std::_Rb_tree<int, int, std::_Identity<int>, std::less<int>, std::allocator<int> >::_M_insert_
     0.06%     0.06%  miniC2D  libc.so.6             [.] 0x000000000003f976
     0.06%     0.00%  miniC2D  libc.so.6             [.] 0x00007f681ea5e976
     0.06%     0.00%  miniC2D  [heap]                [.] 0x000000002675b7d7
     0.06%     0.06%  miniC2D  libc.so.6             [.] 0x000000000003fba8
     0.06%     0.00%  miniC2D  libc.so.6             [.] 0x00007f681ea5eba8
     0.06%     0.06%  miniC2D  libc.so.6             [.] 0x000000000003f972
     0.06%     0.00%  miniC2D  libc.so.6             [.] 0x00007f681ea5e972
     0.06%     0.06%  miniC2D  libc.so.6             [.] 0x000000000003f965
     0.06%     0.00%  miniC2D  libc.so.6             [.] 0x00007f681ea5e965
     0.06%     0.00%  miniC2D  [kernel.kallsyms]     [k] __rcu_read_lock
     0.06%     0.06%  miniC2D  [kernel.kallsyms]     [k] _find_first_bit
     0.06%     0.06%  miniC2D  miniC2D               [.] sat_undo_decide_literal
     0.06%     0.06%  miniC2D  [kernel.kallsyms]     [k] update_cfs_group
     0.06%     0.06%  miniC2D  libc.so.6             [.] write
     0.06%     0.06%  miniC2D  libc.so.6             [.] 0x000000000005cf84
     0.06%     0.00%  miniC2D  libc.so.6             [.] 0x00007f681ea7bf84
     0.06%     0.06%  miniC2D  libc.so.6             [.] 0x000000000005ce92
     0.06%     0.00%  miniC2D  libc.so.6             [.] 0x00007f681ea7be92
     0.06%     0.06%  miniC2D  libc.so.6             [.] 0x000000000003fab5
     0.06%     0.00%  miniC2D  libc.so.6             [.] 0x00007f681ea5eab5
     0.06%     0.00%  miniC2D  [heap]                [.] 0x0000000026758dff
     0.06%     0.00%  miniC2D  [kernel.kallsyms]     [k] file_modified_flags
     0.06%     0.03%  miniC2D  [kernel.kallsyms]     [k] __wake_up_common_lock
     0.06%     0.00%  miniC2D  [kernel.kallsyms]     [k] fsnotify_insert_event
     0.06%     0.06%  miniC2D  libc.so.6             [.] 0x000000000005c568
     0.06%     0.00%  miniC2D  libc.so.6             [.] 0x00007f681ea7b568
     0.06%     0.06%  miniC2D  libc.so.6             [.] 0x000000000005ce02
     0.06%     0.00%  miniC2D  libc.so.6             [.] 0x00007f681ea7be02
     0.06%     0.06%  miniC2D  libc.so.6             [.] 0x000000000005c6f8
     0.06%     0.00%  miniC2D  libc.so.6             [.] 0x00007f681ea7b6f8
     0.06%     0.03%  miniC2D  [kernel.kallsyms]     [k] entry_SYSCALL_64
     0.06%     0.06%  miniC2D  libc.so.6             [.] 0x0000000000051a90
     0.06%     0.00%  miniC2D  libc.so.6             [.] 0x00007f681ea70a90
     0.06%     0.06%  miniC2D  libc.so.6             [.] 0x000000000005cf79
     0.06%     0.00%  miniC2D  libc.so.6             [.] 0x00007f681ea7bf79
     0.06%     0.00%  miniC2D  [stack]               [.] 0x00007ffdbe00fadf
     0.06%     0.06%  miniC2D  libc.so.6             [.] 0x000000000005c753
     0.06%     0.00%  miniC2D  libc.so.6             [.] 0x00007f681ea7b753
     0.06%     0.06%  miniC2D  [kernel.kallsyms]     [k] lockref_get_not_zero
     0.06%     0.00%  miniC2D  [kernel.kallsyms]     [k] dget_parent
     0.06%     0.06%  miniC2D  libc.so.6             [.] 0x000000000005c49b
     0.06%     0.00%  miniC2D  libc.so.6             [.] 0x00007f681ea7b49b
     0.06%     0.06%  miniC2D  libc.so.6             [.] 0x000000000003f979
     0.06%     0.00%  miniC2D  libc.so.6             [.] 0x00007f681ea5e979
     0.06%     0.06%  miniC2D  libc.so.6             [.] 0x000000000005c9aa
     0.06%     0.00%  miniC2D  libc.so.6             [.] 0x00007f681ea7b9aa
     0.06%     0.06%  miniC2D  libc.so.6             [.] 0x000000000005c6ab
     0.06%     0.00%  miniC2D  libc.so.6             [.] 0x00007f681ea7b6ab
     0.06%     0.06%  miniC2D  libc.so.6             [.] 0x000000000005cddb
     0.06%     0.00%  miniC2D  libc.so.6             [.] 0x00007f681ea7bddb
     0.06%     0.06%  miniC2D  libc.so.6             [.] 0x0000000000051a80
     0.06%     0.00%  miniC2D  libc.so.6             [.] 0x00007f681ea70a80
     0.06%     0.00%  miniC2D  [ext4]                [k] ext4_block_write_begin
     0.06%     0.00%  miniC2D  [kernel.kallsyms]     [k] clear_huge_page
     0.06%     0.06%  miniC2D  libc.so.6             [.] 0x000000000005ce49
     0.06%     0.00%  miniC2D  libc.so.6             [.] 0x00007f681ea7be49
     0.06%     0.06%  miniC2D  libc.so.6             [.] 0x000000000005c41b
     0.06%     0.00%  miniC2D  libc.so.6             [.] 0x00007f681ea7b41b
     0.06%     0.06%  miniC2D  libc.so.6             [.] 0x000000000005c73b
     0.06%     0.00%  miniC2D  libc.so.6             [.] 0x00007f681ea7b73b
     0.06%     0.06%  miniC2D  libc.so.6             [.] 0x000000000005d59e
     0.06%     0.00%  miniC2D  libc.so.6             [.] 0x00007f681ea7c59e
     0.06%     0.03%  miniC2D  [ext4]                [k] ext4_reserve_inode_write
     0.06%     0.06%  miniC2D  libc.so.6             [.] 0x000000000005d548
     0.06%     0.00%  miniC2D  libc.so.6             [.] 0x00007f681ea7c548
     0.06%     0.06%  miniC2D  libc.so.6             [.] 0x0000000000051a93
     0.06%     0.00%  miniC2D  libc.so.6             [.] 0x00007f681ea70a93
     0.06%     0.06%  miniC2D  libc.so.6             [.] 0x000000000005c623
     0.06%     0.00%  miniC2D  libc.so.6             [.] 0x00007f681ea7b623
     0.06%     0.06%  miniC2D  [kernel.kallsyms]     [k] memcg_slab_post_alloc_hook
     0.06%     0.06%  miniC2D  libc.so.6             [.] 0x000000000005c524
     0.06%     0.00%  miniC2D  libc.so.6             [.] 0x00007f681ea7b524
     0.06%     0.06%  miniC2D  libc.so.6             [.] 0x000000000005c467
     0.06%     0.00%  miniC2D  libc.so.6             [.] 0x00007f681ea7b467
     0.05%     0.05%  miniC2D  [kernel.kallsyms]     [k] __mod_memcg_lruvec_state
     0.05%     0.05%  miniC2D  libc.so.6             [.] 0x000000000003f9eb
     0.05%     0.00%  miniC2D  libc.so.6             [.] 0x00007f681ea5e9eb
     0.05%     0.00%  miniC2D  [heap]                [.] 0x000000002672678f
     0.04%     0.04%  miniC2D  [kernel.kallsyms]     [k] __page_set_anon_rmap
     0.04%     0.02%  miniC2D  miniC2D               [.] sat_read_cnf
     0.04%     0.00%  miniC2D  miniC2D               [.] p_hdtree2vtree_aux
     0.04%     0.04%  miniC2D  miniC2D               [.] unmark_cset
     0.04%     0.00%  miniC2D  miniC2D               [.] std::_Rb_tree<int, int, std::_Identity<int>, std::less<int>, std::allocator<int> >::_M_insert_unique_
     0.04%     0.00%  miniC2D  libstdc++.so.6.0.30   [.] operator new
     0.04%     0.04%  miniC2D  miniC2D               [.] cset_subset
     0.04%     0.02%  miniC2D  miniC2D               [.] fill_esets
     0.03%     0.03%  miniC2D  [kernel.kallsyms]     [k] native_write_msr
     0.03%     0.00%  miniC2D  [heap]                [.] 0x00000000267c0def
     0.03%     0.00%  miniC2D  [heap]                [.] 0x000000002678410f
     0.03%     0.00%  miniC2D  [stack]               [.] 0x00007ffdbe0107ff
     0.03%     0.00%  miniC2D  [stack]               [.] 0x00007ffdbe00f7af
     0.03%     0.00%  miniC2D  [heap]                [.] 0x000000002679218f
     0.03%     0.03%  miniC2D  [kernel.kallsyms]     [k] _raw_spin_unlock
     0.03%     0.00%  miniC2D  [kernel.kallsyms]     [k] do_wp_page
     0.03%     0.03%  miniC2D  libc.so.6             [.] 0x000000000003fb3e
     0.03%     0.00%  miniC2D  libc.so.6             [.] 0x00007f681ea5eb3e
     0.03%     0.00%  miniC2D  [heap]                [.] 0x0000000026726987
     0.03%     0.03%  miniC2D  [kernel.kallsyms]     [k] memcg_check_events
     0.03%     0.00%  miniC2D  [heap]                [.] 0x00000000267ba0bf
     0.03%     0.00%  miniC2D  [heap]                [.] 0x0000000026725957
     0.03%     0.00%  miniC2D  [heap]                [.] 0x00000000267250cf
     0.03%     0.00%  miniC2D  anon                  [.] 0x00007f6807811ff7
     0.03%     0.00%  miniC2D  [heap]                [.] 0x00000000267c99ef
     0.03%     0.03%  miniC2D  libc.so.6             [.] 0x000000000003f9f0
     0.03%     0.00%  miniC2D  libc.so.6             [.] 0x00007f681ea5e9f0
     0.03%     0.00%  miniC2D  [heap]                [.] 0x00000000267c95ff
     0.03%     0.03%  miniC2D  [kernel.kallsyms]     [k] _raw_spin_trylock
     0.03%     0.00%  miniC2D  anon                  [.] 0x00007f6807811caf
     0.03%     0.00%  miniC2D  [stack]               [.] 0x00007ffdbe00ff2f
     0.03%     0.03%  miniC2D  libc.so.6             [.] 0x000000000003f96e
     0.03%     0.00%  miniC2D  libc.so.6             [.] 0x00007f681ea5e96e
     0.03%     0.00%  miniC2D  [stack]               [.] 0x00007ffdbe00f76f
     0.03%     0.00%  miniC2D  [heap]                [.] 0x0000000026725417
     0.03%     0.00%  miniC2D  [heap]                [.] 0x00000000267274e7
     0.03%     0.00%  miniC2D  anon                  [.] 0x00007f68078110c7
     0.03%     0.00%  miniC2D  [heap]                [.] 0x00000000267b736f
     0.03%     0.03%  miniC2D  libc.so.6             [.] 0x000000000003fb51
     0.03%     0.00%  miniC2D  libc.so.6             [.] 0x00007f681ea5eb51
     0.03%     0.00%  miniC2D  [heap]                [.] 0x00000000267c4f8f
     0.03%     0.03%  miniC2D  [kernel.kallsyms]     [k] fpregs_assert_state_consistent
     0.03%     0.00%  miniC2D  anon                  [.] 0x00007f6807cd1abf
     0.03%     0.00%  miniC2D  [heap]                [.] 0x00000000267c92ff
     0.03%     0.00%  miniC2D  [unknown]             [.] 0x00007ffdfffffffa
     0.03%     0.00%  miniC2D  [stack]               [.] 0x00007ffdbe00fb4f
     0.03%     0.03%  miniC2D  libc.so.6             [.] 0x000000000008600d
     0.03%     0.00%  miniC2D  libc.so.6             [.] 0x00007f681ea7b733
     0.03%     0.00%  miniC2D  libc.so.6             [.] 0x00007f681eaa500d
     0.03%     0.00%  miniC2D  anon                  [.] 0x00007f680781239f
     0.03%     0.03%  miniC2D  libc.so.6             [.] 0x000000000003fba1
     0.03%     0.00%  miniC2D  libc.so.6             [.] 0x00007f681ea5eba1
     0.03%     0.00%  miniC2D  [kernel.kallsyms]     [k] lru_gen_add_folio
     0.03%     0.00%  miniC2D  [stack]               [.] 0x00007ffdbe00f86f
     0.03%     0.00%  miniC2D  [heap]                [.] 0x00000000267276a7
     0.03%     0.00%  miniC2D  [heap]                [.] 0x00000000267254f7
     0.03%     0.03%  miniC2D  libc.so.6             [.] 0x000000000005cf41
     0.03%     0.00%  miniC2D  libc.so.6             [.] 0x00007f681ea7bf41
     0.03%     0.00%  miniC2D  [heap]                [.] 0x000000002672766f
     0.03%     0.00%  miniC2D  [kernel.kallsyms]     [k] clockevents_program_event
     0.03%     0.00%  miniC2D  [kernel.kallsyms]     [k] lapic_next_deadline
     0.03%     0.00%  miniC2D  anon                  [.] 0x00007f68078111ff
     0.03%     0.03%  miniC2D  libc.so.6             [.] 0x000000000005cf6f
     0.03%     0.00%  miniC2D  libc.so.6             [.] 0x00007f681ea7bf6f
     0.03%     0.00%  miniC2D  anon                  [.] 0x00007f680781305f
     0.03%     0.00%  miniC2D  [stack]               [.] 0x00007ffdbe00fd3f
     0.03%     0.00%  miniC2D  [heap]                [.] 0x00000000267b951f
     0.03%     0.03%  miniC2D  libc.so.6             [.] 0x000000000005c6dc
     0.03%     0.00%  miniC2D  libc.so.6             [.] 0x00007f681ea7b6dc
     0.03%     0.00%  miniC2D  [stack]               [.] 0x00007ffdbe00f447
     0.03%     0.00%  miniC2D  anon                  [.] 0x00007f68078221df
     0.03%     0.00%  miniC2D  [kernel.kallsyms]     [k] syscall_exit_to_user_mode
     0.03%     0.03%  miniC2D  [kernel.kallsyms]     [k] __wake_up_common
     0.03%     0.03%  miniC2D  libc.so.6             [.] 0x000000000003fba4
     0.03%     0.00%  miniC2D  libc.so.6             [.] 0x00007f681ea5eba4
     0.03%     0.03%  miniC2D  [kernel.kallsyms]     [k] down_read_trylock
     0.03%     0.03%  miniC2D  libc.so.6             [.] 0x000000000005cf90
     0.03%     0.00%  miniC2D  libc.so.6             [.] 0x00007f681ea7bf90
     0.03%     0.00%  miniC2D  anon                  [.] 0x00007f6807db1b5f
     0.03%     0.03%  miniC2D  libc.so.6             [.] 0x000000000005c64d
     0.03%     0.00%  miniC2D  [unknown]             [.] 0x0000003000000017
     0.03%     0.00%  miniC2D  libc.so.6             [.] 0x00007f681ea7b64d
     0.03%     0.03%  miniC2D  [kernel.kallsyms]     [k] update_sd_lb_stats.constprop.0
     0.03%     0.00%  miniC2D  [kernel.kallsyms]     [k] __irq_exit_rcu
     0.03%     0.00%  miniC2D  [kernel.kallsyms]     [k] handle_softirqs
     0.03%     0.00%  miniC2D  [kernel.kallsyms]     [k] rebalance_domains
     0.03%     0.00%  miniC2D  [kernel.kallsyms]     [k] load_balance
     0.03%     0.00%  miniC2D  [kernel.kallsyms]     [k] find_busiest_group
     0.03%     0.03%  miniC2D  libc.so.6             [.] 0x000000000005cdeb
     0.03%     0.00%  miniC2D  libc.so.6             [.] 0x00007f681ea7bdeb
     0.03%     0.03%  miniC2D  [kernel.kallsyms]     [k] tick_program_event
     0.03%     0.03%  miniC2D  libc.so.6             [.] 0x000000000005d587
     0.03%     0.00%  miniC2D  libc.so.6             [.] 0x00007f681ea7c587
     0.03%     0.00%  miniC2D  [heap]                [.] 0x00000000267c39df
     0.03%     0.00%  miniC2D  [stack]               [.] 0x00007ffdbe00f69f
     0.03%     0.00%  miniC2D  anon                  [.] 0x00007f68078125df
     0.03%     0.00%  miniC2D  anon                  [.] 0x00007f680781242f
     0.03%     0.00%  miniC2D  [heap]                [.] 0x00000000267c046f
     0.03%     0.00%  miniC2D  [heap]                [.] 0x00000000267bf8af
     0.03%     0.00%  miniC2D  [heap]                [.] 0x00000000267268a7
     0.03%     0.03%  miniC2D  [kernel.kallsyms]     [k] __file_remove_privs
     0.03%     0.03%  miniC2D  libc.so.6             [.] 0x000000000005c400
     0.03%     0.00%  miniC2D  libc.so.6             [.] 0x00007f681ea7b400
     0.03%     0.00%  miniC2D  [heap]                [.] 0x00000000267c9f7f
     0.03%     0.00%  miniC2D  anon                  [.] 0x00007f68078120cf
     0.03%     0.03%  miniC2D  libc.so.6             [.] 0x000000000005c996
     0.03%     0.00%  miniC2D  libc.so.6             [.] 0x00007f681ea7b996
     0.03%     0.00%  miniC2D  [stack]               [.] 0x00007ffdbe0111bf
     0.03%     0.03%  miniC2D  libc.so.6             [.] 0x00000000000961e0
     0.03%     0.00%  miniC2D  miniC2D               [.] free_manager_keys
     0.03%     0.00%  miniC2D  miniC2D               [.] free_vtree_keys (inlined)
     0.03%     0.00%  miniC2D  miniC2D               [.] free_vtree_keys
     0.03%     0.00%  miniC2D  libc.so.6             [.] 0x00007f681eab51e0
     0.03%     0.03%  miniC2D  libc.so.6             [.] 0x000000000005cf72
     0.03%     0.00%  miniC2D  libc.so.6             [.] 0x00007f681ea7bf72
     0.03%     0.00%  miniC2D  [heap]                [.] 0x000000002675decf
     0.03%     0.00%  miniC2D  anon                  [.] 0x00007f6807817a9f
     0.03%     0.03%  miniC2D  [kernel.kallsyms]     [k] wait_for_stable_page
     0.03%     0.00%  miniC2D  [stack]               [.] 0x00007ffdbe01148f
     0.03%     0.03%  miniC2D  miniC2D               [.] fprintf@plt
     0.03%     0.00%  miniC2D  [heap]                [.] 0x00000000267c9c9f
     0.03%     0.00%  miniC2D  [stack]               [.] 0x00007ffdbe01130f
     0.03%     0.00%  miniC2D  anon                  [.] 0x00007f6807810797
     0.03%     0.00%  miniC2D  [kernel.kallsyms]     [k] __x64_sys_exit_group
     0.03%     0.00%  miniC2D  [kernel.kallsyms]     [k] do_group_exit
     0.03%     0.00%  miniC2D  [kernel.kallsyms]     [k] do_exit
     0.03%     0.00%  miniC2D  [kernel.kallsyms]     [k] __mmput
     0.03%     0.00%  miniC2D  [kernel.kallsyms]     [k] exit_mmap
     0.03%     0.03%  miniC2D  libc.so.6             [.] 0x000000000003fb63
     0.03%     0.00%  miniC2D  libc.so.6             [.] 0x00007f681ea5eb63
     0.03%     0.03%  miniC2D  libc.so.6             [.] 0x0000000000097398
     0.03%     0.00%  miniC2D  libc.so.6             [.] 0x00007f681eab6398
     0.03%     0.03%  miniC2D  [kernel.kallsyms]     [k] inode_needs_update_time.part.0
     0.03%     0.03%  miniC2D  libc.so.6             [.] 0x000000000003fa0e
     0.03%     0.00%  miniC2D  libc.so.6             [.] 0x00007f681ea5ea0e
     0.03%     0.03%  miniC2D  libc.so.6             [.] 0x000000000005d9a1
     0.03%     0.00%  miniC2D  libc.so.6             [.] 0x00007f681ea7c9a1
     0.03%     0.03%  miniC2D  libc.so.6             [.] 0x000000000005d701
     0.03%     0.00%  miniC2D  libc.so.6             [.] 0x00007f681ea7c701
     0.03%     0.03%  miniC2D  libc.so.6             [.] 0x000000000005cf2c
     0.03%     0.00%  miniC2D  libc.so.6             [.] 0x00007f681ea7bf2c
     0.03%     0.03%  miniC2D  libc.so.6             [.] 0x000000000005ce8f
     0.03%     0.00%  miniC2D  libc.so.6             [.] 0x00007f681ea7be8f
     0.03%     0.03%  miniC2D  miniC2D               [.] disjoin_nnfs_i
     0.03%     0.00%  miniC2D  anon                  [.] 0x00007f680783cc9f
     0.03%     0.03%  miniC2D  [kernel.kallsyms]     [k] memset
     0.03%     0.03%  miniC2D  libc.so.6             [.] 0x000000000005c6b8
     0.03%     0.00%  miniC2D  libc.so.6             [.] 0x00007f681ea7b6b8
     0.03%     0.03%  miniC2D  [kernel.kallsyms]     [k] blk_cgroup_congested
     0.03%     0.00%  miniC2D  [kernel.kallsyms]     [k] __cgroup_throttle_swaprate
     0.03%     0.00%  miniC2D  [heap]                [.] 0x00000000267276df
     0.03%     0.00%  miniC2D  [heap]                [.] 0x0000000026727a5f
     0.03%     0.03%  miniC2D  [kernel.kallsyms]     [k] pmd_page_vaddr
     0.03%     0.03%  miniC2D  libc.so.6             [.] 0x000000000005c4b0
     0.03%     0.00%  miniC2D  libc.so.6             [.] 0x00007f681ea7b4b0
     0.03%     0.03%  miniC2D  libc.so.6             [.] 0x000000000003f993
     0.03%     0.00%  miniC2D  libc.so.6             [.] 0x00007f681ea5e993
     0.03%     0.03%  miniC2D  libc.so.6             [.] 0x0000000000051aa8
     0.03%     0.00%  miniC2D  libc.so.6             [.] 0x00007f681ea70aa8
     0.03%     0.03%  miniC2D  libc.so.6             [.] 0x000000000005c776
     0.03%     0.00%  miniC2D  libc.so.6             [.] 0x00007f681ea7b776
     0.03%     0.00%  miniC2D  [heap]                [.] 0x000000002672704f
     0.03%     0.03%  miniC2D  libc.so.6             [.] 0x000000000005c51d
     0.03%     0.00%  miniC2D  libc.so.6             [.] 0x00007f681ea7b51d
     0.03%     0.03%  miniC2D  [kernel.kallsyms]     [k] alloc_buffer_head
     0.03%     0.00%  miniC2D  [kernel.kallsyms]     [k] create_empty_buffers
     0.03%     0.00%  miniC2D  [kernel.kallsyms]     [k] alloc_page_buffers
     0.03%     0.03%  miniC2D  [kernel.kallsyms]     [k] policy_nodemask
     0.03%     0.03%  miniC2D  libc.so.6             [.] 0x000000000005c4a0
     0.03%     0.00%  miniC2D  libc.so.6             [.] 0x00007f681ea7b4a0
     0.03%     0.00%  miniC2D  [heap]                [.] 0x00000000267b45df
     0.03%     0.00%  miniC2D  [heap]                [.] 0x000000002672663f
     0.03%     0.03%  miniC2D  libc.so.6             [.] 0x00000000000a2e3f
     0.03%     0.00%  miniC2D  libc.so.6             [.] 0x00007f681eac1e3f
     0.03%     0.03%  miniC2D  libc.so.6             [.] 0x000000000005cee7
     0.03%     0.00%  miniC2D  libc.so.6             [.] 0x00007f681ea7bee7
     0.03%     0.00%  miniC2D  [stack]               [.] 0x00007ffdbe00fe9f
     0.03%     0.00%  miniC2D  [heap]                [.] 0x0000000026727acf
     0.03%     0.03%  miniC2D  libc.so.6             [.] 0x000000000005cfb2
     0.03%     0.00%  miniC2D  libc.so.6             [.] 0x00007f681ea7bfb2
     0.03%     0.03%  miniC2D  libc.so.6             [.] 0x000000000005c75c
     0.03%     0.00%  miniC2D  libc.so.6             [.] 0x00007f681ea7b75c
     0.03%     0.03%  miniC2D  libc.so.6             [.] 0x000000000003f962
     0.03%     0.00%  miniC2D  libc.so.6             [.] 0x00007f681ea5e962
     0.03%     0.03%  miniC2D  libc.so.6             [.] 0x000000000005c6b5
     0.03%     0.00%  miniC2D  libc.so.6             [.] 0x00007f681ea7b6b5
     0.03%     0.03%  miniC2D  [kernel.kallsyms]     [k] strcpy
     0.03%     0.03%  miniC2D  libc.so.6             [.] 0x000000000005c540
     0.03%     0.00%  miniC2D  libc.so.6             [.] 0x00007f681ea7b540
     0.03%     0.03%  miniC2D  [kernel.kallsyms]     [k] __srcu_read_unlock
     0.03%     0.03%  miniC2D  libc.so.6             [.] 0x000000000005cf04
     0.03%     0.00%  miniC2D  libc.so.6             [.] 0x00007f681ea7bf04
     0.03%     0.03%  miniC2D  libc.so.6             [.] 0x000000000005c408
     0.03%     0.00%  miniC2D  libc.so.6             [.] 0x00007f681ea7b408
     0.03%     0.03%  miniC2D  libc.so.6             [.] 0x000000000005cf99
     0.03%     0.00%  miniC2D  libc.so.6             [.] 0x00007f681ea7bf99
     0.03%     0.03%  miniC2D  libc.so.6             [.] 0x000000000005c486
     0.03%     0.00%  miniC2D  libc.so.6             [.] 0x00007f681ea7b486
     0.03%     0.03%  miniC2D  libc.so.6             [.] 0x0000000000051aa5
     0.03%     0.00%  miniC2D  libc.so.6             [.] 0x00007f681ea70aa5
     0.03%     0.00%  miniC2D  anon                  [.] 0x00007f680833e41f
     0.03%     0.03%  miniC2D  libc.so.6             [.] 0x000000000005c6e0
     0.03%     0.00%  miniC2D  libc.so.6             [.] 0x00007f681ea7b6e0
     0.03%     0.00%  miniC2D  [stack]               [.] 0x00007ffdbe00f6ff
     0.03%     0.03%  miniC2D  libc.so.6             [.] 0x00000000000a7d46
     0.03%     0.00%  miniC2D  libc.so.6             [.] 0x00007f681eac6d46
     0.03%     0.00%  miniC2D  anon                  [.] 0x00007f6807a0adbf
     0.03%     0.03%  miniC2D  libc.so.6             [.] 0x000000000003faa0
     0.03%     0.00%  miniC2D  libc.so.6             [.] 0x00007f681ea5eaa0
     0.03%     0.03%  miniC2D  [kernel.kallsyms]     [k] __rcu_read_unlock
     0.03%     0.00%  miniC2D  [ext4]                [k] __ext4_journal_get_write_access
     0.03%     0.00%  miniC2D  [jbd2]                [k] jbd2_journal_get_write_access
     0.03%     0.00%  miniC2D  [jbd2]                [k] jbd2_write_access_granted
     0.03%     0.03%  miniC2D  libc.so.6             [.] 0x000000000005c553
     0.03%     0.00%  miniC2D  libc.so.6             [.] 0x00007f681ea7b553
     0.03%     0.03%  miniC2D  libc.so.6             [.] 0x000000000005d578
     0.03%     0.00%  miniC2D  libc.so.6             [.] 0x00007f681ea7c578
     0.03%     0.00%  miniC2D  [stack]               [.] 0x00007ffdbe011bdf
     0.03%     0.03%  miniC2D  libc.so.6             [.] 0x00000000000a2e2d
     0.03%     0.00%  miniC2D  libc.so.6             [.] 0x00007f681eac1e2d
     0.03%     0.03%  miniC2D  libc.so.6             [.] 0x000000000005d597
     0.03%     0.00%  miniC2D  libc.so.6             [.] 0x00007f681ea7c597
     0.03%     0.03%  miniC2D  libc.so.6             [.] 0x000000000005ce4f
     0.03%     0.00%  miniC2D  libc.so.6             [.] 0x00007f681ea7be4f
     0.03%     0.03%  miniC2D  [ext4]                [k] ext4_get_reserved_space
     0.03%     0.00%  miniC2D  [ext4]                [k] ext4_da_get_block_prep
     0.03%     0.00%  miniC2D  [ext4]                [k] ext4_da_reserve_space
     0.03%     0.00%  miniC2D  [kernel.kallsyms]     [k] __dquot_alloc_space
     0.03%     0.03%  miniC2D  libc.so.6             [.] 0x000000000005d58c
     0.03%     0.00%  miniC2D  libc.so.6             [.] 0x00007f681ea7c58c
     0.03%     0.03%  miniC2D  libc.so.6             [.] 0x00000000000a7d81
     0.03%     0.00%  miniC2D  libc.so.6             [.] 0x00007f681eac6d81
     0.03%     0.00%  miniC2D  [heap]                [.] 0x00000000267f069f
     0.03%     0.03%  miniC2D  [kernel.kallsyms]     [k] free_unref_page_commit
     0.03%     0.03%  miniC2D  libc.so.6             [.] 0x000000000005c5a5
     0.03%     0.00%  miniC2D  libc.so.6             [.] 0x00007f681ea7b5a5
     0.03%     0.00%  miniC2D  libc.so.6             [.] _IO_file_overflow
     0.03%     0.00%  miniC2D  anon                  [.] 0x00007f6807ad387f
     0.03%     0.03%  miniC2D  [kernel.kallsyms]     [k] _raw_spin_unlock_irqrestore
     0.03%     0.03%  miniC2D  libc.so.6             [.] fputc
     0.03%     0.03%  miniC2D  libc.so.6             [.] 0x000000000005c992
     0.03%     0.00%  miniC2D  libc.so.6             [.] 0x00007f681ea7b992
     0.03%     0.00%  miniC2D  miniC2D               [.] 0x000000000043ad90
     0.03%     0.03%  miniC2D  libc.so.6             [.] 0x000000000005c531
     0.03%     0.00%  miniC2D  libc.so.6             [.] 0x00007f681ea7b531
     0.03%     0.03%  miniC2D  libc.so.6             [.] 0x00000000000a7d73
     0.03%     0.00%  miniC2D  libc.so.6             [.] 0x00007f681eac6d73
     0.03%     0.03%  miniC2D  libc.so.6             [.] 0x000000000003f985
     0.03%     0.00%  miniC2D  libc.so.6             [.] 0x00007f681ea5e985
     0.03%     0.03%  miniC2D  libc.so.6             [.] 0x000000000005c9c5
     0.03%     0.00%  miniC2D  libc.so.6             [.] 0x00007f681ea7b9c5
     0.03%     0.00%  miniC2D  anon                  [.] 0x00007f680781176f
     0.03%     0.03%  miniC2D  libc.so.6             [.] 0x000000000005c703
     0.03%     0.00%  miniC2D  libc.so.6             [.] 0x00007f681ea7b703
     0.03%     0.03%  miniC2D  libc.so.6             [.] 0x00000000000a2e2f
     0.03%     0.00%  miniC2D  libc.so.6             [.] 0x00007f681eac1e2f
     0.03%     0.03%  miniC2D  libc.so.6             [.] 0x000000000005c410
     0.03%     0.00%  miniC2D  [unknown]             [.] 0xffffff1fffffffff
     0.03%     0.00%  miniC2D  libc.so.6             [.] 0x00007f681ea7b410
     0.03%     0.00%  miniC2D  anon                  [.] 0x00007f680781986f
     0.03%     0.03%  miniC2D  libc.so.6             [.] 0x000000000005d56d
     0.03%     0.00%  miniC2D  libc.so.6             [.] 0x00007f681ea7c56d
     0.03%     0.03%  miniC2D  libc.so.6             [.] 0x000000000005c402
     0.03%     0.00%  miniC2D  libc.so.6             [.] 0x00007f681ea7b402
     0.03%     0.03%  miniC2D  libc.so.6             [.] 0x000000000005c71f
     0.03%     0.00%  miniC2D  libc.so.6             [.] 0x00007f681ea7b71f
     0.03%     0.03%  miniC2D  libc.so.6             [.] 0x0000000000051abc
     0.03%     0.00%  miniC2D  libc.so.6             [.] 0x00007f681ea70abc
     0.03%     0.00%  miniC2D  [stack]               [.] 0x00007ffdbe00f79f
     0.03%     0.03%  miniC2D  libc.so.6             [.] 0x00000000000a7d6b
     0.03%     0.00%  miniC2D  libc.so.6             [.] 0x00007f681eac6d6b
     0.03%     0.03%  miniC2D  libc.so.6             [.] 0x000000000005c50b
     0.03%     0.00%  miniC2D  libc.so.6             [.] 0x00007f681ea7b50b
     0.03%     0.03%  miniC2D  libc.so.6             [.] 0x000000000005c61c
     0.03%     0.00%  miniC2D  libc.so.6             [.] 0x00007f681ea7b61c
     0.03%     0.03%  miniC2D  libc.so.6             [.] 0x000000000005c6c6
     0.03%     0.00%  miniC2D  libc.so.6             [.] 0x00007f681ea7b6c6
     0.03%     0.03%  miniC2D  libc.so.6             [.] 0x000000000005cfe8
     0.03%     0.00%  miniC2D  libc.so.6             [.] 0x00007f681ea7bfe8
     0.03%     0.03%  miniC2D  libc.so.6             [.] 0x000000000005cf17
     0.03%     0.00%  miniC2D  libc.so.6             [.] 0x00007f681ea7bf17
     0.03%     0.03%  miniC2D  [kernel.kallsyms]     [k] up_read
     0.03%     0.00%  miniC2D  [heap]                [.] 0x00000000267265cf
     0.03%     0.00%  miniC2D  [stack]               [.] 0x00007ffdbe00f8df
     0.03%     0.03%  miniC2D  libc.so.6             [.] 0x000000000005ceee
     0.03%     0.00%  miniC2D  libc.so.6             [.] 0x00007f681ea7beee
     0.03%     0.00%  miniC2D  [ext4]                [k] ext4_mark_iloc_dirty
     0.03%     0.00%  miniC2D  anon                  [.] 0x00007f680787503f
     0.03%     0.03%  miniC2D  libc.so.6             [.] 0x000000000005d6ee
     0.03%     0.00%  miniC2D  libc.so.6             [.] 0x00007f681ea7c6ee
     0.03%     0.00%  miniC2D  [stack]               [.] 0x00007ffdbe00f74f
     0.02%     0.00%  miniC2D  [stack]               [.] 0x00007ffdbe00ff8f
     0.02%     0.02%  miniC2D  ld-linux-x86-64.so.2  [.] 0x0000000000008d86
     0.02%     0.00%  miniC2D  ld-linux-x86-64.so.2  [.] 0x00007f681ee4fd86
     0.02%     0.02%  miniC2D  [kernel.kallsyms]     [k] next_uptodate_page
     0.02%     0.00%  miniC2D  libgcc_s.so.1         [.] 0x00007f681ee22000
     0.02%     0.00%  miniC2D  [kernel.kallsyms]     [k] do_fault
     0.02%     0.00%  miniC2D  [kernel.kallsyms]     [k] filemap_map_pages
     0.02%     0.00%  miniC2D  [stack]               [.] 0x00007ffdbe00fc0f
     0.02%     0.00%  miniC2D  miniC2D               [.] read_line
     0.02%     0.00%  miniC2D  libc.so.6             [.] fgets (inlined)
     0.02%     0.00%  miniC2D  libc.so.6             [.] _IO_getline_info
     0.02%     0.00%  miniC2D  libc.so.6             [.] 0x00007f681eac1ebc
     0.02%     0.02%  miniC2D  ld-linux-x86-64.so.2  [.] 0x0000000000008feb
     0.02%     0.00%  miniC2D  ld-linux-x86-64.so.2  [.] 0x00007f681ee4ffeb
     0.02%     0.00%  miniC2D  [stack]               [.] 0x00007ffdbe011a67
     0.02%     0.00%  miniC2D  [heap]                [.] 0x00000000267ec69f
     0.02%     0.02%  miniC2D  miniC2D               [.] cutset2vtree_rl
     0.02%     0.00%  miniC2D  [heap]                [.] 0x00000000267c8d1f
     0.02%     0.00%  miniC2D  [heap]                [.] 0x00000000267dbebf
     0.02%     0.00%  miniC2D  [heap]                [.] 0x00000000267e197f
     0.02%     0.00%  miniC2D  [heap]                [.] 0x00000000267e3daf
     0.02%     0.02%  miniC2D  libc.so.6             [.] 0x000000000009742e
     0.02%     0.00%  miniC2D  libc.so.6             [.] 0x00007f681eab642e
     0.02%     0.02%  miniC2D  libc.so.6             [.] 0x0000000000096228
     0.02%     0.00%  miniC2D  libc.so.6             [.] 0x00007f681eab5228
     0.02%     0.00%  miniC2D  [heap]                [.] 0x00000000267c95cf
     0.02%     0.00%  miniC2D  [heap]                [.] 0x00000000267cd67f
     0.02%     0.02%  miniC2D  libc.so.6             [.] 0x00000000000961c3
     0.02%     0.00%  miniC2D  libc.so.6             [.] 0x00007f681eab51c3
     0.02%     0.02%  miniC2D  [kernel.kallsyms]     [k] native_read_msr
     0.02%     0.00%  miniC2D  [kernel.kallsyms]     [k] update_load_avg
     0.02%     0.00%  miniC2D  [kernel.kallsyms]     [k] cpufreq_driver_fast_switch
     0.02%     0.00%  miniC2D  [kernel.kallsyms]     [k] intel_cpufreq_fast_switch
     0.02%     0.02%  miniC2D  [kernel.kallsyms]     [k] __output_copy
     0.02%     0.00%  miniC2D  miniC2D               [.] combine_v
     0.02%     0.00%  miniC2D  libc.so.6             [.] 0x00007f681eab70bd
     0.02%     0.00%  miniC2D  libc.so.6             [.] 0x00007f681eab5f98
     0.02%     0.00%  miniC2D  libc.so.6             [.] __default_morecore
     0.02%     0.00%  miniC2D  libc.so.6             [.] sbrk (inlined)
     0.02%     0.00%  miniC2D  libc.so.6             [.] brk
     0.02%     0.00%  miniC2D  [kernel.kallsyms]     [k] __do_sys_brk
     0.02%     0.00%  miniC2D  [kernel.kallsyms]     [k] do_brk_flags
     0.02%     0.00%  miniC2D  [kernel.kallsyms]     [k] perf_event_mmap
     0.02%     0.00%  miniC2D  [kernel.kallsyms]     [k] perf_iterate_sb
     0.02%     0.00%  miniC2D  [kernel.kallsyms]     [k] perf_iterate_ctx
     0.02%     0.00%  miniC2D  [kernel.kallsyms]     [k] perf_event_mmap_output
     0.02%     0.00%  miniC2D  [kernel.kallsyms]     [k] __perf_event__output_id_sample
     0.02%     0.00%  miniC2D  [kernel.kallsyms]     [k] perf_output_copy
     0.02%     0.00%  miniC2D  miniC2D               [.] balanced_compose_hdtrees
     0.02%     0.00%  miniC2D  miniC2D               [.] eset_union
     0.02%     0.02%  miniC2D  ld-linux-x86-64.so.2  [.] 0x000000000000906c
     0.02%     0.00%  miniC2D  ld-linux-x86-64.so.2  [.] 0x00007f681ee5006c
     0.02%     0.00%  miniC2D  [kernel.kallsyms]     [k] __x64_sys_execve
     0.02%     0.00%  miniC2D  [kernel.kallsyms]     [k] do_execveat_common.isra.0
     0.02%     0.00%  miniC2D  [kernel.kallsyms]     [k] bprm_execve
     0.02%     0.00%  miniC2D  [heap]                [.] 0x00000000267cc81f
     0.02%     0.02%  miniC2D  miniC2D               [.] sift_up
     0.02%     0.02%  miniC2D  miniC2D               [.] eset_node_new
     0.02%     0.00%  miniC2D  miniC2D               [.] initialize_hdtree
     0.02%     0.00%  miniC2D  miniC2D               [.] fill_edges_etc
     0.02%     0.02%  miniC2D  miniC2D               [.] vset_adjoin
     0.02%     0.00%  miniC2D  [heap]                [.] 0x00000000267ec3af
     0.02%     0.00%  miniC2D  miniC2D               [.] pass1b
     0.02%     0.02%  miniC2D  [kernel.kallsyms]     [k] pmd_pfn
     0.02%     0.00%  miniC2D  libc.so.6             [.] 0x00007f681eab7109
     0.02%     0.02%  miniC2D  libstdc++.so.6.0.30   [.] std::_Rb_tree_decrement
     0.02%     0.02%  miniC2D  libstdc++.so.6.0.30   [.] std::_Rb_tree_rebalance_for_erase
     0.02%     0.00%  miniC2D  miniC2D               [.] Graph::removeEdge
     0.02%     0.02%  miniC2D  libstdc++.so.6.0.30   [.] std::_Rb_tree_insert_and_rebalance
     0.02%     0.00%  miniC2D  [heap]                [.] 0x00000000267f03bf
     0.02%     0.02%  miniC2D  miniC2D               [.] free@plt
     0.02%     0.00%  miniC2D  miniC2D               [.] eset_minus
     0.02%     0.02%  miniC2D  libc.so.6             [.] 0x0000000000097abf
     0.02%     0.00%  miniC2D  miniC2D               [.] sat_state_new
     0.02%     0.00%  miniC2D  miniC2D               [.] construct_cnf_clauses
     0.02%     0.00%  miniC2D  miniC2D               [.] initialize_clause
     0.02%     0.00%  miniC2D  libc.so.6             [.] 0x00007f681eab6abf
     0.02%     0.00%  miniC2D  [heap]                [.] 0x00000000267cf2ff
     0.02%     0.00%  miniC2D  [heap]                [.] 0x00000000267e854f
     0.02%     0.00%  miniC2D  [heap]                [.] 0x00000000267eecff
     0.02%     0.02%  miniC2D  libc.so.6             [.] 0x000000000009618f
     0.02%     0.00%  miniC2D  miniC2D               [.] vset_free
     0.02%     0.00%  miniC2D  libc.so.6             [.] 0x00007f681eab518f
     0.02%     0.00%  miniC2D  miniC2D               [.] cnf2hgr_primal
     0.02%     0.00%  miniC2D  miniC2D               [.] declare_in_hgr
     0.02%     0.00%  miniC2D  [heap]                [.] 0x00000000267c23f7
     0.02%     0.02%  miniC2D  libc.so.6             [.] 0x0000000000098105
     0.02%     0.00%  miniC2D  miniC2D               [.] Graph::Graph
     0.02%     0.00%  miniC2D  miniC2D               [.] Graph::addEdge
     0.02%     0.00%  miniC2D  libc.so.6             [.] 0x00007f681eab7105
     0.02%     0.00%  miniC2D  miniC2D               [.] minFillScore
     0.02%     0.00%  miniC2D  anon                  [.] 0x00007f6807868e8f
     0.02%     0.02%  miniC2D  libc.so.6             [.] 0x000000000009778b
     0.02%     0.00%  miniC2D  libc.so.6             [.] 0x00007f681eab678b
     0.02%     0.02%  miniC2D  miniC2D               [.] vset_clause_new
     0.02%     0.00%  miniC2D  [heap]                [.] 0x00000000267b6b7f
     0.02%     0.00%  miniC2D  [heap]                [.] 0x00000000267b4b8f
     0.02%     0.02%  miniC2D  libc.so.6             [.] 0x0000000000097385
     0.02%     0.00%  miniC2D  libc.so.6             [.] 0x00007f681eab6385
     0.02%     0.02%  miniC2D  miniC2D               [.] free_hdtree
     0.02%     0.02%  miniC2D  libc.so.6             [.] 0x0000000000095223
     0.02%     0.00%  miniC2D  miniC2D               [.] free_hgr
     0.02%     0.00%  miniC2D  libc.so.6             [.] 0x00007f681eab58ff
     0.02%     0.00%  miniC2D  libc.so.6             [.] 0x00007f681eab4223
     0.02%     0.00%  miniC2D  anon                  [.] 0x00007f68078113c7
     0.02%     0.00%  miniC2D  ld-linux-x86-64.so.2  [.] 0x00007f681ee64a49
     0.02%     0.00%  miniC2D  ld-linux-x86-64.so.2  [.] 0x00007f681ee495c9
     0.02%     0.00%  miniC2D  ld-linux-x86-64.so.2  [.] _dl_catch_exception
     0.02%     0.00%  miniC2D  ld-linux-x86-64.so.2  [.] 0x00007f681ee49260
     0.02%     0.00%  miniC2D  ld-linux-x86-64.so.2  [.] 0x00007f681ee4f074
     0.02%     0.00%  miniC2D  ld-linux-x86-64.so.2  [.] 0x00007f681ee4e035
     0.01%     0.01%  miniC2D  ld-linux-x86-64.so.2  [.] 0x00000000000020c0
     0.01%     0.00%  miniC2D  ld-linux-x86-64.so.2  [.] 0x00007f681ee647b5
     0.01%     0.00%  miniC2D  ld-linux-x86-64.so.2  [.] 0x00007f681ee490c0
     0.01%     0.00%  miniC2D  [kernel.kallsyms]     [k] load_elf_binary
     0.01%     0.01%  miniC2D  [kernel.kallsyms]     [k] task_cputime
     0.01%     0.00%  miniC2D  ld-linux-x86-64.so.2  [.] 0x00007f681ee61b20
     0.01%     0.00%  miniC2D  [kernel.kallsyms]     [k] acct_update_integrals
     0.01%     0.01%  miniC2D  [kernel.kallsyms]     [k] kmem_cache_alloc_bulk
     0.01%     0.00%  miniC2D  [kernel.kallsyms]     [k] elf_map
     0.01%     0.00%  miniC2D  [kernel.kallsyms]     [k] vm_mmap_pgoff
     0.01%     0.00%  miniC2D  [kernel.kallsyms]     [k] do_mmap
     0.01%     0.00%  miniC2D  [kernel.kallsyms]     [k] mmap_region
     0.01%     0.00%  miniC2D  [kernel.kallsyms]     [k] mas_preallocate
     0.01%     0.00%  miniC2D  [kernel.kallsyms]     [k] mas_alloc_nodes
     0.00%     0.00%  miniC2D  [kernel.kallsyms]     [k] change_protection
     0.00%     0.00%  miniC2D  [kernel.kallsyms]     [k] setup_arg_pages
     0.00%     0.00%  miniC2D  [kernel.kallsyms]     [k] mprotect_fixup
     0.00%     0.00%  perf-ex  [kernel.kallsyms]     [k] entry_SYSCALL_64_after_hwframe
     0.00%     0.00%  perf-ex  [kernel.kallsyms]     [k] do_syscall_64
     0.00%     0.00%  perf-ex  [kernel.kallsyms]     [k] __x64_sys_execve
     0.00%     0.00%  perf-ex  [kernel.kallsyms]     [k] do_execveat_common.isra.0
     0.00%     0.00%  perf-ex  [kernel.kallsyms]     [k] bprm_execve
     0.00%     0.00%  perf-ex  [kernel.kallsyms]     [k] load_elf_binary
     0.00%     0.00%  perf-ex  [kernel.kallsyms]     [k] begin_new_exec
     0.00%     0.00%  perf-ex  [kernel.kallsyms]     [k] perf_event_exec
     0.00%     0.00%  miniC2D  [kernel.kallsyms]     [k] finish_task_switch.isra.0
     0.00%     0.00%  miniC2D  [kernel.kallsyms]     [k] asm_sysvec_reschedule_ipi
     0.00%     0.00%  miniC2D  [kernel.kallsyms]     [k] schedule
     0.00%     0.00%  miniC2D  [kernel.kallsyms]     [k] __schedule
     0.00%     0.00%  perf-ex  [kernel.kallsyms]     [k] try_to_wake_up
     0.00%     0.00%  perf-ex  [kernel.kallsyms]     [k] asm_sysvec_irq_work
     0.00%     0.00%  perf-ex  [kernel.kallsyms]     [k] sysvec_irq_work
     0.00%     0.00%  perf-ex  [kernel.kallsyms]     [k] __sysvec_irq_work
     0.00%     0.00%  perf-ex  [kernel.kallsyms]     [k] irq_work_run
     0.00%     0.00%  perf-ex  [kernel.kallsyms]     [k] irq_work_run_list
     0.00%     0.00%  perf-ex  [kernel.kallsyms]     [k] irq_work_single
     0.00%     0.00%  perf-ex  [kernel.kallsyms]     [k] perf_pending_irq
     0.00%     0.00%  perf-ex  [kernel.kallsyms]     [k] perf_event_wakeup
     0.00%     0.00%  perf-ex  [kernel.kallsyms]     [k] __wake_up_common_lock
     0.00%     0.00%  perf-ex  [kernel.kallsyms]     [k] __wake_up_common
     0.00%     0.00%  perf-ex  [kernel.kallsyms]     [k] pollwake
     0.00%     0.00%  miniC2D  [kernel.kallsyms]     [k] asm_sysvec_irq_work
     0.00%     0.00%  perf-ex  [kernel.kallsyms]     [k] native_write_msr
     0.00%     0.00%  perf-ex  [kernel.kallsyms]     [k] __intel_pmu_enable_all.constprop.0
     0.00%     0.00%  miniC2D  [kernel.kallsyms]     [k] __perf_event_task_sched_in
     0.00%     0.00%  miniC2D  [kernel.kallsyms]     [k] __intel_pmu_enable_all.constprop.0
     0.00%     0.00%  perf-ex  [kernel.kallsyms]     [k] nmi_restore
     0.00%     0.00%  perf-ex  [kernel.kallsyms]     [k] ghes_copy_tofrom_phys
     0.00%     0.00%  miniC2D  [kernel.kallsyms]     [k] acpi_os_read_memory
     0.00%     0.00%  perf-ex  [kernel.kallsyms]     [k] native_sched_clock
     0.00%     0.00%  miniC2D  [kernel.kallsyms]     [k] perf_sample_event_took


#
# (Tip: Use parent filter to see specific call path: perf report -p <regex>)
#
