# To display the perf.data header info, please use --header/--header-only options.
#
#
# Total Lost Samples: 0
#
# Samples: 20K of event 'cycles'
# Event count (approx.): 15894072960
#
# Children      Self  Command  Shared Object         Symbol                                                                                                                                                                      
# ........  ........  .......  ....................  ............................................................................................................................................................................
#
    89.87%     0.00%  miniC2D  libc.so.6             [.] __libc_start_main
0.52% __libc_start_main;0x7f574b646249;main;vtree_manager_new;cnf2vtree;p_hdtree2vtree;pass2;classify_clause_vars;vset_intersection;unmark_vset
0.52% __libc_start_main;0x7f574b646249;main;vtree_manager_new;cnf2vtree;p_hdtree2vtree;pass2;classify_clause_vars;vset_intersection;mark_vset
    89.87%     0.00%  miniC2D  miniC2D               [.] _start
0.52% _start;__libc_start_main;0x7f574b646249;main;vtree_manager_new;cnf2vtree;p_hdtree2vtree;pass2;classify_clause_vars;vset_intersection;unmark_vset
0.52% _start;__libc_start_main;0x7f574b646249;main;vtree_manager_new;cnf2vtree;p_hdtree2vtree;pass2;classify_clause_vars;vset_intersection;mark_vset
    89.87%     0.00%  miniC2D  libc.so.6             [.] 0x00007f574b646249
0.52% 0x7f574b646249;main;vtree_manager_new;cnf2vtree;p_hdtree2vtree;pass2;classify_clause_vars;vset_intersection;unmark_vset
0.52% 0x7f574b646249;main;vtree_manager_new;cnf2vtree;p_hdtree2vtree;pass2;classify_clause_vars;vset_intersection;mark_vset
    89.87%     0.00%  miniC2D  miniC2D               [.] main
0.52% main;vtree_manager_new;cnf2vtree;p_hdtree2vtree;pass2;classify_clause_vars;vset_intersection;unmark_vset
0.52% main;vtree_manager_new;cnf2vtree;p_hdtree2vtree;pass2;classify_clause_vars;vset_intersection;mark_vset
    81.87%     0.03%  miniC2D  miniC2D               [.] compile_vtree_shannon
    81.86%     0.00%  miniC2D  miniC2D               [.] compile_dispatcher
    81.84%     0.00%  miniC2D  miniC2D               [.] compile_vtree
    80.57%    32.52%  miniC2D  miniC2D               [.] set_literal
31.12% set_literal;move_watched_literal;remove_watched_clause
10.08% set_literal;move_watched_literal
4.72% set_literal;analyze_conflict;zchaff_conflict_clause
3.53% 0x16fb813f;set_literal
1.75% set_literal;analyze_conflict;zchaff_conflict_clause;mark_vars_at_level
    42.54%     0.03%  miniC2D  miniC2D               [.] sat_assert_clause
17.48% sat_assert_clause;set_literal;move_watched_literal;remove_watched_clause
15.32% sat_assert_clause;set_literal
5.69% sat_assert_clause;set_literal;move_watched_literal
2.51% sat_assert_clause;set_literal;analyze_conflict;zchaff_conflict_clause
1.29% sat_assert_clause;set_literal;analyze_conflict;zchaff_conflict_clause;mark_vars_at_level
    41.98%    10.79%  miniC2D  miniC2D               [.] move_watched_literal
31.12% move_watched_literal;remove_watched_clause
    41.37%     0.00%  miniC2D  miniC2D               [.] compile_with_literal (inlined)
13.03% compile_with_literal (inlined);sat_decide_literal;set_literal
12.78% compile_with_literal (inlined);sat_decide_literal;set_literal;move_watched_literal;remove_watched_clause
4.45% compile_with_literal (inlined);erase_level
4.15% compile_with_literal (inlined);sat_decide_literal;set_literal;move_watched_literal
2.13% compile_with_literal (inlined);sat_decide_literal;set_literal;analyze_conflict;zchaff_conflict_clause
    34.57%     0.01%  miniC2D  miniC2D               [.] sat_decide_literal
13.65% sat_decide_literal;set_literal
13.65% sat_decide_literal;set_literal;move_watched_literal;remove_watched_clause
4.39% sat_decide_literal;set_literal;move_watched_literal
2.21% sat_decide_literal;set_literal;analyze_conflict;zchaff_conflict_clause
    31.27%    31.22%  miniC2D  miniC2D               [.] remove_watched_clause
     7.39%     0.00%  miniC2D  miniC2D               [.] vtree_manager_new
0.52% vtree_manager_new;cnf2vtree;p_hdtree2vtree;pass2;classify_clause_vars;vset_intersection;unmark_vset
0.52% vtree_manager_new;cnf2vtree;p_hdtree2vtree;pass2;classify_clause_vars;vset_intersection;mark_vset
     7.37%     0.00%  miniC2D  miniC2D               [.] cnf2vtree
0.52% cnf2vtree;p_hdtree2vtree;pass2;classify_clause_vars;vset_intersection;unmark_vset
0.52% cnf2vtree;p_hdtree2vtree;pass2;classify_clause_vars;vset_intersection;mark_vset
     6.85%     0.00%  miniC2D  miniC2D               [.] p_hdtree2vtree
0.52% p_hdtree2vtree;pass2;classify_clause_vars;vset_intersection;unmark_vset
0.52% p_hdtree2vtree;pass2;classify_clause_vars;vset_intersection;mark_vset
     6.73%     0.02%  miniC2D  miniC2D               [.] pass2
0.52% pass2;classify_clause_vars;vset_intersection;unmark_vset
0.52% pass2;classify_clause_vars;vset_intersection;mark_vset
     6.72%     0.03%  miniC2D  miniC2D               [.] analyze_conflict
4.72% analyze_conflict;zchaff_conflict_clause
1.75% analyze_conflict;zchaff_conflict_clause;mark_vars_at_level
     6.48%     4.73%  miniC2D  miniC2D               [.] zchaff_conflict_clause
1.75% zchaff_conflict_clause;mark_vars_at_level
     6.45%     0.02%  miniC2D  miniC2D               [.] classify_clause_vars
0.75% classify_clause_vars;vset_intersection;mark_vset;sat_mark_var
0.73% classify_clause_vars;vset_intersection;unmark_vset;sat_unmark_var
0.73% classify_clause_vars;vset_minus;unmark_vset;sat_unmark_var
0.69% classify_clause_vars;vset_intersection;unmark_vset
0.69% classify_clause_vars;vset_intersection;mark_vset
0.66% classify_clause_vars;vset_minus;mark_vset;sat_mark_var
0.57% classify_clause_vars;vset_minus;mark_vset
     4.61%     4.60%  miniC2D  miniC2D               [.] erase_level
     4.24%     2.77%  miniC2D  miniC2D               [.] unmark_vset
1.46% unmark_vset;sat_unmark_var
0.52% _start;__libc_start_main;0x7f574b646249;main;vtree_manager_new;cnf2vtree;p_hdtree2vtree;pass2;classify_clause_vars;vset_intersection;unmark_vset
     4.13%     2.71%  miniC2D  miniC2D               [.] mark_vset
1.42% mark_vset;sat_mark_var
0.52% _start;__libc_start_main;0x7f574b646249;main;vtree_manager_new;cnf2vtree;p_hdtree2vtree;pass2;classify_clause_vars;vset_intersection;mark_vset
     3.67%     0.00%  miniC2D  [heap]                [.] 0x0000000016fb813f
3.53% 0x16fb813f;set_literal
     3.04%     0.05%  miniC2D  miniC2D               [.] vset_intersection
0.75% vset_intersection;mark_vset;sat_mark_var
0.73% vset_intersection;unmark_vset;sat_unmark_var
0.69% vset_intersection;unmark_vset
0.69% vset_intersection;mark_vset
     2.52%     0.03%  miniC2D  miniC2D               [.] vset_minus
0.73% vset_minus;unmark_vset;sat_unmark_var
0.66% vset_minus;mark_vset;sat_mark_var
0.57% vset_minus;mark_vset
     2.48%     2.47%  miniC2D  miniC2D               [.] sat_unmark_var
0.57% sat_unmark_var
     2.43%     2.43%  miniC2D  miniC2D               [.] sat_mark_var
     1.82%     1.82%  miniC2D  miniC2D               [.] mark_vars_at_level
     0.81%     0.37%  miniC2D  miniC2D               [.] vset_union
     0.49%     0.00%  miniC2D  miniC2D               [.] cnf2hdtree
     0.41%     0.00%  miniC2D  miniC2D               [.] cnf2minfill_order
     0.41%     0.03%  miniC2D  libc.so.6             [.] __libc_calloc
     0.38%     0.01%  miniC2D  miniC2D               [.] vset_new
     0.37%     0.06%  miniC2D  miniC2D               [.] Graph::removeAndConnect
     0.28%     0.00%  miniC2D  miniC2D               [.] print_vtree_cache_stats
     0.28%     0.27%  miniC2D  miniC2D               [.] clist_size
     0.27%     0.00%  miniC2D  miniC2D               [.] vtree_manager_free
     0.26%     0.26%  miniC2D  miniC2D               [.] free_vtree_cache
     0.25%     0.25%  miniC2D  miniC2D               [.] sat_is_marked_var
     0.23%     0.11%  miniC2D  libc.so.6             [.] malloc
     0.22%     0.00%  miniC2D  libc.so.6             [.] __libc_free (inlined)
     0.22%     0.22%  miniC2D  miniC2D               [.] cset_subset
     0.18%     0.00%  miniC2D  [kernel.kallsyms]     [k] asm_sysvec_apic_timer_interrupt
     0.16%     0.16%  miniC2D  libstdc++.so.6.0.30   [.] std::_Rb_tree_increment
     0.15%     0.00%  miniC2D  [kernel.kallsyms]     [k] asm_exc_page_fault
     0.15%     0.00%  miniC2D  [kernel.kallsyms]     [k] sysvec_apic_timer_interrupt
     0.13%     0.00%  miniC2D  libc.so.6             [.] 0x00007f574b6b7109
     0.12%     0.00%  miniC2D  [kernel.kallsyms]     [k] __sysvec_apic_timer_interrupt
     0.12%     0.00%  miniC2D  [kernel.kallsyms]     [k] exc_page_fault
     0.12%     0.00%  miniC2D  [kernel.kallsyms]     [k] do_user_addr_fault
     0.12%     0.00%  miniC2D  [kernel.kallsyms]     [k] hrtimer_interrupt
     0.11%     0.00%  miniC2D  [heap]                [.] 0x000000001736ab7f
     0.11%     0.00%  miniC2D  [kernel.kallsyms]     [k] handle_mm_fault
     0.10%     0.00%  miniC2D  [heap]                [.] 0x000000001735fb2f
     0.10%     0.00%  miniC2D  [heap]                [.] 0x000000001732cf6f
     0.10%     0.00%  miniC2D  [heap]                [.] 0x00000000173bca2f
     0.09%     0.01%  miniC2D  miniC2D               [.] std::set_intersection<std::_Rb_tree_const_iterator<int>, std::_Rb_tree_const_iterator<int>, std::insert_iterator<std::set<int, std::less<int>, std::allocator<int> > > >
     0.09%     0.00%  miniC2D  [heap]                [.] 0x0000000017335f1f
     0.09%     0.01%  miniC2D  miniC2D               [.] vset_clause_new
     0.09%     0.01%  miniC2D  [kernel.kallsyms]     [k] __handle_mm_fault
     0.09%     0.05%  miniC2D  libc.so.6             [.] realloc
     0.09%     0.00%  miniC2D  [heap]                [.] 0x000000001737ff2f
     0.09%     0.00%  miniC2D  [kernel.kallsyms]     [k] __hrtimer_run_queues
     0.09%     0.00%  miniC2D  [heap]                [.] 0x00000000173c670f
     0.09%     0.00%  miniC2D  [heap]                [.] 0x000000001735be6f
     0.08%     0.00%  miniC2D  libc.so.6             [.] 0x00007f574b6b68d7
     0.08%     0.00%  miniC2D  miniC2D               [.] pass1b
     0.08%     0.01%  miniC2D  miniC2D               [.] order2hdtree
     0.08%     0.00%  miniC2D  [heap]                [.] 0x00000000173c4e6f
     0.08%     0.01%  miniC2D  [kernel.kallsyms]     [k] tick_sched_timer
     0.07%     0.02%  miniC2D  miniC2D               [.] vset_free
     0.07%     0.00%  miniC2D  [heap]                [.] 0x00000000173c426f
     0.07%     0.00%  miniC2D  [kernel.kallsyms]     [k] tick_sched_handle
     0.07%     0.07%  miniC2D  libc.so.6             [.] cfree
     0.06%     0.01%  miniC2D  miniC2D               [.] cset_intersection
     0.06%     0.00%  miniC2D  [kernel.kallsyms]     [k] update_process_times
     0.06%     0.04%  miniC2D  miniC2D               [.] mark_cset
     0.06%     0.04%  miniC2D  miniC2D               [.] std::_Rb_tree<int, int, std::_Identity<int>, std::less<int>, std::allocator<int> >::_M_insert_unique
     0.06%     0.06%  miniC2D  libc.so.6             [.] 0x0000000000095167
     0.06%     0.00%  miniC2D  libc.so.6             [.] 0x00007f574b6b4167
     0.06%     0.01%  miniC2D  miniC2D               [.] sat_state_free
     0.06%     0.00%  miniC2D  [heap]                [.] 0x00000000173fae5f
     0.05%     0.00%  miniC2D  [heap]                [.] 0x0000000017020b6f
     0.05%     0.00%  miniC2D  [unknown]             [.] 0xffffffffffffffff
     0.05%     0.00%  miniC2D  [heap]                [.] 0x000000001737834f
     0.05%     0.00%  miniC2D  [heap]                [.] 0x00000000173b61cf
     0.05%     0.00%  miniC2D  [kernel.kallsyms]     [k] entry_SYSCALL_64_after_hwframe
     0.05%     0.00%  miniC2D  [kernel.kallsyms]     [k] do_syscall_64
     0.05%     0.00%  miniC2D  [kernel.kallsyms]     [k] scheduler_tick
     0.05%     0.00%  miniC2D  [kernel.kallsyms]     [k] vma_alloc_folio
     0.05%     0.00%  miniC2D  [heap]                [.] 0x000000001742995f
     0.05%     0.00%  miniC2D  [heap]                [.] 0x000000001743042f
     0.05%     0.00%  miniC2D  [heap]                [.] 0x00000000173ed90f
     0.05%     0.00%  miniC2D  [heap]                [.] 0x000000001740ee6f
     0.05%     0.00%  miniC2D  [heap]                [.] 0x00000000173f438f
     0.04%     0.00%  miniC2D  [heap]                [.] 0x0000000017020c4f
     0.04%     0.00%  miniC2D  [kernel.kallsyms]     [k] get_page_from_freelist
     0.04%     0.00%  miniC2D  [kernel.kallsyms]     [k] __folio_alloc
     0.04%     0.00%  miniC2D  [kernel.kallsyms]     [k] __alloc_pages
     0.04%     0.03%  miniC2D  miniC2D               [.] unmark_cset
     0.04%     0.00%  miniC2D  [heap]                [.] 0x000000001735be4f
     0.04%     0.00%  miniC2D  [heap]                [.] 0x000000001741c3ef
     0.04%     0.00%  miniC2D  [heap]                [.] 0x000000001735fb0f
     0.04%     0.04%  miniC2D  miniC2D               [.] sat_mark_clause
     0.04%     0.00%  miniC2D  [heap]                [.] 0x0000000017382dcf
     0.04%     0.00%  miniC2D  [heap]                [.] 0x00000000173ace8f
     0.04%     0.00%  miniC2D  [heap]                [.] 0x0000000017336f1f
     0.04%     0.00%  miniC2D  [heap]                [.] 0x000000001745279f
     0.04%     0.00%  miniC2D  [heap]                [.] 0x000000001740840f
     0.04%     0.00%  miniC2D  [heap]                [.] 0x00000000173c5aaf
     0.04%     0.01%  miniC2D  miniC2D               [.] get_and_node
     0.04%     0.00%  miniC2D  miniC2D               [.] add_clause
     0.04%     0.02%  miniC2D  miniC2D               [.] declare_watched_literals
     0.04%     0.01%  miniC2D  miniC2D               [.] fill_esets
     0.04%     0.00%  miniC2D  [heap]                [.] 0x0000000017466eef
     0.04%     0.04%  miniC2D  miniC2D               [.] sat_clause2literals
     0.04%     0.00%  miniC2D  [heap]                [.] 0x0000000017352d0f
     0.04%     0.00%  miniC2D  [heap]                [.] 0x00000000173e6e3f
     0.03%     0.00%  miniC2D  [heap]                [.] 0x00000000173b91df
     0.03%     0.03%  miniC2D  [kernel.kallsyms]     [k] clear_page_rep
     0.03%     0.00%  miniC2D  [heap]                [.] 0x000000001744ba6f
     0.03%     0.00%  miniC2D  [heap]                [.] 0x00000000173b431f
     0.03%     0.00%  miniC2D  miniC2D               [.] compile_vtree_decomposed
     0.03%     0.00%  miniC2D  libc.so.6             [.] sbrk (inlined)
     0.03%     0.00%  miniC2D  [kernel.kallsyms]     [k] task_tick_fair
     0.03%     0.00%  miniC2D  miniC2D               [.] std::_Rb_tree<int, int, std::_Identity<int>, std::less<int>, std::allocator<int> >::_M_insert_
     0.03%     0.01%  miniC2D  miniC2D               [.] cset_union
     0.03%     0.00%  miniC2D  miniC2D               [.] cutset2vtree_rl
     0.03%     0.03%  miniC2D  miniC2D               [.] Graph::containsEdge
     0.03%     0.00%  miniC2D  miniC2D               [.] sat_read_cnf
     0.03%     0.00%  miniC2D  [heap]                [.] 0x0000000017335f3f
     0.03%     0.00%  miniC2D  [heap]                [.] 0x00000000173b42df
     0.03%     0.00%  miniC2D  [heap]                [.] 0x000000001741591f
     0.03%     0.00%  miniC2D  [heap]                [.] 0x000000001736450f
     0.03%     0.00%  miniC2D  [heap]                [.] 0x0000000017335eff
     0.03%     0.00%  miniC2D  [heap]                [.] 0x000000001735be8f
     0.03%     0.00%  miniC2D  [heap]                [.] 0x000000001737838f
     0.03%     0.00%  miniC2D  miniC2D               [.] combine_v
     0.03%     0.00%  miniC2D  [stack]               [.] 0x00007fffd394a26f
     0.03%     0.00%  miniC2D  libc.so.6             [.] __default_morecore
     0.03%     0.00%  miniC2D  libc.so.6             [.] brk
     0.03%     0.00%  miniC2D  [kernel.kallsyms]     [k] __do_sys_brk
     0.03%     0.00%  miniC2D  [heap]                [.] 0x000000001737836f
     0.03%     0.00%  miniC2D  [heap]                [.] 0x000000001702038f
     0.03%     0.03%  miniC2D  miniC2D               [.] sat_unmark_clause
     0.03%     0.00%  miniC2D  libc.so.6             [.] 0x00007f574b6b70bd
     0.03%     0.01%  miniC2D  miniC2D               [.] std::_Rb_tree<int, int, std::_Identity<int>, std::less<int>, std::allocator<int> >::_M_insert_unique_
     0.03%     0.01%  miniC2D  miniC2D               [.] eset_new
     0.03%     0.00%  miniC2D  [heap]                [.] 0x00000000173c4e0f
     0.03%     0.00%  miniC2D  [heap]                [.] 0x00000000174370bf
     0.03%     0.00%  miniC2D  [heap]                [.] 0x00000000173c66ef
     0.02%     0.00%  miniC2D  [heap]                [.] 0x000000001739352f
     0.02%     0.00%  miniC2D  [heap]                [.] 0x0000000017396f6f
     0.02%     0.01%  miniC2D  [kernel.kallsyms]     [k] __irq_exit_rcu
     0.02%     0.02%  miniC2D  [kernel.kallsyms]     [k] _raw_spin_lock_irqsave
     0.02%     0.02%  miniC2D  [kernel.kallsyms]     [k] cgroup_rstat_updated
     0.02%     0.00%  miniC2D  [heap]                [.] 0x000000001737ff0f
     0.02%     0.00%  miniC2D  [heap]                [.] 0x00000000173e043f
     0.02%     0.02%  miniC2D  miniC2D               [.] sat_is_instantiated_var
     0.02%     0.00%  miniC2D  libc.so.6             [.] 0x00007f574b6b5f98
     0.02%     0.02%  miniC2D  miniC2D               [.] sat_is_irrelevant_var
     0.02%     0.00%  miniC2D  [stack]               [.] 0x00007fffd394a40f
     0.02%     0.00%  miniC2D  [heap]                [.] 0x00000000173d796f
     0.02%     0.01%  miniC2D  [kernel.kallsyms]     [k] update_load_avg
     0.02%     0.00%  miniC2D  libstdc++.so.6.0.30   [.] operator new
     0.02%     0.00%  miniC2D  miniC2D               [.] std::_Rb_tree<int, int, std::_Identity<int>, std::less<int>, std::allocator<int> >::_M_erase
     0.02%     0.00%  miniC2D  miniC2D               [.] p_hdtree2vtree_aux
     0.02%     0.00%  miniC2D  libc.so.6             [.] fscanf
     0.02%     0.00%  miniC2D  miniC2D               [.] eset_union
     0.02%     0.00%  miniC2D  [kernel.kallsyms]     [k] exit_to_user_mode_prepare
     0.02%     0.00%  miniC2D  [kernel.kallsyms]     [k] task_work_run
     0.02%     0.00%  miniC2D  ld-linux-x86-64.so.2  [.] 0x00007f574bb38b27
     0.02%     0.00%  miniC2D  ld-linux-x86-64.so.2  [.] 0x00007f574bb39c7b
     0.02%     0.00%  miniC2D  ld-linux-x86-64.so.2  [.] 0x00007f574bb382fe
     0.02%     0.02%  miniC2D  [kernel.kallsyms]     [k] error_entry
     0.02%     0.00%  miniC2D  miniC2D               [.] cset_new
     0.02%     0.00%  miniC2D  [heap]                [.] 0x000000001735beaf
     0.02%     0.00%  miniC2D  [heap]                [.] 0x000000001735beef
     0.02%     0.00%  miniC2D  [heap]                [.] 0x00000000173783af
     0.02%     0.00%  miniC2D  miniC2D               [.] sat_state_new
     0.02%     0.00%  miniC2D  [heap]                [.] 0x0000000017384e2f
     0.02%     0.01%  miniC2D  miniC2D               [.] Graph::removeEdge
     0.02%     0.00%  miniC2D  [heap]                [.] 0x00000000172a9fff
     0.02%     0.00%  miniC2D  [heap]                [.] 0x00000000173be2df
     0.02%     0.00%  miniC2D  [heap]                [.] 0x00000000173c66cf
     0.02%     0.00%  miniC2D  [heap]                [.] 0x00000000172c8e8f
     0.02%     0.00%  miniC2D  [heap]                [.] 0x0000000017422e9f
     0.02%     0.00%  miniC2D  [heap]                [.] 0x00000000172cfaff
     0.02%     0.00%  miniC2D  [heap]                [.] 0x0000000017444bdf
     0.02%     0.02%  miniC2D  libc.so.6             [.] 0x00000000000a3703
     0.02%     0.00%  miniC2D  libc.so.6             [.] 0x00007f574b6c2703
     0.02%     0.00%  miniC2D  [heap]                [.] 0x000000001736ab9f
     0.02%     0.00%  miniC2D  miniC2D               [.] free_hdtree
     0.02%     0.00%  miniC2D  [kernel.kallsyms]     [k] handle_softirqs
     0.02%     0.00%  miniC2D  [heap]                [.] 0x00000000173dbe6f
     0.02%     0.02%  miniC2D  miniC2D               [.] sat_literal2var
     0.02%     0.00%  miniC2D  [heap]                [.] 0x00000000173cac7f
     0.02%     0.00%  miniC2D  [kernel.kallsyms]     [k] __count_memcg_events
     0.02%     0.00%  miniC2D  [kernel.kallsyms]     [k] count_memcg_events.constprop.0
     0.02%     0.02%  miniC2D  miniC2D               [.] vtree_shannon_var
     0.02%     0.00%  miniC2D  [heap]                [.] 0x000000001735800f
     0.02%     0.00%  miniC2D  [stack]               [.] 0x00007fffd394a33f
     0.02%     0.00%  miniC2D  [heap]                [.] 0x00000000174596ef
     0.02%     0.00%  miniC2D  [kernel.kallsyms]     [k] do_brk_flags
     0.02%     0.00%  miniC2D  [heap]                [.] 0x000000001746dd5f
     0.02%     0.02%  miniC2D  [kernel.kallsyms]     [k] change_protection
     0.02%     0.00%  miniC2D  [kernel.kallsyms]     [k] irqentry_exit_to_user_mode
     0.02%     0.00%  miniC2D  [kernel.kallsyms]     [k] task_numa_work
     0.02%     0.00%  miniC2D  [kernel.kallsyms]     [k] change_prot_numa
     0.02%     0.00%  miniC2D  miniC2D               [.] eset_minus
     0.02%     0.02%  miniC2D  miniC2D               [.] realloc@plt
     0.02%     0.00%  miniC2D  libc.so.6             [.] 0x00007f574b6c270b
     0.02%     0.02%  miniC2D  libc.so.6             [.] 0x00000000000a370b
     0.02%     0.00%  miniC2D  libc.so.6             [.] 0x00007f574b6b58ff
     0.02%     0.02%  miniC2D  libc.so.6             [.] 0x0000000000095190
     0.02%     0.00%  miniC2D  libc.so.6             [.] 0x00007f574b6b4190
     0.02%     0.00%  miniC2D  [heap]                [.] 0x00000000173c288f
     0.02%     0.02%  miniC2D  [kernel.kallsyms]     [k] native_irq_return_iret
     0.02%     0.02%  miniC2D  libc.so.6             [.] 0x0000000000098109
     0.02%     0.02%  miniC2D  [kernel.kallsyms]     [k] __irqentry_text_end
     0.02%     0.00%  miniC2D  miniC2D               [.] initialize_hdtree
     0.02%     0.00%  miniC2D  miniC2D               [.] fill_edges_etc
     0.02%     0.00%  miniC2D  [heap]                [.] 0x000000001737832f
     0.02%     0.00%  miniC2D  [heap]                [.] 0x00000000173b42ff
     0.02%     0.00%  miniC2D  [heap]                [.] 0x00000000173a918f
     0.02%     0.00%  miniC2D  [heap]                [.] 0x00000000173c0aef
     0.02%     0.00%  miniC2D  [heap]                [.] 0x0000000017396faf
     0.02%     0.00%  miniC2D  [heap]                [.] 0x00000000173c424f
     0.02%     0.00%  miniC2D  [heap]                [.] 0x00000000173887ff
     0.02%     0.00%  miniC2D  [heap]                [.] 0x000000001736ab5f
     0.02%     0.00%  miniC2D  [heap]                [.] 0x00000000172c8e4f
     0.02%     0.00%  miniC2D  [heap]                [.] 0x000000001737fa0f
     0.02%     0.00%  miniC2D  [heap]                [.] 0x00000000172c3faf
     0.02%     0.00%  miniC2D  [heap]                [.] 0x00000000173c66af
     0.02%     0.00%  miniC2D  [heap]                [.] 0x00000000172be0af
     0.02%     0.00%  miniC2D  [heap]                [.] 0x000000001738faef
     0.02%     0.00%  miniC2D  [heap]                [.] 0x0000000017371e7f
     0.02%     0.00%  miniC2D  [heap]                [.] 0x00000000173c375f
     0.02%     0.00%  miniC2D  [heap]                [.] 0x00000000173a916f
     0.02%     0.00%  miniC2D  [heap]                [.] 0x000000001739cadf
     0.02%     0.00%  miniC2D  [heap]                [.] 0x00000000172b09ff
     0.02%     0.00%  miniC2D  [heap]                [.] 0x000000001737feef
     0.02%     0.00%  miniC2D  [heap]                [.] 0x0000000017396f2f
     0.02%     0.00%  miniC2D  [stack]               [.] 0x00007fffd394a147
     0.02%     0.02%  miniC2D  libc.so.6             [.] 0x00000000000961c3
     0.02%     0.00%  miniC2D  libc.so.6             [.] 0x00007f574b6b51c3
     0.02%     0.00%  miniC2D  [heap]                [.] 0x000000001735becf
     0.02%     0.00%  miniC2D  [heap]                [.] 0x000000001735fb4f
     0.01%     0.00%  miniC2D  [heap]                [.] 0x000000001735fb6f
     0.01%     0.00%  miniC2D  [heap]                [.] 0x00000000172b760f
     0.01%     0.00%  miniC2D  [heap]                [.] 0x00000000173c5b0f
     0.01%     0.01%  miniC2D  [kernel.kallsyms]     [k] __update_load_avg_cfs_rq
     0.01%     0.00%  miniC2D  [kernel.kallsyms]     [k] run_timer_softirq
     0.01%     0.00%  miniC2D  [kernel.kallsyms]     [k] __run_timers
     0.01%     0.00%  miniC2D  [kernel.kallsyms]     [k] call_timer_fn
     0.01%     0.00%  miniC2D  [kernel.kallsyms]     [k] fq_flush_timeout
     0.01%     0.00%  miniC2D  [heap]                [.] 0x00000000173b429f
     0.01%     0.01%  miniC2D  [kernel.kallsyms]     [k] __cgroup_account_cputime_field
     0.01%     0.00%  miniC2D  [kernel.kallsyms]     [k] account_user_time
     0.01%     0.00%  miniC2D  [heap]                [.] 0x00000000173c5acf
     0.01%     0.00%  miniC2D  [heap]                [.] 0x00000000173c5a8f
     0.01%     0.00%  miniC2D  libc.so.6             [.] qsort_r
     0.01%     0.00%  miniC2D  miniC2D               [.] vset_duplicate
     0.01%     0.00%  miniC2D  miniC2D               [.] construct_var_map
     0.01%     0.01%  miniC2D  libc.so.6             [.] 0x0000000000097777
     0.01%     0.00%  miniC2D  libc.so.6             [.] 0x00007f574b6b6777
     0.01%     0.00%  miniC2D  [heap]                [.] 0x0000000017020d2f
     0.01%     0.00%  miniC2D  [stack]               [.] 0x00007fffd394a19f
     0.01%     0.01%  miniC2D  miniC2D               [.] add_watched_clause
     0.01%     0.00%  miniC2D  [heap]                [.] 0x00000000173bca4f
     0.01%     0.00%  miniC2D  [heap]                [.] 0x0000000017371caf
     0.01%     0.01%  miniC2D  [kernel.kallsyms]     [k] native_write_msr
     0.01%     0.00%  miniC2D  [heap]                [.] 0x000000001737bd8f
     0.01%     0.01%  miniC2D  libc.so.6             [.] 0x00000000000961bf
     0.01%     0.00%  miniC2D  libc.so.6             [.] 0x00007f574b6b51bf
     0.01%     0.00%  miniC2D  [heap]                [.] 0x000000001747b57f
     0.01%     0.00%  miniC2D  libc.so.6             [.] 0x00007f574b6c2700
     0.01%     0.00%  miniC2D  miniC2D               [.] Graph::addEdge
     0.01%     0.01%  miniC2D  libstdc++.so.6.0.30   [.] std::_Rb_tree_insert_and_rebalance
     0.01%     0.01%  miniC2D  libc.so.6             [.] 0x00000000000a3700
     0.01%     0.01%  miniC2D  libc.so.6             [.] 0x000000000009744c
     0.01%     0.00%  miniC2D  libc.so.6             [.] 0x00007f574b6b644c
     0.01%     0.00%  miniC2D  ld-linux-x86-64.so.2  [.] 0x00007f574bb3bd68
     0.01%     0.01%  miniC2D  libc.so.6             [.] 0x00000000000961e0
     0.01%     0.00%  miniC2D  libc.so.6             [.] 0x00007f574b6b51e0
     0.01%     0.00%  miniC2D  [heap]                [.] 0x00000000173be19f
     0.01%     0.00%  miniC2D  miniC2D               [.] balanced_compose_hdtrees
     0.01%     0.00%  miniC2D  [heap]                [.] 0x000000001749676f
     0.01%     0.01%  miniC2D  miniC2D               [.] sat_is_marked_clause
     0.01%     0.00%  miniC2D  [stack]               [.] 0x00007fffd394ac8f
     0.01%     0.00%  miniC2D  miniC2D               [.] initialize_sat_state
     0.01%     0.01%  miniC2D  libstdc++.so.6.0.30   [.] std::_Rb_tree_rebalance_for_erase
     0.01%     0.00%  miniC2D  [heap]                [.] 0x000000001738faaf
     0.01%     0.00%  miniC2D  [heap]                [.] 0x00000000172cb82f
     0.01%     0.00%  miniC2D  [heap]                [.] 0x000000001738fb0f
     0.01%     0.00%  miniC2D  miniC2D               [.] Graph::Graph
     0.01%     0.00%  miniC2D  [heap]                [.] 0x00000000173821cf
     0.01%     0.00%  miniC2D  [heap]                [.] 0x000000001739aa0f
     0.01%     0.00%  miniC2D  [heap]                [.] 0x000000001739b9cf
     0.01%     0.00%  miniC2D  [heap]                [.] 0x00000000173a5adf
     0.01%     0.00%  miniC2D  [heap]                [.] 0x00000000173d7b0f
     0.01%     0.00%  miniC2D  [heap]                [.] 0x000000001739e4af
     0.01%     0.00%  miniC2D  [heap]                [.] 0x00000000172bb95f
     0.01%     0.00%  miniC2D  [heap]                [.] 0x0000000017366aff
     0.01%     0.00%  miniC2D  [heap]                [.] 0x00000000173bc40f
     0.01%     0.01%  miniC2D  libc.so.6             [.] 0x0000000000097af6
     0.01%     0.00%  miniC2D  libc.so.6             [.] 0x00007f574b6b6af6
     0.01%     0.00%  miniC2D  [heap]                [.] 0x00000000173a928f
     0.01%     0.00%  miniC2D  [heap]                [.] 0x0000000017352d4f
     0.01%     0.01%  miniC2D  libc.so.6             [.] 0x0000000000096131
     0.01%     0.00%  miniC2D  libc.so.6             [.] 0x00007f574b6b5131
     0.01%     0.01%  miniC2D  libc.so.6             [.] 0x0000000000094990
     0.01%     0.00%  miniC2D  libc.so.6             [.] 0x00007f574b6b709c
     0.01%     0.00%  miniC2D  libc.so.6             [.] 0x00007f574b6b3990
     0.01%     0.00%  miniC2D  [heap]                [.] 0x000000001739713f
     0.01%     0.00%  miniC2D  [heap]                [.] 0x00000000173c315f
     0.01%     0.00%  miniC2D  [heap]                [.] 0x00000000170962b7
     0.01%     0.00%  miniC2D  [heap]                [.] 0x00000000172b3dcf
     0.01%     0.01%  miniC2D  libc.so.6             [.] 0x0000000000096284
     0.01%     0.00%  miniC2D  libc.so.6             [.] 0x00007f574b6b5284
     0.01%     0.01%  miniC2D  miniC2D               [.] vtree_is_shannon_node
     0.01%     0.00%  miniC2D  [heap]                [.] 0x0000000017396f4f
     0.01%     0.00%  miniC2D  [heap]                [.] 0x00000000173936bf
     0.01%     0.00%  miniC2D  [heap]                [.] 0x00000000173c4e4f
     0.01%     0.01%  miniC2D  libc.so.6             [.] 0x0000000000096126
     0.01%     0.00%  miniC2D  [heap]                [.] 0x000000001739abbf
     0.01%     0.00%  miniC2D  libc.so.6             [.] 0x00007f574b6b5126
     0.01%     0.00%  miniC2D  [heap]                [.] 0x0000000017357fef
     0.01%     0.01%  miniC2D  [kernel.kallsyms]     [k] native_read_msr
     0.01%     0.00%  miniC2D  [kernel.kallsyms]     [k] arch_scale_freq_tick
     0.01%     0.01%  miniC2D  libc.so.6             [.] 0x0000000000097385
     0.01%     0.00%  miniC2D  libc.so.6             [.] 0x00007f574b6b6385
     0.01%     0.01%  miniC2D  libc.so.6             [.] 0x00000000000973ed
     0.01%     0.00%  miniC2D  libc.so.6             [.] 0x00007f574b6b63ed
     0.01%     0.00%  miniC2D  [heap]                [.] 0x000000001736abbf
     0.01%     0.00%  miniC2D  [heap]                [.] 0x00000000173d360f
     0.01%     0.00%  miniC2D  [heap]                [.] 0x000000001736012f
     0.01%     0.01%  miniC2D  libc.so.6             [.] 0x0000000000097793
     0.01%     0.00%  miniC2D  libc.so.6             [.] 0x00007f574b6b6793
     0.01%     0.00%  miniC2D  [heap]                [.] 0x00000000173acc6f
     0.01%     0.00%  miniC2D  [kernel.kallsyms]     [k] timerqueue_del
     0.01%     0.00%  miniC2D  [heap]                [.] 0x00000000170964ff
     0.01%     0.00%  miniC2D  [heap]                [.] 0x000000001746029f
     0.01%     0.00%  miniC2D  [heap]                [.] 0x000000001709639f
     0.01%     0.00%  miniC2D  [heap]                [.] 0x000000001709617f
     0.01%     0.00%  miniC2D  [stack]               [.] 0x00007fffd394a207
     0.01%     0.00%  miniC2D  [heap]                [.] 0x000000001740193f
     0.01%     0.00%  miniC2D  miniC2D               [.] save_nnf_manager_to_file
     0.01%     0.00%  miniC2D  miniC2D               [.] save_nnf_nodes
     0.01%     0.00%  miniC2D  libc.so.6             [.] _IO_fprintf (inlined)
     0.01%     0.00%  miniC2D  [kernel.kallsyms]     [k] clockevents_program_event
     0.01%     0.00%  miniC2D  [kernel.kallsyms]     [k] lapic_next_deadline
     0.01%     0.00%  miniC2D  [heap]                [.] 0x0000000017096387
     0.01%     0.00%  miniC2D  [stack]               [.] 0x00007fffd394a077
     0.01%     0.01%  miniC2D  libc.so.6             [.] 0x00000000000973f1
     0.01%     0.00%  miniC2D  libc.so.6             [.] 0x00007f574b6b63f1
     0.01%     0.00%  miniC2D  [heap]                [.] 0x000000001738871f
     0.01%     0.00%  miniC2D  [heap]                [.] 0x0000000017095fcf
     0.01%     0.00%  miniC2D  [heap]                [.] 0x00000000173ad03f
     0.01%     0.00%  miniC2D  [heap]                [.] 0x00000000172e6aef
     0.01%     0.01%  miniC2D  [kernel.kallsyms]     [k] ktime_get_update_offsets_now
     0.01%     0.00%  miniC2D  [heap]                [.] 0x00000000173b435f
     0.01%     0.00%  miniC2D  [kernel.kallsyms]     [k] lock_mm_and_find_vma
     0.01%     0.00%  miniC2D  miniC2D               [.] cnf2hgr_primal
     0.01%     0.00%  miniC2D  miniC2D               [.] declare_in_hgr
     0.01%     0.01%  miniC2D  [kernel.kallsyms]     [k] __mod_lruvec_page_state
     0.01%     0.00%  miniC2D  [kernel.kallsyms]     [k] page_add_new_anon_rmap
     0.01%     0.01%  miniC2D  libc.so.6             [.] 0x00000000000973bc
     0.01%     0.00%  miniC2D  libc.so.6             [.] 0x00007f574b6b63bc
     0.01%     0.00%  miniC2D  [heap]                [.] 0x00000000172a7c6f
     0.01%     0.00%  miniC2D  [heap]                [.] 0x00000000173dc01f
     0.01%     0.00%  miniC2D  [heap]                [.] 0x00000000172e41af
     0.01%     0.01%  miniC2D  miniC2D               [.] free@plt
     0.01%     0.00%  miniC2D  [heap]                [.] 0x00000000170963ef
     0.01%     0.00%  miniC2D  [heap]                [.] 0x00000000170964b7
     0.01%     0.01%  miniC2D  libc.so.6             [.] 0x00000000000a3718
     0.01%     0.00%  miniC2D  libc.so.6             [.] 0x00007f574b6c2718
     0.01%     0.00%  miniC2D  [heap]                [.] 0x0000000016fe6fcf
     0.01%     0.00%  miniC2D  [stack]               [.] 0x00007fffd394a2df
     0.01%     0.00%  miniC2D  [kernel.kallsyms]     [k] perf_event_mmap
     0.01%     0.00%  miniC2D  [heap]                [.] 0x00000000173c428f
     0.01%     0.00%  miniC2D  [kernel.kallsyms]     [k] tlb_finish_mmu
     0.01%     0.00%  miniC2D  [kernel.kallsyms]     [k] tlb_batch_pages_flush
     0.01%     0.00%  miniC2D  [kernel.kallsyms]     [k] release_pages
     0.01%     0.00%  miniC2D  [heap]                [.] 0x00000000173a926f
     0.01%     0.00%  miniC2D  [heap]                [.] 0x00000000170210af
     0.01%     0.00%  miniC2D  [heap]                [.] 0x00000000170964f7
     0.01%     0.00%  miniC2D  [stack]               [.] 0x00007fffd394a4df
     0.01%     0.00%  miniC2D  [heap]                [.] 0x00000000173cab2f
     0.01%     0.00%  miniC2D  anon                  [.] 0x00007f574babde2f
     0.01%     0.00%  miniC2D  [heap]                [.] 0x00000000170963e7
     0.01%     0.00%  miniC2D  [kernel.kallsyms]     [k] __x64_sys_exit_group
     0.01%     0.00%  miniC2D  [kernel.kallsyms]     [k] do_group_exit
     0.01%     0.00%  miniC2D  [kernel.kallsyms]     [k] do_exit
     0.01%     0.00%  miniC2D  [kernel.kallsyms]     [k] __mmput
     0.01%     0.00%  miniC2D  [kernel.kallsyms]     [k] exit_mmap
     0.01%     0.00%  miniC2D  [heap]                [.] 0x0000000017096567
     0.01%     0.00%  miniC2D  [heap]                [.] 0x0000000017096777
     0.01%     0.00%  miniC2D  [stack]               [.] 0x00007fffd394a13f
     0.01%     0.00%  miniC2D  [heap]                [.] 0x00000000174a48bf
     0.01%     0.00%  miniC2D  [heap]                [.] 0x000000001747490f
     0.01%     0.00%  miniC2D  miniC2D               [.] eset_intersection
     0.01%     0.01%  miniC2D  miniC2D               [.] mark_eset
     0.01%     0.00%  miniC2D  [heap]                [.] 0x00000000173811af
     0.01%     0.00%  miniC2D  [heap]                [.] 0x0000000017352d8f
     0.01%     0.01%  miniC2D  libc.so.6             [.] 0x0000000000096178
     0.01%     0.00%  miniC2D  libc.so.6             [.] 0x00007f574b6b5178
     0.01%     0.00%  miniC2D  [heap]                [.] 0x00000000172e414f
     0.01%     0.00%  miniC2D  [heap]                [.] 0x000000001737d2ef
     0.01%     0.00%  miniC2D  libc.so.6             [.] 0x00007f574b6b6e8c
     0.01%     0.00%  miniC2D  [unknown]             [.] 0x00000000000004a9
     0.01%     0.01%  miniC2D  libc.so.6             [.] 0x0000000000097cd5
     0.01%     0.00%  miniC2D  libc.so.6             [.] 0x00007f574b6b6cd5
     0.01%     0.01%  miniC2D  libc.so.6             [.] 0x000000000009614c
     0.01%     0.00%  miniC2D  libc.so.6             [.] 0x00007f574b6b514c
     0.01%     0.01%  miniC2D  libc.so.6             [.] 0x0000000000097ce0
     0.01%     0.00%  miniC2D  libc.so.6             [.] 0x00007f574b6b6ce0
     0.01%     0.01%  miniC2D  miniC2D               [.] min2
     0.01%     0.01%  miniC2D  [kernel.kallsyms]     [k] try_charge_memcg
     0.01%     0.00%  miniC2D  [kernel.kallsyms]     [k] __mem_cgroup_charge
     0.01%     0.00%  miniC2D  [kernel.kallsyms]     [k] charge_memcg
     0.01%     0.00%  miniC2D  [heap]                [.] 0x00000000173c2baf
     0.01%     0.00%  miniC2D  [kernel.kallsyms]     [k] do_mas_align_munmap
     0.01%     0.00%  miniC2D  [heap]                [.] 0x0000000017496a7f
     0.01%     0.00%  miniC2D  [unknown]             [.] 0x0000000000000007
     0.01%     0.00%  miniC2D  miniC2D               [.] cset_minus
     0.01%     0.00%  miniC2D  ld-linux-x86-64.so.2  [.] 0x00007f574bb2c410
     0.01%     0.00%  miniC2D  ld-linux-x86-64.so.2  [.] 0x00007f574bb27a47
     0.01%     0.00%  miniC2D  miniC2D               [.] read_line
     0.01%     0.00%  miniC2D  libc.so.6             [.] fgets (inlined)
     0.01%     0.00%  miniC2D  miniC2D               [.] minFillScore
     0.01%     0.00%  miniC2D  miniC2D               [.] Graph::getNeighbors
     0.01%     0.00%  miniC2D  miniC2D               [.] std::_Rb_tree<int, int, std::_Identity<int>, std::less<int>, std::allocator<int> >::_M_copy
     0.01%     0.01%  miniC2D  miniC2D               [.] std::_Rb_tree_increment@plt
     0.01%     0.00%  miniC2D  miniC2D               [.] construct_cnf_clauses
     0.01%     0.00%  miniC2D  miniC2D               [.] initialize_clause
     0.01%     0.01%  miniC2D  libc.so.6             [.] 0x00000000000973b0
     0.01%     0.00%  miniC2D  libc.so.6             [.] 0x00007f574b6b63b0
     0.01%     0.01%  miniC2D  miniC2D               [.] unmark_eset
     0.01%     0.00%  miniC2D  [kernel.kallsyms]     [k] __split_vma
     0.01%     0.00%  miniC2D  ld-linux-x86-64.so.2  [.] 0x00007f574bb3ba49
     0.01%     0.00%  miniC2D  ld-linux-x86-64.so.2  [.] 0x00007f574bb205c9
     0.01%     0.00%  miniC2D  ld-linux-x86-64.so.2  [.] _dl_catch_exception
     0.01%     0.00%  miniC2D  ld-linux-x86-64.so.2  [.] 0x00007f574bb20260
     0.01%     0.00%  miniC2D  ld-linux-x86-64.so.2  [.] 0x00007f574bb26074
     0.01%     0.00%  miniC2D  [kernel.kallsyms]     [k] mt_find
     0.01%     0.01%  miniC2D  libc.so.6             [.] 0x00000000000951cb
     0.01%     0.00%  miniC2D  libc.so.6             [.] 0x00007f574b6b41cb
     0.01%     0.00%  miniC2D  [heap]                [.] 0x00000000173ace6f
     0.01%     0.00%  miniC2D  [heap]                [.] 0x000000001738c0ef
     0.01%     0.00%  miniC2D  [heap]                [.] 0x00000000172ae31f
     0.01%     0.00%  miniC2D  [heap]                [.] 0x0000000017466c7f
     0.01%     0.00%  miniC2D  [heap]                [.] 0x00000000173c2bcf
     0.01%     0.00%  miniC2D  [heap]                [.] 0x000000001734492f
     0.01%     0.00%  miniC2D  [heap]                [.] 0x00000000172d17ef
     0.01%     0.01%  miniC2D  libc.so.6             [.] 0x00000000000950d5
     0.01%     0.00%  miniC2D  [heap]                [.] 0x000000001739c7df
     0.01%     0.00%  miniC2D  libc.so.6             [.] 0x00007f574b6b40d5
     0.01%     0.00%  miniC2D  [heap]                [.] 0x0000000017285b6f
     0.01%     0.00%  miniC2D  [heap]                [.] 0x00000000173bec8f
     0.01%     0.00%  miniC2D  [heap]                [.] 0x00000000172ce23f
     0.01%     0.00%  miniC2D  [heap]                [.] 0x00000000172cfadf
     0.01%     0.00%  miniC2D  [heap]                [.] 0x00000000172ee0bf
     0.01%     0.00%  miniC2D  [heap]                [.] 0x0000000017344c8f
     0.01%     0.00%  miniC2D  [heap]                [.] 0x00000000172ae35f
     0.01%     0.01%  miniC2D  libc.so.6             [.] 0x0000000000096287
     0.01%     0.00%  miniC2D  libc.so.6             [.] 0x00007f574b6b5287
     0.01%     0.00%  miniC2D  [heap]                [.] 0x000000001746dacf
     0.01%     0.01%  miniC2D  libc.so.6             [.] 0x0000000000097abf
     0.01%     0.00%  miniC2D  libc.so.6             [.] 0x00007f574b6b6abf
     0.01%     0.01%  miniC2D  libc.so.6             [.] 0x000000000009760e
     0.01%     0.00%  miniC2D  libc.so.6             [.] 0x00007f574b6b660e
     0.01%     0.00%  miniC2D  [heap]                [.] 0x0000000017336f3f
     0.01%     0.00%  miniC2D  [heap]                [.] 0x000000001736eadf
     0.01%     0.01%  miniC2D  libc.so.6             [.] 0x0000000000097cc0
     0.01%     0.00%  miniC2D  libc.so.6             [.] 0x00007f574b6b6cc0
     0.01%     0.00%  miniC2D  [heap]                [.] 0x00000000172a564f
     0.01%     0.00%  miniC2D  [heap]                [.] 0x00000000172a2b6f
     0.01%     0.00%  miniC2D  [heap]                [.] 0x00000000173a91cf
     0.01%     0.01%  miniC2D  libc.so.6             [.] 0x0000000000096122
     0.01%     0.00%  miniC2D  libc.so.6             [.] 0x00007f574b6b5122
     0.01%     0.00%  miniC2D  [heap]                [.] 0x00000000173caaef
     0.01%     0.00%  miniC2D  [heap]                [.] 0x000000001730bd57
     0.01%     0.00%  miniC2D  [heap]                [.] 0x00000000173c5a6f
     0.01%     0.01%  miniC2D  libc.so.6             [.] 0x0000000000097688
     0.01%     0.00%  miniC2D  libc.so.6             [.] 0x00007f574b6b6688
     0.01%     0.00%  miniC2D  [heap]                [.] 0x00000000174a630f
     0.01%     0.00%  miniC2D  [heap]                [.] 0x00000000173b6baf
     0.01%     0.00%  miniC2D  [heap]                [.] 0x000000001733b0df
     0.01%     0.01%  miniC2D  libc.so.6             [.] 0x00000000000983b0
     0.01%     0.00%  miniC2D  libc.so.6             [.] 0x00007f574b6b73b0
     0.01%     0.01%  miniC2D  libc.so.6             [.] 0x0000000000097662
     0.01%     0.00%  miniC2D  libc.so.6             [.] 0x00007f574b6b6662
     0.01%     0.00%  miniC2D  [heap]                [.] 0x00000000173bf9ff
     0.01%     0.00%  miniC2D  [heap]                [.] 0x00000000173ed77f
     0.01%     0.00%  miniC2D  [heap]                [.] 0x00000000173b61af
     0.01%     0.01%  miniC2D  libc.so.6             [.] 0x0000000000098386
     0.01%     0.00%  miniC2D  libc.so.6             [.] 0x00007f574b6b7386
     0.01%     0.00%  miniC2D  [heap]                [.] 0x000000001733fcef
     0.01%     0.01%  miniC2D  libc.so.6             [.] 0x0000000000096244
     0.01%     0.00%  miniC2D  libc.so.6             [.] 0x00007f574b6b5244
     0.01%     0.00%  miniC2D  [heap]                [.] 0x000000001738869f
     0.01%     0.00%  miniC2D  [heap]                [.] 0x00000000173c67cf
     0.01%     0.00%  miniC2D  [heap]                [.] 0x000000001738c21f
     0.01%     0.01%  miniC2D  libc.so.6             [.] 0x0000000000097bac
     0.01%     0.00%  miniC2D  libc.so.6             [.] 0x00007f574b6b6bac
     0.01%     0.00%  miniC2D  [heap]                [.] 0x00000000173c25ff
     0.01%     0.00%  miniC2D  [heap]                [.] 0x000000001738f92f
     0.01%     0.00%  miniC2D  [heap]                [.] 0x000000001739aa2f
     0.01%     0.01%  miniC2D  libc.so.6             [.] 0x00000000000983ed
     0.01%     0.00%  miniC2D  libc.so.6             [.] 0x00007f574b7f1c5f
     0.01%     0.00%  miniC2D  libc.so.6             [.] 0x00007f574b6b73ed
     0.01%     0.00%  miniC2D  [heap]                [.] 0x000000001738fc3f
     0.01%     0.00%  miniC2D  [heap]                [.] 0x000000001738020f
     0.01%     0.00%  miniC2D  [heap]                [.] 0x0000000017096327
     0.01%     0.01%  miniC2D  libc.so.6             [.] 0x0000000000097405
     0.01%     0.00%  miniC2D  libc.so.6             [.] 0x00007f574b6b6405
     0.01%     0.00%  miniC2D  [heap]                [.] 0x00000000173b0a6f
     0.01%     0.01%  miniC2D  libc.so.6             [.] 0x0000000000097410
     0.01%     0.00%  miniC2D  libc.so.6             [.] 0x00007f574b6b6410
     0.01%     0.00%  miniC2D  [heap]                [.] 0x00000000173812ff
     0.01%     0.00%  miniC2D  [heap]                [.] 0x000000001739e48f
     0.01%     0.00%  miniC2D  [heap]                [.] 0x00000000172d193f
     0.01%     0.00%  miniC2D  [heap]                [.] 0x00000000173ba5bf
     0.01%     0.00%  miniC2D  [heap]                [.] 0x00000000174370b7
     0.01%     0.01%  miniC2D  miniC2D               [.] calloc@plt
     0.01%     0.00%  miniC2D  [heap]                [.] 0x000000001734b87f
     0.01%     0.00%  miniC2D  [heap]                [.] 0x0000000017096407
     0.01%     0.01%  miniC2D  libc.so.6             [.] @plt
     0.01%     0.00%  miniC2D  [heap]                [.] 0x000000001737861f
     0.01%     0.01%  miniC2D  [kernel.kallsyms]     [k] rb_erase
     0.01%     0.00%  miniC2D  [heap]                [.] 0x0000000017350f7f
     0.01%     0.00%  miniC2D  [heap]                [.] 0x000000001736b81f
     0.01%     0.00%  miniC2D  [heap]                [.] 0x000000001747b2ef
     0.01%     0.00%  miniC2D  [heap]                [.] 0x00000000173fad9f
     0.01%     0.00%  miniC2D  [heap]                [.] 0x00000000173a924f
     0.01%     0.00%  miniC2D  [heap]                [.] 0x0000000017382d8f
     0.01%     0.00%  miniC2D  [heap]                [.] 0x000000001730c0ef
     0.01%     0.01%  miniC2D  libc.so.6             [.] 0x0000000000097b05
     0.01%     0.00%  miniC2D  libc.so.6             [.] 0x00007f574b6b6b05
     0.01%     0.01%  miniC2D  libc.so.6             [.] 0x00000000000a3640
     0.01%     0.00%  miniC2D  libc.so.6             [.] 0x00007f574b6c2640
     0.01%     0.00%  miniC2D  [heap]                [.] 0x00000000172c8e6f
     0.01%     0.00%  miniC2D  [heap]                [.] 0x000000001739a9af
     0.01%     0.01%  miniC2D  libc.so.6             [.] 0x000000000009612c
     0.01%     0.00%  miniC2D  [heap]                [.] 0x000000001745b7bf
     0.01%     0.00%  miniC2D  libc.so.6             [.] 0x00007f574b6b512c
     0.01%     0.01%  miniC2D  libc.so.6             [.] 0x000000000009522d
     0.01%     0.00%  miniC2D  libc.so.6             [.] 0x00007f574b6b422d
     0.01%     0.00%  miniC2D  [heap]                [.] 0x000000001709653f
     0.01%     0.00%  miniC2D  [heap]                [.] 0x00000000173b42bf
     0.01%     0.00%  miniC2D  [heap]                [.] 0x00000000170b75cf
     0.01%     0.01%  miniC2D  libc.so.6             [.] 0x0000000000097432
     0.01%     0.00%  miniC2D  libc.so.6             [.] 0x00007f574b6b6432
     0.01%     0.00%  miniC2D  [heap]                [.] 0x000000001735bf0f
     0.01%     0.01%  miniC2D  libc.so.6             [.] 0x0000000000097692
     0.01%     0.00%  miniC2D  libc.so.6             [.] 0x00007f574b6b6692
     0.01%     0.00%  miniC2D  [heap]                [.] 0x0000000017488eef
     0.01%     0.01%  miniC2D  libc.so.6             [.] 0x000000000009612b
     0.01%     0.00%  miniC2D  [heap]                [.] 0x000000001737f6ef
     0.01%     0.00%  miniC2D  libc.so.6             [.] 0x00007f574b6b512b
     0.01%     0.01%  miniC2D  libc.so.6             [.] 0x0000000000097ac6
     0.01%     0.00%  miniC2D  libc.so.6             [.] 0x00007f574b6b6ac6
     0.01%     0.00%  miniC2D  [heap]                [.] 0x00000000170963a7
     0.01%     0.00%  miniC2D  [unknown]             [.] 0x000000000000000e
     0.01%     0.01%  miniC2D  libc.so.6             [.] 0x00000000000961a1
     0.01%     0.00%  miniC2D  libc.so.6             [.] 0x00007f574b6b51a1
     0.01%     0.00%  miniC2D  [heap]                [.] 0x00000000172c5277
     0.01%     0.00%  miniC2D  [heap]                [.] 0x00000000173b974f
     0.01%     0.00%  miniC2D  [heap]                [.] 0x00000000170962ef
     0.01%     0.01%  miniC2D  miniC2D               [.] sat_clause_size
     0.01%     0.00%  miniC2D  [heap]                [.] 0x000000001746612f
     0.01%     0.00%  miniC2D  [heap]                [.] 0x0000000017380c6f
     0.01%     0.00%  miniC2D  [unknown]             [.] 0x0000000000000032
     0.01%     0.01%  miniC2D  [kernel.kallsyms]     [k] security_mmap_addr
     0.01%     0.00%  miniC2D  [kernel.kallsyms]     [k] check_brk_limits
     0.01%     0.00%  miniC2D  [kernel.kallsyms]     [k] get_unmapped_area
     0.01%     0.00%  miniC2D  [heap]                [.] 0x000000001739e63f
     0.01%     0.01%  miniC2D  libc.so.6             [.] 0x0000000000096196
     0.01%     0.00%  miniC2D  libc.so.6             [.] 0x00007f574b6b5196
     0.01%     0.00%  miniC2D  [heap]                [.] 0x000000001732c80f
     0.01%     0.01%  miniC2D  libc.so.6             [.] 0x0000000000097369
     0.01%     0.00%  miniC2D  [heap]                [.] 0x000000001739abb7
     0.01%     0.00%  miniC2D  libc.so.6             [.] 0x00007f574b6b6369
     0.01%     0.00%  miniC2D  [heap]                [.] 0x000000001738322f
     0.01%     0.00%  miniC2D  [heap]                [.] 0x00000000172cd9ff
     0.01%     0.00%  miniC2D  [heap]                [.] 0x00000000173a58cf
     0.01%     0.00%  miniC2D  libc.so.6             [.] 0x00007f574b646250
     0.01%     0.00%  miniC2D  libc.so.6             [.] exit
     0.01%     0.00%  miniC2D  libc.so.6             [.] 0x00007f574b65d55c
     0.01%     0.00%  miniC2D  libstdc++.so.6.0.30   [.] std::ios_base::Init::~Init
     0.01%     0.00%  miniC2D  libstdc++.so.6.0.30   [.] std::basic_ostream<wchar_t, std::char_traits<wchar_t> >::flush
     0.01%     0.00%  miniC2D  libc.so.6             [.] 0x00007f574b6b592c
     0.01%     0.00%  miniC2D  libc.so.6             [.] 0x00007f574b6b50e3
     0.01%     0.00%  miniC2D  [kernel.kallsyms]     [k] unmap_region
     0.01%     0.00%  miniC2D  [kernel.kallsyms]     [k] __mod_memcg_lruvec_state
     0.01%     0.01%  miniC2D  libc.so.6             [.] 0x0000000000097ce6
     0.01%     0.00%  miniC2D  libc.so.6             [.] 0x00007f574b6b6ce6
     0.01%     0.01%  miniC2D  libc.so.6             [.] 0x0000000000096228
     0.01%     0.00%  miniC2D  libc.so.6             [.] 0x00007f574b6b5228
     0.01%     0.00%  miniC2D  [heap]                [.] 0x00000000173a922f
     0.01%     0.00%  miniC2D  [heap]                [.] 0x00000000172b5cef
     0.00%     0.00%  miniC2D  [stack]               [.] 0x00007fffd394a07f
     0.00%     0.00%  miniC2D  [heap]                [.] 0x0000000017096577
     0.00%     0.00%  miniC2D  miniC2D               [.] free_hgr
     0.00%     0.00%  miniC2D  [unknown]             [.] 0x0000000000000006
     0.00%     0.00%  miniC2D  [heap]                [.] 0x000000001709647f
     0.00%     0.00%  miniC2D  libc.so.6             [.] 0x0000000000096172
     0.00%     0.00%  miniC2D  libc.so.6             [.] 0x00007f574b6b5172
     0.00%     0.00%  miniC2D  [heap]                [.] 0x000000001732d99f
     0.00%     0.00%  miniC2D  libc.so.6             [.] 0x00000000000965c6
     0.00%     0.00%  miniC2D  libc.so.6             [.] 0x00007f574b6b55c6
     0.00%     0.00%  miniC2D  libc.so.6             [.] 0x00000000000a2fbf
     0.00%     0.00%  miniC2D  miniC2D               [.] vset_adjoin
     0.00%     0.00%  miniC2D  libc.so.6             [.] 0x00007f574b6b7461
     0.00%     0.00%  miniC2D  libc.so.6             [.] 0x00007f574b6c1fbf
     0.00%     0.00%  miniC2D  [heap]                [.] 0x0000000017354dbf
     0.00%     0.00%  miniC2D  [kernel.kallsyms]     [k] blk_cgroup_congested
     0.00%     0.00%  miniC2D  libc.so.6             [.] 0x00000000000961b9
     0.00%     0.00%  miniC2D  [kernel.kallsyms]     [k] __cgroup_throttle_swaprate
     0.00%     0.00%  miniC2D  libc.so.6             [.] 0x00007f574b6b51b9
     0.00%     0.00%  miniC2D  [heap]                [.] 0x0000000017361fff
     0.00%     0.00%  miniC2D  [kernel.kallsyms]     [k] ttwu_queue_wakelist
     0.00%     0.00%  miniC2D  [kernel.kallsyms]     [k] rcu_core
     0.00%     0.00%  miniC2D  [kernel.kallsyms]     [k] swake_up_one
     0.00%     0.00%  miniC2D  [kernel.kallsyms]     [k] try_to_wake_up
     0.00%     0.00%  miniC2D  [heap]                [.] 0x00000000172bd5df
     0.00%     0.00%  miniC2D  [heap]                [.] 0x000000001733b09f
     0.00%     0.00%  miniC2D  libc.so.6             [.] 0x000000000009622d
     0.00%     0.00%  miniC2D  libc.so.6             [.] 0x00007f574b6b522d
     0.00%     0.00%  miniC2D  [unknown]             [.] 0x000000000000000c
     0.00%     0.00%  miniC2D  [heap]                [.] 0x000000001737fe6f
     0.00%     0.00%  miniC2D  [heap]                [.] 0x000000001702062f
     0.00%     0.00%  miniC2D  [kernel.kallsyms]     [k] perf_event_task_tick
     0.00%     0.00%  miniC2D  [kernel.kallsyms]     [k] update_cfs_group
     0.00%     0.00%  miniC2D  [heap]                [.] 0x0000000017382def
     0.00%     0.00%  miniC2D  [heap]                [.] 0x00000000173a205f
     0.00%     0.00%  miniC2D  libc.so.6             [.] 0x0000000000051aab
     0.00%     0.00%  miniC2D  libc.so.6             [.] 0x00007f574b67be58
     0.00%     0.00%  miniC2D  libc.so.6             [.] 0x00007f574b670aab
     0.00%     0.00%  miniC2D  libc.so.6             [.] 0x0000000000097947
     0.00%     0.00%  miniC2D  libc.so.6             [.] 0x00007f574b6b6947
     0.00%     0.00%  miniC2D  anon                  [.] 0x00007f574baec1af
     0.00%     0.00%  miniC2D  [unknown]             [.] 0x0000000000000014
     0.00%     0.00%  miniC2D  [heap]                [.] 0x0000000017357e6f
     0.00%     0.00%  miniC2D  [heap]                [.] 0x0000000017095d1f
     0.00%     0.00%  miniC2D  [kernel.kallsyms]     [k] pmd_page_vaddr
     0.00%     0.00%  miniC2D  [heap]                [.] 0x00000000173579bf
     0.00%     0.00%  miniC2D  [heap]                [.] 0x000000001737b32f
     0.00%     0.00%  miniC2D  [heap]                [.] 0x00000000172da5bf
     0.00%     0.00%  miniC2D  libc.so.6             [.] 0x00000000000975d8
     0.00%     0.00%  miniC2D  libc.so.6             [.] 0x00007f574b6b65d8
     0.00%     0.00%  miniC2D  libc.so.6             [.] 0x000000000003f962
     0.00%     0.00%  miniC2D  libc.so.6             [.] 0x00007f574b65e962
     0.00%     0.00%  miniC2D  libc.so.6             [.] 0x0000000000095189
     0.00%     0.00%  miniC2D  [heap]                [.] 0x00000000173a923f
     0.00%     0.00%  miniC2D  libc.so.6             [.] 0x00007f574b6b4189
     0.00%     0.00%  miniC2D  libc.so.6             [.] 0x0000000000097ab8
     0.00%     0.00%  miniC2D  libc.so.6             [.] 0x00007f574b6b6ab8
     0.00%     0.00%  miniC2D  [heap]                [.] 0x00000000173602bf
     0.00%     0.00%  miniC2D  miniC2D               [.] vtree_is_leaf
     0.00%     0.00%  miniC2D  [stack]               [.] 0x00007fffd394a137
     0.00%     0.00%  miniC2D  [heap]                [.] 0x00000000173886df
     0.00%     0.00%  miniC2D  miniC2D               [.] literal2nnf_node
     0.00%     0.00%  miniC2D  [heap]                [.] 0x000000001709634f
     0.00%     0.00%  miniC2D  [heap]                [.] 0x000000001732cf4f
     0.00%     0.00%  miniC2D  [kernel.kallsyms]     [k] sugov_update_single_freq
     0.00%     0.00%  miniC2D  [kernel.kallsyms]     [k] lru_add_fn
     0.00%     0.00%  miniC2D  [kernel.kallsyms]     [k] folio_add_lru
     0.00%     0.00%  miniC2D  [kernel.kallsyms]     [k] folio_batch_move_lru
     0.00%     0.00%  miniC2D  [heap]                [.] 0x0000000017304d1f
     0.00%     0.00%  miniC2D  [heap]                [.] 0x00000000172aff8f
     0.00%     0.00%  miniC2D  [heap]                [.] 0x000000001709660f
     0.00%     0.00%  miniC2D  [heap]                [.] 0x000000001727ddbf
     0.00%     0.00%  miniC2D  miniC2D               [.] sat_assert_unit_clauses
     0.00%     0.00%  miniC2D  libc.so.6             [.] 0x000000000009737d
     0.00%     0.00%  miniC2D  [unknown]             [.] 0x0000000000000004
     0.00%     0.00%  miniC2D  libc.so.6             [.] 0x00007f574b6b637d
     0.00%     0.00%  miniC2D  [kernel.kallsyms]     [k] find_vma
     0.00%     0.00%  miniC2D  libc.so.6             [.] _IO_file_xsputn
     0.00%     0.00%  miniC2D  libc.so.6             [.] 0x00007f574b67b50d
     0.00%     0.00%  miniC2D  libc.so.6             [.] 0x0000000000098349
     0.00%     0.00%  miniC2D  [unknown]             [.] 0x000000000000001f
     0.00%     0.00%  miniC2D  libc.so.6             [.] 0x00007f574b6b7349
     0.00%     0.00%  miniC2D  [heap]                [.] 0x00000000173aceaf
     0.00%     0.00%  miniC2D  [heap]                [.] 0x00000000173423df
     0.00%     0.00%  miniC2D  [heap]                [.] 0x00000000170963ff
     0.00%     0.00%  miniC2D  [unknown]             [.] 0x0000000000000041
     0.00%     0.00%  miniC2D  libc.so.6             [.] 0x00000000000952a0
     0.00%     0.00%  miniC2D  libc.so.6             [.] 0x00007f574b6b42a0
     0.00%     0.00%  miniC2D  [heap]                [.] 0x0000000017137e9f
     0.00%     0.00%  miniC2D  [heap]                [.] 0x0000000017300a1f
     0.00%     0.00%  miniC2D  [heap]                [.] 0x00000000170962af
     0.00%     0.00%  miniC2D  [heap]                [.] 0x0000000017096757
     0.00%     0.00%  miniC2D  [kernel.kallsyms]     [k] perf_iterate_ctx
     0.00%     0.00%  miniC2D  [kernel.kallsyms]     [k] perf_iterate_sb
     0.00%     0.00%  miniC2D  [heap]                [.] 0x00000000173c4e2f
     0.00%     0.00%  miniC2D  [heap]                [.] 0x000000001702046f
     0.00%     0.00%  miniC2D  [unknown]             [.] 0x00000000000000e0
     0.00%     0.00%  miniC2D  [heap]                [.] 0x00000000170f915f
     0.00%     0.00%  miniC2D  [kernel.kallsyms]     [k] update_curr
     0.00%     0.00%  miniC2D  [heap]                [.] 0x000000001737d2cf
     0.00%     0.00%  miniC2D  [heap]                [.] 0x00000000173a91af
     0.00%     0.00%  miniC2D  [heap]                [.] 0x0000000017095c47
     0.00%     0.00%  miniC2D  [heap]                [.] 0x00000000173c23cf
     0.00%     0.00%  miniC2D  [kernel.kallsyms]     [k] unmap_single_vma
     0.00%     0.00%  miniC2D  [kernel.kallsyms]     [k] unmap_vmas
     0.00%     0.00%  miniC2D  [heap]                [.] 0x00000000170964c7
     0.00%     0.00%  miniC2D  [heap]                [.] 0x00000000173b5d0f
     0.00%     0.00%  miniC2D  [heap]                [.] 0x00000000173b84ef
     0.00%     0.00%  miniC2D  libc.so.6             [.] 0x00000000000983b6
     0.00%     0.00%  miniC2D  libc.so.6             [.] 0x00007f574b6b73b6
     0.00%     0.00%  miniC2D  libc.so.6             [.] 0x00000000000973d5
     0.00%     0.00%  miniC2D  libc.so.6             [.] 0x00007f574b6b63d5
     0.00%     0.00%  miniC2D  miniC2D               [.] allocate_vtree_keys
     0.00%     0.00%  miniC2D  [heap]                [.] 0x00000000170964af
     0.00%     0.00%  miniC2D  [heap]                [.] 0x000000001709655f
     0.00%     0.00%  miniC2D  [heap]                [.] 0x0000000017095f67
     0.00%     0.00%  miniC2D  [heap]                [.] 0x000000001709632f
     0.00%     0.00%  miniC2D  [heap]                [.] 0x000000001731f81f
     0.00%     0.00%  miniC2D  miniC2D               [.] lookup_cache
     0.00%     0.00%  miniC2D  libc.so.6             [.] 0x0000000000096386
     0.00%     0.00%  miniC2D  libc.so.6             [.] 0x00007f574b6b5386
     0.00%     0.00%  miniC2D  [heap]                [.] 0x00000000170962d7
     0.00%     0.00%  miniC2D  libc.so.6             [.] 0x0000000000097e69
     0.00%     0.00%  miniC2D  libc.so.6             [.] 0x00007f574b6b6e69
     0.00%     0.00%  miniC2D  [heap]                [.] 0x00000000172bd5ff
     0.00%     0.00%  miniC2D  miniC2D               [.] eset_free
     0.00%     0.00%  miniC2D  [heap]                [.] 0x00000000172f162f
     0.00%     0.00%  miniC2D  [kernel.kallsyms]     [k] __list_del_entry_valid
     0.00%     0.00%  miniC2D  [kernel.kallsyms]     [k] rmqueue_bulk
     0.00%     0.00%  miniC2D  [heap]                [.] 0x0000000017095a9f
     0.00%     0.00%  miniC2D  libc.so.6             [.] __sbrk
     0.00%     0.00%  miniC2D  [unknown]             [.] 0x000000000000003f
     0.00%     0.00%  miniC2D  miniC2D               [.] malloc@plt
     0.00%     0.00%  miniC2D  [heap]                [.] 0x00000000173a592f
     0.00%     0.00%  miniC2D  [heap]                [.] 0x00000000172cb2ff
     0.00%     0.00%  miniC2D  [heap]                [.] 0x000000001743dd2f
     0.00%     0.00%  miniC2D  libc.so.6             [.] 0x000000000003fb70
     0.00%     0.00%  miniC2D  libc.so.6             [.] 0x00007f574b65eb70
     0.00%     0.00%  miniC2D  [heap]                [.] 0x0000000017095fd7
     0.00%     0.00%  miniC2D  [kernel.kallsyms]     [k] call_rcu
     0.00%     0.00%  miniC2D  [kernel.kallsyms]     [k] mas_store_prealloc
     0.00%     0.00%  miniC2D  [kernel.kallsyms]     [k] mas_wr_bnode
     0.00%     0.00%  miniC2D  [heap]                [.] 0x000000001745945f
     0.00%     0.00%  miniC2D  [heap]                [.] 0x00000000172ce00f
     0.00%     0.00%  miniC2D  [heap]                [.] 0x0000000017095fff
     0.00%     0.00%  miniC2D  libc.so.6             [.] 0x0000000000097ccc
     0.00%     0.00%  miniC2D  libc.so.6             [.] 0x00007f574b6b6ccc
     0.00%     0.00%  miniC2D  [kernel.kallsyms]     [k] anon_vma_interval_tree_remove
     0.00%     0.00%  miniC2D  [heap]                [.] 0x000000001701a96f
     0.00%     0.00%  miniC2D  [stack]               [.] 0x00007fffd394a21f
     0.00%     0.00%  miniC2D  [heap]                [.] 0x000000001709636f
     0.00%     0.00%  miniC2D  [heap]                [.] 0x0000000017096297
     0.00%     0.00%  miniC2D  [heap]                [.] 0x0000000017096357
     0.00%     0.00%  miniC2D  [heap]                [.] 0x000000001709637f
     0.00%     0.00%  miniC2D  libc.so.6             [.] 0x0000000000095073
     0.00%     0.00%  miniC2D  libc.so.6             [.] 0x00007f574b6b4073
     0.00%     0.00%  miniC2D  [unknown]             [.] 0x000000000000000d
     0.00%     0.00%  miniC2D  libc.so.6             [.] 0x00000000000951c1
     0.00%     0.00%  miniC2D  libc.so.6             [.] 0x00007f574b6b41c1
     0.00%     0.00%  miniC2D  [heap]                [.] 0x00000000170967cf
     0.00%     0.00%  miniC2D  [stack]               [.] 0x00007fffd394a74f
     0.00%     0.00%  miniC2D  [heap]                [.] 0x0000000017096497
     0.00%     0.00%  miniC2D  [heap]                [.] 0x00000000172d7e2f
     0.00%     0.00%  miniC2D  [stack]               [.] 0x00007fffd394aa8f
     0.00%     0.00%  miniC2D  anon                  [.] 0x00007f574babf20f
     0.00%     0.00%  miniC2D  libc.so.6             [.] 0x000000000009746d
     0.00%     0.00%  miniC2D  libc.so.6             [.] 0x00007f574b6b646d
     0.00%     0.00%  miniC2D  [heap]                [.] 0x00000000172a60df
     0.00%     0.00%  miniC2D  [heap]                [.] 0x00000000172b85df
     0.00%     0.00%  miniC2D  [heap]                [.] 0x00000000170965bf
     0.00%     0.00%  miniC2D  [heap]                [.] 0x00000000171373ef
     0.00%     0.00%  miniC2D  [heap]                [.] 0x00000000172e1c0f
     0.00%     0.00%  miniC2D  libc.so.6             [.] 0x00000000000951e3
     0.00%     0.00%  miniC2D  libc.so.6             [.] 0x00007f574b6b41e3
     0.00%     0.00%  miniC2D  libc.so.6             [.] 0x00000000000974ac
     0.00%     0.00%  miniC2D  libc.so.6             [.] 0x00007f574b6b64ac
     0.00%     0.00%  miniC2D  [heap]                [.] 0x0000000017323fef
     0.00%     0.00%  miniC2D  [heap]                [.] 0x000000001734833f
     0.00%     0.00%  miniC2D  [kernel.kallsyms]     [k] read_tsc
     0.00%     0.00%  miniC2D  [kernel.kallsyms]     [k] tick_sched_do_timer
     0.00%     0.00%  miniC2D  [kernel.kallsyms]     [k] update_wall_time
     0.00%     0.00%  miniC2D  [kernel.kallsyms]     [k] timekeeping_advance
     0.00%     0.00%  miniC2D  libc.so.6             [.] 0x00000000000983db
     0.00%     0.00%  miniC2D  libc.so.6             [.] 0x00007f574b6b73db
     0.00%     0.00%  miniC2D  [heap]                [.] 0x0000000017096367
     0.00%     0.00%  miniC2D  [kernel.kallsyms]     [k] native_apic_msr_eoi_write
     0.00%     0.00%  miniC2D  [heap]                [.] 0x00000000170963d7
     0.00%     0.00%  miniC2D  [heap]                [.] 0x00000000170964bf
     0.00%     0.00%  miniC2D  miniC2D               [.] sat_undo_decide_literal
     0.00%     0.00%  miniC2D  [heap]                [.] 0x00000000170963df
     0.00%     0.00%  miniC2D  [kernel.kallsyms]     [k] sync_regs
     0.00%     0.00%  miniC2D  [heap]                [.] 0x0000000017095b2f
     0.00%     0.00%  miniC2D  [heap]                [.] 0x00000000170962bf
     0.00%     0.00%  miniC2D  libc.so.6             [.] 0x00000000000979b8
     0.00%     0.00%  miniC2D  libc.so.6             [.] 0x00007f574b6b69b8
     0.00%     0.00%  miniC2D  [kernel.kallsyms]     [k] __mod_node_page_state
     0.00%     0.00%  miniC2D  [kernel.kallsyms]     [k] __mod_lruvec_state
     0.00%     0.00%  miniC2D  libc.so.6             [.] 0x000000000009837c
     0.00%     0.00%  miniC2D  libc.so.6             [.] 0x00007f574b6b737c
     0.00%     0.00%  miniC2D  libc.so.6             [.] 0x00000000000973e9
     0.00%     0.00%  miniC2D  libc.so.6             [.] 0x00007f574b6b63e9
     0.00%     0.00%  miniC2D  [heap]                [.] 0x0000000017352d2f
     0.00%     0.00%  miniC2D  anon                  [.] 0x00007f574baa768f
     0.00%     0.00%  miniC2D  [heap]                [.] 0x0000000016ffb197
     0.00%     0.00%  miniC2D  [heap]                [.] 0x0000000017095da7
     0.00%     0.00%  miniC2D  [heap]                [.] 0x00000000173d349f
     0.00%     0.00%  miniC2D  [heap]                [.] 0x00000000173a959f
     0.00%     0.00%  miniC2D  [heap]                [.] 0x00000000170962df
     0.00%     0.00%  miniC2D  [heap]                [.] 0x00000000170968a7
     0.00%     0.00%  miniC2D  [heap]                [.] 0x000000001709670f
     0.00%     0.00%  miniC2D  [heap]                [.] 0x00000000172ee09f
     0.00%     0.00%  miniC2D  [heap]                [.] 0x00000000173bd59f
     0.00%     0.00%  miniC2D  [stack]               [.] 0x00007fffd394ae47
     0.00%     0.00%  miniC2D  [kernel.kallsyms]     [k] run_posix_cpu_timers
     0.00%     0.00%  miniC2D  [heap]                [.] 0x00000000170963bf
     0.00%     0.00%  miniC2D  [kernel.kallsyms]     [k] __free_one_page
     0.00%     0.00%  miniC2D  [kernel.kallsyms]     [k] free_unref_page_list
     0.00%     0.00%  miniC2D  [kernel.kallsyms]     [k] free_pcppages_bulk
     0.00%     0.00%  miniC2D  [heap]                [.] 0x0000000017096507
     0.00%     0.00%  miniC2D  miniC2D               [.] sat_at_assertion_level
     0.00%     0.00%  miniC2D  libc.so.6             [.] printf
     0.00%     0.00%  miniC2D  [heap]                [.] 0x00000000174aae4f
     0.00%     0.00%  miniC2D  libc.so.6             [.] _IO_printf (inlined)
     0.00%     0.00%  miniC2D  [heap]                [.] 0x000000001739e42f
     0.00%     0.00%  miniC2D  [heap]                [.] 0x0000000017096677
     0.00%     0.00%  miniC2D  [heap]                [.] 0x000000001748fe4f
     0.00%     0.00%  miniC2D  libc.so.6             [.] 0x0000000000097398
     0.00%     0.00%  miniC2D  libc.so.6             [.] 0x00007f574b6b6398
     0.00%     0.00%  miniC2D  miniC2D               [.] free_manager_keys
     0.00%     0.00%  miniC2D  miniC2D               [.] free_vtree_keys (inlined)
     0.00%     0.00%  miniC2D  miniC2D               [.] free_vtree_keys
     0.00%     0.00%  miniC2D  [heap]                [.] 0x00000000170963f7
     0.00%     0.00%  miniC2D  [heap]                [.] 0x0000000017096317
     0.00%     0.00%  miniC2D  [heap]                [.] 0x00000000170963af
     0.00%     0.00%  miniC2D  miniC2D               [.] free_dvtree
     0.00%     0.00%  miniC2D  [heap]                [.] 0x00000000172e412f
     0.00%     0.00%  miniC2D  [heap]                [.] 0x000000001737fa2f
     0.00%     0.00%  miniC2D  [heap]                [.] 0x000000001737a75f
     0.00%     0.00%  miniC2D  [heap]                [.] 0x000000001749678f
     0.00%     0.00%  miniC2D  [heap]                [.] 0x000000001737fa4f
     0.00%     0.00%  miniC2D  [heap]                [.] 0x000000001748226f
     0.00%     0.00%  miniC2D  [heap]                [.] 0x00000000173c136f
     0.00%     0.00%  miniC2D  libc.so.6             [.] 0x0000000000097650
     0.00%     0.00%  miniC2D  libc.so.6             [.] 0x00007f574b6b6650
     0.00%     0.00%  miniC2D  [kernel.kallsyms]     [k] mmap_region
     0.00%     0.00%  miniC2D  [kernel.kallsyms]     [k] vm_mmap_pgoff
     0.00%     0.00%  miniC2D  [kernel.kallsyms]     [k] do_mmap
     0.00%     0.00%  miniC2D  [kernel.kallsyms]     [k] cpufreq_driver_fast_switch
     0.00%     0.00%  miniC2D  [kernel.kallsyms]     [k] intel_cpufreq_fast_switch
     0.00%     0.00%  miniC2D  [kernel.kallsyms]     [k] intel_cpufreq_update_pstate
     0.00%     0.00%  miniC2D  [heap]                [.] 0x000000001738174f
     0.00%     0.00%  miniC2D  [heap]                [.] 0x00000000174a451f
     0.00%     0.00%  miniC2D  [heap]                [.] 0x000000001748915f
     0.00%     0.00%  miniC2D  [heap]                [.] 0x00000000173c07df
     0.00%     0.00%  miniC2D  [heap]                [.] 0x00000000173b9e5f
     0.00%     0.00%  miniC2D  [heap]                [.] 0x00000000173c156f
     0.00%     0.00%  miniC2D  [heap]                [.] 0x000000001749d6ef
     0.00%     0.00%  miniC2D  [heap]                [.] 0x000000001733941f
     0.00%     0.00%  miniC2D  [unknown]             [.] 0x0000000000000008
     0.00%     0.00%  miniC2D  libc.so.6             [.] 0x0000000000097363
     0.00%     0.00%  miniC2D  libc.so.6             [.] 0x00007f574b6b6363
     0.00%     0.00%  miniC2D  [heap]                [.] 0x00000000172c1a9f
     0.00%     0.00%  miniC2D  [heap]                [.] 0x000000001738c1df
     0.00%     0.00%  miniC2D  [heap]                [.] 0x0000000017396fcf
     0.00%     0.00%  miniC2D  [kernel.kallsyms]     [k] __vma_adjust
     0.00%     0.00%  miniC2D  [heap]                [.] 0x00000000173a201f
     0.00%     0.00%  miniC2D  libc.so.6             [.] 0x0000000000095091
     0.00%     0.00%  miniC2D  libc.so.6             [.] 0x00007f574b6b4091
     0.00%     0.00%  miniC2D  [heap]                [.] 0x00000000172ad4cf
     0.00%     0.00%  miniC2D  [heap]                [.] 0x00000000174018af
     0.00%     0.00%  miniC2D  miniC2D               [.] vset_paste
     0.00%     0.00%  miniC2D  [heap]                [.] 0x00000000173ed94f
     0.00%     0.00%  miniC2D  libc.so.6             [.] 0x0000000000096236
     0.00%     0.00%  miniC2D  libc.so.6             [.] 0x00007f574b6b5236
     0.00%     0.00%  miniC2D  [heap]                [.] 0x0000000017422e1f
     0.00%     0.00%  miniC2D  [heap]                [.] 0x000000001740829f
     0.00%     0.00%  miniC2D  [heap]                [.] 0x0000000017422d4f
     0.00%     0.00%  miniC2D  [heap]                [.] 0x0000000017436d6f
     0.00%     0.00%  miniC2D  ld-linux-x86-64.so.2  [.] 0x0000000000008e29
     0.00%     0.00%  miniC2D  ld-linux-x86-64.so.2  [.] 0x00007f574bb26e29
     0.00%     0.00%  miniC2D  [heap]                [.] 0x00000000174a8e9f
     0.00%     0.00%  miniC2D  [heap]                [.] 0x000000001748e91f
     0.00%     0.00%  miniC2D  [heap]                [.] 0x000000001744baaf
     0.00%     0.00%  miniC2D  [heap]                [.] 0x00000000174a447f
     0.00%     0.00%  miniC2D  [heap]                [.] 0x0000000017466f2f
     0.00%     0.00%  miniC2D  libc.so.6             [.] 0x00000000000a2510
     0.00%     0.00%  miniC2D  libc.so.6             [.] _IO_getline_info
     0.00%     0.00%  miniC2D  libc.so.6             [.] 0x00007f574b6c1510
     0.00%     0.00%  miniC2D  libc.so.6             [.] _IO_fgets
     0.00%     0.00%  miniC2D  [heap]                [.] 0x0000000017496a3f
     0.00%     0.00%  miniC2D  [heap]                [.] 0x00000000170fc06f
     0.00%     0.00%  miniC2D  libc.so.6             [.] 0x00007f574b6b5c98
     0.00%     0.00%  miniC2D  libc.so.6             [.] 0x0000000000097457
     0.00%     0.00%  miniC2D  libc.so.6             [.] 0x00007f574b6b6457
     0.00%     0.00%  miniC2D  libc.so.6             [.] 0x000000000005f1d0
     0.00%     0.00%  miniC2D  libc.so.6             [.] 0x00007f574b67e1d0
     0.00%     0.00%  miniC2D  [heap]                [.] 0x000000001713355f
     0.00%     0.00%  miniC2D  libstdc++.so.6.0.30   [.] free@plt
     0.00%     0.00%  miniC2D  ld-linux-x86-64.so.2  [.] 0x0000000000008dd6
     0.00%     0.00%  miniC2D  ld-linux-x86-64.so.2  [.] 0x00007f574bb26dd6
     0.00%     0.00%  miniC2D  libc.so.6             [.] 0x0000000000096145
     0.00%     0.00%  miniC2D  libc.so.6             [.] 0x00007f574b6b5145
     0.00%     0.00%  miniC2D  libc.so.6             [.] 0x000000000005ebb3
     0.00%     0.00%  miniC2D  libc.so.6             [.] 0x00007f574b67dbb3
     0.00%     0.00%  miniC2D  miniC2D               [.] sift
     0.00%     0.00%  miniC2D  libc.so.6             [.] 0x0000000000096148
     0.00%     0.00%  miniC2D  libc.so.6             [.] 0x00007f574b6b5148
     0.00%     0.00%  miniC2D  libc.so.6             [.] 0x00007f574b6b7421
     0.00%     0.00%  miniC2D  libc.so.6             [.] 0x0000000000098090
     0.00%     0.00%  miniC2D  miniC2D               [.] construct_cnf_vars_and_literals
     0.00%     0.00%  miniC2D  libc.so.6             [.] 0x00007f574b6b7090
     0.00%     0.00%  miniC2D  [heap]                [.] 0x000000001737ad9f
     0.00%     0.00%  miniC2D  [unknown]             [.] 0x000000000000006f
     0.00%     0.00%  miniC2D  libc.so.6             [.] 0x00000000000980fe
     0.00%     0.00%  miniC2D  libc.so.6             [.] 0x00007f574b6b70fe
     0.00%     0.00%  miniC2D  libc.so.6             [.] 0x000000000005fdda
     0.00%     0.00%  miniC2D  libc.so.6             [.] 0x00007f574b67edda
     0.00%     0.00%  miniC2D  [heap]                [.] 0x00000000170affaf
     0.00%     0.00%  miniC2D  libc.so.6             [.] 0x000000000009808d
     0.00%     0.00%  miniC2D  libc.so.6             [.] 0x00007f574b6b708d
     0.00%     0.00%  miniC2D  miniC2D               [.] sift_up
     0.00%     0.00%  miniC2D  libc.so.6             [.] 0x000000000009845d
     0.00%     0.00%  miniC2D  [unknown]             [.] 0x000000000000005f
     0.00%     0.00%  miniC2D  libc.so.6             [.] 0x00007f574b6b745d
     0.00%     0.00%  miniC2D  libstdc++.so.6.0.30   [.] std::_Rb_tree_decrement
     0.00%     0.00%  miniC2D  ld-linux-x86-64.so.2  [.] 0x000000000000e354
     0.00%     0.00%  miniC2D  ld-linux-x86-64.so.2  [.] 0x00007f574bb2c354
     0.00%     0.00%  miniC2D  [heap]                [.] 0x00000000170fcb1f
     0.00%     0.00%  miniC2D  miniC2D               [.] Graph::~Graph
     0.00%     0.00%  miniC2D  libc.so.6             [.] 0x00007f574b6b74a8
     0.00%     0.00%  miniC2D  [unknown]             [.] 0x0000000000001b67
     0.00%     0.00%  miniC2D  libc.so.6             [.] 0x000000000009834e
     0.00%     0.00%  miniC2D  libc.so.6             [.] 0x00007f574b6b734e
     0.00%     0.00%  miniC2D  ld-linux-x86-64.so.2  [.] 0x00007f574bb2cca7
     0.00%     0.00%  miniC2D  ld-linux-x86-64.so.2  [.] 0x00007f574bb2badc
     0.00%     0.00%  miniC2D  ld-linux-x86-64.so.2  [.] 0x00007f574bb3ec17
     0.00%     0.00%  miniC2D  [kernel.kallsyms]     [k] __x64_sys_mprotect
     0.00%     0.00%  miniC2D  [kernel.kallsyms]     [k] do_mprotect_pkey
     0.00%     0.00%  miniC2D  [kernel.kallsyms]     [k] mprotect_fixup
     0.00%     0.00%  miniC2D  libc.so.6             [.] 0x0000000000098340
     0.00%     0.00%  miniC2D  [unknown]             [.] 0x000000000000007f
     0.00%     0.00%  miniC2D  libc.so.6             [.] 0x00007f574b6b7340
     0.00%     0.00%  miniC2D  miniC2D               [.] eset_node_new
     0.00%     0.00%  miniC2D  libstdc++.so.6.0.30   [.] std::__timepunct<wchar_t>::__timepunct
     0.00%     0.00%  miniC2D  libc.so.6             [.] 0x000000000005fd46
     0.00%     0.00%  miniC2D  libc.so.6             [.] 0x00007f574b67ed46
     0.00%     0.00%  miniC2D  libc.so.6             [.] 0x000000000005ff72
     0.00%     0.00%  miniC2D  libc.so.6             [.] 0x00007f574b67ef72
     0.00%     0.00%  miniC2D  libc.so.6             [.] 0x000000000005ec39
     0.00%     0.00%  miniC2D  libc.so.6             [.] 0x00007f574b67dc39
     0.00%     0.00%  miniC2D  libc.so.6             [.] 0x000000000005ff16
     0.00%     0.00%  miniC2D  libc.so.6             [.] 0x00007f574b67ef16
     0.00%     0.00%  miniC2D  [kernel.kallsyms]     [k] vma_adjust_trans_huge
     0.00%     0.00%  miniC2D  ld-linux-x86-64.so.2  [.] 0x00007f574bb24a28
     0.00%     0.00%  miniC2D  ld-linux-x86-64.so.2  [.] 0x00007f574bb3ebb3
     0.00%     0.00%  miniC2D  [kernel.kallsyms]     [k] ksys_mmap_pgoff
     0.00%     0.00%  miniC2D  [kernel.kallsyms]     [k] do_mas_munmap
     0.00%     0.00%  miniC2D  ld-linux-x86-64.so.2  [.] 0x00007f574bb24da9
     0.00%     0.00%  miniC2D  [kernel.kallsyms]     [k] flush_tlb_func
     0.00%     0.00%  miniC2D  ld-linux-x86-64.so.2  [.] 0x00007f574bb3b984
     0.00%     0.00%  miniC2D  [kernel.kallsyms]     [k] wp_page_copy
     0.00%     0.00%  miniC2D  [kernel.kallsyms]     [k] ptep_clear_flush
     0.00%     0.00%  miniC2D  [kernel.kallsyms]     [k] flush_tlb_mm_range
     0.00%     0.00%  miniC2D  [kernel.kallsyms]     [k] __x64_sys_execve
     0.00%     0.00%  miniC2D  [kernel.kallsyms]     [k] do_execveat_common.isra.0
     0.00%     0.00%  miniC2D  [kernel.kallsyms]     [k] bprm_execve
     0.00%     0.00%  miniC2D  [kernel.kallsyms]     [k] load_elf_binary
     0.00%     0.00%  miniC2D  [kernel.kallsyms]     [k] truncate_inode_pages_range
     0.00%     0.00%  miniC2D  ld-linux-x86-64.so.2  [.] 0x00007f574bb38b20
     0.00%     0.00%  miniC2D  [kernel.kallsyms]     [k] syscall_exit_to_user_mode
     0.00%     0.00%  miniC2D  [kernel.kallsyms]     [k] __fput
     0.00%     0.00%  miniC2D  [kernel.kallsyms]     [k] __dentry_kill
     0.00%     0.00%  miniC2D  [kernel.kallsyms]     [k] evict
     0.00%     0.00%  miniC2D  [kernel.kallsyms]     [k] elf_map
     0.00%     0.00%  miniC2D  [kernel.kallsyms]     [k] mas_next_entry
     0.00%     0.00%  miniC2D  [kernel.kallsyms]     [k] setup_arg_pages
     0.00%     0.00%  miniC2D  [kernel.kallsyms]     [k] shift_arg_pages
     0.00%     0.00%  perf-ex  [kernel.kallsyms]     [k] entry_SYSCALL_64_after_hwframe
     0.00%     0.00%  perf-ex  [kernel.kallsyms]     [k] do_syscall_64
     0.00%     0.00%  perf-ex  [kernel.kallsyms]     [k] __x64_sys_execve
     0.00%     0.00%  perf-ex  [kernel.kallsyms]     [k] do_execveat_common.isra.0
     0.00%     0.00%  perf-ex  [kernel.kallsyms]     [k] bprm_execve
     0.00%     0.00%  perf-ex  [kernel.kallsyms]     [k] load_elf_binary
     0.00%     0.00%  perf-ex  [kernel.kallsyms]     [k] begin_new_exec
     0.00%     0.00%  perf-ex  [kernel.kallsyms]     [k] perf_event_exec
     0.00%     0.00%  perf-ex  [kernel.kallsyms]     [k] available_idle_cpu
     0.00%     0.00%  perf-ex  [kernel.kallsyms]     [k] asm_sysvec_irq_work
     0.00%     0.00%  perf-ex  [kernel.kallsyms]     [k] sysvec_irq_work
     0.00%     0.00%  perf-ex  [kernel.kallsyms]     [k] __sysvec_irq_work
     0.00%     0.00%  perf-ex  [kernel.kallsyms]     [k] irq_work_run
     0.00%     0.00%  perf-ex  [kernel.kallsyms]     [k] irq_work_run_list
     0.00%     0.00%  perf-ex  [kernel.kallsyms]     [k] irq_work_single
     0.00%     0.00%  perf-ex  [kernel.kallsyms]     [k] perf_pending_irq
     0.00%     0.00%  perf-ex  [kernel.kallsyms]     [k] perf_event_wakeup
     0.00%     0.00%  perf-ex  [kernel.kallsyms]     [k] __wake_up_common_lock
     0.00%     0.00%  perf-ex  [kernel.kallsyms]     [k] __wake_up_common
     0.00%     0.00%  perf-ex  [kernel.kallsyms]     [k] pollwake
     0.00%     0.00%  perf-ex  [kernel.kallsyms]     [k] try_to_wake_up
     0.00%     0.00%  perf-ex  [kernel.kallsyms]     [k] select_task_rq_fair
     0.00%     0.00%  perf-ex  [kernel.kallsyms]     [k] native_write_msr
     0.00%     0.00%  perf-ex  [kernel.kallsyms]     [k] __intel_pmu_enable_all.constprop.0
     0.00%     0.00%  perf-ex  [kernel.kallsyms]     [k] nmi_restore
     0.00%     0.00%  perf-ex  [kernel.kallsyms]     [k] native_set_fixmap
     0.00%     0.00%  perf-ex  [kernel.kallsyms]     [k] perf_sample_event_took


#
# (Tip: To record every process run by a user: perf record -u <user>)
#
