# To display the perf.data header info, please use --header/--header-only options.
#
#
# Total Lost Samples: 1
#
# Samples: 19K of event 'cycles'
# Event count (approx.): 15717301888
#
# Children      Self  Command  Shared Object         Symbol                                                                                                                                                                      
# ........  ........  .......  ....................  ............................................................................................................................................................................
#
    93.57%     0.00%  miniC2D  miniC2D               [.] _start
    93.57%     0.00%  miniC2D  libc.so.6             [.] __libc_start_main
    93.56%     0.00%  miniC2D  libc.so.6             [.] 0x00007fe16bc46249
    93.56%     0.00%  miniC2D  miniC2D               [.] main
    85.79%     0.04%  miniC2D  miniC2D               [.] compile_vtree_shannon
    85.79%     0.01%  miniC2D  miniC2D               [.] compile_dispatcher
    85.78%     0.00%  miniC2D  miniC2D               [.] compile_vtree
    70.98%    40.33%  miniC2D  miniC2D               [.] set_literal
13.83% set_literal;analyze_conflict;zchaff_conflict_clause
8.73% set_literal;move_watched_literal;remove_watched_clause
3.85% set_literal;analyze_conflict;zchaff_conflict_clause;mark_vars_at_level
3.53% set_literal;move_watched_literal
1.17% 0x227413f;set_literal
    64.14%     0.00%  miniC2D  miniC2D               [.] compile_with_literal (inlined)
12.50% compile_with_literal (inlined);sat_decide_literal;set_literal
9.77% compile_with_literal (inlined);erase_level
4.49% compile_with_literal (inlined);sat_decide_literal;set_literal;analyze_conflict;zchaff_conflict_clause
2.04% compile_with_literal (inlined);sat_decide_literal;set_literal;move_watched_literal;remove_watched_clause
0.98% compile_with_literal (inlined);sat_decide_literal;set_literal;analyze_conflict;zchaff_conflict_clause;mark_vars_at_level
0.93% compile_with_literal (inlined);sat_decide_literal;set_literal;move_watched_literal
    35.17%     0.05%  miniC2D  miniC2D               [.] sat_assert_clause
18.73% sat_assert_clause;set_literal
6.55% sat_assert_clause;set_literal;analyze_conflict;zchaff_conflict_clause
5.08% sat_assert_clause;set_literal;move_watched_literal;remove_watched_clause
2.36% sat_assert_clause;set_literal;analyze_conflict;zchaff_conflict_clause;mark_vars_at_level
1.92% sat_assert_clause;set_literal;move_watched_literal
    34.85%     0.02%  miniC2D  miniC2D               [.] sat_decide_literal
20.42% sat_decide_literal;set_literal
7.28% sat_decide_literal;set_literal;analyze_conflict;zchaff_conflict_clause
3.65% sat_decide_literal;set_literal;move_watched_literal;remove_watched_clause
1.61% sat_decide_literal;set_literal;move_watched_literal
1.49% sat_decide_literal;set_literal;analyze_conflict;zchaff_conflict_clause;mark_vars_at_level
    18.31%     0.03%  miniC2D  miniC2D               [.] analyze_conflict
13.83% analyze_conflict;zchaff_conflict_clause
3.85% analyze_conflict;zchaff_conflict_clause;mark_vars_at_level
    17.73%    13.83%  miniC2D  miniC2D               [.] zchaff_conflict_clause
3.85% zchaff_conflict_clause;mark_vars_at_level
    15.58%    15.53%  miniC2D  miniC2D               [.] erase_level
    12.45%     3.69%  miniC2D  miniC2D               [.] move_watched_literal
8.73% move_watched_literal;remove_watched_clause
     8.80%     8.77%  miniC2D  miniC2D               [.] remove_watched_clause
     7.06%     0.00%  miniC2D  miniC2D               [.] vtree_manager_new
     7.04%     0.00%  miniC2D  miniC2D               [.] cnf2vtree
     6.52%     0.00%  miniC2D  miniC2D               [.] p_hdtree2vtree
     6.38%     0.00%  miniC2D  miniC2D               [.] pass2
     6.14%     0.01%  miniC2D  miniC2D               [.] classify_clause_vars
0.70% classify_clause_vars;vset_minus;unmark_vset;sat_unmark_var
0.70% classify_clause_vars;vset_minus;mark_vset;sat_mark_var
0.63% classify_clause_vars;vset_intersection;mark_vset
0.62% classify_clause_vars;vset_intersection;mark_vset;sat_mark_var
0.62% classify_clause_vars;vset_intersection;unmark_vset;sat_unmark_var
0.59% classify_clause_vars;vset_minus;mark_vset
0.58% classify_clause_vars;vset_intersection;unmark_vset
0.58% classify_clause_vars;vset_minus;unmark_vset
     3.96%     3.95%  miniC2D  miniC2D               [.] mark_vars_at_level
     3.85%     2.51%  miniC2D  miniC2D               [.] unmark_vset
1.33% unmark_vset;sat_unmark_var
     3.83%     2.51%  miniC2D  miniC2D               [.] mark_vset
1.32% mark_vset;sat_mark_var
     2.71%     0.04%  miniC2D  miniC2D               [.] vset_minus
0.70% vset_minus;unmark_vset;sat_unmark_var
0.70% vset_minus;mark_vset;sat_mark_var
0.59% vset_minus;mark_vset
0.58% vset_minus;unmark_vset
     2.59%     0.04%  miniC2D  miniC2D               [.] vset_intersection
0.63% vset_intersection;mark_vset
0.62% vset_intersection;mark_vset;sat_mark_var
0.62% vset_intersection;unmark_vset;sat_unmark_var
0.58% vset_intersection;unmark_vset
     2.27%     2.27%  miniC2D  miniC2D               [.] sat_unmark_var
     2.18%     2.17%  miniC2D  miniC2D               [.] sat_mark_var
     1.20%     0.00%  miniC2D  [heap]                [.] 0x000000000227413f
1.17% 0x227413f;set_literal
     0.69%     0.28%  miniC2D  miniC2D               [.] vset_union
     0.64%     0.08%  miniC2D  libc.so.6             [.] __libc_calloc
     0.48%     0.00%  miniC2D  miniC2D               [.] cnf2hdtree
     0.43%     0.00%  miniC2D  [kernel.kallsyms]     [k] asm_exc_page_fault
     0.40%     0.00%  miniC2D  libc.so.6             [.] 0x00007fe16bcb7109
     0.40%     0.00%  miniC2D  libc.so.6             [.] __libc_free (inlined)
     0.39%     0.00%  miniC2D  miniC2D               [.] cnf2minfill_order
     0.39%     0.01%  miniC2D  [kernel.kallsyms]     [k] exc_page_fault
     0.37%     0.01%  miniC2D  [kernel.kallsyms]     [k] do_user_addr_fault
     0.36%     0.05%  miniC2D  miniC2D               [.] Graph::removeAndConnect
     0.35%     0.01%  miniC2D  miniC2D               [.] vset_new
     0.34%     0.02%  miniC2D  [kernel.kallsyms]     [k] handle_mm_fault
     0.32%     0.12%  miniC2D  libc.so.6             [.] malloc
     0.30%     0.04%  miniC2D  [kernel.kallsyms]     [k] __handle_mm_fault
     0.28%     0.27%  miniC2D  miniC2D               [.] clist_size
     0.27%     0.00%  miniC2D  miniC2D               [.] print_vtree_cache_stats
     0.27%     0.00%  miniC2D  miniC2D               [.] vtree_manager_free
     0.26%     0.26%  miniC2D  miniC2D               [.] free_vtree_cache
     0.20%     0.01%  miniC2D  [kernel.kallsyms]     [k] vma_alloc_folio
     0.19%     0.19%  miniC2D  miniC2D               [.] cset_subset
     0.18%     0.18%  miniC2D  miniC2D               [.] sat_is_marked_var
     0.18%     0.03%  miniC2D  [kernel.kallsyms]     [k] __alloc_pages
     0.18%     0.00%  miniC2D  [kernel.kallsyms]     [k] __folio_alloc
     0.18%     0.00%  miniC2D  [kernel.kallsyms]     [k] asm_sysvec_apic_timer_interrupt
     0.17%     0.03%  miniC2D  miniC2D               [.] add_clause
     0.16%     0.16%  miniC2D  libstdc++.so.6.0.30   [.] std::_Rb_tree_increment
     0.15%     0.02%  miniC2D  miniC2D               [.] sat_state_free
     0.15%     0.01%  miniC2D  miniC2D               [.] vset_free
     0.15%     0.04%  miniC2D  [kernel.kallsyms]     [k] get_page_from_freelist
     0.15%     0.00%  miniC2D  [kernel.kallsyms]     [k] sysvec_apic_timer_interrupt
     0.14%     0.01%  miniC2D  miniC2D               [.] declare_watched_literals
     0.13%     0.09%  miniC2D  libc.so.6             [.] realloc
     0.13%     0.13%  miniC2D  miniC2D               [.] add_watched_clause
     0.13%     0.01%  miniC2D  [kernel.kallsyms]     [k] __sysvec_apic_timer_interrupt
     0.12%     0.00%  miniC2D  [kernel.kallsyms]     [k] hrtimer_interrupt
     0.12%     0.01%  miniC2D  [kernel.kallsyms]     [k] __hrtimer_run_queues
     0.11%     0.02%  miniC2D  miniC2D               [.] std::set_intersection<std::_Rb_tree_const_iterator<int>, std::_Rb_tree_const_iterator<int>, std::insert_iterator<std::set<int, std::less<int>, std::allocator<int> > > >
     0.10%     0.00%  miniC2D  [kernel.kallsyms]     [k] tick_sched_timer
     0.10%     0.00%  miniC2D  [kernel.kallsyms]     [k] tick_sched_handle
     0.10%     0.00%  miniC2D  [kernel.kallsyms]     [k] update_process_times
     0.10%     0.10%  miniC2D  [kernel.kallsyms]     [k] clear_page_rep
     0.09%     0.09%  miniC2D  libc.so.6             [.] cfree
     0.09%     0.00%  miniC2D  miniC2D               [.] pass1b
     0.08%     0.00%  miniC2D  miniC2D               [.] order2hdtree
     0.08%     0.01%  miniC2D  miniC2D               [.] vset_clause_new
     0.07%     0.07%  miniC2D  [kernel.kallsyms]     [k] __irqentry_text_end
     0.07%     0.00%  miniC2D  [kernel.kallsyms]     [k] scheduler_tick
     0.07%     0.04%  miniC2D  miniC2D               [.] std::_Rb_tree<int, int, std::_Identity<int>, std::less<int>, std::allocator<int> >::_M_insert_unique
     0.07%     0.04%  miniC2D  miniC2D               [.] mark_cset
     0.07%     0.00%  miniC2D  [kernel.kallsyms]     [k] entry_SYSCALL_64_after_hwframe
     0.07%     0.00%  miniC2D  [kernel.kallsyms]     [k] do_syscall_64
     0.06%     0.01%  miniC2D  miniC2D               [.] cset_intersection
     0.06%     0.00%  miniC2D  libc.so.6             [.] 0x00007fe16bcb70bd
     0.06%     0.00%  miniC2D  [heap]                [.] 0x000000000268d22f
     0.06%     0.00%  miniC2D  libc.so.6             [.] sbrk (inlined)
     0.06%     0.00%  miniC2D  miniC2D               [.] cset_union
     0.06%     0.00%  miniC2D  miniC2D               [.] compile_vtree_decomposed
     0.06%     0.00%  miniC2D  libc.so.6             [.] __default_morecore
     0.06%     0.00%  miniC2D  libc.so.6             [.] brk
     0.06%     0.00%  miniC2D  [heap]                [.] 0x00000000026e494f
     0.05%     0.00%  miniC2D  [heap]                [.] 0x000000000260896f
     0.05%     0.00%  miniC2D  [heap]                [.] 0x0000000002681bbf
     0.05%     0.00%  miniC2D  libc.so.6             [.] 0x00007fe16bcb68d7
     0.05%     0.01%  miniC2D  miniC2D               [.] std::_Rb_tree<int, int, std::_Identity<int>, std::less<int>, std::allocator<int> >::_M_insert_
     0.05%     0.00%  miniC2D  miniC2D               [.] combine_v
     0.05%     0.00%  miniC2D  [heap]                [.] 0x00000000026d74af
     0.05%     0.00%  miniC2D  [kernel.kallsyms]     [k] __do_sys_brk
     0.05%     0.00%  miniC2D  [heap]                [.] 0x00000000025f095f
     0.05%     0.00%  miniC2D  [heap]                [.] 0x000000000265ff2f
     0.05%     0.00%  miniC2D  [heap]                [.] 0x000000000268e07f
     0.05%     0.00%  miniC2D  [heap]                [.] 0x00000000026eb3af
     0.05%     0.00%  miniC2D  [heap]                [.] 0x00000000026f1fef
     0.04%     0.00%  miniC2D  miniC2D               [.] cutset2vtree_rl
     0.04%     0.04%  miniC2D  miniC2D               [.] unmark_cset
     0.04%     0.00%  miniC2D  [heap]                [.] 0x00000000026bcbff
     0.04%     0.00%  miniC2D  [heap]                [.] 0x000000000268e78f
     0.04%     0.00%  miniC2D  [heap]                [.] 0x000000000264d3af
     0.04%     0.00%  miniC2D  [heap]                [.] 0x00000000026ddeef
     0.04%     0.00%  miniC2D  libc.so.6             [.] 0x00007fe16bcb58ff
     0.04%     0.04%  miniC2D  miniC2D               [.] sat_is_irrelevant_var
     0.04%     0.00%  miniC2D  [heap]                [.] 0x00000000026d0abf
     0.04%     0.00%  miniC2D  [heap]                [.] 0x00000000026c35ff
     0.04%     0.00%  miniC2D  [heap]                [.] 0x000000000268efef
     0.04%     0.01%  miniC2D  libstdc++.so.6.0.30   [.] operator new
     0.04%     0.00%  miniC2D  miniC2D               [.] p_hdtree2vtree_aux
     0.04%     0.01%  miniC2D  [kernel.kallsyms]     [k] task_tick_fair
     0.04%     0.04%  miniC2D  miniC2D               [.] Graph::containsEdge
     0.04%     0.00%  miniC2D  [stack]               [.] 0x00007fff733d51af
     0.04%     0.00%  miniC2D  [heap]                [.] 0x00000000026b858f
     0.04%     0.00%  miniC2D  [heap]                [.] 0x000000000265feef
     0.04%     0.00%  miniC2D  [heap]                [.] 0x00000000026f8def
     0.04%     0.00%  miniC2D  miniC2D               [.] fill_esets
     0.03%     0.00%  miniC2D  miniC2D               [.] cset_new
     0.03%     0.00%  miniC2D  [heap]                [.] 0x0000000002728c4f
     0.03%     0.00%  miniC2D  [unknown]             [.] 0xffffffffffffffff
     0.03%     0.03%  miniC2D  miniC2D               [.] sat_mark_clause
     0.03%     0.00%  miniC2D  miniC2D               [.] sat_read_cnf
     0.03%     0.00%  miniC2D  miniC2D               [.] Graph::addEdge
     0.03%     0.00%  miniC2D  [heap]                [.] 0x0000000002653bcf
     0.03%     0.02%  miniC2D  miniC2D               [.] get_and_node
     0.03%     0.00%  miniC2D  libc.so.6             [.] 0x00007fe16bcb5f98
     0.03%     0.03%  miniC2D  libc.so.6             [.] 0x0000000000098109
     0.03%     0.02%  miniC2D  miniC2D               [.] lookup_cache
     0.03%     0.00%  miniC2D  [heap]                [.] 0x000000000265c21f
     0.03%     0.00%  miniC2D  [heap]                [.] 0x000000000268a92f
     0.03%     0.03%  miniC2D  libc.so.6             [.] 0x0000000000095167
     0.03%     0.00%  miniC2D  libc.so.6             [.] 0x00007fe16bcb4167
     0.03%     0.00%  miniC2D  [heap]                [.] 0x000000000265ee9f
     0.03%     0.00%  miniC2D  [stack]               [.] 0x00007fff733d5197
     0.03%     0.03%  miniC2D  libc.so.6             [.] 0x0000000000095190
     0.03%     0.00%  miniC2D  libc.so.6             [.] 0x00007fe16bcb4190
     0.03%     0.00%  miniC2D  [heap]                [.] 0x00000000025477bf
     0.03%     0.00%  miniC2D  [heap]                [.] 0x0000000002608a4f
     0.03%     0.01%  miniC2D  miniC2D               [.] eset_new
     0.03%     0.03%  miniC2D  [kernel.kallsyms]     [k] native_irq_return_iret
     0.03%     0.03%  miniC2D  miniC2D               [.] sat_is_marked_clause
     0.03%     0.00%  miniC2D  miniC2D               [.] std::_Rb_tree<int, int, std::_Identity<int>, std::less<int>, std::allocator<int> >::_M_insert_unique_
     0.03%     0.00%  miniC2D  [heap]                [.] 0x00000000026b457f
     0.03%     0.00%  miniC2D  [heap]                [.] 0x00000000026824af
     0.03%     0.02%  miniC2D  [kernel.kallsyms]     [k] perf_event_task_tick
     0.03%     0.00%  miniC2D  [kernel.kallsyms]     [k] irqentry_exit_to_user_mode
     0.03%     0.00%  miniC2D  [kernel.kallsyms]     [k] exit_to_user_mode_prepare
     0.03%     0.01%  miniC2D  [kernel.kallsyms]     [k] __count_memcg_events
     0.03%     0.00%  miniC2D  [kernel.kallsyms]     [k] count_memcg_events.constprop.0
     0.03%     0.00%  miniC2D  [heap]                [.] 0x00000000025f137f
     0.03%     0.00%  miniC2D  [heap]                [.] 0x00000000026b8a1f
     0.03%     0.00%  miniC2D  [heap]                [.] 0x00000000025fd0ff
     0.03%     0.00%  miniC2D  [heap]                [.] 0x0000000002653baf
     0.03%     0.00%  miniC2D  [heap]                [.] 0x000000000268ef4f
     0.03%     0.01%  miniC2D  [kernel.kallsyms]     [k] release_pages
     0.03%     0.00%  miniC2D  libc.so.6             [.] 0x00007fe16bcb592c
     0.03%     0.00%  miniC2D  libc.so.6             [.] 0x00007fe16bcb50e3
     0.03%     0.00%  miniC2D  [kernel.kallsyms]     [k] do_mas_align_munmap
     0.03%     0.00%  miniC2D  [kernel.kallsyms]     [k] unmap_region
     0.03%     0.00%  miniC2D  [heap]                [.] 0x00000000025e236f
     0.03%     0.00%  miniC2D  [heap]                [.] 0x000000000268bbef
     0.03%     0.00%  miniC2D  [heap]                [.] 0x000000000259006f
     0.03%     0.00%  miniC2D  [heap]                [.] 0x00000000022dc2af
     0.03%     0.03%  miniC2D  miniC2D               [.] sat_is_instantiated_var
     0.03%     0.00%  miniC2D  [heap]                [.] 0x000000000268e09f
     0.02%     0.00%  miniC2D  [heap]                [.] 0x000000000263d4cf
     0.02%     0.00%  miniC2D  [heap]                [.] 0x000000000268a96f
     0.02%     0.00%  miniC2D  libc.so.6             [.] fscanf
     0.02%     0.01%  miniC2D  miniC2D               [.] balanced_compose_hdtrees
     0.02%     0.00%  miniC2D  miniC2D               [.] eset_union
     0.02%     0.00%  miniC2D  libc.so.6             [.] 0x00007fe16bcc2703
     0.02%     0.00%  miniC2D  miniC2D               [.] sat_state_new
     0.02%     0.00%  miniC2D  [heap]                [.] 0x000000000271b32f
     0.02%     0.00%  miniC2D  [heap]                [.] 0x000000000268d90f
     0.02%     0.00%  miniC2D  [heap]                [.] 0x00000000026ffc2f
     0.02%     0.00%  miniC2D  [heap]                [.] 0x0000000002662bef
     0.02%     0.00%  miniC2D  [heap]                [.] 0x00000000026b474f
     0.02%     0.02%  miniC2D  miniC2D               [.] sat_literal2var
     0.02%     0.00%  miniC2D  libc.so.6             [.] 0x00007fe16bcb5c98
     0.02%     0.00%  miniC2D  [kernel.kallsyms]     [k] __irq_exit_rcu
     0.02%     0.00%  miniC2D  [kernel.kallsyms]     [k] handle_softirqs
     0.02%     0.02%  miniC2D  [kernel.kallsyms]     [k] cgroup_rstat_updated
     0.02%     0.02%  miniC2D  [kernel.kallsyms]     [k] __list_del_entry_valid
     0.02%     0.02%  miniC2D  miniC2D               [.] calloc@plt
     0.02%     0.00%  miniC2D  [heap]                [.] 0x000000000257124f
     0.02%     0.00%  miniC2D  [heap]                [.] 0x000000000268248f
     0.02%     0.00%  miniC2D  [heap]                [.] 0x00000000026019df
     0.02%     0.00%  miniC2D  [heap]                [.] 0x000000000259002f
     0.02%     0.01%  miniC2D  [kernel.kallsyms]     [k] account_user_time
     0.02%     0.02%  miniC2D  miniC2D               [.] vtree_shannon_var
     0.02%     0.00%  miniC2D  [kernel.kallsyms]     [k] tlb_finish_mmu
     0.02%     0.00%  miniC2D  [kernel.kallsyms]     [k] tlb_batch_pages_flush
     0.02%     0.00%  miniC2D  [heap]                [.] 0x000000000269752f
     0.02%     0.00%  miniC2D  [heap]                [.] 0x00000000025e3aaf
     0.02%     0.02%  miniC2D  miniC2D               [.] vtree_is_shannon_node
     0.02%     0.00%  miniC2D  miniC2D               [.] free_hdtree
     0.02%     0.00%  miniC2D  [heap]                [.] 0x000000000259004f
     0.02%     0.00%  miniC2D  [heap]                [.] 0x0000000002654a3f
     0.02%     0.00%  miniC2D  ld-linux-x86-64.so.2  [.] 0x00007fe16c158b27
     0.02%     0.00%  miniC2D  ld-linux-x86-64.so.2  [.] 0x00007fe16c159c7b
     0.02%     0.00%  miniC2D  ld-linux-x86-64.so.2  [.] 0x00007fe16c1582fe
     0.02%     0.00%  miniC2D  [heap]                [.] 0x0000000002653bef
     0.02%     0.01%  miniC2D  [kernel.kallsyms]     [k] mt_find
     0.02%     0.02%  miniC2D  libc.so.6             [.] 0x00000000000a3703
     0.02%     0.02%  miniC2D  [kernel.kallsyms]     [k] blk_cgroup_congested
     0.02%     0.00%  miniC2D  [kernel.kallsyms]     [k] __cgroup_throttle_swaprate
     0.02%     0.01%  miniC2D  [kernel.kallsyms]     [k] folio_add_lru
     0.02%     0.00%  miniC2D  [kernel.kallsyms]     [k] lock_mm_and_find_vma
     0.02%     0.00%  miniC2D  [kernel.kallsyms]     [k] find_vma
     0.02%     0.02%  miniC2D  miniC2D               [.] sat_unmark_clause
     0.02%     0.00%  miniC2D  miniC2D               [.] cnf2hgr_primal
     0.02%     0.02%  miniC2D  libc.so.6             [.] 0x000000000009742e
     0.02%     0.00%  miniC2D  libc.so.6             [.] 0x00007fe16bcb642e
     0.02%     0.01%  miniC2D  miniC2D               [.] Graph::removeEdge
     0.02%     0.02%  miniC2D  libstdc++.so.6.0.30   [.] std::_Rb_tree_insert_and_rebalance
     0.02%     0.00%  miniC2D  miniC2D               [.] fill_edges_etc
     0.02%     0.00%  miniC2D  miniC2D               [.] initialize_hdtree
     0.02%     0.00%  miniC2D  [heap]                [.] 0x0000000002706aef
     0.02%     0.00%  miniC2D  [heap]                [.] 0x000000000268a50f
     0.02%     0.00%  miniC2D  [heap]                [.] 0x000000000260197f
     0.02%     0.00%  miniC2D  [heap]                [.] 0x00000000025fd09f
     0.02%     0.00%  miniC2D  [heap]                [.] 0x000000000271470f
     0.02%     0.00%  miniC2D  [heap]                [.] 0x00000000026089ef
     0.02%     0.00%  miniC2D  [heap]                [.] 0x000000000268e76f
     0.02%     0.00%  miniC2D  [heap]                [.] 0x00000000025fd07f
     0.02%     0.00%  miniC2D  [heap]                [.] 0x000000000268e05f
     0.02%     0.02%  miniC2D  libc.so.6             [.] 0x00000000000961c3
     0.02%     0.00%  miniC2D  libc.so.6             [.] 0x00007fe16bcb51c3
     0.02%     0.01%  miniC2D  [kernel.kallsyms]     [k] update_load_avg
     0.02%     0.01%  miniC2D  [kernel.kallsyms]     [k] change_protection
     0.02%     0.00%  miniC2D  [kernel.kallsyms]     [k] task_work_run
     0.02%     0.00%  miniC2D  [kernel.kallsyms]     [k] task_numa_work
     0.02%     0.00%  miniC2D  [kernel.kallsyms]     [k] change_prot_numa
     0.02%     0.00%  miniC2D  [heap]                [.] 0x0000000002350e0f
     0.02%     0.01%  miniC2D  [kernel.kallsyms]     [k] page_add_new_anon_rmap
     0.02%     0.01%  miniC2D  [kernel.kallsyms]     [k] do_brk_flags
     0.02%     0.02%  miniC2D  [kernel.kallsyms]     [k] trigger_load_balance
     0.02%     0.00%  miniC2D  [heap]                [.] 0x00000000025fd0df
     0.02%     0.02%  miniC2D  libc.so.6             [.] @plt
     0.02%     0.01%  miniC2D  [kernel.kallsyms]     [k] __mod_lruvec_page_state
     0.02%     0.00%  miniC2D  [heap]                [.] 0x000000000265fecf
     0.02%     0.00%  miniC2D  [heap]                [.] 0x000000000265c1ff
     0.02%     0.00%  miniC2D  [heap]                [.] 0x000000000260898f
     0.02%     0.00%  miniC2D  [stack]               [.] 0x00007fff733d51a7
     0.02%     0.00%  miniC2D  [stack]               [.] 0x00007fff733d5f77
     0.02%     0.02%  miniC2D  miniC2D               [.] sat_at_assertion_level
     0.02%     0.00%  miniC2D  [kernel.kallsyms]     [k] run_timer_softirq
     0.02%     0.00%  miniC2D  [kernel.kallsyms]     [k] __run_timers
     0.02%     0.00%  miniC2D  [kernel.kallsyms]     [k] call_timer_fn
     0.02%     0.00%  miniC2D  [kernel.kallsyms]     [k] fq_flush_timeout
     0.02%     0.00%  miniC2D  [heap]                [.] 0x000000000257f31f
     0.02%     0.00%  miniC2D  [heap]                [.] 0x000000000268b2af
     0.02%     0.00%  miniC2D  [heap]                [.] 0x0000000002663c5f
     0.02%     0.00%  miniC2D  [heap]                [.] 0x00000000026a3c8f
     0.02%     0.00%  miniC2D  [heap]                [.] 0x00000000026ca05f
     0.02%     0.00%  miniC2D  [heap]                [.] 0x00000000026b852f
     0.02%     0.00%  miniC2D  [heap]                [.] 0x00000000025fcfff
     0.02%     0.00%  miniC2D  [heap]                [.] 0x00000000026b85cf
     0.02%     0.00%  miniC2D  [kernel.kallsyms]     [k] unmap_vmas
     0.02%     0.00%  miniC2D  [kernel.kallsyms]     [k] unmap_page_range
     0.02%     0.00%  miniC2D  [heap]                [.] 0x0000000002588cbf
     0.02%     0.00%  miniC2D  [heap]                [.] 0x00000000025727cf
     0.02%     0.00%  miniC2D  [kernel.kallsyms]     [k] free_unref_page_list
     0.02%     0.00%  miniC2D  [heap]                [.] 0x0000000002644b4f
     0.02%     0.00%  miniC2D  [heap]                [.] 0x000000000256e1ff
     0.02%     0.02%  miniC2D  libc.so.6             [.] 0x00000000000973ed
     0.02%     0.00%  miniC2D  libc.so.6             [.] 0x00007fe16bcb63ed
     0.02%     0.00%  miniC2D  [heap]                [.] 0x000000000265869f
     0.02%     0.02%  miniC2D  libc.so.6             [.] 0x00000000000961b1
     0.02%     0.00%  miniC2D  libc.so.6             [.] 0x00007fe16bcb51b1
     0.02%     0.00%  miniC2D  [heap]                [.] 0x000000000257f2ff
     0.02%     0.00%  miniC2D  [heap]                [.] 0x00000000026019bf
     0.02%     0.00%  miniC2D  [heap]                [.] 0x00000000026b850f
     0.02%     0.00%  miniC2D  [heap]                [.] 0x000000000263df4f
     0.02%     0.00%  miniC2D  miniC2D               [.] construct_var_map
     0.02%     0.00%  miniC2D  [heap]                [.] 0x000000000269f9df
     0.02%     0.00%  miniC2D  [heap]                [.] 0x00000000026b854f
     0.02%     0.02%  miniC2D  libc.so.6             [.] 0x00000000000a3700
     0.02%     0.00%  miniC2D  libc.so.6             [.] 0x00007fe16bcc2700
     0.02%     0.00%  miniC2D  [heap]                [.] 0x000000000257b9ff
     0.02%     0.00%  miniC2D  [heap]                [.] 0x000000000254779f
     0.01%     0.00%  miniC2D  [heap]                [.] 0x0000000002588b8f
     0.01%     0.00%  miniC2D  [heap]                [.] 0x000000000256691f
     0.01%     0.00%  miniC2D  miniC2D               [.] eset_free
     0.01%     0.00%  miniC2D  [heap]                [.] 0x000000000268cc4f
     0.01%     0.00%  miniC2D  [heap]                [.] 0x000000000264cb0f
     0.01%     0.00%  miniC2D  [heap]                [.] 0x0000000002743a9f
     0.01%     0.01%  miniC2D  [kernel.kallsyms]     [k] _find_first_bit
     0.01%     0.00%  miniC2D  [kernel.kallsyms]     [k] policy_node
     0.01%     0.00%  miniC2D  miniC2D               [.] std::_Rb_tree<int, int, std::_Identity<int>, std::less<int>, std::allocator<int> >::_M_erase
     0.01%     0.00%  miniC2D  [heap]                [.] 0x00000000025a6f4f
     0.01%     0.00%  miniC2D  miniC2D               [.] declare_in_hgr
     0.01%     0.00%  miniC2D  [heap]                [.] 0x000000000273658f
     0.01%     0.00%  miniC2D  miniC2D               [.] std::_Rb_tree<int, int, std::_Identity<int>, std::less<int>, std::allocator<int> >::_M_copy
     0.01%     0.00%  miniC2D  miniC2D               [.] eset_node_new
     0.01%     0.00%  miniC2D  [heap]                [.] 0x000000000273d12f
     0.01%     0.00%  miniC2D  ld-linux-x86-64.so.2  [.] 0x00007fe16c147a47
     0.01%     0.01%  miniC2D  [kernel.kallsyms]     [k] error_entry
     0.01%     0.00%  miniC2D  [heap]                [.] 0x000000000274abaf
     0.01%     0.00%  miniC2D  libc.so.6             [.] 0x00007fe16bcc270b
     0.01%     0.00%  miniC2D  [kernel.kallsyms]     [k] perf_iterate_ctx
     0.01%     0.00%  miniC2D  [kernel.kallsyms]     [k] perf_event_mmap
     0.01%     0.00%  miniC2D  [kernel.kallsyms]     [k] perf_iterate_sb
     0.01%     0.00%  miniC2D  ld-linux-x86-64.so.2  [.] 0x00007fe16c15bd68
     0.01%     0.00%  miniC2D  miniC2D               [.] Graph::Graph
     0.01%     0.00%  miniC2D  [heap]                [.] 0x000000000270d92f
     0.01%     0.00%  miniC2D  [heap]                [.] 0x000000000268eecf
     0.01%     0.00%  miniC2D  [heap]                [.] 0x000000000268eeef
     0.01%     0.01%  miniC2D  libc.so.6             [.] 0x000000000009835f
     0.01%     0.00%  miniC2D  libc.so.6             [.] 0x00007fe16bcb735f
     0.01%     0.00%  miniC2D  [heap]                [.] 0x000000000264fb1f
     0.01%     0.01%  miniC2D  [kernel.kallsyms]     [k] native_write_msr
     0.01%     0.00%  miniC2D  [kernel.kallsyms]     [k] intel_pmu_disable_all
     0.01%     0.00%  miniC2D  miniC2D               [.] construct_cnf_clauses
     0.01%     0.00%  miniC2D  miniC2D               [.] initialize_clause
     0.01%     0.00%  miniC2D  [heap]                [.] 0x000000000272f9ef
     0.01%     0.00%  miniC2D  [heap]                [.] 0x00000000022b6b07
     0.01%     0.01%  miniC2D  libc.so.6             [.] 0x0000000000097ce6
     0.01%     0.00%  miniC2D  libc.so.6             [.] 0x00007fe16bcb6ce6
     0.01%     0.00%  miniC2D  [heap]                [.] 0x00000000027220cf
     0.01%     0.01%  miniC2D  libc.so.6             [.] 0x0000000000096240
     0.01%     0.00%  miniC2D  libc.so.6             [.] 0x00007fe16bcb5240
     0.01%     0.00%  miniC2D  [heap]                [.] 0x000000000271449f
     0.01%     0.01%  miniC2D  libc.so.6             [.] 0x000000000009499a
     0.01%     0.00%  miniC2D  libc.so.6             [.] 0x00007fe16bcb399a
     0.01%     0.01%  miniC2D  libc.so.6             [.] 0x00000000000973b0
     0.01%     0.00%  miniC2D  libc.so.6             [.] 0x00007fe16bcb63b0
     0.01%     0.00%  miniC2D  [heap]                [.] 0x00000000026018bf
     0.01%     0.00%  miniC2D  [kernel.kallsyms]     [k] wp_page_copy
     0.01%     0.00%  miniC2D  [unknown]             [.] 0x000000000000001f
     0.01%     0.01%  miniC2D  [kernel.kallsyms]     [k] fpregs_assert_state_consistent
     0.01%     0.01%  miniC2D  libc.so.6             [.] 0x000000000009624b
     0.01%     0.00%  miniC2D  libc.so.6             [.] 0x00007fe16bcb524b
     0.01%     0.00%  miniC2D  [heap]                [.] 0x00000000026525ef
     0.01%     0.01%  miniC2D  [kernel.kallsyms]     [k] perf_event_mmap_output
     0.01%     0.00%  miniC2D  [heap]                [.] 0x0000000002350e8f
     0.01%     0.00%  miniC2D  [heap]                [.] 0x000000000268087f
     0.01%     0.01%  miniC2D  [kernel.kallsyms]     [k] _raw_spin_lock_irqsave
     0.01%     0.01%  miniC2D  libc.so.6             [.] 0x000000000009508b
     0.01%     0.00%  miniC2D  libc.so.6             [.] 0x00007fe16bcb408b
     0.01%     0.00%  miniC2D  [heap]                [.] 0x00000000025fd01f
     0.01%     0.00%  miniC2D  [heap]                [.] 0x000000000269325f
     0.01%     0.00%  miniC2D  [heap]                [.] 0x000000000268ef2f
     0.01%     0.00%  miniC2D  [heap]                [.] 0x000000000265ee7f
     0.01%     0.00%  miniC2D  [heap]                [.] 0x0000000002662bcf
     0.01%     0.00%  miniC2D  [heap]                [.] 0x0000000002653b6f
     0.01%     0.00%  miniC2D  [heap]                [.] 0x000000000265192f
     0.01%     0.01%  miniC2D  libc.so.6             [.] 0x00000000000973cc
     0.01%     0.00%  miniC2D  libc.so.6             [.] 0x00007fe16bcb63cc
     0.01%     0.00%  miniC2D  [heap]                [.] 0x000000000254662f
     0.01%     0.00%  miniC2D  [heap]                [.] 0x000000000265697f
     0.01%     0.01%  miniC2D  miniC2D               [.] sat_clause2literals
     0.01%     0.00%  miniC2D  [heap]                [.] 0x00000000026b045f
     0.01%     0.00%  miniC2D  [heap]                [.] 0x000000000253af0f
     0.01%     0.00%  miniC2D  [heap]                [.] 0x00000000026b038f
     0.01%     0.00%  miniC2D  [heap]                [.] 0x00000000026b049f
     0.01%     0.00%  miniC2D  [heap]                [.] 0x00000000026b02cf
     0.01%     0.01%  miniC2D  libc.so.6             [.] 0x0000000000096345
     0.01%     0.00%  miniC2D  libc.so.6             [.] 0x00007fe16bcb5345
     0.01%     0.00%  miniC2D  [heap]                [.] 0x000000000268a4af
     0.01%     0.00%  miniC2D  [heap]                [.] 0x000000000268846f
     0.01%     0.00%  miniC2D  [heap]                [.] 0x0000000002653b8f
     0.01%     0.00%  miniC2D  [stack]               [.] 0x00007fff733d519f
     0.01%     0.00%  miniC2D  [heap]                [.] 0x000000000265ee5f
     0.01%     0.00%  miniC2D  [heap]                [.] 0x0000000002663e0f
     0.01%     0.01%  miniC2D  libc.so.6             [.] 0x000000000009614c
     0.01%     0.00%  miniC2D  libc.so.6             [.] 0x00007fe16bcb514c
     0.01%     0.00%  miniC2D  [heap]                [.] 0x00000000026089af
     0.01%     0.01%  miniC2D  miniC2D               [.] free@plt
     0.01%     0.00%  miniC2D  [heap]                [.] 0x000000000263d4af
     0.01%     0.01%  miniC2D  [kernel.kallsyms]     [k] __cgroup_account_cputime_field
     0.01%     0.00%  miniC2D  [heap]                [.] 0x000000000275ebcf
     0.01%     0.00%  miniC2D  [heap]                [.] 0x00000000026ac18f
     0.01%     0.00%  miniC2D  [heap]                [.] 0x00000000026ddee7
     0.01%     0.00%  miniC2D  [heap]                [.] 0x000000000271474f
     0.01%     0.01%  miniC2D  [kernel.kallsyms]     [k] _compound_head
     0.01%     0.00%  miniC2D  [heap]                [.] 0x0000000002588cdf
     0.01%     0.00%  miniC2D  [heap]                [.] 0x000000000265c3af
     0.01%     0.00%  miniC2D  [heap]                [.] 0x000000000256e45f
     0.01%     0.00%  miniC2D  [heap]                [.] 0x00000000026018ff
     0.01%     0.01%  miniC2D  libc.so.6             [.] 0x0000000000096279
     0.01%     0.00%  miniC2D  libc.so.6             [.] 0x00007fe16bcb5279
     0.01%     0.00%  miniC2D  [kernel.kallsyms]     [k] __x64_sys_exit_group
     0.01%     0.00%  miniC2D  [kernel.kallsyms]     [k] do_group_exit
     0.01%     0.00%  miniC2D  [kernel.kallsyms]     [k] do_exit
     0.01%     0.00%  miniC2D  [kernel.kallsyms]     [k] __mmput
     0.01%     0.00%  miniC2D  [kernel.kallsyms]     [k] exit_mmap
     0.01%     0.00%  miniC2D  [kernel.kallsyms]     [k] free_pcppages_bulk
     0.01%     0.00%  miniC2D  [heap]                [.] 0x000000000259539f
     0.01%     0.00%  miniC2D  [heap]                [.] 0x00000000026018df
     0.01%     0.01%  miniC2D  libc.so.6             [.] 0x00000000000961dc
     0.01%     0.00%  miniC2D  libc.so.6             [.] 0x00007fe16bcb51dc
     0.01%     0.00%  miniC2D  libc.so.6             [.] 0x00007fe16bcb514f
     0.01%     0.00%  miniC2D  [heap]                [.] 0x00000000026b5bff
     0.01%     0.00%  miniC2D  [heap]                [.] 0x000000000265ff0f
     0.01%     0.00%  miniC2D  [heap]                [.] 0x000000000258079f
     0.01%     0.01%  miniC2D  libc.so.6             [.] 0x0000000000096155
     0.01%     0.00%  miniC2D  libc.so.6             [.] 0x00007fe16bcb5155
     0.01%     0.00%  miniC2D  [heap]                [.] 0x000000000268c22f
     0.01%     0.00%  miniC2D  [heap]                [.] 0x000000000266f37f
     0.01%     0.00%  miniC2D  [heap]                [.] 0x000000000263dfff
     0.01%     0.01%  miniC2D  libc.so.6             [.] 0x0000000000096188
     0.01%     0.00%  miniC2D  libc.so.6             [.] 0x00007fe16bcb5188
     0.01%     0.00%  miniC2D  [heap]                [.] 0x00000000026077ef
     0.01%     0.00%  miniC2D  [heap]                [.] 0x000000000257122f
     0.01%     0.00%  miniC2D  [heap]                [.] 0x00000000025ced7f
     0.01%     0.00%  miniC2D  [heap]                [.] 0x000000000261babf
     0.01%     0.00%  miniC2D  [heap]                [.] 0x00000000026415af
     0.01%     0.00%  miniC2D  [heap]                [.] 0x00000000024dc97f
     0.01%     0.00%  miniC2D  [heap]                [.] 0x000000000257b9df
     0.01%     0.00%  miniC2D  [heap]                [.] 0x000000000267e92f
     0.01%     0.00%  miniC2D  [heap]                [.] 0x00000000026b5bdf
     0.01%     0.00%  miniC2D  [heap]                [.] 0x000000000267ac1f
     0.01%     0.00%  miniC2D  [heap]                [.] 0x0000000002676f0f
     0.01%     0.00%  miniC2D  [heap]                [.] 0x00000000025807df
     0.01%     0.00%  miniC2D  [heap]                [.] 0x0000000002570fdf
     0.01%     0.00%  miniC2D  miniC2D               [.] Graph::getNeighbors
     0.01%     0.00%  miniC2D  [heap]                [.] 0x000000000268a4cf
     0.01%     0.00%  miniC2D  miniC2D               [.] eset_minus
     0.01%     0.00%  miniC2D  miniC2D               [.] eset_intersection
     0.01%     0.00%  miniC2D  [heap]                [.] 0x000000000268a4ef
     0.01%     0.01%  miniC2D  libc.so.6             [.] 0x0000000000097c8f
     0.01%     0.00%  miniC2D  libc.so.6             [.] 0x00007fe16bcb6c8f
     0.01%     0.00%  miniC2D  [heap]                [.] 0x00000000026a3adf
     0.01%     0.00%  miniC2D  [heap]                [.] 0x00000000026e490f
     0.01%     0.01%  miniC2D  libc.so.6             [.] 0x00000000000965b8
     0.01%     0.00%  miniC2D  libc.so.6             [.] 0x00007fe16bcb55b8
     0.01%     0.00%  miniC2D  [kernel.kallsyms]     [k] folio_batch_move_lru
     0.01%     0.00%  miniC2D  [kernel.kallsyms]     [k] __mem_cgroup_charge
     0.01%     0.01%  miniC2D  [kernel.kallsyms]     [k] update_curr
     0.01%     0.01%  miniC2D  libc.so.6             [.] 0x0000000000095203
     0.01%     0.00%  miniC2D  libc.so.6             [.] 0x00007fe16bcb4203
     0.01%     0.01%  miniC2D  libc.so.6             [.] 0x0000000000096124
     0.01%     0.00%  miniC2D  libc.so.6             [.] 0x00007fe16bcb5124
     0.01%     0.00%  miniC2D  [heap]                [.] 0x000000000268abcf
     0.01%     0.00%  miniC2D  [heap]                [.] 0x0000000002743d6f
     0.01%     0.00%  miniC2D  miniC2D               [.] cset_minus
     0.01%     0.00%  miniC2D  ld-linux-x86-64.so.2  [.] 0x00007fe16c14c410
     0.01%     0.00%  miniC2D  miniC2D               [.] initialize_sat_state
     0.01%     0.01%  miniC2D  miniC2D               [.] std::_Rb_tree_increment@plt
     0.01%     0.00%  miniC2D  miniC2D               [.] minFillScore
     0.01%     0.01%  miniC2D  libc.so.6             [.] 0x000000000005ef81
     0.01%     0.00%  miniC2D  libc.so.6             [.] 0x00007fe16bc7df81
     0.01%     0.00%  miniC2D  libc.so.6             [.] 0x00007fe16bcb7421
     0.01%     0.00%  miniC2D  [stack]               [.] 0x00007fff733d5dbf
     0.01%     0.01%  miniC2D  libc.so.6             [.] 0x000000000009744c
     0.01%     0.00%  miniC2D  libc.so.6             [.] 0x00007fe16bcb644c
     0.01%     0.00%  miniC2D  [heap]                [.] 0x00000000027586ef
     0.01%     0.00%  miniC2D  [heap]                [.] 0x000000000268a94f
     0.01%     0.00%  miniC2D  [heap]                [.] 0x0000000002608a2f
     0.01%     0.00%  miniC2D  [heap]                [.] 0x00000000026b886f
     0.01%     0.00%  miniC2D  [heap]                [.] 0x00000000025fd0bf
     0.01%     0.00%  miniC2D  [heap]                [.] 0x000000000260195f
     0.01%     0.00%  miniC2D  [heap]                [.] 0x0000000002608a0f
     0.01%     0.00%  miniC2D  miniC2D               [.] sat_free_cnf
     0.01%     0.00%  miniC2D  [heap]                [.] 0x000000000268eeaf
     0.01%     0.00%  miniC2D  [heap]                [.] 0x0000000002721edf
     0.01%     0.00%  miniC2D  [heap]                [.] 0x00000000026f1cbf
     0.01%     0.00%  miniC2D  [heap]                [.] 0x00000000026f1c7f
     0.01%     0.01%  miniC2D  libc.so.6             [.] 0x0000000000098342
     0.01%     0.00%  miniC2D  libc.so.6             [.] 0x00007fe16bcb7342
     0.01%     0.01%  miniC2D  ld-linux-x86-64.so.2  [.] 0x0000000000008e06
     0.01%     0.00%  miniC2D  miniC2D               [.] extended_file_name
     0.01%     0.00%  miniC2D  ld-linux-x86-64.so.2  [.] 0x00007fe16c1501f9
     0.01%     0.00%  miniC2D  ld-linux-x86-64.so.2  [.] 0x00007fe16c14debd
     0.01%     0.00%  miniC2D  ld-linux-x86-64.so.2  [.] 0x00007fe16c146e06
     0.01%     0.00%  miniC2D  libc.so.6             [.] 0x00007fe16bcb426b
     0.01%     0.01%  miniC2D  libc.so.6             [.] 0x00000000000950d5
     0.01%     0.00%  miniC2D  [heap]                [.] 0x000000000260868f
     0.01%     0.00%  miniC2D  libc.so.6             [.] 0x00007fe16bcb40d5
     0.01%     0.01%  miniC2D  libc.so.6             [.] 0x000000000005c9d1
     0.01%     0.00%  miniC2D  miniC2D               [.] save_nnf_manager_to_file
     0.01%     0.00%  miniC2D  miniC2D               [.] save_nnf_nodes
     0.01%     0.00%  miniC2D  libc.so.6             [.] _IO_fprintf (inlined)
     0.01%     0.00%  miniC2D  libc.so.6             [.] 0x00007fe16bc7b9d1
     0.01%     0.01%  miniC2D  libc.so.6             [.] 0x00000000000961b9
     0.01%     0.00%  miniC2D  libc.so.6             [.] 0x00007fe16bcb51b9
     0.01%     0.01%  miniC2D  libc.so.6             [.] 0x0000000000082570
     0.01%     0.00%  miniC2D  [stack]               [.] 0x00007fff733d5ff7
     0.01%     0.00%  miniC2D  libc.so.6             [.] 0x00007fe16bca1570
     0.01%     0.01%  miniC2D  [kernel.kallsyms]     [k] should_fail_alloc_page
     0.01%     0.01%  miniC2D  [kernel.kallsyms]     [k] userfaultfd_unmap_complete
     0.01%     0.00%  miniC2D  [stack]               [.] 0x00007fff733d5277
     0.01%     0.01%  miniC2D  [kernel.kallsyms]     [k] update_cfs_group
     0.01%     0.01%  miniC2D  libc.so.6             [.] 0x00000000000975a9
     0.01%     0.00%  miniC2D  libc.so.6             [.] 0x00007fe16bcb65a9
     0.01%     0.01%  miniC2D  libc.so.6             [.] 0x000000000009617e
     0.01%     0.00%  miniC2D  libc.so.6             [.] 0x00007fe16bcb517e
     0.01%     0.00%  miniC2D  [heap]                [.] 0x000000000268848f
     0.01%     0.01%  miniC2D  [kernel.kallsyms]     [k] vm_normal_page
     0.01%     0.01%  miniC2D  [kernel.kallsyms]     [k] effective_cpu_util
     0.01%     0.00%  miniC2D  [kernel.kallsyms]     [k] sugov_update_single_freq
     0.01%     0.00%  miniC2D  [kernel.kallsyms]     [k] sugov_get_util
     0.01%     0.00%  miniC2D  [heap]                [.] 0x00000000022dc38f
     0.01%     0.01%  miniC2D  [kernel.kallsyms]     [k] read_tsc
     0.01%     0.00%  miniC2D  [kernel.kallsyms]     [k] clockevents_program_event
     0.01%     0.00%  miniC2D  [kernel.kallsyms]     [k] ktime_get
     0.01%     0.01%  miniC2D  miniC2D               [.] sat_is_implied_literal
     0.01%     0.00%  miniC2D  miniC2D               [.] var2nnf
     0.01%     0.01%  miniC2D  miniC2D               [.] sat_undo_decide_literal
     0.01%     0.00%  miniC2D  [heap]                [.] 0x0000000002564dff
     0.01%     0.00%  miniC2D  [heap]                [.] 0x0000000002350dff
     0.01%     0.00%  miniC2D  [heap]                [.] 0x0000000002350e07
     0.01%     0.01%  miniC2D  [kernel.kallsyms]     [k] mem_cgroup_from_task
     0.01%     0.01%  miniC2D  libc.so.6             [.] 0x0000000000096b82
     0.01%     0.00%  miniC2D  libc.so.6             [.] 0x00007fe16bcb5b82
     0.01%     0.01%  miniC2D  libc.so.6             [.] 0x0000000000096660
     0.01%     0.00%  miniC2D  libc.so.6             [.] 0x00007fe16bcb5660
     0.01%     0.00%  miniC2D  miniC2D               [.] free_dvtree
     0.01%     0.00%  miniC2D  [heap]                [.] 0x0000000002350d47
     0.01%     0.01%  miniC2D  libc.so.6             [.] 0x00000000000980e2
     0.01%     0.00%  miniC2D  libc.so.6             [.] 0x00007fe16bcb70e2
     0.01%     0.00%  miniC2D  [heap]                [.] 0x000000000268ef0f
     0.01%     0.01%  miniC2D  [kernel.kallsyms]     [k] rmqueue_bulk
     0.01%     0.01%  miniC2D  libc.so.6             [.] 0x0000000000097379
     0.01%     0.00%  miniC2D  libc.so.6             [.] 0x00007fe16bcb6379
     0.01%     0.00%  miniC2D  [stack]               [.] 0x00007fff733d539f
     0.01%     0.00%  miniC2D  [heap]                [.] 0x000000000260a9ef
     0.01%     0.00%  miniC2D  [heap]                [.] 0x000000000235168f
     0.01%     0.00%  miniC2D  [heap]                [.] 0x000000000235167f
     0.01%     0.01%  miniC2D  libc.so.6             [.] 0x000000000009630b
     0.01%     0.00%  miniC2D  libc.so.6             [.] 0x00007fe16bcb530b
     0.01%     0.01%  miniC2D  libc.so.6             [.] 0x0000000000097e96
     0.01%     0.00%  miniC2D  libc.so.6             [.] 0x00007fe16bcb6e96
     0.01%     0.01%  miniC2D  [kernel.kallsyms]     [k] update_sd_lb_stats.constprop.0
     0.01%     0.00%  miniC2D  [kernel.kallsyms]     [k] rebalance_domains
     0.01%     0.00%  miniC2D  [kernel.kallsyms]     [k] load_balance
     0.01%     0.00%  miniC2D  [kernel.kallsyms]     [k] find_busiest_group
     0.01%     0.01%  miniC2D  libc.so.6             [.] 0x00000000000a370b
     0.01%     0.00%  miniC2D  [heap]                [.] 0x0000000002351287
     0.01%     0.00%  miniC2D  [heap]                [.] 0x0000000002351d37
     0.01%     0.01%  miniC2D  miniC2D               [.] vtree_is_leaf
     0.01%     0.00%  miniC2D  [stack]               [.] 0x00007fff733d57af
     0.01%     0.00%  miniC2D  [heap]                [.] 0x00000000022dc0ef
     0.01%     0.00%  miniC2D  [heap]                [.] 0x000000000265ee3f
     0.01%     0.00%  miniC2D  [stack]               [.] 0x00007fff733d546f
     0.01%     0.01%  miniC2D  libc.so.6             [.] 0x000000000009736b
     0.01%     0.00%  miniC2D  libc.so.6             [.] 0x00007fe16bcb636b
     0.01%     0.01%  miniC2D  [kernel.kallsyms]     [k] sync_regs
     0.01%     0.00%  miniC2D  libc.so.6             [.] 0x00007fe16bdf1cbf
     0.01%     0.00%  miniC2D  [heap]                [.] 0x00000000023f0b2f
     0.01%     0.00%  miniC2D  [heap]                [.] 0x00000000026824ef
     0.01%     0.00%  miniC2D  [heap]                [.] 0x0000000002743daf
     0.01%     0.01%  miniC2D  [kernel.kallsyms]     [k] mtree_range_walk
     0.01%     0.00%  miniC2D  [heap]                [.] 0x00000000022b6be7
     0.01%     0.00%  miniC2D  [heap]                [.] 0x00000000022dc00f
     0.01%     0.00%  miniC2D  [stack]               [.] 0x00007fff733d5a1f
     0.01%     0.00%  miniC2D  [heap]                [.] 0x00000000022dcb6f
     0.01%     0.00%  miniC2D  [heap]                [.] 0x0000000002351477
     0.01%     0.00%  miniC2D  [heap]                [.] 0x00000000023513ef
     0.01%     0.00%  miniC2D  [heap]                [.] 0x0000000002647fdf
     0.01%     0.00%  miniC2D  [heap]                [.] 0x00000000025fd05f
     0.01%     0.00%  miniC2D  [heap]                [.] 0x000000000275cd4f
     0.01%     0.00%  miniC2D  [heap]                [.] 0x000000000261805f
     0.01%     0.00%  miniC2D  [heap]                [.] 0x000000000272210f
     0.01%     0.01%  miniC2D  [kernel.kallsyms]     [k] syscall_exit_to_user_mode
     0.01%     0.00%  miniC2D  [heap]                [.] 0x000000000268bc2f
     0.01%     0.01%  miniC2D  [kernel.kallsyms]     [k] __perf_event__output_id_sample
     0.01%     0.01%  miniC2D  libc.so.6             [.] 0x0000000000098480
     0.01%     0.00%  miniC2D  libc.so.6             [.] 0x00007fe16bcb7480
     0.01%     0.00%  miniC2D  [heap]                [.] 0x0000000002350cd7
     0.01%     0.00%  miniC2D  [heap]                [.] 0x000000000268ef6f
     0.01%     0.00%  miniC2D  [heap]                [.] 0x00000000026a7dcf
     0.01%     0.00%  miniC2D  [heap]                [.] 0x000000000265a4af
     0.01%     0.00%  miniC2D  [heap]                [.] 0x000000000254be7f
     0.01%     0.00%  miniC2D  [heap]                [.] 0x0000000002663b5f
     0.01%     0.00%  miniC2D  [heap]                [.] 0x00000000026228cf
     0.01%     0.01%  miniC2D  [kernel.kallsyms]     [k] syscall_return_via_sysret
     0.01%     0.01%  miniC2D  libc.so.6             [.] 0x000000000009628d
     0.01%     0.00%  miniC2D  libc.so.6             [.] 0x00007fe16bcb528d
     0.01%     0.01%  miniC2D  libc.so.6             [.] 0x0000000000097af8
     0.01%     0.00%  miniC2D  libc.so.6             [.] 0x00007fe16bcb6af8
     0.01%     0.00%  miniC2D  [heap]                [.] 0x000000000258debf
     0.01%     0.00%  miniC2D  [heap]                [.] 0x00000000027589df
     0.01%     0.00%  miniC2D  [heap]                [.] 0x000000000263c15f
     0.01%     0.00%  miniC2D  [heap]                [.] 0x0000000002590a37
     0.01%     0.01%  miniC2D  libc.so.6             [.] 0x0000000000097a81
     0.01%     0.00%  miniC2D  libc.so.6             [.] 0x00007fe16bcb6a81
     0.01%     0.01%  miniC2D  libc.so.6             [.] 0x000000000009741b
     0.01%     0.00%  miniC2D  libc.so.6             [.] 0x00007fe16bcb641b
     0.01%     0.01%  miniC2D  libc.so.6             [.] 0x0000000000097f02
     0.01%     0.00%  miniC2D  libc.so.6             [.] 0x00007fe16bcb6f02
     0.01%     0.01%  miniC2D  [kernel.kallsyms]     [k] reweight_entity
     0.01%     0.00%  miniC2D  [heap]                [.] 0x000000000260236f
     0.01%     0.00%  miniC2D  [heap]                [.] 0x0000000002619f1f
     0.01%     0.01%  miniC2D  libc.so.6             [.] 0x00000000000975f8
     0.01%     0.00%  miniC2D  libc.so.6             [.] 0x00007fe16bcb65f8
     0.01%     0.01%  miniC2D  libc.so.6             [.] 0x000000000009777a
     0.01%     0.00%  miniC2D  libc.so.6             [.] 0x00007fe16bcb677a
     0.01%     0.00%  miniC2D  [heap]                [.] 0x000000000256897f
     0.01%     0.00%  miniC2D  [heap]                [.] 0x0000000002586e6f
     0.01%     0.00%  miniC2D  [heap]                [.] 0x00000000026b6d2f
     0.01%     0.00%  miniC2D  [heap]                [.] 0x00000000025477df
     0.01%     0.01%  miniC2D  libc.so.6             [.] 0x00000000000973e9
     0.01%     0.00%  miniC2D  libc.so.6             [.] 0x00007fe16bcb63e9
     0.01%     0.00%  miniC2D  [heap]                [.] 0x0000000002588b6f
     0.01%     0.01%  miniC2D  libc.so.6             [.] __sbrk
     0.01%     0.00%  miniC2D  [unknown]             [.] 0x000000000000002f
     0.01%     0.00%  miniC2D  [heap]                [.] 0x00000000026b85af
     0.01%     0.01%  miniC2D  [kernel.kallsyms]     [k] timerqueue_add
     0.01%     0.00%  miniC2D  [kernel.kallsyms]     [k] enqueue_hrtimer
     0.01%     0.01%  miniC2D  libc.so.6             [.] 0x0000000000097e6d
     0.01%     0.00%  miniC2D  libc.so.6             [.] 0x00007fe16bcb6e6d
     0.01%     0.00%  miniC2D  [heap]                [.] 0x000000000235102f
     0.01%     0.00%  miniC2D  [heap]                [.] 0x0000000002608f9f
     0.01%     0.00%  miniC2D  [heap]                [.] 0x000000000262259f
     0.01%     0.00%  miniC2D  [heap]                [.] 0x000000000257f2df
     0.01%     0.01%  miniC2D  libc.so.6             [.] 0x0000000000096162
     0.01%     0.00%  miniC2D  libc.so.6             [.] 0x00007fe16bcb5162
     0.01%     0.00%  miniC2D  [stack]               [.] 0x00007fff733d5267
     0.01%     0.01%  miniC2D  libc.so.6             [.] 0x00000000000961e0
     0.01%     0.00%  miniC2D  libc.so.6             [.] 0x00007fe16bcb51e0
     0.01%     0.00%  miniC2D  [heap]                [.] 0x00000000025a707f
     0.01%     0.00%  miniC2D  [heap]                [.] 0x00000000024d5aef
     0.01%     0.01%  miniC2D  libc.so.6             [.] 0x000000000009778b
     0.01%     0.00%  miniC2D  libc.so.6             [.] 0x00007fe16bcb678b
     0.01%     0.00%  miniC2D  [heap]                [.] 0x000000000256514f
     0.01%     0.01%  miniC2D  libc.so.6             [.] 0x0000000000096284
     0.01%     0.00%  miniC2D  libc.so.6             [.] 0x00007fe16bcb5284
     0.01%     0.01%  miniC2D  libc.so.6             [.] 0x00000000000961a1
     0.01%     0.00%  miniC2D  libc.so.6             [.] 0x00007fe16bcb51a1
     0.01%     0.01%  miniC2D  libc.so.6             [.] 0x0000000000095223
     0.01%     0.00%  miniC2D  libc.so.6             [.] 0x00007fe16bcb4223
     0.01%     0.00%  miniC2D  [heap]                [.] 0x00000000025807ff
     0.01%     0.00%  miniC2D  [heap]                [.] 0x0000000002351627
     0.01%     0.00%  miniC2D  [heap]                [.] 0x00000000025fb79f
     0.01%     0.01%  miniC2D  libc.so.6             [.] 0x0000000000098340
     0.01%     0.00%  miniC2D  libc.so.6             [.] 0x00007fe16bcb7340
     0.01%     0.00%  miniC2D  [heap]                [.] 0x000000000253d23f
     0.01%     0.00%  miniC2D  [heap]                [.] 0x00000000022dc1cf
     0.01%     0.00%  miniC2D  [heap]                [.] 0x00000000026b5bbf
     0.01%     0.01%  miniC2D  libc.so.6             [.] 0x0000000000096289
     0.01%     0.00%  miniC2D  [heap]                [.] 0x0000000002654a37
     0.01%     0.00%  miniC2D  libc.so.6             [.] 0x00007fe16bcb5289
     0.01%     0.00%  miniC2D  [heap]                [.] 0x000000000254329f
     0.01%     0.00%  miniC2D  [heap]                [.] 0x000000000273cdaf
     0.01%     0.00%  miniC2D  [heap]                [.] 0x000000000270d96f
     0.01%     0.00%  miniC2D  libc.so.6             [.] 0x00007fe16bcb42af
     0.01%     0.00%  miniC2D  [heap]                [.] 0x00000000025785ff
     0.01%     0.01%  miniC2D  libc.so.6             [.] 0x0000000000096299
     0.01%     0.00%  miniC2D  libc.so.6             [.] 0x00007fe16bcb5299
     0.01%     0.00%  miniC2D  [heap]                [.] 0x00000000025e0c8f
     0.01%     0.00%  miniC2D  [heap]                [.] 0x000000000268d8ef
     0.01%     0.01%  miniC2D  libc.so.6             [.] 0x00000000000961e8
     0.01%     0.00%  miniC2D  libc.so.6             [.] 0x00007fe16bcb51e8
     0.01%     0.00%  miniC2D  [unknown]             [.] 0x0000000000000002
     0.01%     0.01%  miniC2D  libc.so.6             [.] 0x0000000000097ce2
     0.01%     0.00%  miniC2D  libc.so.6             [.] 0x00007fe16bcb6ce2
     0.01%     0.00%  miniC2D  [heap]                [.] 0x00000000025846cf
     0.01%     0.00%  miniC2D  [heap]                [.] 0x000000000258523f
     0.01%     0.00%  miniC2D  libc.so.6             [.] 0x00007fe16bc46250
     0.01%     0.00%  miniC2D  libc.so.6             [.] exit
     0.01%     0.00%  miniC2D  libc.so.6             [.] 0x00007fe16bc5d55c
     0.01%     0.00%  miniC2D  libstdc++.so.6.0.30   [.] std::ios_base::Init::~Init
     0.01%     0.00%  miniC2D  libstdc++.so.6.0.30   [.] std::basic_ostream<wchar_t, std::char_traits<wchar_t> >::flush
     0.01%     0.01%  miniC2D  libc.so.6             [.] 0x0000000000097496
     0.01%     0.00%  miniC2D  libc.so.6             [.] 0x00007fe16bcb6496
     0.01%     0.00%  miniC2D  [heap]                [.] 0x0000000002681b9f
     0.01%     0.00%  miniC2D  [heap]                [.] 0x00000000026b84ef
     0.01%     0.00%  miniC2D  [heap]                [.] 0x0000000002606bcf
     0.01%     0.00%  miniC2D  [heap]                [.] 0x000000000265499f
     0.01%     0.00%  miniC2D  [heap]                [.] 0x00000000026600df
     0.01%     0.01%  miniC2D  [kernel.kallsyms]     [k] __mod_memcg_lruvec_state
     0.01%     0.00%  miniC2D  [kernel.kallsyms]     [k] page_remove_rmap
     0.01%     0.00%  miniC2D  [heap]                [.] 0x0000000002688c5f
     0.01%     0.00%  miniC2D  [heap]                [.] 0x000000000256155f
     0.01%     0.01%  miniC2D  libc.so.6             [.] 0x0000000000096339
     0.01%     0.00%  miniC2D  libc.so.6             [.] 0x00007fe16bcb5339
     0.01%     0.01%  miniC2D  libc.so.6             [.] 0x0000000000096b49
     0.01%     0.00%  miniC2D  libc.so.6             [.] 0x00007fe16bcb5b49
     0.01%     0.01%  miniC2D  libc.so.6             [.] 0x000000000009814b
     0.01%     0.00%  miniC2D  libc.so.6             [.] 0x00007fe16bcb714b
     0.01%     0.01%  miniC2D  [kernel.kallsyms]     [k] __mod_node_page_state
     0.01%     0.00%  miniC2D  [kernel.kallsyms]     [k] __mod_lruvec_state
     0.01%     0.01%  miniC2D  [kernel.kallsyms]     [k] __free_one_page
     0.01%     0.01%  miniC2D  libc.so.6             [.] 0x00000000000952a0
     0.01%     0.00%  miniC2D  libc.so.6             [.] 0x00007fe16bcb42a0
     0.01%     0.00%  miniC2D  [heap]                [.] 0x00000000026b856f
     0.01%     0.01%  miniC2D  libc.so.6             [.] 0x0000000000097414
     0.01%     0.00%  miniC2D  libc.so.6             [.] 0x00007fe16bcb6414
     0.01%     0.00%  miniC2D  [heap]                [.] 0x00000000026a7f3f
     0.01%     0.00%  miniC2D  [heap]                [.] 0x000000000256e13f
     0.01%     0.00%  miniC2D  [heap]                [.] 0x00000000025c428f
     0.01%     0.01%  miniC2D  libc.so.6             [.] 0x00000000000983eb
     0.01%     0.00%  miniC2D  libc.so.6             [.] 0x00007fe16bdf1c5f
     0.01%     0.00%  miniC2D  libc.so.6             [.] 0x00007fe16bcb73eb
     0.01%     0.01%  miniC2D  libc.so.6             [.] 0x0000000000097928
     0.01%     0.00%  miniC2D  libc.so.6             [.] 0x00007fe16bcb6928
     0.01%     0.00%  miniC2D  [heap]                [.] 0x00000000025b84af
     0.01%     0.00%  miniC2D  [heap]                [.] 0x0000000002587edf
     0.01%     0.00%  miniC2D  [heap]                [.] 0x0000000002609e0f
     0.01%     0.00%  miniC2D  [heap]                [.] 0x0000000002667acf
     0.01%     0.00%  miniC2D  [heap]                [.] 0x00000000025d28ff
     0.01%     0.00%  miniC2D  [heap]                [.] 0x00000000025b0a4f
     0.01%     0.00%  miniC2D  [heap]                [.] 0x0000000002628f5f
     0.01%     0.00%  miniC2D  [heap]                [.] 0x00000000026089cf
     0.01%     0.00%  miniC2D  [heap]                [.] 0x00000000026011bf
     0.01%     0.01%  miniC2D  libc.so.6             [.] 0x0000000000096218
     0.01%     0.00%  miniC2D  libc.so.6             [.] 0x00007fe16bcb5218
     0.01%     0.00%  miniC2D  [heap]                [.] 0x00000000025e0d3f
     0.01%     0.01%  miniC2D  libc.so.6             [.] 0x0000000000097ce0
     0.01%     0.00%  miniC2D  libc.so.6             [.] 0x00007fe16bcb6ce0
     0.01%     0.00%  miniC2D  anon                  [.] 0x00007fe16bbfb9ef
     0.01%     0.01%  miniC2D  libc.so.6             [.] 0x00000000000965c6
     0.01%     0.00%  miniC2D  libc.so.6             [.] 0x00007fe16bcb55c6
     0.01%     0.01%  miniC2D  libc.so.6             [.] 0x0000000000097af6
     0.01%     0.00%  miniC2D  libc.so.6             [.] 0x00007fe16bcb6af6
     0.01%     0.01%  miniC2D  miniC2D               [.] adjust_positions_and_var_counts
     0.01%     0.00%  miniC2D  miniC2D               [.] ensure_variable_occurences
     0.01%     0.00%  miniC2D  [heap]                [.] 0x00000000027365cf
     0.01%     0.00%  miniC2D  [heap]                [.] 0x000000000263df6f
     0.01%     0.00%  miniC2D  [heap]                [.] 0x000000000265c25f
     0.01%     0.00%  miniC2D  [heap]                [.] 0x00000000025851ff
     0.01%     0.00%  miniC2D  [heap]                [.] 0x000000000258459f
     0.01%     0.01%  miniC2D  libc.so.6             [.] 0x000000000009749d
     0.01%     0.00%  miniC2D  libc.so.6             [.] 0x00007fe16bcb649d
     0.01%     0.00%  miniC2D  [heap]                [.] 0x000000000253d0ef
     0.01%     0.00%  miniC2D  [heap]                [.] 0x000000000274a93f
     0.01%     0.01%  miniC2D  [kernel.kallsyms]     [k] free_iova
     0.01%     0.00%  miniC2D  [kernel.kallsyms]     [k] fq_ring_free
     0.01%     0.00%  miniC2D  [heap]                [.] 0x000000000262bc5f
     0.01%     0.01%  miniC2D  libc.so.6             [.] 0x0000000000095227
     0.01%     0.00%  miniC2D  libc.so.6             [.] 0x00007fe16bcb4227
     0.01%     0.01%  miniC2D  libc.so.6             [.] 0x0000000000096126
     0.01%     0.00%  miniC2D  libc.so.6             [.] 0x00007fe16bcb5126
     0.01%     0.00%  miniC2D  [unknown]             [.] 0x0000000000000001
     0.01%     0.00%  miniC2D  [heap]                [.] 0x00000000025c2a3f
     0.01%     0.00%  miniC2D  [heap]                [.] 0x000000000268e80f
     0.01%     0.00%  miniC2D  [heap]                [.] 0x0000000002688f6f
     0.01%     0.01%  miniC2D  libc.so.6             [.] 0x000000000009612b
     0.01%     0.00%  miniC2D  [heap]                [.] 0x00000000025fb53f
     0.01%     0.00%  miniC2D  libc.so.6             [.] 0x00007fe16bcb512b
     0.01%     0.00%  miniC2D  [heap]                [.] 0x00000000026b6d4f
     0.01%     0.00%  miniC2D  [heap]                [.] 0x000000000258fabf
     0.01%     0.00%  miniC2D  [heap]                [.] 0x000000000271b36f
     0.01%     0.00%  miniC2D  [heap]                [.] 0x00000000023f140f
     0.01%     0.01%  miniC2D  [kernel.kallsyms]     [k] native_read_msr
     0.01%     0.00%  miniC2D  [kernel.kallsyms]     [k] arch_scale_freq_tick
     0.01%     0.00%  miniC2D  [heap]                [.] 0x000000000257e04f
     0.01%     0.01%  miniC2D  [kernel.kallsyms]     [k] native_set_pte
     0.01%     0.00%  miniC2D  [kernel.kallsyms]     [k] set_pte
     0.01%     0.01%  miniC2D  libc.so.6             [.] 0x0000000000096228
     0.01%     0.00%  miniC2D  libc.so.6             [.] 0x00007fe16bcb5228
     0.01%     0.00%  miniC2D  [heap]                [.] 0x000000000266f4e7
     0.01%     0.00%  miniC2D  [heap]                [.] 0x000000000256e79f
     0.01%     0.00%  miniC2D  [heap]                [.] 0x000000000254c05f
     0.01%     0.00%  miniC2D  [heap]                [.] 0x000000000268efe7
     0.01%     0.00%  miniC2D  [heap]                [.] 0x0000000002663c3f
     0.01%     0.01%  miniC2D  libc.so.6             [.] 0x0000000000096196
     0.01%     0.00%  miniC2D  libc.so.6             [.] 0x00007fe16bcb5196
     0.01%     0.00%  miniC2D  [heap]                [.] 0x00000000025c309f
     0.01%     0.00%  miniC2D  [heap]                [.] 0x0000000002628e8f
     0.01%     0.01%  miniC2D  libc.so.6             [.] 0x000000000009739f
     0.01%     0.00%  miniC2D  libc.so.6             [.] 0x00007fe16bcb639f
     0.01%     0.00%  miniC2D  [heap]                [.] 0x00000000025e046f
     0.01%     0.00%  miniC2D  [heap]                [.] 0x000000000254d46f
     0.01%     0.00%  miniC2D  [heap]                [.] 0x00000000025851df
     0.01%     0.01%  miniC2D  [kernel.kallsyms]     [k] cpuacct_account_field
     0.01%     0.00%  miniC2D  [heap]                [.] 0x0000000002693257
     0.01%     0.01%  miniC2D  libc.so.6             [.] 0x000000000009614f
     0.01%     0.00%  miniC2D  [heap]                [.] 0x000000000254be9f
     0.01%     0.01%  miniC2D  libc.so.6             [.] 0x000000000009793a
     0.01%     0.00%  miniC2D  libc.so.6             [.] 0x00007fe16bcb693a
     0.01%     0.00%  miniC2D  [heap]                [.] 0x0000000002676d9f
     0.01%     0.00%  miniC2D  [heap]                [.] 0x00000000026895af
     0.01%     0.01%  miniC2D  libc.so.6             [.] 0x00000000000983ce
     0.01%     0.00%  miniC2D  libc.so.6             [.] 0x00007fe16bcb73ce
     0.01%     0.00%  miniC2D  [heap]                [.] 0x000000000257126f
     0.01%     0.01%  miniC2D  libc.so.6             [.] 0x0000000000098386
     0.01%     0.00%  miniC2D  libc.so.6             [.] 0x00007fe16bcb7386
     0.01%     0.01%  miniC2D  miniC2D               [.] new_literal_node
     0.01%     0.00%  miniC2D  miniC2D               [.] construct_nnf_manager
     0.01%     0.00%  miniC2D  [heap]                [.] 0x00000000026288ef
     0.01%     0.01%  miniC2D  libc.so.6             [.] 0x0000000000095073
     0.01%     0.00%  miniC2D  libc.so.6             [.] 0x00007fe16bcb532e
     0.01%     0.00%  miniC2D  libc.so.6             [.] 0x00007fe16bcb4073
     0.01%     0.00%  miniC2D  [heap]                [.] 0x000000000266b7df
     0.01%     0.00%  miniC2D  [heap]                [.] 0x000000000268a86f
     0.00%     0.00%  miniC2D  [heap]                [.] 0x00000000025fd03f
     0.00%     0.00%  miniC2D  libc.so.6             [.] 0x000000000009638e
     0.00%     0.00%  miniC2D  libc.so.6             [.] 0x00007fe16bcb538e
     0.00%     0.00%  miniC2D  [heap]                [.] 0x00000000025e2497
     0.00%     0.00%  miniC2D  [heap]                [.] 0x000000000268263f
     0.00%     0.00%  miniC2D  libc.so.6             [.] 0x00000000000979d1
     0.00%     0.00%  miniC2D  libc.so.6             [.] 0x00007fe16bcb69d1
     0.00%     0.00%  miniC2D  libc.so.6             [.] 0x0000000000098133
     0.00%     0.00%  miniC2D  libc.so.6             [.] 0x00007fe16bcb7133
     0.00%     0.00%  miniC2D  libc.so.6             [.] 0x000000000009628b
     0.00%     0.00%  miniC2D  [heap]                [.] 0x00000000024d2b1f
     0.00%     0.00%  miniC2D  libc.so.6             [.] 0x00007fe16bcb528b
     0.00%     0.00%  miniC2D  [heap]                [.] 0x0000000002570f7f
     0.00%     0.00%  miniC2D  [heap]                [.] 0x000000000258521f
     0.00%     0.00%  miniC2D  [heap]                [.] 0x000000000263605f
     0.00%     0.00%  miniC2D  [stack]               [.] 0x00007fff733d526f
     0.00%     0.00%  miniC2D  [stack]               [.] 0x00007fff733d52cf
     0.00%     0.00%  miniC2D  [heap]                [.] 0x000000000256e21f
     0.00%     0.00%  miniC2D  [heap]                [.] 0x000000000255663f
     0.00%     0.00%  miniC2D  [heap]                [.] 0x0000000002548fef
     0.00%     0.00%  miniC2D  [heap]                [.] 0x000000000263afdf
     0.00%     0.00%  miniC2D  libc.so.6             [.] 0x000000000009626b
     0.00%     0.00%  miniC2D  libc.so.6             [.] 0x00007fe16bcb526b
     0.00%     0.00%  miniC2D  [heap]                [.] 0x000000000257b7ff
     0.00%     0.00%  miniC2D  [heap]                [.] 0x0000000002619d9f
     0.00%     0.00%  miniC2D  libc.so.6             [.] 0x00000000000983b0
     0.00%     0.00%  miniC2D  libc.so.6             [.] 0x00007fe16bcb73b0
     0.00%     0.00%  miniC2D  [heap]                [.] 0x000000000268d26f
     0.00%     0.00%  miniC2D  libc.so.6             [.] 0x00000000000973d5
     0.00%     0.00%  miniC2D  libc.so.6             [.] 0x00007fe16bcb63d5
     0.00%     0.00%  miniC2D  [heap]                [.] 0x00000000025fda6f
     0.00%     0.00%  miniC2D  [heap]                [.] 0x000000000254bb8f
     0.00%     0.00%  miniC2D  [heap]                [.] 0x000000000260f81f
     0.00%     0.00%  miniC2D  [unknown]             [.] 0x0000000000000026
     0.00%     0.00%  miniC2D  [heap]                [.] 0x00000000026b026f
     0.00%     0.00%  miniC2D  [heap]                [.] 0x0000000002584ecf
     0.00%     0.00%  miniC2D  [heap]                [.] 0x00000000026731ff
     0.00%     0.00%  miniC2D  [heap]                [.] 0x0000000002545adf
     0.00%     0.00%  miniC2D  [heap]                [.] 0x00000000026a7daf
     0.00%     0.00%  miniC2D  libc.so.6             [.] 0x00000000000973f1
     0.00%     0.00%  miniC2D  libc.so.6             [.] 0x00007fe16bcb63f1
     0.00%     0.00%  miniC2D  [heap]                [.] 0x000000000268d28f
     0.00%     0.00%  miniC2D  [heap]                [.] 0x000000000265405f
     0.00%     0.00%  miniC2D  [heap]                [.] 0x000000000265087f
     0.00%     0.00%  miniC2D  [heap]                [.] 0x000000000272f9af
     0.00%     0.00%  miniC2D  [heap]                [.] 0x00000000026b02af
     0.00%     0.00%  miniC2D  [heap]                [.] 0x000000000264ba3f
     0.00%     0.00%  miniC2D  [heap]                [.] 0x000000000268996f
     0.00%     0.00%  miniC2D  libc.so.6             [.] 0x0000000000097450
     0.00%     0.00%  miniC2D  [heap]                [.] 0x000000000268877f
     0.00%     0.00%  miniC2D  [heap]                [.] 0x00000000026b459f
     0.00%     0.00%  miniC2D  [heap]                [.] 0x000000000264987f
     0.00%     0.00%  miniC2D  [heap]                [.] 0x00000000026889cf
     0.00%     0.00%  miniC2D  [heap]                [.] 0x000000000268b28f
     0.00%     0.00%  miniC2D  [heap]                [.] 0x0000000002689dcf
     0.00%     0.00%  miniC2D  [kernel.kallsyms]     [k] vm_mmap_pgoff
     0.00%     0.00%  miniC2D  [kernel.kallsyms]     [k] do_mmap
     0.00%     0.00%  miniC2D  [kernel.kallsyms]     [k] mmap_region
     0.00%     0.00%  miniC2D  ld-linux-x86-64.so.2  [.] 0x00000000000092e0
     0.00%     0.00%  miniC2D  ld-linux-x86-64.so.2  [.] 0x00007fe16c1472e0
     0.00%     0.00%  miniC2D  [heap]                [.] 0x000000000275172f
     0.00%     0.00%  miniC2D  libc.so.6             [.] 0x00000000000961f9
     0.00%     0.00%  miniC2D  miniC2D               [.] cset_free
     0.00%     0.00%  miniC2D  libc.so.6             [.] 0x00007fe16bcb51f9
     0.00%     0.00%  miniC2D  libc.so.6             [.] 0x0000000000097668
     0.00%     0.00%  miniC2D  libc.so.6             [.] 0x00007fe16bcb6668
     0.00%     0.00%  miniC2D  [heap]                [.] 0x000000000254ff2f
     0.00%     0.00%  miniC2D  [heap]                [.] 0x00000000025fb73f
     0.00%     0.00%  miniC2D  libc.so.6             [.] 0x00000000000973bc
     0.00%     0.00%  miniC2D  libc.so.6             [.] 0x00007fe16bcb63bc
     0.00%     0.00%  miniC2D  [heap]                [.] 0x00000000026549ff
     0.00%     0.00%  miniC2D  ld-linux-x86-64.so.2  [.] 0x000000000000e35a
     0.00%     0.00%  miniC2D  ld-linux-x86-64.so.2  [.] 0x00007fe16c14c35a
     0.00%     0.00%  miniC2D  [heap]                [.] 0x000000000265c36f
     0.00%     0.00%  miniC2D  [heap]                [.] 0x000000000268e82f
     0.00%     0.00%  miniC2D  [heap]                [.] 0x00000000026731bf
     0.00%     0.00%  miniC2D  [heap]                [.] 0x000000000256208f
     0.00%     0.00%  miniC2D  [heap]                [.] 0x000000000258b25f
     0.00%     0.00%  miniC2D  [heap]                [.] 0x00000000025a1d1f
     0.00%     0.00%  miniC2D  [heap]                [.] 0x00000000026b88af
     0.00%     0.00%  miniC2D  [heap]                [.] 0x00000000026d0a7f
     0.00%     0.00%  miniC2D  [heap]                [.] 0x00000000023f1907
     0.00%     0.00%  miniC2D  [heap]                [.] 0x00000000026d73cf
     0.00%     0.00%  miniC2D  miniC2D               [.] initialize_watched_literals
     0.00%     0.00%  miniC2D  [heap]                [.] 0x000000000275cb4f
     0.00%     0.00%  miniC2D  libc.so.6             [.] 0x00000000000978c5
     0.00%     0.00%  miniC2D  libc.so.6             [.] 0x00007fe16bcb68c5
     0.00%     0.00%  miniC2D  [heap]                [.] 0x00000000026d746f
     0.00%     0.00%  miniC2D  ld-linux-x86-64.so.2  [.] 0x00007fe16c15be7e
     0.00%     0.00%  miniC2D  libc.so.6             [.] __libc_early_init
     0.00%     0.00%  miniC2D  [heap]                [.] 0x00000000026f1c9f
     0.00%     0.00%  miniC2D  [heap]                [.] 0x000000000275889f
     0.00%     0.00%  miniC2D  miniC2D               [.] hgr_new
     0.00%     0.00%  miniC2D  libc.so.6             [.] 0x00000000000974a6
     0.00%     0.00%  miniC2D  libc.so.6             [.] 0x00007fe16bcb64a6
     0.00%     0.00%  miniC2D  libc.so.6             [.] 0x0000000000096135
     0.00%     0.00%  miniC2D  libc.so.6             [.] 0x00007fe16bcb5135
     0.00%     0.00%  miniC2D  libc.so.6             [.] 0x000000000005f00b
     0.00%     0.00%  miniC2D  libc.so.6             [.] 0x00007fe16bc7e00b
     0.00%     0.00%  miniC2D  ld-linux-x86-64.so.2  [.] 0x0000000000008e22
     0.00%     0.00%  miniC2D  ld-linux-x86-64.so.2  [.] 0x00007fe16c146e22
     0.00%     0.00%  miniC2D  [heap]                [.] 0x00000000023bfd9f
     0.00%     0.00%  miniC2D  [heap]                [.] 0x0000000002759eaf
     0.00%     0.00%  miniC2D  libc.so.6             [.] 0x000000000005f126
     0.00%     0.00%  miniC2D  libc.so.6             [.] 0x00007fe16bc7e126
     0.00%     0.00%  miniC2D  miniC2D               [.] construct_cnf_vars_and_literals
     0.00%     0.00%  miniC2D  [kernel.kallsyms]     [k] entry_SYSRETQ_unsafe_stack
     0.00%     0.00%  miniC2D  libc.so.6             [.] clock
     0.00%     0.00%  miniC2D  libc.so.6             [.] clock_gettime
     0.00%     0.00%  miniC2D  [vdso]                [.] __vdso_clock_gettime
     0.00%     0.00%  miniC2D  libc.so.6             [.] 0x000000000005efd9
     0.00%     0.00%  miniC2D  libc.so.6             [.] 0x00007fe16bc7dfd9
     0.00%     0.00%  miniC2D  libc.so.6             [.] 0x000000000009618f
     0.00%     0.00%  miniC2D  libc.so.6             [.] 0x00007fe16bcb518f
     0.00%     0.00%  miniC2D  libstdc++.so.6.0.30   [.] free@plt
     0.00%     0.00%  miniC2D  [heap]                [.] 0x00000000023e898f
     0.00%     0.00%  miniC2D  [kernel.kallsyms]     [k] lru_add_fn
     0.00%     0.00%  miniC2D  libc.so.6             [.] 0x000000000005ef77
     0.00%     0.00%  miniC2D  libc.so.6             [.] 0x00007fe16bc7df77
     0.00%     0.00%  miniC2D  [kernel.kallsyms]     [k] __x64_sys_execve
     0.00%     0.00%  miniC2D  [kernel.kallsyms]     [k] do_execveat_common.isra.0
     0.00%     0.00%  miniC2D  [kernel.kallsyms]     [k] bprm_execve
     0.00%     0.00%  miniC2D  [kernel.kallsyms]     [k] load_elf_binary
     0.00%     0.00%  miniC2D  [heap]                [.] 0x00000000023d6e0f
     0.00%     0.00%  miniC2D  libc.so.6             [.] 0x0000000000097cd5
     0.00%     0.00%  miniC2D  libc.so.6             [.] 0x00007fe16bcb6cd5
     0.00%     0.00%  miniC2D  libc.so.6             [.] 0x0000000000097476
     0.00%     0.00%  miniC2D  libc.so.6             [.] 0x00007fe16bcb6476
     0.00%     0.00%  miniC2D  [heap]                [.] 0x000000000275176f
     0.00%     0.00%  miniC2D  libc.so.6             [.] 0x000000000009793e
     0.00%     0.00%  miniC2D  [stack]               [.] 0x00007fff733a9fff
     0.00%     0.00%  miniC2D  libc.so.6             [.] 0x00007fe16bcb693e
     0.00%     0.00%  miniC2D  [stack]               [.] 0x00007fff733d5df7
     0.00%     0.00%  miniC2D  libc.so.6             [.] 0x000000000005ef94
     0.00%     0.00%  miniC2D  libc.so.6             [.] 0x00007fe16bc7df94
     0.00%     0.00%  miniC2D  libc.so.6             [.] 0x00000000000a3707
     0.00%     0.00%  miniC2D  libc.so.6             [.] 0x00007fe16bcc2707
     0.00%     0.00%  miniC2D  libc.so.6             [.] 0x0000000000097472
     0.00%     0.00%  miniC2D  libc.so.6             [.] 0x00007fe16bcb6472
     0.00%     0.00%  miniC2D  [kernel.kallsyms]     [k] try_charge_memcg
     0.00%     0.00%  miniC2D  [kernel.kallsyms]     [k] charge_memcg
     0.00%     0.00%  miniC2D  libstdc++.so.6.0.30   [.] std::_Rb_tree_rebalance_for_erase
     0.00%     0.00%  miniC2D  [heap]                [.] 0x00000000023e883f
     0.00%     0.00%  miniC2D  libc.so.6             [.] 0x000000000009762f
     0.00%     0.00%  miniC2D  libc.so.6             [.] 0x00007fe16bcb662f
     0.00%     0.00%  miniC2D  libc.so.6             [.] 0x000000000009746d
     0.00%     0.00%  miniC2D  libc.so.6             [.] 0x00007fe16bcb646d
     0.00%     0.00%  miniC2D  libc.so.6             [.] 0x00000000000973a8
     0.00%     0.00%  miniC2D  libc.so.6             [.] 0x00007fe16bcb63a8
     0.00%     0.00%  miniC2D  [kernel.kallsyms]     [k] __calc_delta
     0.00%     0.00%  miniC2D  libc.so.6             [.] 0x0000000000098098
     0.00%     0.00%  miniC2D  [heap]                [.] 0x00000000023ceebf
     0.00%     0.00%  miniC2D  libc.so.6             [.] 0x00007fe16bcb7098
     0.00%     0.00%  miniC2D  libc.so.6             [.] 0x00000000000965da
     0.00%     0.00%  miniC2D  libc.so.6             [.] 0x00007fe16bcb74a8
     0.00%     0.00%  miniC2D  libc.so.6             [.] 0x00007fe16bcb55da
     0.00%     0.00%  miniC2D  libc.so.6             [.] 0x00007fe16bcb6d1f
     0.00%     0.00%  miniC2D  [heap]                [.] 0x00000000023c302f
     0.00%     0.00%  miniC2D  libc.so.6             [.] 0x0000000000097b13
     0.00%     0.00%  miniC2D  libc.so.6             [.] 0x00007fe16bcb6b13
     0.00%     0.00%  miniC2D  libc.so.6             [.] 0x00000000000961bf
     0.00%     0.00%  miniC2D  libc.so.6             [.] 0x00007fe16bcb51bf
     0.00%     0.00%  miniC2D  libc.so.6             [.] 0x0000000000097aee
     0.00%     0.00%  miniC2D  libc.so.6             [.] 0x00007fe16bcb6aee
     0.00%     0.00%  miniC2D  libc.so.6             [.] 0x0000000000097c20
     0.00%     0.00%  miniC2D  libc.so.6             [.] 0x00007fe16bcb6c20
     0.00%     0.00%  miniC2D  miniC2D               [.] unmark_eset
     0.00%     0.00%  miniC2D  libc.so.6             [.] 0x000000000009613e
     0.00%     0.00%  miniC2D  libc.so.6             [.] 0x00007fe16bcb513e
     0.00%     0.00%  miniC2D  [heap]                [.] 0x000000000252a86f
     0.00%     0.00%  miniC2D  [kernel.kallsyms]     [k] kmem_cache_alloc
     0.00%     0.00%  miniC2D  ld-linux-x86-64.so.2  [.] 0x00007fe16c15ba49
     0.00%     0.00%  miniC2D  ld-linux-x86-64.so.2  [.] 0x00007fe16c1405c9
     0.00%     0.00%  miniC2D  ld-linux-x86-64.so.2  [.] _dl_catch_exception
     0.00%     0.00%  miniC2D  ld-linux-x86-64.so.2  [.] 0x00007fe16c140260
     0.00%     0.00%  miniC2D  ld-linux-x86-64.so.2  [.] 0x00007fe16c146074
     0.00%     0.00%  miniC2D  ld-linux-x86-64.so.2  [.] 0x00007fe16c1456b7
     0.00%     0.00%  miniC2D  ld-linux-x86-64.so.2  [.] 0x00007fe16c15ebb3
     0.00%     0.00%  miniC2D  [kernel.kallsyms]     [k] mas_preallocate
     0.00%     0.00%  miniC2D  [kernel.kallsyms]     [k] mas_alloc_nodes
     0.00%     0.00%  miniC2D  ld-linux-x86-64.so.2  [.] 0x00007fe16c15b7a7
     0.00%     0.00%  miniC2D  ld-linux-x86-64.so.2  [.] 0x00007fe16c1441ee
     0.00%     0.00%  miniC2D  [kernel.kallsyms]     [k] strnlen_user
     0.00%     0.00%  miniC2D  [kernel.kallsyms]     [k] elf_map
     0.00%     0.00%  miniC2D  [kernel.kallsyms]     [k] setup_arg_pages
     0.00%     0.00%  miniC2D  [kernel.kallsyms]     [k] mprotect_fixup
     0.00%     0.00%  miniC2D  [kernel.kallsyms]     [k] vma_merge
     0.00%     0.00%  perf-ex  [kernel.kallsyms]     [k] entry_SYSCALL_64_after_hwframe
     0.00%     0.00%  perf-ex  [kernel.kallsyms]     [k] do_syscall_64
     0.00%     0.00%  perf-ex  [kernel.kallsyms]     [k] __x64_sys_execve
     0.00%     0.00%  perf-ex  [kernel.kallsyms]     [k] do_execveat_common.isra.0
     0.00%     0.00%  perf-ex  [kernel.kallsyms]     [k] bprm_execve
     0.00%     0.00%  perf-ex  [kernel.kallsyms]     [k] load_elf_binary
     0.00%     0.00%  perf-ex  [kernel.kallsyms]     [k] begin_new_exec
     0.00%     0.00%  perf-ex  [kernel.kallsyms]     [k] perf_event_exec
     0.00%     0.00%  perf-ex  [kernel.kallsyms]     [k] select_task_rq_fair
     0.00%     0.00%  perf-ex  [kernel.kallsyms]     [k] asm_sysvec_irq_work
     0.00%     0.00%  perf-ex  [kernel.kallsyms]     [k] sysvec_irq_work
     0.00%     0.00%  perf-ex  [kernel.kallsyms]     [k] __sysvec_irq_work
     0.00%     0.00%  perf-ex  [kernel.kallsyms]     [k] irq_work_run
     0.00%     0.00%  perf-ex  [kernel.kallsyms]     [k] irq_work_run_list
     0.00%     0.00%  perf-ex  [kernel.kallsyms]     [k] irq_work_single
     0.00%     0.00%  perf-ex  [kernel.kallsyms]     [k] perf_pending_irq
     0.00%     0.00%  perf-ex  [kernel.kallsyms]     [k] perf_event_wakeup
     0.00%     0.00%  perf-ex  [kernel.kallsyms]     [k] __wake_up_common_lock
     0.00%     0.00%  perf-ex  [kernel.kallsyms]     [k] __wake_up_common
     0.00%     0.00%  perf-ex  [kernel.kallsyms]     [k] pollwake
     0.00%     0.00%  perf-ex  [kernel.kallsyms]     [k] try_to_wake_up
     0.00%     0.00%  perf-ex  [kernel.kallsyms]     [k] native_write_msr
     0.00%     0.00%  perf-ex  [kernel.kallsyms]     [k] __intel_pmu_enable_all.constprop.0
     0.00%     0.00%  perf-ex  [kernel.kallsyms]     [k] nmi_restore
     0.00%     0.00%  perf-ex  [kernel.kallsyms]     [k] acpi_os_read_memory
     0.00%     0.00%  perf-ex  [kernel.kallsyms]     [k] nmi_handle


#
# (Tip: To record every process run by a user: perf record -u <user>)
#
