# To display the perf.data header info, please use --header/--header-only options.
#
#
# Total Lost Samples: 1
#
# Samples: 5K of event 'cycles'
# Event count (approx.): 4660618265
#
# Children      Self  Command  Shared Object         Symbol                                                                                                                                                                      
# ........  ........  .......  ....................  ............................................................................................................................................................................
#
    94.04%     0.00%  miniC2D  libc.so.6             [.] __libc_start_main
0.88% __libc_start_main;0x7fd9fc646249;main;print_vtree_cache_stats;clist_size
0.88% __libc_start_main;0x7fd9fc646249;main;vtree_manager_free;free_vtree_cache
    94.03%     0.00%  miniC2D  libc.so.6             [.] 0x00007fd9fc646249
0.88% 0x7fd9fc646249;main;print_vtree_cache_stats;clist_size
0.88% 0x7fd9fc646249;main;vtree_manager_free;free_vtree_cache
    94.03%     0.00%  miniC2D  miniC2D               [.] main
0.88% main;print_vtree_cache_stats;clist_size
0.88% main;vtree_manager_free;free_vtree_cache
    94.03%     0.00%  miniC2D  miniC2D               [.] _start
0.88% _start;__libc_start_main;0x7fd9fc646249;main;print_vtree_cache_stats;clist_size
0.88% _start;__libc_start_main;0x7fd9fc646249;main;vtree_manager_free;free_vtree_cache
    87.10%     0.00%  miniC2D  miniC2D               [.] compile_vtree
    87.10%     0.00%  miniC2D  miniC2D               [.] compile_dispatcher
    87.10%     0.05%  miniC2D  miniC2D               [.] compile_vtree_shannon
    86.69%     0.02%  miniC2D  miniC2D               [.] compile_vtree_decomposed
    78.22%    35.01%  miniC2D  miniC2D               [.] set_literal
28.12% set_literal;move_watched_literal;remove_watched_clause
10.00% set_literal;move_watched_literal
3.32% 0x40384c2f;set_literal
2.44% set_literal;analyze_conflict;zchaff_conflict_clause
2.31% set_literal;analyze_conflict;zchaff_conflict_clause;mark_vars_at_level
    77.76%     0.00%  miniC2D  miniC2D               [.] compile_with_literal (inlined)
3.91% compile_with_literal (inlined);sat_decide_literal;set_literal
2.89% compile_with_literal (inlined);erase_level
1.71% compile_with_literal (inlined);sat_decide_literal;set_literal;move_watched_literal;remove_watched_clause
0.84% compile_with_literal (inlined);sat_decide_literal;set_literal;move_watched_literal
0.51% compile_with_literal (inlined);sat_decide_literal;set_literal;analyze_conflict;zchaff_conflict_clause
    38.89%    10.74%  miniC2D  miniC2D               [.] move_watched_literal
28.12% move_watched_literal;remove_watched_clause
    38.29%     0.07%  miniC2D  miniC2D               [.] sat_assert_clause
15.70% sat_assert_clause;set_literal
14.36% sat_assert_clause;set_literal;move_watched_literal;remove_watched_clause
5.00% sat_assert_clause;set_literal;move_watched_literal
1.57% sat_assert_clause;set_literal;analyze_conflict;zchaff_conflict_clause;mark_vars_at_level
1.26% sat_assert_clause;set_literal;analyze_conflict;zchaff_conflict_clause
    36.83%     0.02%  miniC2D  miniC2D               [.] sat_decide_literal
15.97% sat_decide_literal;set_literal
13.76% sat_decide_literal;set_literal;move_watched_literal;remove_watched_clause
5.00% sat_decide_literal;set_literal;move_watched_literal
1.18% sat_decide_literal;set_literal;analyze_conflict;zchaff_conflict_clause
0.73% sat_decide_literal;set_literal;analyze_conflict;zchaff_conflict_clause;mark_vars_at_level
    28.29%    28.27%  miniC2D  miniC2D               [.] remove_watched_clause
     8.20%     8.19%  miniC2D  miniC2D               [.] erase_level
     5.04%     0.00%  miniC2D  miniC2D               [.] vtree_manager_new
     5.04%     0.02%  miniC2D  miniC2D               [.] analyze_conflict
2.44% analyze_conflict;zchaff_conflict_clause
2.31% analyze_conflict;zchaff_conflict_clause;mark_vars_at_level
     5.02%     0.00%  miniC2D  miniC2D               [.] cnf2vtree
     4.75%     2.44%  miniC2D  miniC2D               [.] zchaff_conflict_clause
2.31% zchaff_conflict_clause;mark_vars_at_level
     4.51%     0.00%  miniC2D  miniC2D               [.] p_hdtree2vtree
     4.35%     0.02%  miniC2D  miniC2D               [.] pass2
     4.13%     0.05%  miniC2D  miniC2D               [.] classify_clause_vars
0.73% classify_clause_vars;vset_minus;mark_vset;sat_mark_var
0.55% classify_clause_vars;vset_intersection;unmark_vset;sat_unmark_var
0.53% classify_clause_vars;vset_intersection;mark_vset;sat_mark_var
     3.58%     0.00%  miniC2D  [heap]                [.] 0x0000000040384c2f
3.32% 0x40384c2f;set_literal
     2.39%     2.39%  miniC2D  miniC2D               [.] mark_vars_at_level
     1.96%     0.05%  miniC2D  miniC2D               [.] lookup_cache
0.97% lookup_cache;construct_vtree_key
     1.92%     0.66%  miniC2D  miniC2D               [.] mark_vset
1.26% mark_vset;sat_mark_var
     1.88%     0.99%  miniC2D  miniC2D               [.] construct_vtree_key
     1.79%     1.79%  miniC2D  miniC2D               [.] drop_vtree_cache_entries
     1.60%     0.00%  miniC2D  miniC2D               [.] vset_intersection
0.55% vset_intersection;unmark_vset;sat_unmark_var
0.53% vset_intersection;mark_vset;sat_mark_var
     1.58%     0.56%  miniC2D  miniC2D               [.] unmark_vset
1.01% unmark_vset;sat_unmark_var
     1.55%     0.00%  miniC2D  miniC2D               [.] vset_minus
0.73% vset_minus;mark_vset;sat_mark_var
     1.41%     1.41%  miniC2D  miniC2D               [.] sat_mark_var
     1.25%     1.24%  miniC2D  miniC2D               [.] sat_unmark_var
     0.89%     0.00%  miniC2D  miniC2D               [.] vtree_manager_free
0.88% vtree_manager_free;free_vtree_cache
     0.89%     0.88%  miniC2D  miniC2D               [.] free_vtree_cache
0.88% _start;__libc_start_main;0x7fd9fc646249;main;vtree_manager_free;free_vtree_cache
     0.88%     0.88%  miniC2D  miniC2D               [.] clist_size
0.88% _start;__libc_start_main;0x7fd9fc646249;main;print_vtree_cache_stats;clist_size
     0.88%     0.00%  miniC2D  miniC2D               [.] print_vtree_cache_stats
0.88% print_vtree_cache_stats;clist_size
     0.66%     0.30%  miniC2D  miniC2D               [.] vset_union
     0.50%     0.11%  miniC2D  libc.so.6             [.] __libc_calloc
     0.49%     0.49%  miniC2D  miniC2D               [.] sat_is_implied_literal
     0.46%     0.00%  miniC2D  miniC2D               [.] cnf2hdtree
     0.35%     0.00%  miniC2D  miniC2D               [.] cnf2minfill_order
     0.33%     0.01%  miniC2D  miniC2D               [.] vset_new
     0.33%     0.08%  miniC2D  miniC2D               [.] Graph::removeAndConnect
     0.32%     0.00%  miniC2D  libc.so.6             [.] __libc_free (inlined)
     0.31%     0.31%  miniC2D  miniC2D               [.] sat_is_subsumed_clause
     0.29%     0.18%  miniC2D  libc.so.6             [.] malloc
     0.27%     0.00%  miniC2D  [kernel.kallsyms]     [k] asm_exc_page_fault
     0.25%     0.00%  miniC2D  libc.so.6             [.] 0x00007fd9fc6b7109
     0.23%     0.00%  miniC2D  [kernel.kallsyms]     [k] exc_page_fault
     0.23%     0.00%  miniC2D  [kernel.kallsyms]     [k] do_user_addr_fault
     0.22%     0.00%  miniC2D  [kernel.kallsyms]     [k] handle_mm_fault
     0.21%     0.21%  miniC2D  miniC2D               [.] cset_subset
     0.18%     0.00%  miniC2D  [unknown]             [.] 0xffffffffffffffff
     0.18%     0.03%  miniC2D  [kernel.kallsyms]     [k] __handle_mm_fault
     0.15%     0.01%  miniC2D  [kernel.kallsyms]     [k] vma_alloc_folio
     0.15%     0.15%  miniC2D  miniC2D               [.] sat_is_marked_var
     0.14%     0.03%  miniC2D  miniC2D               [.] add_clause
     0.13%     0.00%  miniC2D  [kernel.kallsyms]     [k] entry_SYSCALL_64_after_hwframe
     0.13%     0.00%  miniC2D  [kernel.kallsyms]     [k] do_syscall_64
     0.13%     0.00%  miniC2D  miniC2D               [.] vset_free
     0.12%     0.12%  miniC2D  libc.so.6             [.] cfree
     0.12%     0.02%  miniC2D  [kernel.kallsyms]     [k] __alloc_pages
     0.12%     0.00%  miniC2D  [kernel.kallsyms]     [k] __folio_alloc
     0.12%     0.12%  miniC2D  miniC2D               [.] sat_var2pliteral
     0.11%     0.00%  miniC2D  miniC2D               [.] order2hdtree
     0.10%     0.02%  miniC2D  [kernel.kallsyms]     [k] get_page_from_freelist
     0.10%     0.02%  miniC2D  miniC2D               [.] declare_watched_literals
     0.10%     0.00%  miniC2D  [heap]                [.] 0x00000000403aa7df
     0.09%     0.01%  miniC2D  miniC2D               [.] pass1b
     0.09%     0.09%  miniC2D  libstdc++.so.6.0.30   [.] std::_Rb_tree_increment
     0.09%     0.00%  miniC2D  miniC2D               [.] vset_clause_new
     0.09%     0.07%  miniC2D  libc.so.6             [.] realloc
     0.09%     0.09%  miniC2D  miniC2D               [.] add_watched_clause
     0.08%     0.08%  miniC2D  [kernel.kallsyms]     [k] __irqentry_text_end
     0.08%     0.01%  miniC2D  miniC2D               [.] cset_union
     0.07%     0.04%  miniC2D  miniC2D               [.] std::set_intersection<std::_Rb_tree_const_iterator<int>, std::_Rb_tree_const_iterator<int>, std::insert_iterator<std::set<int, std::less<int>, std::allocator<int> > > >
     0.07%     0.07%  miniC2D  [kernel.kallsyms]     [k] clear_page_rep
     0.07%     0.00%  miniC2D  ld-linux-x86-64.so.2  [.] 0x00007fd9fcbcdb27
     0.07%     0.00%  miniC2D  ld-linux-x86-64.so.2  [.] 0x00007fd9fcbcec7b
     0.07%     0.00%  miniC2D  ld-linux-x86-64.so.2  [.] 0x00007fd9fcbcd2fe
     0.06%     0.00%  miniC2D  miniC2D               [.] fill_esets
     0.06%     0.00%  miniC2D  miniC2D               [.] eset_new
     0.06%     0.05%  miniC2D  miniC2D               [.] std::_Rb_tree<int, int, std::_Identity<int>, std::less<int>, std::allocator<int> >::_M_insert_unique
     0.06%     0.00%  miniC2D  miniC2D               [.] p_hdtree2vtree_aux
     0.06%     0.00%  miniC2D  miniC2D               [.] cutset2vtree_rl
     0.05%     0.05%  miniC2D  miniC2D               [.] vtree_shannon_var
     0.05%     0.05%  miniC2D  miniC2D               [.] sat_var2nliteral
     0.05%     0.00%  miniC2D  [kernel.kallsyms]     [k] asm_sysvec_apic_timer_interrupt
     0.05%     0.00%  miniC2D  [kernel.kallsyms]     [k] sysvec_apic_timer_interrupt
     0.05%     0.00%  miniC2D  [kernel.kallsyms]     [k] __sysvec_apic_timer_interrupt
     0.05%     0.00%  miniC2D  [kernel.kallsyms]     [k] hrtimer_interrupt
     0.05%     0.00%  miniC2D  [kernel.kallsyms]     [k] __hrtimer_run_queues
     0.05%     0.00%  miniC2D  [kernel.kallsyms]     [k] tick_sched_timer
     0.05%     0.00%  miniC2D  [stack]               [.] 0x00007ffd0c29d11f
     0.05%     0.02%  miniC2D  miniC2D               [.] unmark_cset
     0.05%     0.00%  miniC2D  miniC2D               [.] cset_new
     0.05%     0.00%  miniC2D  miniC2D               [.] cset_intersection
     0.05%     0.00%  miniC2D  miniC2D               [.] combine_v
     0.05%     0.00%  miniC2D  miniC2D               [.] sat_read_cnf
     0.04%     0.04%  miniC2D  libc.so.6             [.] 0x0000000000095167
     0.04%     0.00%  miniC2D  libc.so.6             [.] 0x00007fd9fc6b68d7
     0.04%     0.00%  miniC2D  libc.so.6             [.] 0x00007fd9fc6b4167
     0.04%     0.00%  miniC2D  ld-linux-x86-64.so.2  [.] 0x00007fd9fcbd0d68
     0.04%     0.04%  miniC2D  miniC2D               [.] sat_unmark_clause
     0.04%     0.04%  miniC2D  miniC2D               [.] Graph::containsEdge
     0.04%     0.01%  miniC2D  miniC2D               [.] cnf2hgr_primal
     0.04%     0.00%  miniC2D  miniC2D               [.] Graph::getNeighbors
     0.04%     0.00%  miniC2D  miniC2D               [.] std::_Rb_tree<int, int, std::_Identity<int>, std::less<int>, std::allocator<int> >::_M_copy
     0.04%     0.00%  miniC2D  libstdc++.so.6.0.30   [.] operator new
     0.03%     0.00%  miniC2D  miniC2D               [.] eset_intersection
     0.03%     0.01%  miniC2D  miniC2D               [.] mark_cset
     0.03%     0.00%  miniC2D  [stack]               [.] 0x00007ffd0c29e367
     0.03%     0.00%  miniC2D  miniC2D               [.] sat_state_new
     0.03%     0.00%  miniC2D  libc.so.6             [.] 0x00007fd9fc6b70bd
     0.03%     0.00%  miniC2D  [stack]               [.] 0x00007ffd0c29cd87
     0.03%     0.00%  miniC2D  [heap]                [.] 0x00000000403a949f
     0.03%     0.00%  miniC2D  [stack]               [.] 0x00007ffd0c29e4e7
     0.03%     0.00%  miniC2D  [heap]                [.] 0x00000000403aa61f
     0.03%     0.00%  miniC2D  [kernel.kallsyms]     [k] tick_sched_do_timer
     0.03%     0.00%  miniC2D  miniC2D               [.] sat_state_free
     0.03%     0.00%  miniC2D  [kernel.kallsyms]     [k] tlb_finish_mmu
     0.03%     0.00%  miniC2D  [kernel.kallsyms]     [k] tlb_batch_pages_flush
     0.03%     0.00%  miniC2D  [kernel.kallsyms]     [k] release_pages
     0.03%     0.00%  miniC2D  [kernel.kallsyms]     [k] __x64_sys_exit_group
     0.03%     0.00%  miniC2D  [kernel.kallsyms]     [k] do_group_exit
     0.03%     0.00%  miniC2D  [kernel.kallsyms]     [k] do_exit
     0.03%     0.00%  miniC2D  [kernel.kallsyms]     [k] __mmput
     0.03%     0.00%  miniC2D  [kernel.kallsyms]     [k] exit_mmap
     0.03%     0.02%  miniC2D  [kernel.kallsyms]     [k] __count_memcg_events
     0.03%     0.00%  miniC2D  [kernel.kallsyms]     [k] count_memcg_events.constprop.0
     0.03%     0.03%  miniC2D  miniC2D               [.] vtree_is_shannon_node
     0.03%     0.03%  miniC2D  miniC2D               [.] sat_is_irrelevant_var
     0.03%     0.00%  miniC2D  [heap]                [.] 0x000000004052c16f
     0.03%     0.00%  miniC2D  [heap]                [.] 0x000000004057c9ff
     0.03%     0.00%  miniC2D  [heap]                [.] 0x000000004057c47f
     0.03%     0.00%  miniC2D  ld-linux-x86-64.so.2  [.] 0x00007fd9fcbbca47
     0.03%     0.00%  miniC2D  [heap]                [.] 0x000000004053efdf
     0.03%     0.00%  miniC2D  [kernel.kallsyms]     [k] exit_to_user_mode_prepare
     0.03%     0.01%  miniC2D  [kernel.kallsyms]     [k] mmap_region
     0.03%     0.00%  miniC2D  [kernel.kallsyms]     [k] vm_mmap_pgoff
     0.03%     0.00%  miniC2D  [kernel.kallsyms]     [k] do_mmap
     0.03%     0.00%  miniC2D  [heap]                [.] 0x00000000405234ef
     0.03%     0.00%  miniC2D  ld-linux-x86-64.so.2  [.] 0x00007fd9fcbc1410
     0.02%     0.00%  miniC2D  miniC2D               [.] balanced_compose_hdtrees
     0.02%     0.02%  miniC2D  miniC2D               [.] std::_Rb_tree_increment@plt
     0.02%     0.00%  miniC2D  miniC2D               [.] Graph::removeEdge
     0.02%     0.00%  miniC2D  miniC2D               [.] eset_minus
     0.02%     0.00%  miniC2D  [heap]                [.] 0x000000004052554f
     0.02%     0.02%  miniC2D  miniC2D               [.] sat_mark_clause
     0.02%     0.02%  miniC2D  libc.so.6             [.] 0x00000000000975b2
     0.02%     0.00%  miniC2D  libc.so.6             [.] 0x00007fd9fc6b65b2
     0.02%     0.00%  miniC2D  libc.so.6             [.] fscanf
     0.02%     0.02%  miniC2D  miniC2D               [.] sat_is_marked_clause
     0.02%     0.00%  miniC2D  miniC2D               [.] Graph::addEdge
     0.02%     0.01%  miniC2D  miniC2D               [.] std::_Rb_tree<int, int, std::_Identity<int>, std::less<int>, std::allocator<int> >::_M_insert_
     0.02%     0.00%  miniC2D  miniC2D               [.] minFillScore
     0.02%     0.00%  miniC2D  [heap]                [.] 0x000000004058b41f
     0.02%     0.00%  miniC2D  [heap]                [.] 0x000000004052552f
     0.02%     0.00%  miniC2D  libc.so.6             [.] 0x00007fd9fc6c2700
     0.02%     0.02%  miniC2D  libc.so.6             [.] _IO_fgets
     0.02%     0.00%  miniC2D  miniC2D               [.] read_line
     0.02%     0.00%  miniC2D  libc.so.6             [.] fgets (inlined)
     0.02%     0.00%  miniC2D  [heap]                [.] 0x000000004051f1af
     0.02%     0.02%  miniC2D  miniC2D               [.] min2
     0.02%     0.02%  miniC2D  ld-linux-x86-64.so.2  [.] 0x0000000000008d3a
     0.02%     0.00%  miniC2D  miniC2D               [.] extended_file_name
     0.02%     0.00%  miniC2D  ld-linux-x86-64.so.2  [.] 0x00007fd9fcbc51f9
     0.02%     0.00%  miniC2D  ld-linux-x86-64.so.2  [.] 0x00007fd9fcbc2ebd
     0.02%     0.00%  miniC2D  ld-linux-x86-64.so.2  [.] 0x00007fd9fcbbbd3a
     0.02%     0.02%  miniC2D  libc.so.6             [.] 0x0000000000096188
     0.02%     0.00%  miniC2D  libc.so.6             [.] 0x00007fd9fc6b5188
     0.02%     0.02%  miniC2D  libc.so.6             [.] 0x00000000000961bf
     0.02%     0.00%  miniC2D  libc.so.6             [.] 0x00007fd9fc6b51bf
     0.02%     0.00%  miniC2D  [heap]                [.] 0x000000004052276f
     0.02%     0.02%  miniC2D  libc.so.6             [.] 0x000000000009626b
     0.02%     0.00%  miniC2D  libc.so.6             [.] 0x00007fd9fc6b526b
     0.02%     0.02%  miniC2D  [kernel.kallsyms]     [k] __get_user_8
     0.02%     0.00%  miniC2D  miniC2D               [.] save_nnf_manager_to_file
     0.02%     0.00%  miniC2D  libc.so.6             [.] _IO_fclose (inlined)
     0.02%     0.00%  miniC2D  libc.so.6             [.] _IO_file_close_it
     0.02%     0.00%  miniC2D  libc.so.6             [.] __close_nocancel
     0.02%     0.00%  miniC2D  [kernel.kallsyms]     [k] syscall_exit_to_user_mode
     0.02%     0.00%  miniC2D  [kernel.kallsyms]     [k] __rseq_handle_notify_resume
     0.02%     0.00%  miniC2D  [heap]                [.] 0x00000000405233af
     0.02%     0.02%  miniC2D  libc.so.6             [.] 0x00000000000979b3
     0.02%     0.00%  miniC2D  libc.so.6             [.] 0x00007fd9fc6b69b3
     0.02%     0.02%  miniC2D  miniC2D               [.] sat_clause_size
     0.02%     0.00%  miniC2D  [heap]                [.] 0x000000004051e15f
     0.02%     0.02%  miniC2D  libc.so.6             [.] 0x000000000009613e
     0.02%     0.00%  miniC2D  libc.so.6             [.] 0x00007fd9fc6b513e
     0.02%     0.02%  miniC2D  libc.so.6             [.] 0x0000000000097378
     0.02%     0.00%  miniC2D  [heap]                [.] 0x0000000040504e27
     0.02%     0.00%  miniC2D  libc.so.6             [.] 0x00007fd9fc6b6378
     0.02%     0.02%  miniC2D  miniC2D               [.] free@plt
     0.02%     0.00%  miniC2D  [heap]                [.] 0x000000004051d2a7
     0.02%     0.02%  miniC2D  libc.so.6             [.] 0x00000000000983f1
     0.02%     0.00%  miniC2D  libc.so.6             [.] 0x00007fd9fc7f1c5f
     0.02%     0.00%  miniC2D  libc.so.6             [.] 0x00007fd9fc6b73f1
     0.02%     0.00%  miniC2D  [heap]                [.] 0x0000000040595ccf
     0.02%     0.02%  miniC2D  [kernel.kallsyms]     [k] memset
     0.02%     0.00%  miniC2D  miniC2D               [.] construct_vtree_cache
     0.02%     0.00%  miniC2D  libc.so.6             [.] 0x00007fd9fc6b5cfb
     0.02%     0.00%  miniC2D  libc.so.6             [.] 0x00007fd9fc6b4f27
     0.02%     0.00%  miniC2D  libc.so.6             [.] __mmap
     0.02%     0.00%  miniC2D  [kernel.kallsyms]     [k] mas_preallocate
     0.02%     0.00%  miniC2D  [kernel.kallsyms]     [k] mas_alloc_nodes
     0.02%     0.00%  miniC2D  [kernel.kallsyms]     [k] kmem_cache_alloc_bulk
     0.02%     0.00%  miniC2D  [heap]                [.] 0x000000004051912f
     0.02%     0.02%  miniC2D  miniC2D               [.] free_hdtree
     0.02%     0.02%  miniC2D  libc.so.6             [.] 0x00000000000951a4
     0.02%     0.00%  miniC2D  miniC2D               [.] free_hgr
     0.02%     0.00%  miniC2D  libc.so.6             [.] 0x00007fd9fc6b58ff
     0.02%     0.00%  miniC2D  libc.so.6             [.] 0x00007fd9fc6b41a4
     0.02%     0.02%  miniC2D  libc.so.6             [.] 0x0000000000097465
     0.02%     0.00%  miniC2D  libc.so.6             [.] 0x00007fd9fc6b6465
     0.02%     0.00%  miniC2D  [heap]                [.] 0x0000000040575e8f
     0.02%     0.02%  miniC2D  libc.so.6             [.] 0x000000000009745a
     0.02%     0.00%  miniC2D  libc.so.6             [.] 0x00007fd9fc6b645a
     0.02%     0.00%  miniC2D  [stack]               [.] 0x00007ffd0c29d0b7
     0.02%     0.00%  miniC2D  [stack]               [.] 0x00007ffd0c29d04f
     0.02%     0.02%  miniC2D  miniC2D               [.] insert_cache
     0.02%     0.00%  miniC2D  [stack]               [.] 0x00007ffd0c29b8ef
     0.02%     0.00%  miniC2D  [heap]                [.] 0x00000000403dc5f7
     0.02%     0.02%  miniC2D  [igb]                 [k] igb_poll
     0.02%     0.00%  miniC2D  [kernel.kallsyms]     [k] asm_common_interrupt
     0.02%     0.00%  miniC2D  [kernel.kallsyms]     [k] common_interrupt
     0.02%     0.00%  miniC2D  [kernel.kallsyms]     [k] __irq_exit_rcu
     0.02%     0.00%  miniC2D  [kernel.kallsyms]     [k] handle_softirqs
     0.02%     0.00%  miniC2D  [kernel.kallsyms]     [k] net_rx_action
     0.02%     0.00%  miniC2D  [kernel.kallsyms]     [k] __napi_poll
     0.02%     0.00%  miniC2D  [heap]                [.] 0x00000000403dcc47
     0.02%     0.00%  miniC2D  [heap]                [.] 0x00000000404108af
     0.02%     0.00%  miniC2D  [stack]               [.] 0x00007ffd0c29d64f
     0.02%     0.00%  miniC2D  [heap]                [.] 0x00000000403dc9f7
     0.02%     0.02%  miniC2D  libc.so.6             [.] @plt
     0.02%     0.00%  miniC2D  [heap]                [.] 0x00000000403dc6ef
     0.02%     0.00%  miniC2D  [stack]               [.] 0x00007ffd0c29cfdf
     0.02%     0.00%  miniC2D  [heap]                [.] 0x00000000403dcc6f
     0.02%     0.00%  miniC2D  [heap]                [.] 0x0000000040530c6f
     0.02%     0.00%  miniC2D  [heap]                [.] 0x00000000403dc6df
     0.02%     0.02%  miniC2D  [kernel.kallsyms]     [k] __get_vma_policy
     0.02%     0.00%  miniC2D  [heap]                [.] 0x00000000403dc6af
     0.02%     0.02%  miniC2D  libc.so.6             [.] 0x0000000000098109
     0.02%     0.00%  miniC2D  [heap]                [.] 0x00000000403dcd87
     0.02%     0.02%  miniC2D  miniC2D               [.] add_conflict_driven_clause
     0.02%     0.00%  miniC2D  [heap]                [.] 0x00000000403dcaaf
     0.02%     0.00%  miniC2D  [heap]                [.] 0x00000000403dc92f
     0.02%     0.00%  miniC2D  [heap]                [.] 0x00000000403dc937
     0.02%     0.02%  miniC2D  [kernel.kallsyms]     [k] cgroup_rstat_updated
     0.02%     0.00%  miniC2D  libc.so.6             [.] 0x00007fd9fc6b5c98
     0.02%     0.02%  miniC2D  [kernel.kallsyms]     [k] tick_do_update_jiffies64
     0.02%     0.02%  miniC2D  [kernel.kallsyms]     [k] free_unref_page_list
     0.02%     0.00%  miniC2D  libc.so.6             [.] __munmap
     0.02%     0.00%  miniC2D  [kernel.kallsyms]     [k] __x64_sys_munmap
     0.02%     0.00%  miniC2D  [kernel.kallsyms]     [k] __vm_munmap
     0.02%     0.00%  miniC2D  [kernel.kallsyms]     [k] do_mas_munmap
     0.02%     0.00%  miniC2D  [kernel.kallsyms]     [k] do_mas_align_munmap
     0.02%     0.00%  miniC2D  [kernel.kallsyms]     [k] unmap_region
     0.02%     0.02%  miniC2D  libc.so.6             [.] 0x00000000000961e0
     0.02%     0.00%  miniC2D  libc.so.6             [.] 0x00007fd9fc6b51e0
     0.02%     0.02%  miniC2D  [kernel.kallsyms]     [k] _raw_spin_lock_irqsave
     0.02%     0.00%  miniC2D  [kernel.kallsyms]     [k] update_wall_time
     0.02%     0.00%  miniC2D  [kernel.kallsyms]     [k] timekeeping_advance
     0.02%     0.00%  miniC2D  [heap]                [.] 0x000000004058335f
     0.02%     0.02%  miniC2D  libc.so.6             [.] 0x0000000000096172
     0.02%     0.00%  miniC2D  libc.so.6             [.] 0x00007fd9fc6b5172
     0.02%     0.02%  miniC2D  miniC2D               [.] sat_at_assertion_level
     0.02%     0.00%  miniC2D  [stack]               [.] 0x00007ffd0c29cebf
     0.02%     0.00%  miniC2D  [heap]                [.] 0x00000000403dc987
     0.02%     0.00%  miniC2D  miniC2D               [.] set_vtree_hashcode (inlined)
     0.02%     0.00%  miniC2D  [heap]                [.] 0x00000000403dc8b7
     0.02%     0.00%  miniC2D  miniC2D               [.] get_and_node
     0.02%     0.02%  miniC2D  [ext4]                [k] ext4_block_write_begin
     0.02%     0.00%  miniC2D  libc.so.6             [.] 0x00007fd9fc646250
     0.02%     0.00%  miniC2D  libc.so.6             [.] exit
     0.02%     0.00%  miniC2D  libc.so.6             [.] 0x00007fd9fc65d55c
     0.02%     0.00%  miniC2D  libstdc++.so.6.0.30   [.] std::ios_base::Init::~Init
     0.02%     0.00%  miniC2D  libstdc++.so.6.0.30   [.] std::ostream::flush
     0.02%     0.00%  miniC2D  libc.so.6             [.] fflush (inlined)
     0.02%     0.00%  miniC2D  libc.so.6             [.] _IO_file_sync
     0.02%     0.00%  miniC2D  libc.so.6             [.] _IO_do_write
     0.02%     0.00%  miniC2D  libc.so.6             [.] 0x00007fd9fc69f37f
     0.02%     0.00%  miniC2D  libc.so.6             [.] _IO_file_write
     0.02%     0.00%  miniC2D  libc.so.6             [.] __write (inlined)
     0.02%     0.00%  miniC2D  [kernel.kallsyms]     [k] ksys_write
     0.02%     0.00%  miniC2D  [kernel.kallsyms]     [k] vfs_write
     0.02%     0.00%  miniC2D  [ext4]                [k] ext4_buffered_write_iter
     0.02%     0.00%  miniC2D  [kernel.kallsyms]     [k] generic_perform_write
     0.02%     0.00%  miniC2D  [ext4]                [k] ext4_da_write_begin
     0.02%     0.02%  miniC2D  [kernel.kallsyms]     [k] uncharge_folio
     0.02%     0.00%  miniC2D  [kernel.kallsyms]     [k] __mem_cgroup_uncharge_list
     0.02%     0.02%  miniC2D  [kernel.kallsyms]     [k] _compound_head
     0.02%     0.00%  miniC2D  [kernel.kallsyms]     [k] unmap_vmas
     0.02%     0.00%  miniC2D  [kernel.kallsyms]     [k] unmap_page_range
     0.02%     0.00%  miniC2D  anon                  [.] 0x00007fd9fca8abcf
     0.02%     0.00%  miniC2D  [stack]               [.] 0x00007ffd0c29d1cf
     0.02%     0.02%  miniC2D  libc.so.6             [.] 0x0000000000096131
     0.02%     0.00%  miniC2D  libc.so.6             [.] 0x00007fd9fc6b5131
     0.02%     0.00%  miniC2D  [stack]               [.] 0x00007ffd0c29cd8f
     0.02%     0.00%  miniC2D  [heap]                [.] 0x0000000040547f4f
     0.02%     0.00%  miniC2D  [heap]                [.] 0x00000000403dc83f
     0.02%     0.02%  miniC2D  [kernel.kallsyms]     [k] _raw_spin_trylock
     0.02%     0.00%  miniC2D  [heap]                [.] 0x00000000405154ef
     0.02%     0.00%  miniC2D  [heap]                [.] 0x00000000405295cf
     0.02%     0.00%  miniC2D  [stack]               [.] 0x00007ffd0c29cf3f
     0.02%     0.00%  miniC2D  [stack]               [.] 0x00007ffd0c29d14f
     0.02%     0.02%  miniC2D  [kernel.kallsyms]     [k] __update_load_avg_cfs_rq
     0.02%     0.00%  miniC2D  [kernel.kallsyms]     [k] tick_sched_handle
     0.02%     0.00%  miniC2D  [kernel.kallsyms]     [k] update_process_times
     0.02%     0.00%  miniC2D  [kernel.kallsyms]     [k] scheduler_tick
     0.02%     0.00%  miniC2D  [kernel.kallsyms]     [k] task_tick_fair
     0.02%     0.00%  miniC2D  [kernel.kallsyms]     [k] update_load_avg
     0.02%     0.00%  miniC2D  [stack]               [.] 0x00007ffd0c29d3e7
     0.02%     0.00%  miniC2D  [heap]                [.] 0x00000000403dc7e7
     0.02%     0.00%  miniC2D  [stack]               [.] 0x00007ffd0c29d44f
     0.02%     0.00%  miniC2D  [heap]                [.] 0x000000004058337f
     0.02%     0.00%  miniC2D  [heap]                [.] 0x00000000403dc847
     0.02%     0.00%  miniC2D  [unknown]             [.] 0x0000000000000006
     0.02%     0.02%  miniC2D  [kernel.kallsyms]     [k] native_irq_return_iret
     0.02%     0.00%  miniC2D  [unknown]             [.] 0x0000000000000001
     0.02%     0.00%  miniC2D  [heap]                [.] 0x000000004053195f
     0.02%     0.00%  miniC2D  [heap]                [.] 0x000000004052e1ff
     0.02%     0.02%  miniC2D  libc.so.6             [.] 0x00000000000961a1
     0.02%     0.00%  miniC2D  libc.so.6             [.] 0x00007fd9fc6b51a1
     0.02%     0.02%  miniC2D  libc.so.6             [.] 0x0000000000097615
     0.02%     0.00%  miniC2D  libc.so.6             [.] 0x00007fd9fc6b6615
     0.02%     0.02%  miniC2D  libc.so.6             [.] 0x0000000000097ae8
     0.02%     0.00%  miniC2D  libc.so.6             [.] 0x00007fd9fc6b6ae8
     0.02%     0.00%  miniC2D  [heap]                [.] 0x00000000405360df
     0.02%     0.00%  miniC2D  [heap]                [.] 0x00000000405705af
     0.02%     0.00%  miniC2D  [heap]                [.] 0x000000004055b1ff
     0.02%     0.00%  miniC2D  [heap]                [.] 0x00000000405244ef
     0.02%     0.00%  miniC2D  [heap]                [.] 0x000000004053c81f
     0.02%     0.00%  miniC2D  [heap]                [.] 0x00000000405675af
     0.01%     0.00%  miniC2D  [heap]                [.] 0x000000004055eb2f
     0.01%     0.00%  miniC2D  [heap]                [.] 0x000000004054213f
     0.01%     0.01%  miniC2D  libc.so.6             [.] 0x00000000000a3707
     0.01%     0.00%  miniC2D  libc.so.6             [.] 0x00007fd9fc6c2707
     0.01%     0.00%  miniC2D  [heap]                [.] 0x000000004057c9df
     0.01%     0.00%  miniC2D  [heap]                [.] 0x000000004052043f
     0.01%     0.00%  miniC2D  [heap]                [.] 0x0000000040544a3f
     0.01%     0.00%  miniC2D  [heap]                [.] 0x000000004058727f
     0.01%     0.01%  miniC2D  ld-linux-x86-64.so.2  [.] 0x0000000000009960
     0.01%     0.00%  miniC2D  ld-linux-x86-64.so.2  [.] 0x00007fd9fcbbc960
     0.01%     0.01%  miniC2D  libc.so.6             [.] 0x0000000000097aa7
     0.01%     0.00%  miniC2D  libc.so.6             [.] 0x00007fd9fc6b6aa7
     0.01%     0.00%  miniC2D  [heap]                [.] 0x000000004053bd8f
     0.01%     0.00%  miniC2D  ld-linux-x86-64.so.2  [.] 0x00007fd9fcbd0e7e
     0.01%     0.00%  miniC2D  libc.so.6             [.] __libc_early_init
     0.01%     0.00%  miniC2D  libc.so.6             [.] getrlimit (inlined)
     0.01%     0.01%  miniC2D  ld-linux-x86-64.so.2  [.] 0x00000000000237d4
     0.01%     0.00%  miniC2D  ld-linux-x86-64.so.2  [.] 0x00007fd9fcbbc0c9
     0.01%     0.00%  miniC2D  ld-linux-x86-64.so.2  [.] 0x00007fd9fcbbbca3
     0.01%     0.00%  miniC2D  ld-linux-x86-64.so.2  [.] 0x00007fd9fcbd67d4
     0.01%     0.00%  miniC2D  [heap]                [.] 0x0000000040595d6f
     0.01%     0.01%  miniC2D  [kernel.kallsyms]     [k] tomoyo_path_perm
     0.01%     0.00%  miniC2D  libc.so.6             [.] _IO_printf (inlined)
     0.01%     0.00%  miniC2D  libc.so.6             [.] 0x00007fd9fc67b50d
     0.01%     0.00%  miniC2D  libc.so.6             [.] _IO_file_xsputn
     0.01%     0.00%  miniC2D  libc.so.6             [.] _IO_file_overflow
     0.01%     0.00%  miniC2D  libc.so.6             [.] _IO_doallocbuf
     0.01%     0.00%  miniC2D  libc.so.6             [.] _IO_file_doallocate
     0.01%     0.00%  miniC2D  libc.so.6             [.] fstatat (inlined)
     0.01%     0.00%  miniC2D  [kernel.kallsyms]     [k] __do_sys_newfstatat
     0.01%     0.00%  miniC2D  [kernel.kallsyms]     [k] vfs_fstatat
     0.01%     0.00%  miniC2D  [kernel.kallsyms]     [k] vfs_statx
     0.01%     0.00%  miniC2D  [kernel.kallsyms]     [k] security_inode_getattr
     0.01%     0.01%  miniC2D  libc.so.6             [.] 0x0000000000098383
     0.01%     0.00%  miniC2D  libc.so.6             [.] 0x00007fd9fc6b7383
     0.01%     0.00%  miniC2D  [heap]                [.] 0x00000000405506df
     0.01%     0.01%  miniC2D  libc.so.6             [.] 0x000000000005ec47
     0.01%     0.00%  miniC2D  libc.so.6             [.] 0x00007fd9fc67dc47
     0.01%     0.01%  miniC2D  libc.so.6             [.] 0x0000000000097668
     0.01%     0.00%  miniC2D  libc.so.6             [.] 0x00007fd9fc6b6668
     0.01%     0.00%  miniC2D  [heap]                [.] 0x000000004059d00f
     0.01%     0.01%  miniC2D  libstdc++.so.6.0.30   [.] std::_Rb_tree_increment
     0.01%     0.01%  miniC2D  [kernel.kallsyms]     [k] mem_cgroup_from_task
     0.01%     0.00%  miniC2D  [heap]                [.] 0x0000000040581ccf
     0.01%     0.01%  miniC2D  miniC2D               [.] initialize_sat_state
     0.01%     0.00%  miniC2D  [heap]                [.] 0x000000004058339f
     0.01%     0.00%  miniC2D  [heap]                [.] 0x000000004057ca3f
     0.01%     0.00%  miniC2D  [heap]                [.] 0x000000004052296f
     0.01%     0.01%  miniC2D  miniC2D               [.] declare_in_hgr
     0.01%     0.00%  miniC2D  [heap]                [.] 0x000000004052450f
     0.01%     0.01%  miniC2D  libc.so.6             [.] 0x0000000000098098
     0.01%     0.00%  miniC2D  [heap]                [.] 0x0000000040458c8f
     0.01%     0.00%  miniC2D  libc.so.6             [.] 0x00007fd9fc6b7098
     0.01%     0.01%  miniC2D  libc.so.6             [.] 0x0000000000096148
     0.01%     0.00%  miniC2D  libc.so.6             [.] 0x00007fd9fc6b5148
     0.01%     0.00%  miniC2D  [heap]                [.] 0x0000000040450eff
     0.01%     0.01%  miniC2D  libc.so.6             [.] 0x00000000000974a6
     0.01%     0.00%  miniC2D  libc.so.6             [.] 0x00007fd9fc6b64a6
     0.01%     0.00%  miniC2D  [unknown]             [.] 0x00000000000011ff
     0.01%     0.01%  miniC2D  libc.so.6             [.] 0x0000000000096122
     0.01%     0.00%  miniC2D  libc.so.6             [.] 0x00007fd9fc6b5122
     0.01%     0.01%  miniC2D  libc.so.6             [.] 0x000000000009793a
     0.01%     0.00%  miniC2D  libc.so.6             [.] 0x00007fd9fc6b693a
     0.01%     0.01%  miniC2D  [kernel.kallsyms]     [k] mtree_range_walk
     0.01%     0.00%  miniC2D  [kernel.kallsyms]     [k] lock_mm_and_find_vma
     0.01%     0.00%  miniC2D  [kernel.kallsyms]     [k] find_vma
     0.01%     0.00%  miniC2D  [kernel.kallsyms]     [k] mt_find
     0.01%     0.01%  miniC2D  libc.so.6             [.] 0x0000000000097af8
     0.01%     0.00%  miniC2D  libc.so.6             [.] 0x00007fd9fc6b6af8
     0.01%     0.01%  miniC2D  miniC2D               [.] eset_union
     0.01%     0.00%  miniC2D  [heap]                [.] 0x0000000040589f2f
     0.01%     0.01%  miniC2D  ld-linux-x86-64.so.2  [.] 0x000000000000e305
     0.01%     0.00%  miniC2D  ld-linux-x86-64.so.2  [.] 0x00007fd9fcbc1305
     0.01%     0.00%  miniC2D  [heap]                [.] 0x0000000040564a9f
     0.01%     0.01%  miniC2D  [kernel.kallsyms]     [k] __schedule
     0.01%     0.00%  miniC2D  [kernel.kallsyms]     [k] asm_sysvec_reschedule_ipi
     0.01%     0.00%  miniC2D  [kernel.kallsyms]     [k] irqentry_exit_to_user_mode
     0.01%     0.00%  miniC2D  [kernel.kallsyms]     [k] schedule
     0.01%     0.01%  miniC2D  libc.so.6             [.] 0x00000000000a370b
     0.01%     0.00%  miniC2D  miniC2D               [.] hgr_new_finish
     0.01%     0.00%  miniC2D  libc.so.6             [.] 0x00007fd9fc6c270b
     0.01%     0.01%  miniC2D  libc.so.6             [.] 0x00000000000965ce
     0.01%     0.00%  miniC2D  libc.so.6             [.] 0x00007fd9fc6b55ce
     0.01%     0.01%  miniC2D  libc.so.6             [.] 0x0000000000098344
     0.01%     0.00%  miniC2D  [unknown]             [.] 0x000000000000003f
     0.01%     0.00%  miniC2D  libc.so.6             [.] 0x00007fd9fc6b7344
     0.01%     0.00%  miniC2D  [heap]                [.] 0x000000004059ccbf
     0.01%     0.00%  miniC2D  miniC2D               [.] Graph::Graph
     0.01%     0.01%  miniC2D  miniC2D               [.] fill_edges_etc
     0.01%     0.00%  miniC2D  miniC2D               [.] initialize_hdtree
     0.01%     0.01%  miniC2D  libc.so.6             [.] 0x0000000000097448
     0.01%     0.00%  miniC2D  libc.so.6             [.] 0x00007fd9fc6b6448
     0.01%     0.01%  miniC2D  miniC2D               [.] std::_Rb_tree<int, int, std::_Identity<int>, std::less<int>, std::allocator<int> >::_M_erase
     0.01%     0.00%  miniC2D  [heap]                [.] 0x000000004045124f
     0.01%     0.00%  miniC2D  miniC2D               [.] construct_cnf_clauses
     0.01%     0.00%  miniC2D  miniC2D               [.] initialize_clause
     0.01%     0.00%  miniC2D  [heap]                [.] 0x0000000040572f8f
     0.01%     0.00%  miniC2D  [heap]                [.] 0x0000000040581b7f
     0.01%     0.01%  miniC2D  libstdc++.so.6.0.30   [.] std::_Rb_tree_insert_and_rebalance
     0.01%     0.01%  miniC2D  miniC2D               [.] sat_clause2literals
     0.01%     0.00%  miniC2D  [heap]                [.] 0x000000004044ff2f
     0.01%     0.00%  miniC2D  [heap]                [.] 0x000000004055d15f
     0.01%     0.00%  miniC2D  [kernel.kallsyms]     [k] __x64_sys_execve
     0.01%     0.00%  miniC2D  [kernel.kallsyms]     [k] do_execveat_common.isra.0
     0.01%     0.00%  miniC2D  [kernel.kallsyms]     [k] bprm_execve
     0.01%     0.00%  miniC2D  [kernel.kallsyms]     [k] load_elf_binary
     0.01%     0.00%  miniC2D  [heap]                [.] 0x000000004056787f
     0.01%     0.00%  miniC2D  [heap]                [.] 0x000000004052395f
     0.01%     0.00%  miniC2D  [heap]                [.] 0x000000004052732f
     0.01%     0.00%  miniC2D  [heap]                [.] 0x0000000040521eaf
     0.01%     0.00%  miniC2D  [heap]                [.] 0x000000004058bbbf
     0.01%     0.00%  miniC2D  [heap]                [.] 0x0000000040561c7f
     0.01%     0.01%  miniC2D  libc.so.6             [.] 0x000000000005ef9e
     0.01%     0.00%  miniC2D  libc.so.6             [.] 0x00007fd9fc67df9e
     0.01%     0.01%  miniC2D  libc.so.6             [.] 0x00000000000a3700
     0.01%     0.00%  miniC2D  miniC2D               [.] construct_cnf_vars_and_literals
     0.01%     0.00%  miniC2D  [heap]                [.] 0x0000000040576f1f
     0.01%     0.00%  miniC2D  [heap]                [.] 0x0000000040555e3f
     0.01%     0.01%  miniC2D  libc.so.6             [.] 0x00000000000983b0
     0.01%     0.00%  miniC2D  libc.so.6             [.] 0x00007fd9fc6b73b0
     0.01%     0.00%  miniC2D  [heap]                [.] 0x000000004057f0af
     0.01%     0.00%  miniC2D  ld-linux-x86-64.so.2  [.] 0x00007fd9fcbd0a49
     0.01%     0.00%  miniC2D  ld-linux-x86-64.so.2  [.] 0x00007fd9fcbb55c9
     0.01%     0.00%  miniC2D  ld-linux-x86-64.so.2  [.] _dl_catch_exception
     0.01%     0.00%  miniC2D  ld-linux-x86-64.so.2  [.] 0x00007fd9fcbb5260
     0.01%     0.00%  miniC2D  ld-linux-x86-64.so.2  [.] 0x00007fd9fcbbb074
     0.01%     0.00%  miniC2D  ld-linux-x86-64.so.2  [.] 0x00007fd9fcbb99b0
     0.01%     0.00%  miniC2D  ld-linux-x86-64.so.2  [.] 0x00007fd9fcbd4852
     0.01%     0.00%  miniC2D  [kernel.kallsyms]     [k] do_fault
     0.01%     0.00%  miniC2D  ld-linux-x86-64.so.2  [.] 0x00007fd9fcbd07a7
     0.01%     0.00%  miniC2D  ld-linux-x86-64.so.2  [.] 0x00007fd9fcbb91a7
     0.01%     0.00%  miniC2D  ld-linux-x86-64.so.2  [.] 0x00007fd9fcbbd730
     0.01%     0.00%  miniC2D  ld-linux-x86-64.so.2  [.] 0x00007fd9fcbd3bb3
     0.01%     0.00%  miniC2D  [kernel.kallsyms]     [k] perf_event_mmap
     0.01%     0.01%  miniC2D  [kernel.kallsyms]     [k] __check_heap_object
     0.01%     0.00%  miniC2D  [kernel.kallsyms]     [k] __check_object_size
     0.00%     0.00%  miniC2D  [kernel.kallsyms]     [k] memcpy
     0.00%     0.00%  miniC2D  [kernel.kallsyms]     [k] elf_map
     0.00%     0.00%  miniC2D  [kernel.kallsyms]     [k] perf_iterate_sb
     0.00%     0.00%  miniC2D  [kernel.kallsyms]     [k] perf_iterate_ctx
     0.00%     0.00%  miniC2D  [kernel.kallsyms]     [k] perf_event_mmap_output
     0.00%     0.00%  miniC2D  [kernel.kallsyms]     [k] perf_output_copy
     0.00%     0.00%  miniC2D  [kernel.kallsyms]     [k] __output_copy
     0.00%     0.00%  miniC2D  [kernel.kallsyms]     [k] setup_arg_pages
     0.00%     0.00%  miniC2D  [kernel.kallsyms]     [k] mprotect_fixup
     0.00%     0.00%  perf-ex  [kernel.kallsyms]     [k] entry_SYSCALL_64_after_hwframe
     0.00%     0.00%  perf-ex  [kernel.kallsyms]     [k] do_syscall_64
     0.00%     0.00%  perf-ex  [kernel.kallsyms]     [k] __x64_sys_execve
     0.00%     0.00%  perf-ex  [kernel.kallsyms]     [k] do_execveat_common.isra.0
     0.00%     0.00%  perf-ex  [kernel.kallsyms]     [k] bprm_execve
     0.00%     0.00%  perf-ex  [kernel.kallsyms]     [k] load_elf_binary
     0.00%     0.00%  perf-ex  [kernel.kallsyms]     [k] begin_new_exec
     0.00%     0.00%  perf-ex  [kernel.kallsyms]     [k] perf_event_exec
     0.00%     0.00%  perf-ex  [kernel.kallsyms]     [k] available_idle_cpu
     0.00%     0.00%  perf-ex  [kernel.kallsyms]     [k] asm_sysvec_irq_work
     0.00%     0.00%  perf-ex  [kernel.kallsyms]     [k] sysvec_irq_work
     0.00%     0.00%  perf-ex  [kernel.kallsyms]     [k] __sysvec_irq_work
     0.00%     0.00%  perf-ex  [kernel.kallsyms]     [k] irq_work_run
     0.00%     0.00%  perf-ex  [kernel.kallsyms]     [k] irq_work_run_list
     0.00%     0.00%  perf-ex  [kernel.kallsyms]     [k] irq_work_single
     0.00%     0.00%  perf-ex  [kernel.kallsyms]     [k] perf_pending_irq
     0.00%     0.00%  perf-ex  [kernel.kallsyms]     [k] perf_event_wakeup
     0.00%     0.00%  perf-ex  [kernel.kallsyms]     [k] __wake_up_common_lock
     0.00%     0.00%  perf-ex  [kernel.kallsyms]     [k] __wake_up_common
     0.00%     0.00%  perf-ex  [kernel.kallsyms]     [k] pollwake
     0.00%     0.00%  perf-ex  [kernel.kallsyms]     [k] try_to_wake_up
     0.00%     0.00%  perf-ex  [kernel.kallsyms]     [k] select_task_rq_fair
     0.00%     0.00%  perf-ex  [kernel.kallsyms]     [k] native_write_msr
     0.00%     0.00%  perf-ex  [kernel.kallsyms]     [k] __intel_pmu_enable_all.constprop.0
     0.00%     0.00%  perf-ex  [kernel.kallsyms]     [k] nmi_restore
     0.00%     0.00%  perf-ex  [kernel.kallsyms]     [k] acpi_os_read_memory
     0.00%     0.00%  perf-ex  [kernel.kallsyms]     [k] nmi_handle


#
# (Tip: To show context switches in perf report sample context add --switch-events to perf record.)
#
