# To display the perf.data header info, please use --header/--header-only options.
#
#
# Total Lost Samples: 1
#
# Samples: 5K of event 'cycles'
# Event count (approx.): 4277466642
#
# Children      Self  Command  Shared Object         Symbol                                                                                                                                                                      
# ........  ........  .......  ....................  ............................................................................................................................................................................
#
    94.53%     0.00%  miniC2D  miniC2D               [.] _start
0.97% _start;__libc_start_main;0x7fd613046249;main;print_vtree_cache_stats;clist_size
0.94% _start;__libc_start_main;0x7fd613046249;main;vtree_manager_free;free_vtree_cache
    94.53%     0.00%  miniC2D  libc.so.6             [.] __libc_start_main
0.97% __libc_start_main;0x7fd613046249;main;print_vtree_cache_stats;clist_size
0.94% __libc_start_main;0x7fd613046249;main;vtree_manager_free;free_vtree_cache
    94.53%     0.00%  miniC2D  libc.so.6             [.] 0x00007fd613046249
0.97% 0x7fd613046249;main;print_vtree_cache_stats;clist_size
0.94% 0x7fd613046249;main;vtree_manager_free;free_vtree_cache
    94.53%     0.00%  miniC2D  miniC2D               [.] main
0.97% main;print_vtree_cache_stats;clist_size
0.94% main;vtree_manager_free;free_vtree_cache
    88.03%     0.04%  miniC2D  miniC2D               [.] compile_dispatcher
    88.03%     0.04%  miniC2D  miniC2D               [.] compile_vtree_shannon
    87.99%     0.00%  miniC2D  miniC2D               [.] compile_vtree
    86.62%     0.02%  miniC2D  miniC2D               [.] compile_vtree_decomposed
    76.53%    31.48%  miniC2D  miniC2D               [.] set_literal
29.90% set_literal;move_watched_literal;remove_watched_clause
10.32% set_literal;move_watched_literal
2.56% 0x38554b2f;set_literal
1.88% set_literal;analyze_conflict;zchaff_conflict_clause
1.79% set_literal;analyze_conflict;zchaff_conflict_clause;mark_vars_at_level
    75.30%     0.00%  miniC2D  miniC2D               [.] compile_with_literal (inlined)
4.64% compile_with_literal (inlined);sat_decide_literal;set_literal
3.39% compile_with_literal (inlined);sat_decide_literal;set_literal;move_watched_literal;remove_watched_clause
2.79% compile_with_literal (inlined);erase_level
1.44% compile_with_literal (inlined);sat_decide_literal;set_literal;move_watched_literal
    41.24%    11.04%  miniC2D  miniC2D               [.] move_watched_literal
29.90% move_watched_literal;remove_watched_clause
    38.59%     0.02%  miniC2D  miniC2D               [.] sat_decide_literal
15.65% sat_decide_literal;set_literal
15.56% sat_decide_literal;set_literal;move_watched_literal;remove_watched_clause
5.18% sat_decide_literal;set_literal;move_watched_literal
0.87% sat_decide_literal;set_literal;analyze_conflict;zchaff_conflict_clause
0.63% sat_decide_literal;set_literal;analyze_conflict;zchaff_conflict_clause;mark_vars_at_level
    35.51%     0.02%  miniC2D  miniC2D               [.] sat_assert_clause
14.33% sat_assert_clause;set_literal;move_watched_literal;remove_watched_clause
13.25% sat_assert_clause;set_literal
5.14% sat_assert_clause;set_literal;move_watched_literal
1.15% sat_assert_clause;set_literal;analyze_conflict;zchaff_conflict_clause;mark_vars_at_level
1.00% sat_assert_clause;set_literal;analyze_conflict;zchaff_conflict_clause
    30.16%    29.99%  miniC2D  miniC2D               [.] remove_watched_clause
     7.12%     7.09%  miniC2D  miniC2D               [.] erase_level
     4.42%     0.00%  miniC2D  miniC2D               [.] vtree_manager_new
     4.42%     0.00%  miniC2D  miniC2D               [.] cnf2vtree
     4.26%     0.07%  miniC2D  miniC2D               [.] analyze_conflict
1.88% analyze_conflict;zchaff_conflict_clause
1.79% analyze_conflict;zchaff_conflict_clause;mark_vars_at_level
     3.93%     0.00%  miniC2D  miniC2D               [.] p_hdtree2vtree
     3.80%     0.02%  miniC2D  miniC2D               [.] pass2
     3.72%     1.88%  miniC2D  miniC2D               [.] zchaff_conflict_clause
1.79% zchaff_conflict_clause;mark_vars_at_level
     3.61%     0.02%  miniC2D  miniC2D               [.] classify_clause_vars
0.50% classify_clause_vars;vset_minus;mark_vset;sat_mark_var
     3.41%     0.17%  miniC2D  miniC2D               [.] lookup_cache
1.65% lookup_cache;construct_vtree_key
0.83% lookup_cache;construct_vtree_key;sat_is_implied_literal
     3.40%     3.34%  miniC2D  miniC2D               [.] drop_vtree_cache_entries
     3.18%     1.70%  miniC2D  miniC2D               [.] construct_vtree_key
0.83% construct_vtree_key;sat_is_implied_literal
     2.80%     0.00%  miniC2D  [heap]                [.] 0x0000000038554b2f
2.56% 0x38554b2f;set_literal
     1.90%     1.88%  miniC2D  miniC2D               [.] mark_vars_at_level
     1.64%     0.68%  miniC2D  miniC2D               [.] mark_vset
0.96% mark_vset;sat_mark_var
     1.51%     0.03%  miniC2D  miniC2D               [.] vset_minus
0.50% vset_minus;mark_vset;sat_mark_var
     1.49%     0.63%  miniC2D  miniC2D               [.] unmark_vset
0.84% unmark_vset;sat_unmark_var
     1.40%     0.06%  miniC2D  miniC2D               [.] vset_intersection
     1.10%     1.10%  miniC2D  miniC2D               [.] sat_mark_var
     0.99%     0.99%  miniC2D  miniC2D               [.] clist_size
0.97% _start;__libc_start_main;0x7fd613046249;main;print_vtree_cache_stats;clist_size
     0.99%     0.97%  miniC2D  miniC2D               [.] sat_unmark_var
     0.97%     0.00%  miniC2D  miniC2D               [.] print_vtree_cache_stats
0.97% print_vtree_cache_stats;clist_size
     0.97%     0.00%  miniC2D  miniC2D               [.] vtree_manager_free
0.94% vtree_manager_free;free_vtree_cache
     0.97%     0.94%  miniC2D  miniC2D               [.] free_vtree_cache
0.94% _start;__libc_start_main;0x7fd613046249;main;vtree_manager_free;free_vtree_cache
     0.94%     0.94%  miniC2D  miniC2D               [.] sat_is_implied_literal
     0.84%     0.00%  miniC2D  [kernel.kallsyms]     [k] asm_sysvec_apic_timer_interrupt
     0.76%     0.00%  miniC2D  [kernel.kallsyms]     [k] sysvec_apic_timer_interrupt
     0.76%     0.00%  miniC2D  [kernel.kallsyms]     [k] __sysvec_apic_timer_interrupt
     0.76%     0.00%  miniC2D  [kernel.kallsyms]     [k] hrtimer_interrupt
     0.69%     0.32%  miniC2D  miniC2D               [.] vset_union
     0.65%     0.04%  miniC2D  [kernel.kallsyms]     [k] __hrtimer_run_queues
     0.59%     0.57%  miniC2D  miniC2D               [.] sat_is_subsumed_clause
     0.58%     0.00%  miniC2D  [kernel.kallsyms]     [k] tick_sched_timer
     0.49%     0.03%  miniC2D  libc.so.6             [.] __libc_calloc
     0.49%     0.02%  miniC2D  [kernel.kallsyms]     [k] tick_sched_handle
     0.47%     0.00%  miniC2D  [kernel.kallsyms]     [k] update_process_times
     0.42%     0.00%  miniC2D  miniC2D               [.] cnf2hdtree
     0.42%     0.00%  miniC2D  [unknown]             [k] 0xffffffffffffffff
     0.39%     0.00%  miniC2D  [kernel.kallsyms]     [k] scheduler_tick
     0.37%     0.00%  miniC2D  [kernel.kallsyms]     [k] asm_exc_page_fault
     0.37%     0.00%  miniC2D  libc.so.6             [.] __libc_free (inlined)
     0.36%     0.21%  miniC2D  libc.so.6             [.] malloc
     0.34%     0.00%  miniC2D  miniC2D               [.] cnf2minfill_order
     0.30%     0.01%  miniC2D  [kernel.kallsyms]     [k] exc_page_fault
     0.29%     0.03%  miniC2D  miniC2D               [.] Graph::removeAndConnect
     0.29%     0.00%  miniC2D  [kernel.kallsyms]     [k] do_user_addr_fault
     0.27%     0.00%  miniC2D  [kernel.kallsyms]     [k] handle_mm_fault
     0.26%     0.00%  miniC2D  miniC2D               [.] vset_new
     0.25%     0.00%  miniC2D  libc.so.6             [.] 0x00007fd6130b7109
     0.22%     0.04%  miniC2D  [kernel.kallsyms]     [k] task_tick_fair
     0.20%     0.20%  miniC2D  miniC2D               [.] sat_is_marked_var
     0.19%     0.03%  miniC2D  [kernel.kallsyms]     [k] __handle_mm_fault
     0.17%     0.17%  miniC2D  miniC2D               [.] sat_var2pliteral
     0.14%     0.14%  miniC2D  miniC2D               [.] cset_subset
     0.13%     0.13%  miniC2D  libstdc++.so.6.0.30   [.] std::_Rb_tree_increment
     0.13%     0.13%  miniC2D  libc.so.6             [.] cfree
     0.11%     0.02%  miniC2D  miniC2D               [.] sat_state_free
     0.11%     0.04%  miniC2D  miniC2D               [.] add_clause
     0.11%     0.00%  miniC2D  [kernel.kallsyms]     [k] entry_SYSCALL_64_after_hwframe
     0.11%     0.00%  miniC2D  [kernel.kallsyms]     [k] do_syscall_64
     0.09%     0.06%  miniC2D  [kernel.kallsyms]     [k] update_curr
     0.09%     0.00%  miniC2D  miniC2D               [.] pass1b
     0.08%     0.00%  miniC2D  [kernel.kallsyms]     [k] vma_alloc_folio
     0.08%     0.00%  miniC2D  [kernel.kallsyms]     [k] __folio_alloc
     0.08%     0.00%  miniC2D  [kernel.kallsyms]     [k] __alloc_pages
     0.08%     0.00%  miniC2D  [kernel.kallsyms]     [k] get_page_from_freelist
     0.08%     0.00%  miniC2D  miniC2D               [.] order2hdtree
     0.08%     0.01%  miniC2D  miniC2D               [.] std::set_intersection<std::_Rb_tree_const_iterator<int>, std::_Rb_tree_const_iterator<int>, std::insert_iterator<std::set<int, std::less<int>, std::allocator<int> > > >
     0.07%     0.07%  miniC2D  miniC2D               [.] unmark_cset
     0.07%     0.07%  miniC2D  [kernel.kallsyms]     [k] native_write_msr
     0.07%     0.02%  miniC2D  [kernel.kallsyms]     [k] perf_event_task_tick
     0.07%     0.04%  miniC2D  miniC2D               [.] declare_watched_literals
     0.07%     0.00%  miniC2D  ld-linux-x86-64.so.2  [.] 0x00007fd6134f5b27
     0.07%     0.00%  miniC2D  ld-linux-x86-64.so.2  [.] 0x00007fd6134f6c7b
     0.07%     0.00%  miniC2D  ld-linux-x86-64.so.2  [.] 0x00007fd6134f52fe
     0.07%     0.02%  miniC2D  [kernel.kallsyms]     [k] timekeeping_advance
     0.07%     0.00%  miniC2D  [kernel.kallsyms]     [k] tick_sched_do_timer
     0.07%     0.00%  miniC2D  [kernel.kallsyms]     [k] update_wall_time
     0.07%     0.00%  miniC2D  [kernel.kallsyms]     [k] do_mas_align_munmap
     0.07%     0.00%  miniC2D  [kernel.kallsyms]     [k] unmap_region
     0.06%     0.01%  miniC2D  miniC2D               [.] std::_Rb_tree<int, int, std::_Identity<int>, std::less<int>, std::allocator<int> >::_M_insert_
     0.06%     0.01%  miniC2D  miniC2D               [.] cset_intersection
     0.06%     0.00%  miniC2D  miniC2D               [.] sat_read_cnf
     0.06%     0.04%  miniC2D  [kernel.kallsyms]     [k] error_entry
     0.06%     0.06%  miniC2D  [kernel.kallsyms]     [k] clear_page_rep
     0.06%     0.00%  miniC2D  libc.so.6             [.] 0x00007fd6130b68d7
     0.06%     0.04%  miniC2D  [kernel.kallsyms]     [k] __cgroup_account_cputime_field
     0.06%     0.00%  miniC2D  [kernel.kallsyms]     [k] account_user_time
     0.06%     0.04%  miniC2D  [kernel.kallsyms]     [k] update_rq_clock
     0.06%     0.04%  miniC2D  [kernel.kallsyms]     [k] __calc_delta
     0.06%     0.00%  miniC2D  [kernel.kallsyms]     [k] intel_pmu_disable_all
     0.06%     0.00%  miniC2D  [kernel.kallsyms]     [k] clockevents_program_event
     0.06%     0.00%  miniC2D  libc.so.6             [.] 0x00007fd6130b58ff
     0.06%     0.02%  miniC2D  [kernel.kallsyms]     [k] ktime_get
     0.06%     0.06%  miniC2D  miniC2D               [.] sat_var2nliteral
     0.06%     0.02%  miniC2D  miniC2D               [.] get_and_node
     0.06%     0.00%  miniC2D  [kernel.kallsyms]     [k] do_mas_munmap
     0.06%     0.06%  miniC2D  miniC2D               [.] vtree_is_shannon_node
     0.06%     0.00%  miniC2D  miniC2D               [.] set_vtree_hashcode (inlined)
     0.05%     0.01%  miniC2D  miniC2D               [.] std::_Rb_tree<int, int, std::_Identity<int>, std::less<int>, std::allocator<int> >::_M_insert_unique
     0.05%     0.00%  miniC2D  [kernel.kallsyms]     [k] __x64_sys_munmap
     0.05%     0.00%  miniC2D  [kernel.kallsyms]     [k] __vm_munmap
     0.05%     0.00%  miniC2D  miniC2D               [.] cset_union
     0.05%     0.05%  miniC2D  miniC2D               [.] Graph::containsEdge
     0.05%     0.00%  miniC2D  libc.so.6             [.] 0x00007fd6131f1c5f
     0.05%     0.00%  miniC2D  [heap]                [.] 0x0000000038742f7f
     0.04%     0.04%  miniC2D  libc.so.6             [.] 0x0000000000095167
     0.04%     0.00%  miniC2D  libc.so.6             [.] 0x00007fd6130b4167
     0.04%     0.00%  miniC2D  ld-linux-x86-64.so.2  [.] 0x00007fd6134f8d68
     0.04%     0.00%  miniC2D  ld-linux-x86-64.so.2  [.] 0x00007fd6134e9410
     0.04%     0.00%  miniC2D  miniC2D               [.] eset_new
     0.04%     0.00%  miniC2D  miniC2D               [.] cnf2hgr_primal
     0.04%     0.00%  miniC2D  libstdc++.so.6.0.30   [.] operator new
     0.04%     0.03%  miniC2D  miniC2D               [.] std::_Rb_tree<int, int, std::_Identity<int>, std::less<int>, std::allocator<int> >::_M_insert_unique_
     0.04%     0.00%  miniC2D  miniC2D               [.] combine_v
     0.04%     0.00%  miniC2D  miniC2D               [.] cset_new
     0.04%     0.02%  miniC2D  [kernel.kallsyms]     [k] arch_scale_freq_tick
     0.04%     0.02%  miniC2D  [kernel.kallsyms]     [k] native_read_msr
     0.04%     0.00%  miniC2D  libc.so.6             [.] __munmap
     0.04%     0.04%  miniC2D  [kernel.kallsyms]     [k] __count_memcg_events
     0.04%     0.00%  miniC2D  [kernel.kallsyms]     [k] count_memcg_events.constprop.0
     0.04%     0.04%  miniC2D  [kernel.kallsyms]     [k] mem_cgroup_from_task
     0.04%     0.04%  miniC2D  [kernel.kallsyms]     [k] update_cfs_group
     0.04%     0.00%  miniC2D  [kernel.kallsyms]     [k] timekeeping_update
     0.04%     0.04%  miniC2D  [kernel.kallsyms]     [k] __static_call_text_end
     0.04%     0.00%  miniC2D  [stack]               [.] 0x00007ffd74df1b37
     0.04%     0.04%  miniC2D  [kernel.kallsyms]     [k] cgroup_rstat_updated
     0.04%     0.04%  miniC2D  [kernel.kallsyms]     [k] ktime_get_update_offsets_now
     0.04%     0.00%  miniC2D  [kernel.kallsyms]     [k] update_load_avg
     0.04%     0.00%  miniC2D  [kernel.kallsyms]     [k] sugov_update_single_freq
     0.04%     0.02%  miniC2D  [kernel.kallsyms]     [k] folio_add_lru
     0.04%     0.02%  miniC2D  [kernel.kallsyms]     [k] read_tsc
     0.04%     0.00%  miniC2D  libc.so.6             [.] 0x00007fd6130b42af
     0.04%     0.00%  miniC2D  [heap]                [.] 0x00000000385c1e9f
     0.04%     0.04%  miniC2D  libc.so.6             [.] 0x0000000000096285
     0.04%     0.00%  miniC2D  libc.so.6             [.] 0x00007fd6130b5285
     0.04%     0.04%  miniC2D  miniC2D               [.] sat_at_assertion_level
     0.04%     0.02%  miniC2D  [kernel.kallsyms]     [k] unmap_page_range
     0.04%     0.00%  miniC2D  [kernel.kallsyms]     [k] unmap_vmas
     0.04%     0.00%  miniC2D  [heap]                [.] 0x0000000038576f9f
     0.04%     0.02%  miniC2D  [kernel.kallsyms]     [k] __mod_lruvec_page_state
     0.04%     0.00%  miniC2D  [stack]               [.] 0x00007ffd74df1c4f
     0.04%     0.04%  miniC2D  miniC2D               [.] add_watched_clause
     0.04%     0.04%  miniC2D  miniC2D               [.] sat_is_instantiated_var
     0.04%     0.00%  miniC2D  [heap]                [.] 0x00000000386f505f
     0.04%     0.00%  miniC2D  [unknown]             [.] 0x0000000000000006
     0.04%     0.00%  miniC2D  [heap]                [.] 0x00000000385774df
     0.03%     0.03%  miniC2D  libc.so.6             [.] 0x0000000000098340
     0.03%     0.00%  miniC2D  [unknown]             [.] 0x000000000000001f
     0.03%     0.00%  miniC2D  libc.so.6             [.] 0x00007fd6130b7340
     0.03%     0.00%  miniC2D  [kernel.kallsyms]     [k] tlb_finish_mmu
     0.03%     0.03%  miniC2D  libc.so.6             [.] 0x0000000000098109
     0.03%     0.03%  miniC2D  libc.so.6             [.] 0x00000000000975c4
     0.03%     0.00%  miniC2D  libc.so.6             [.] 0x00007fd6130b65c4
     0.03%     0.03%  miniC2D  miniC2D               [.] malloc@plt
     0.03%     0.03%  miniC2D  libc.so.6             [.] 0x000000000009744c
     0.03%     0.00%  miniC2D  libc.so.6             [.] 0x00007fd6130b644c
     0.03%     0.00%  miniC2D  [heap]                [.] 0x000000003874e2df
     0.03%     0.02%  miniC2D  libc.so.6             [.] realloc
     0.03%     0.01%  miniC2D  miniC2D               [.] fill_edges_etc
     0.03%     0.00%  miniC2D  miniC2D               [.] initialize_hdtree
     0.03%     0.00%  miniC2D  libc.so.6             [.] 0x00007fd6130c2707
     0.03%     0.01%  miniC2D  miniC2D               [.] mark_cset
     0.03%     0.00%  miniC2D  miniC2D               [.] vset_free
     0.03%     0.00%  miniC2D  miniC2D               [.] fill_esets
     0.03%     0.00%  miniC2D  miniC2D               [.] eset_intersection
     0.03%     0.00%  miniC2D  libc.so.6             [.] 0x00007fd6130c2703
     0.03%     0.00%  miniC2D  [stack]               [.] 0x00007ffd74df2fcf
     0.03%     0.03%  miniC2D  libstdc++.so.6.0.30   [.] std::_Rb_tree_insert_and_rebalance
     0.03%     0.01%  miniC2D  miniC2D               [.] std::_Rb_tree<int, int, std::_Identity<int>, std::less<int>, std::allocator<int> >::_M_copy
     0.03%     0.00%  miniC2D  miniC2D               [.] Graph::getNeighbors
     0.03%     0.00%  miniC2D  miniC2D               [.] cutset2vtree_rl
     0.03%     0.03%  miniC2D  libstdc++.so.6.0.30   [.] std::_Rb_tree_increment
     0.03%     0.00%  miniC2D  miniC2D               [.] Graph::removeEdge
     0.03%     0.00%  miniC2D  [kernel.kallsyms]     [k] exit_to_user_mode_prepare
     0.03%     0.00%  miniC2D  libc.so.6             [.] fscanf
     0.02%     0.00%  miniC2D  miniC2D               [.] minFillScore
     0.02%     0.00%  miniC2D  miniC2D               [.] p_hdtree2vtree_aux
     0.02%     0.00%  miniC2D  [heap]                [.] 0x0000000038728eef
     0.02%     0.02%  miniC2D  miniC2D               [.] count_nnf_nodes
     0.02%     0.00%  miniC2D  miniC2D               [.] save_nnf_manager_to_file
     0.02%     0.02%  miniC2D  libc.so.6             [.] 0x000000000009612c
     0.02%     0.00%  miniC2D  [heap]                [.] 0x00000000386d622f
     0.02%     0.00%  miniC2D  libc.so.6             [.] 0x00007fd6130b512c
     0.02%     0.02%  miniC2D  [kernel.kallsyms]     [k] sync_regs
     0.02%     0.02%  miniC2D  [kernel.kallsyms]     [k] free_pgtables
     0.02%     0.00%  miniC2D  miniC2D               [.] free_nnf_manager
     0.02%     0.02%  miniC2D  libc.so.6             [.] 0x0000000000097e69
     0.02%     0.00%  miniC2D  libc.so.6             [.] 0x00007fd6130b6e69
     0.02%     0.00%  miniC2D  [heap]                [.] 0x000000003872f27f
     0.02%     0.00%  miniC2D  [heap]                [.] 0x00000000385781ff
     0.02%     0.00%  miniC2D  [stack]               [.] 0x00007ffd74df1b97
     0.02%     0.00%  miniC2D  [heap]                [.] 0x00000000386e361f
     0.02%     0.02%  miniC2D  miniC2D               [.] vtree_shannon_var
     0.02%     0.00%  miniC2D  [unknown]             [.] 0x0000000000000007
     0.02%     0.00%  miniC2D  libc.so.6             [.] 0x00007fd6130b7154
     0.02%     0.00%  miniC2D  [stack]               [.] 0x00007ffd74df1eaf
     0.02%     0.02%  miniC2D  [kernel.kallsyms]     [k] native_sched_clock
     0.02%     0.00%  miniC2D  [kernel.kallsyms]     [k] sched_clock_cpu
     0.02%     0.00%  miniC2D  libc.so.6             [.] 0x00007fd6130b65d1
     0.02%     0.02%  miniC2D  [kernel.kallsyms]     [k] mt_find
     0.02%     0.00%  miniC2D  [kernel.kallsyms]     [k] lock_mm_and_find_vma
     0.02%     0.00%  miniC2D  [kernel.kallsyms]     [k] find_vma
     0.02%     0.00%  miniC2D  [kvm]                 [k] pvclock_gtod_notify
     0.02%     0.02%  miniC2D  [kernel.kallsyms]     [k] update_vsyscall
     0.02%     0.02%  miniC2D  libc.so.6             [.] 0x000000000009619a
     0.02%     0.00%  miniC2D  miniC2D               [.] free_hdtree
     0.02%     0.00%  miniC2D  libc.so.6             [.] 0x00007fd6130b519a
     0.02%     0.02%  miniC2D  [kernel.kallsyms]     [k] _raw_spin_lock_irq
     0.02%     0.02%  miniC2D  [kernel.kallsyms]     [k] folio_batch_move_lru
     0.02%     0.02%  miniC2D  libc.so.6             [.] 0x0000000000095f23
     0.02%     0.00%  miniC2D  [unknown]             [.] 0x0000000009896817
     0.02%     0.00%  miniC2D  libc.so.6             [.] 0x00007fd6130b4f23
     0.02%     0.00%  miniC2D  [stack]               [.] 0x00007ffd74df1cef
     0.02%     0.02%  miniC2D  [kernel.kallsyms]     [k] update_fast_timekeeper
     0.02%     0.02%  miniC2D  libc.so.6             [.] 0x00000000000951f8
     0.02%     0.00%  miniC2D  miniC2D               [.] free_hgr
     0.02%     0.00%  miniC2D  libc.so.6             [.] 0x00007fd6130b41f8
     0.02%     0.02%  miniC2D  libc.so.6             [.] 0x00000000000977a0
     0.02%     0.00%  miniC2D  libc.so.6             [.] 0x00007fd6130b67a0
     0.02%     0.00%  miniC2D  [heap]                [.] 0x00000000385e264f
     0.02%     0.02%  miniC2D  [kernel.kallsyms]     [k] account_process_tick
     0.02%     0.00%  miniC2D  [heap]                [.] 0x00000000385c1e3f
     0.02%     0.00%  miniC2D  [heap]                [.] 0x00000000385c1fb7
     0.02%     0.02%  miniC2D  libc.so.6             [.] 0x000000000009777a
     0.02%     0.00%  miniC2D  libc.so.6             [.] 0x00007fd6130b677a
     0.02%     0.00%  miniC2D  [heap]                [.] 0x00000000386ff74f
     0.02%     0.00%  miniC2D  [stack]               [.] 0x00007ffd74df1c8f
     0.02%     0.02%  miniC2D  [kernel.kallsyms]     [k] sugov_iowait_apply
     0.02%     0.02%  miniC2D  [kernel.kallsyms]     [k] irqentry_exit_to_user_mode
     0.02%     0.00%  miniC2D  [heap]                [.] 0x00000000385c1f1f
     0.02%     0.02%  miniC2D  libc.so.6             [.] qsort
     0.02%     0.00%  miniC2D  [heap]                [.] 0x0000000038577a1f
     0.02%     0.02%  miniC2D  [kernel.kallsyms]     [k] __rcu_read_unlock
     0.02%     0.00%  miniC2D  libc.so.6             [.] 0x00007fd6130b592c
     0.02%     0.00%  miniC2D  libc.so.6             [.] 0x00007fd6130b50e3
     0.02%     0.00%  miniC2D  libc.so.6             [.] __default_morecore
     0.02%     0.00%  miniC2D  libc.so.6             [.] sbrk (inlined)
     0.02%     0.00%  miniC2D  libc.so.6             [.] brk
     0.02%     0.00%  miniC2D  [kernel.kallsyms]     [k] __do_sys_brk
     0.02%     0.00%  miniC2D  [kernel.kallsyms]     [k] tlb_batch_pages_flush
     0.02%     0.00%  miniC2D  [kernel.kallsyms]     [k] release_pages
     0.02%     0.00%  miniC2D  [kernel.kallsyms]     [k] __mem_cgroup_uncharge_list
     0.02%     0.00%  miniC2D  [kernel.kallsyms]     [k] lapic_next_deadline
     0.02%     0.00%  miniC2D  [heap]                [.] 0x0000000038738ea7
     0.02%     0.00%  miniC2D  [heap]                [.] 0x00000000385c1fcf
     0.02%     0.02%  miniC2D  [kernel.kallsyms]     [k] effective_cpu_util
     0.02%     0.00%  miniC2D  [kernel.kallsyms]     [k] sugov_get_util
     0.02%     0.02%  miniC2D  [kernel.kallsyms]     [k] reweight_entity
     0.02%     0.00%  miniC2D  [kernel.kallsyms]     [k] __x64_sys_exit_group
     0.02%     0.00%  miniC2D  [kernel.kallsyms]     [k] do_group_exit
     0.02%     0.00%  miniC2D  [kernel.kallsyms]     [k] do_exit
     0.02%     0.00%  miniC2D  [kernel.kallsyms]     [k] __mmput
     0.02%     0.00%  miniC2D  [kernel.kallsyms]     [k] exit_mmap
     0.02%     0.00%  miniC2D  [kernel.kallsyms]     [k] page_remove_rmap
     0.02%     0.00%  miniC2D  [kernel.kallsyms]     [k] __mod_memcg_lruvec_state
     0.02%     0.02%  miniC2D  [kernel.kallsyms]     [k] __list_del_entry_valid
     0.02%     0.00%  miniC2D  [kernel.kallsyms]     [k] rmqueue_bulk
     0.02%     0.00%  miniC2D  [heap]                [.] 0x00000000385c1d3f
     0.02%     0.00%  miniC2D  [stack]               [.] 0x00007ffd74df1b47
     0.02%     0.00%  miniC2D  [heap]                [.] 0x00000000386ddfaf
     0.02%     0.02%  miniC2D  libc.so.6             [.] 0x0000000000095064
     0.02%     0.00%  miniC2D  libc.so.6             [.] 0x00007fd6130b4064
     0.02%     0.02%  miniC2D  [kernel.kallsyms]     [k] tick_program_event
     0.02%     0.02%  miniC2D  libc.so.6             [.] 0x000000000009508b
     0.02%     0.00%  miniC2D  libc.so.6             [.] 0x00007fd6130b408b
     0.02%     0.02%  miniC2D  [kernel.kallsyms]     [k] rb_insert_color
     0.02%     0.00%  miniC2D  [kernel.kallsyms]     [k] enqueue_hrtimer
     0.02%     0.00%  miniC2D  [kernel.kallsyms]     [k] timerqueue_add
     0.02%     0.02%  miniC2D  libc.so.6             [.] 0x0000000000097ab8
     0.02%     0.00%  miniC2D  libc.so.6             [.] 0x00007fd6130b6ab8
     0.02%     0.02%  miniC2D  libc.so.6             [.] 0x0000000000096145
     0.02%     0.00%  miniC2D  libc.so.6             [.] 0x00007fd6130b5145
     0.02%     0.00%  miniC2D  [heap]                [.] 0x00000000386cf51f
     0.02%     0.00%  miniC2D  [heap]                [.] 0x00000000385765ff
     0.02%     0.00%  miniC2D  [kernel.kallsyms]     [k] vm_normal_page
     0.02%     0.00%  miniC2D  [heap]                [.] 0x000000003857697f
     0.02%     0.00%  miniC2D  [heap]                [.] 0x00000000386e7eff
     0.02%     0.00%  miniC2D  [stack]               [.] 0x00007ffd74df1e6f
     0.02%     0.00%  miniC2D  [heap]                [.] 0x00000000385c1d4f
     0.02%     0.00%  miniC2D  [heap]                [.] 0x0000000038576ebf
     0.02%     0.00%  miniC2D  [kernel.kallsyms]     [k] page_add_new_anon_rmap
     0.02%     0.00%  miniC2D  [stack]               [.] 0x00007ffd74df1b3f
     0.02%     0.00%  miniC2D  [heap]                [.] 0x00000000385c1faf
     0.02%     0.00%  miniC2D  [stack]               [.] 0x00007ffd74df1c6f
     0.02%     0.00%  miniC2D  [heap]                [.] 0x00000000385c1d87
     0.02%     0.00%  miniC2D  [stack]               [.] 0x00007ffd74df209f
     0.02%     0.00%  miniC2D  [stack]               [.] 0x00007ffd74df212f
     0.02%     0.00%  miniC2D  [heap]                [.] 0x00000000385c21bf
     0.02%     0.02%  miniC2D  libc.so.6             [.] 0x00000000000980e2
     0.02%     0.00%  miniC2D  libc.so.6             [.] 0x00007fd6130b70e2
     0.02%     0.00%  miniC2D  [heap]                [.] 0x000000003857850f
     0.02%     0.00%  miniC2D  [stack]               [.] 0x00007ffd74df25ff
     0.02%     0.00%  miniC2D  [stack]               [.] 0x00007ffd74df1ecf
     0.02%     0.00%  miniC2D  [heap]                [.] 0x00000000386e6a6f
     0.02%     0.02%  miniC2D  miniC2D               [.] nnf_node_cmp
     0.02%     0.00%  miniC2D  libc.so.6             [.] qsort_r
     0.02%     0.00%  miniC2D  libc.so.6             [.] 0x00007fd61305eb9c
     0.02%     0.02%  miniC2D  libc.so.6             [.] 0x000000000009739f
     0.02%     0.00%  miniC2D  libc.so.6             [.] 0x00007fd6130b639f
     0.02%     0.00%  miniC2D  [heap]                [.] 0x00000000386e8c0f
     0.02%     0.00%  miniC2D  [heap]                [.] 0x000000003869739f
     0.02%     0.00%  miniC2D  [stack]               [.] 0x00007ffd74df1d9f
     0.02%     0.00%  miniC2D  [heap]                [.] 0x00000000386954ef
     0.02%     0.00%  miniC2D  [stack]               [.] 0x00007ffd74df245f
     0.02%     0.00%  miniC2D  [heap]                [.] 0x00000000386e9a9f
     0.02%     0.02%  miniC2D  libc.so.6             [.] 0x0000000000098093
     0.02%     0.00%  miniC2D  libc.so.6             [.] 0x00007fd6130b7093
     0.02%     0.00%  miniC2D  [heap]                [.] 0x00000000385c1ea7
     0.02%     0.02%  miniC2D  libc.so.6             [.] 0x000000000009742e
     0.02%     0.00%  miniC2D  libc.so.6             [.] 0x00007fd6130b642e
     0.02%     0.00%  miniC2D  [heap]                [.] 0x00000000385767bf
     0.02%     0.02%  miniC2D  [kernel.kallsyms]     [k] _raw_spin_lock
     0.02%     0.00%  miniC2D  [heap]                [.] 0x00000000386e4b1f
     0.02%     0.00%  miniC2D  [heap]                [.] 0x00000000386f0dff
     0.02%     0.02%  miniC2D  miniC2D               [.] realloc@plt
     0.02%     0.00%  miniC2D  [heap]                [.] 0x0000000038754aaf
     0.02%     0.00%  miniC2D  [heap]                [.] 0x00000000386c0bdf
     0.02%     0.00%  miniC2D  [heap]                [.] 0x00000000386f4007
     0.02%     0.00%  miniC2D  [heap]                [.] 0x00000000387401ff
     0.02%     0.02%  miniC2D  libc.so.6             [.] 0x00000000000961a1
     0.02%     0.00%  miniC2D  libc.so.6             [.] 0x00007fd6130b51a1
     0.02%     0.02%  miniC2D  libc.so.6             [.] 0x0000000000097e80
     0.02%     0.00%  miniC2D  libc.so.6             [.] 0x00007fd6130b6e80
     0.02%     0.02%  miniC2D  [kernel.kallsyms]     [k] _raw_spin_lock_irqsave
     0.02%     0.00%  miniC2D  [heap]                [.] 0x000000003872509f
     0.02%     0.00%  miniC2D  [heap]                [.] 0x00000000387398df
     0.02%     0.00%  miniC2D  [heap]                [.] 0x000000003873cfcf
     0.02%     0.00%  miniC2D  [heap]                [.] 0x00000000386f486f
     0.02%     0.00%  miniC2D  [heap]                [.] 0x00000000386fcc6f
     0.01%     0.00%  miniC2D  [heap]                [.] 0x000000003874163f
     0.01%     0.00%  miniC2D  [unknown]             [.] 0x0000000000000001
     0.01%     0.00%  miniC2D  [heap]                [.] 0x000000003871944f
     0.01%     0.00%  miniC2D  [heap]                [.] 0x00000000386f9bbf
     0.01%     0.00%  miniC2D  [heap]                [.] 0x000000003870587f
     0.01%     0.00%  miniC2D  [heap]                [.] 0x00000000386f5caf
     0.01%     0.01%  miniC2D  libc.so.6             [.] 0x000000000009618f
     0.01%     0.00%  miniC2D  libc.so.6             [.] 0x00007fd6130b518f
     0.01%     0.01%  miniC2D  ld-linux-x86-64.so.2  [.] 0x0000000000008c16
     0.01%     0.00%  miniC2D  ld-linux-x86-64.so.2  [.] 0x00007fd6134e4a47
     0.01%     0.00%  miniC2D  ld-linux-x86-64.so.2  [.] 0x00007fd6134e40c9
     0.01%     0.00%  miniC2D  ld-linux-x86-64.so.2  [.] 0x00007fd6134e3c16
     0.01%     0.01%  miniC2D  ld-linux-x86-64.so.2  [.] 0x000000000000997c
     0.01%     0.00%  miniC2D  ld-linux-x86-64.so.2  [.] 0x00007fd6134e497c
     0.01%     0.01%  miniC2D  libc.so.6             [.] 0x0000000000096135
     0.01%     0.00%  miniC2D  libc.so.6             [.] 0x00007fd6130b5135
     0.01%     0.01%  miniC2D  [kernel.kallsyms]     [k] native_flush_tlb_one_user
     0.01%     0.00%  miniC2D  ld-linux-x86-64.so.2  [.] 0x00007fd6134f8ea4
     0.01%     0.00%  miniC2D  ld-linux-x86-64.so.2  [.] 0x00007fd6134ee7df
     0.01%     0.00%  miniC2D  ld-linux-x86-64.so.2  [.] 0x00007fd6134fbbf7
     0.01%     0.00%  miniC2D  [kernel.kallsyms]     [k] flush_tlb_mm_range
     0.01%     0.00%  miniC2D  [kernel.kallsyms]     [k] flush_tlb_func
     0.01%     0.00%  miniC2D  libc.so.6             [.] 0x00007fd6130951fa
     0.01%     0.00%  miniC2D  [heap]                [.] 0x000000003862ab6f
     0.01%     0.00%  miniC2D  miniC2D               [.] eset_union
     0.01%     0.00%  miniC2D  [heap]                [.] 0x00000000387310bf
     0.01%     0.00%  miniC2D  [heap]                [.] 0x0000000038741f2f
     0.01%     0.00%  miniC2D  [heap]                [.] 0x000000003874a24f
     0.01%     0.00%  miniC2D  [heap]                [.] 0x000000003862fbaf
     0.01%     0.01%  miniC2D  libc.so.6             [.] 0x000000000005ece6
     0.01%     0.00%  miniC2D  libc.so.6             [.] 0x00007fd61307dce6
     0.01%     0.01%  miniC2D  [kernel.kallsyms]     [k] get_mem_cgroup_from_mm
     0.01%     0.00%  miniC2D  miniC2D               [.] hgr_new
     0.01%     0.00%  miniC2D  [kernel.kallsyms]     [k] __mem_cgroup_charge
     0.01%     0.00%  miniC2D  [heap]                [.] 0x00000000386c50ff
     0.01%     0.00%  miniC2D  [heap]                [.] 0x000000003875408f
     0.01%     0.01%  miniC2D  libc.so.6             [.] 0x00000000000983c0
     0.01%     0.00%  miniC2D  miniC2D               [.] declare_in_hgr
     0.01%     0.00%  miniC2D  libc.so.6             [.] 0x00007fd6130b73c0
     0.01%     0.00%  miniC2D  [heap]                [.] 0x000000003870f2ef
     0.01%     0.01%  miniC2D  miniC2D               [.] eset_free
     0.01%     0.00%  miniC2D  [heap]                [.] 0x000000003867adcf
     0.01%     0.01%  miniC2D  libc.so.6             [.] 0x0000000000097b05
     0.01%     0.00%  miniC2D  libc.so.6             [.] 0x00007fd6130b6b05
     0.01%     0.01%  miniC2D  ld-linux-x86-64.so.2  [.] 0x0000000000009947
     0.01%     0.00%  miniC2D  ld-linux-x86-64.so.2  [.] 0x00007fd6134e4947
     0.01%     0.00%  miniC2D  [heap]                [.] 0x00000000387446ff
     0.01%     0.00%  miniC2D  miniC2D               [.] hgr_new_finish
     0.01%     0.00%  miniC2D  [heap]                [.] 0x000000003868b43f
     0.01%     0.00%  miniC2D  [heap]                [.] 0x0000000038636d4f
     0.01%     0.01%  miniC2D  miniC2D               [.] sat_mark_clause
     0.01%     0.01%  miniC2D  libc.so.6             [.] 0x00000000000950d5
     0.01%     0.00%  miniC2D  libc.so.6             [.] 0x00007fd6130b40d5
     0.01%     0.01%  miniC2D  miniC2D               [.] std::_Rb_tree<int, int, std::_Identity<int>, std::less<int>, std::allocator<int> >::_M_erase
     0.01%     0.00%  miniC2D  [heap]                [.] 0x000000003862e8ef
     0.01%     0.00%  miniC2D  [heap]                [.] 0x000000003871494f
     0.01%     0.01%  miniC2D  [kernel.kallsyms]     [k] __irqentry_text_end
     0.01%     0.00%  miniC2D  miniC2D               [.] Graph::Graph
     0.01%     0.00%  miniC2D  miniC2D               [.] Graph::addEdge
     0.01%     0.00%  miniC2D  [heap]                [.] 0x000000003863161f
     0.01%     0.00%  miniC2D  [heap]                [.] 0x00000000387310ff
     0.01%     0.00%  miniC2D  [heap]                [.] 0x0000000038727b6f
     0.01%     0.01%  miniC2D  libc.so.6             [.] 0x00000000000951ef
     0.01%     0.00%  miniC2D  libc.so.6             [.] 0x00007fd6130b41ef
     0.01%     0.01%  miniC2D  miniC2D               [.] sat_is_marked_clause
     0.01%     0.01%  miniC2D  libc.so.6             [.] 0x0000000000097392
     0.01%     0.00%  miniC2D  miniC2D               [.] balanced_compose_hdtrees
     0.01%     0.00%  miniC2D  libc.so.6             [.] 0x00007fd6130b6392
     0.01%     0.01%  miniC2D  libc.so.6             [.] 0x0000000000097a66
     0.01%     0.00%  miniC2D  libc.so.6             [.] 0x00007fd6130b6a66
     0.01%     0.01%  miniC2D  libc.so.6             [.] 0x00000000000961ff
     0.01%     0.00%  miniC2D  libc.so.6             [.] 0x00007fd6130b51ff
     0.01%     0.00%  miniC2D  [heap]                [.] 0x000000003871263f
     0.01%     0.01%  miniC2D  libc.so.6             [.] 0x00000000000961bf
     0.01%     0.00%  miniC2D  libc.so.6             [.] 0x00007fd6130b51bf
     0.01%     0.01%  miniC2D  libc.so.6             [.] 0x000000000009793e
     0.01%     0.00%  miniC2D  [unknown]             [.] 0x0000000000000002
     0.01%     0.00%  miniC2D  libc.so.6             [.] 0x00007fd6130b693e
     0.01%     0.00%  miniC2D  miniC2D               [.] cset_minus
     0.01%     0.00%  miniC2D  [heap]                [.] 0x000000003871f01f
     0.01%     0.00%  miniC2D  [heap]                [.] 0x00000000387416df
     0.01%     0.00%  miniC2D  [heap]                [.] 0x00000000387446bf
     0.01%     0.00%  miniC2D  [heap]                [.] 0x0000000038747f4f
     0.01%     0.01%  miniC2D  libc.so.6             [.] 0x00000000000973c3
     0.01%     0.00%  miniC2D  libc.so.6             [.] 0x00007fd6130b63c3
     0.01%     0.00%  miniC2D  [heap]                [.] 0x0000000038742f9f
     0.01%     0.00%  miniC2D  [heap]                [.] 0x000000003871a37f
     0.01%     0.01%  miniC2D  libc.so.6             [.] 0x00000000000a371b
     0.01%     0.00%  miniC2D  libc.so.6             [.] 0x00007fd6130c271b
     0.01%     0.00%  miniC2D  [heap]                [.] 0x00000000387173ff
     0.01%     0.01%  miniC2D  libc.so.6             [.] 0x00000000000961b9
     0.01%     0.00%  miniC2D  libc.so.6             [.] 0x00007fd6130b51b9
     0.01%     0.01%  miniC2D  libc.so.6             [.] _IO_fgets
     0.01%     0.00%  miniC2D  miniC2D               [.] read_line
     0.01%     0.00%  miniC2D  libc.so.6             [.] fgets (inlined)
     0.01%     0.01%  miniC2D  libc.so.6             [.] 0x00000000000a370b
     0.01%     0.00%  miniC2D  libc.so.6             [.] 0x00007fd6130c270b
     0.01%     0.01%  miniC2D  libc.so.6             [.] 0x000000000009509b
     0.01%     0.00%  miniC2D  libc.so.6             [.] 0x00007fd6130b579a
     0.01%     0.00%  miniC2D  libc.so.6             [.] 0x00007fd6130b409b
     0.01%     0.00%  miniC2D  [heap]                [.] 0x000000003874029f
     0.01%     0.01%  miniC2D  libc.so.6             [.] 0x000000000005fd46
     0.01%     0.00%  miniC2D  libc.so.6             [.] 0x00007fd61307ed46
     0.01%     0.00%  miniC2D  [heap]                [.] 0x0000000038727b4f
     0.01%     0.01%  miniC2D  miniC2D               [.] sat_clause2literals
     0.01%     0.00%  miniC2D  miniC2D               [.] vset_clause_new
     0.01%     0.00%  miniC2D  [heap]                [.] 0x0000000038737c0f
     0.01%     0.01%  miniC2D  miniC2D               [.] initialize_clause
     0.01%     0.00%  miniC2D  miniC2D               [.] sat_state_new
     0.01%     0.00%  miniC2D  miniC2D               [.] construct_cnf_clauses
     0.01%     0.00%  miniC2D  [heap]                [.] 0x00000000387387df
     0.01%     0.01%  miniC2D  ld-linux-x86-64.so.2  [.] 0x0000000000010ffb
     0.01%     0.00%  miniC2D  ld-linux-x86-64.so.2  [.] 0x00007fd6134f8a49
     0.01%     0.00%  miniC2D  ld-linux-x86-64.so.2  [.] 0x00007fd6134dd5c9
     0.01%     0.00%  miniC2D  ld-linux-x86-64.so.2  [.] _dl_catch_exception
     0.01%     0.00%  miniC2D  ld-linux-x86-64.so.2  [.] 0x00007fd6134dd260
     0.01%     0.00%  miniC2D  ld-linux-x86-64.so.2  [.] 0x00007fd6134e3074
     0.01%     0.00%  miniC2D  ld-linux-x86-64.so.2  [.] 0x00007fd6134e24f9
     0.01%     0.00%  miniC2D  ld-linux-x86-64.so.2  [.] 0x00007fd6134ebffb
     0.01%     0.01%  miniC2D  [kernel.kallsyms]     [k] apparmor_cred_free
     0.01%     0.00%  miniC2D  ld-linux-x86-64.so.2  [.] 0x00007fd6134f89e8
     0.01%     0.00%  miniC2D  ld-linux-x86-64.so.2  [.] 0x00007fd6134fb8f7
     0.01%     0.00%  miniC2D  [kernel.kallsyms]     [k] do_faccessat
     0.01%     0.00%  miniC2D  [kernel.kallsyms]     [k] put_cred_rcu
     0.01%     0.00%  miniC2D  [kernel.kallsyms]     [k] security_cred_free
     0.01%     0.00%  miniC2D  [kernel.kallsyms]     [k] __x64_sys_execve
     0.01%     0.00%  miniC2D  [kernel.kallsyms]     [k] do_execveat_common.isra.0
     0.01%     0.00%  miniC2D  [kernel.kallsyms]     [k] bprm_execve
     0.01%     0.00%  miniC2D  [kernel.kallsyms]     [k] load_elf_binary
     0.01%     0.01%  miniC2D  [kernel.kallsyms]     [k] hook_inode_free_security
     0.01%     0.00%  miniC2D  ld-linux-x86-64.so.2  [.] 0x00007fd6134f5b20
     0.01%     0.00%  miniC2D  [kernel.kallsyms]     [k] syscall_exit_to_user_mode
     0.01%     0.00%  miniC2D  [kernel.kallsyms]     [k] task_work_run
     0.01%     0.00%  miniC2D  [kernel.kallsyms]     [k] __fput
     0.01%     0.00%  miniC2D  [kernel.kallsyms]     [k] __dentry_kill
     0.01%     0.00%  miniC2D  [kernel.kallsyms]     [k] destroy_inode
     0.01%     0.00%  miniC2D  [kernel.kallsyms]     [k] __destroy_inode
     0.01%     0.00%  miniC2D  [kernel.kallsyms]     [k] security_inode_free
     0.00%     0.00%  miniC2D  [kernel.kallsyms]     [k] mtree_range_walk
     0.00%     0.00%  miniC2D  [kernel.kallsyms]     [k] elf_map
     0.00%     0.00%  miniC2D  [kernel.kallsyms]     [k] vm_mmap_pgoff
     0.00%     0.00%  miniC2D  [kernel.kallsyms]     [k] do_mmap
     0.00%     0.00%  miniC2D  [kernel.kallsyms]     [k] mmap_region
     0.00%     0.00%  miniC2D  [kernel.kallsyms]     [k] mas_find
     0.00%     0.00%  miniC2D  [kernel.kallsyms]     [k] mas_walk
     0.00%     0.00%  miniC2D  [kernel.kallsyms]     [k] perf_event_mmap
     0.00%     0.00%  miniC2D  [kernel.kallsyms]     [k] setup_arg_pages
     0.00%     0.00%  miniC2D  [kernel.kallsyms]     [k] mprotect_fixup
     0.00%     0.00%  miniC2D  [kernel.kallsyms]     [k] kfree
     0.00%     0.00%  perf-ex  [kernel.kallsyms]     [k] entry_SYSCALL_64_after_hwframe
     0.00%     0.00%  perf-ex  [kernel.kallsyms]     [k] do_syscall_64
     0.00%     0.00%  perf-ex  [kernel.kallsyms]     [k] __x64_sys_execve
     0.00%     0.00%  perf-ex  [kernel.kallsyms]     [k] do_execveat_common.isra.0
     0.00%     0.00%  perf-ex  [kernel.kallsyms]     [k] bprm_execve
     0.00%     0.00%  perf-ex  [kernel.kallsyms]     [k] load_elf_binary
     0.00%     0.00%  perf-ex  [kernel.kallsyms]     [k] begin_new_exec
     0.00%     0.00%  perf-ex  [kernel.kallsyms]     [k] perf_event_exec
     0.00%     0.00%  perf-ex  [kernel.kallsyms]     [k] select_task_rq_fair
     0.00%     0.00%  perf-ex  [kernel.kallsyms]     [k] asm_sysvec_irq_work
     0.00%     0.00%  perf-ex  [kernel.kallsyms]     [k] sysvec_irq_work
     0.00%     0.00%  perf-ex  [kernel.kallsyms]     [k] __sysvec_irq_work
     0.00%     0.00%  perf-ex  [kernel.kallsyms]     [k] irq_work_run
     0.00%     0.00%  perf-ex  [kernel.kallsyms]     [k] irq_work_run_list
     0.00%     0.00%  perf-ex  [kernel.kallsyms]     [k] irq_work_single
     0.00%     0.00%  perf-ex  [kernel.kallsyms]     [k] perf_pending_irq
     0.00%     0.00%  perf-ex  [kernel.kallsyms]     [k] perf_event_wakeup
     0.00%     0.00%  perf-ex  [kernel.kallsyms]     [k] __wake_up_common_lock
     0.00%     0.00%  perf-ex  [kernel.kallsyms]     [k] __wake_up_common
     0.00%     0.00%  perf-ex  [kernel.kallsyms]     [k] pollwake
     0.00%     0.00%  perf-ex  [kernel.kallsyms]     [k] try_to_wake_up
     0.00%     0.00%  perf-ex  [kernel.kallsyms]     [k] native_write_msr
     0.00%     0.00%  perf-ex  [kernel.kallsyms]     [k] __intel_pmu_enable_all.constprop.0
     0.00%     0.00%  perf-ex  [kernel.kallsyms]     [k] nmi_restore
     0.00%     0.00%  perf-ex  [kernel.kallsyms]     [k] acpi_os_read_memory
     0.00%     0.00%  perf-ex  [kernel.kallsyms]     [k] nmi_handle


#
# (Tip: Search options using a keyword: perf report -h <keyword>)
#
