# To display the perf.data header info, please use --header/--header-only options.
#
#
# Total Lost Samples: 1
#
# Samples: 3K of event 'cycles'
# Event count (approx.): 2671019846
#
# Children      Self  Command  Shared Object         Symbol                                                                                                                                                                      
# ........  ........  .......  ....................  ............................................................................................................................................................................
#
    92.98%     0.00%  miniC2D  miniC2D               [.] _start
1.54% _start;__libc_start_main;0x7f7c8a846249;main;vtree_manager_free;free_vtree_cache
1.54% _start;__libc_start_main;0x7f7c8a846249;main;print_vtree_cache_stats;clist_size
    92.98%     0.00%  miniC2D  libc.so.6             [.] __libc_start_main
1.54% __libc_start_main;0x7f7c8a846249;main;vtree_manager_free;free_vtree_cache
1.54% __libc_start_main;0x7f7c8a846249;main;print_vtree_cache_stats;clist_size
    92.98%     0.00%  miniC2D  libc.so.6             [.] 0x00007f7c8a846249
1.54% 0x7f7c8a846249;main;vtree_manager_free;free_vtree_cache
1.54% 0x7f7c8a846249;main;print_vtree_cache_stats;clist_size
    92.98%     0.00%  miniC2D  miniC2D               [.] main
1.54% main;vtree_manager_free;free_vtree_cache
1.54% main;print_vtree_cache_stats;clist_size
    82.40%     0.00%  miniC2D  miniC2D               [.] compile_vtree
    82.40%     0.00%  miniC2D  miniC2D               [.] compile_dispatcher
    82.40%     0.06%  miniC2D  miniC2D               [.] compile_vtree_shannon
    81.81%     0.00%  miniC2D  miniC2D               [.] compile_vtree_decomposed
    77.56%    35.27%  miniC2D  miniC2D               [.] set_literal
27.79% set_literal;move_watched_literal;remove_watched_clause
9.33% set_literal;move_watched_literal
3.75% 0x2abf8bef;set_literal
2.48% set_literal;analyze_conflict;zchaff_conflict_clause;mark_vars_at_level
1.95% set_literal;analyze_conflict;zchaff_conflict_clause
    47.28%     0.00%  miniC2D  miniC2D               [.] compile_with_literal (inlined)
14.89% compile_with_literal (inlined);sat_decide_literal;set_literal
13.27% compile_with_literal (inlined);sat_decide_literal;set_literal;move_watched_literal;remove_watched_clause
5.90% compile_with_literal (inlined);erase_level
4.49% compile_with_literal (inlined);sat_decide_literal;set_literal;move_watched_literal
0.94% compile_with_literal (inlined);sat_decide_literal;set_literal;analyze_conflict;zchaff_conflict_clause
0.92% compile_with_literal (inlined);sat_decide_literal;set_literal;analyze_conflict;zchaff_conflict_clause;mark_vars_at_level
    37.95%     0.00%  miniC2D  miniC2D               [.] sat_decide_literal
16.07% sat_decide_literal;set_literal
14.51% sat_decide_literal;set_literal;move_watched_literal;remove_watched_clause
5.08% sat_decide_literal;set_literal;move_watched_literal
1.03% sat_decide_literal;set_literal;analyze_conflict;zchaff_conflict_clause
0.92% sat_decide_literal;set_literal;analyze_conflict;zchaff_conflict_clause;mark_vars_at_level
    37.59%     9.71%  miniC2D  miniC2D               [.] move_watched_literal
27.79% move_watched_literal;remove_watched_clause
    36.12%     0.06%  miniC2D  miniC2D               [.] sat_assert_clause
15.40% sat_assert_clause;set_literal
13.28% sat_assert_clause;set_literal;move_watched_literal;remove_watched_clause
4.25% sat_assert_clause;set_literal;move_watched_literal
1.56% sat_assert_clause;set_literal;analyze_conflict;zchaff_conflict_clause;mark_vars_at_level
0.92% sat_assert_clause;set_literal;analyze_conflict;zchaff_conflict_clause
    27.99%    27.96%  miniC2D  miniC2D               [.] remove_watched_clause
     7.21%     0.00%  miniC2D  miniC2D               [.] vtree_manager_new
     7.21%     0.00%  miniC2D  miniC2D               [.] cnf2vtree
     6.35%     6.35%  miniC2D  miniC2D               [.] erase_level
     6.31%     0.00%  miniC2D  miniC2D               [.] p_hdtree2vtree
     6.17%     0.00%  miniC2D  miniC2D               [.] pass2
     5.86%     0.00%  miniC2D  miniC2D               [.] classify_clause_vars
0.97% classify_clause_vars;vset_minus;unmark_vset;sat_unmark_var
0.69% classify_clause_vars;vset_intersection;unmark_vset;sat_unmark_var
0.64% classify_clause_vars;vset_intersection;mark_vset;sat_mark_var
0.61% classify_clause_vars;vset_minus;mark_vset;sat_mark_var
     4.96%     0.06%  miniC2D  miniC2D               [.] analyze_conflict
2.48% analyze_conflict;zchaff_conflict_clause;mark_vars_at_level
1.95% analyze_conflict;zchaff_conflict_clause
     4.43%     1.95%  miniC2D  miniC2D               [.] zchaff_conflict_clause
2.48% zchaff_conflict_clause;mark_vars_at_level
     3.89%     0.00%  miniC2D  [heap]                [.] 0x000000002abf8bef
3.75% 0x2abf8bef;set_literal
     2.60%     0.95%  miniC2D  miniC2D               [.] unmark_vset
1.65% unmark_vset;sat_unmark_var
     2.54%     2.54%  miniC2D  miniC2D               [.] mark_vars_at_level
     2.49%     0.03%  miniC2D  miniC2D               [.] vset_minus
0.97% vset_minus;unmark_vset;sat_unmark_var
0.61% vset_minus;mark_vset;sat_mark_var
     2.37%     1.12%  miniC2D  miniC2D               [.] mark_vset
1.25% mark_vset;sat_mark_var
     2.27%     0.04%  miniC2D  miniC2D               [.] vset_intersection
0.69% vset_intersection;unmark_vset;sat_unmark_var
0.64% vset_intersection;mark_vset;sat_mark_var
     1.88%     1.88%  miniC2D  miniC2D               [.] sat_unmark_var
     1.58%     1.58%  miniC2D  miniC2D               [.] sat_mark_var
     1.57%     0.00%  miniC2D  miniC2D               [.] print_vtree_cache_stats
1.54% print_vtree_cache_stats;clist_size
     1.54%     1.54%  miniC2D  miniC2D               [.] free_vtree_cache
1.54% _start;__libc_start_main;0x7f7c8a846249;main;vtree_manager_free;free_vtree_cache
     1.54%     0.00%  miniC2D  miniC2D               [.] vtree_manager_free
1.54% vtree_manager_free;free_vtree_cache
     1.54%     1.54%  miniC2D  miniC2D               [.] clist_size
1.54% _start;__libc_start_main;0x7f7c8a846249;main;print_vtree_cache_stats;clist_size
     1.00%     1.00%  miniC2D  miniC2D               [.] drop_vtree_cache_entries
     0.96%     0.30%  miniC2D  miniC2D               [.] vset_union
     0.89%     0.23%  miniC2D  libc.so.6             [.] __libc_calloc
     0.83%     0.12%  miniC2D  miniC2D               [.] lookup_cache
     0.78%     0.00%  miniC2D  miniC2D               [.] cnf2hdtree
     0.73%     0.07%  miniC2D  miniC2D               [.] vset_new
     0.65%     0.24%  miniC2D  miniC2D               [.] construct_vtree_key
     0.61%     0.00%  miniC2D  miniC2D               [.] cnf2minfill_order
     0.58%     0.19%  miniC2D  miniC2D               [.] Graph::removeAndConnect
     0.53%     0.00%  miniC2D  libc.so.6             [.] __libc_free (inlined)
     0.43%     0.00%  miniC2D  [kernel.kallsyms]     [k] asm_exc_page_fault
     0.35%     0.02%  miniC2D  [kernel.kallsyms]     [k] exc_page_fault
     0.34%     0.21%  miniC2D  libc.so.6             [.] malloc
     0.33%     0.03%  miniC2D  [kernel.kallsyms]     [k] handle_mm_fault
     0.33%     0.00%  miniC2D  [kernel.kallsyms]     [k] do_user_addr_fault
     0.30%     0.03%  miniC2D  [kernel.kallsyms]     [k] __handle_mm_fault
     0.26%     0.09%  miniC2D  miniC2D               [.] add_clause
     0.26%     0.00%  miniC2D  [kernel.kallsyms]     [k] asm_sysvec_apic_timer_interrupt
     0.26%     0.00%  miniC2D  [kernel.kallsyms]     [k] sysvec_apic_timer_interrupt
     0.24%     0.24%  miniC2D  miniC2D               [.] sat_is_implied_literal
     0.22%     0.22%  miniC2D  libstdc++.so.6.0.30   [.] std::_Rb_tree_increment
     0.22%     0.14%  miniC2D  libc.so.6             [.] realloc
     0.21%     0.00%  miniC2D  libc.so.6             [.] 0x00007f7c8a8b7109
     0.20%     0.20%  miniC2D  miniC2D               [.] cset_subset
     0.20%     0.00%  miniC2D  [kernel.kallsyms]     [k] __sysvec_apic_timer_interrupt
     0.20%     0.00%  miniC2D  [kernel.kallsyms]     [k] hrtimer_interrupt
     0.20%     0.00%  miniC2D  [kernel.kallsyms]     [k] __hrtimer_run_queues
     0.20%     0.20%  miniC2D  miniC2D               [.] add_watched_clause
     0.20%     0.00%  miniC2D  miniC2D               [.] declare_watched_literals
     0.19%     0.03%  miniC2D  miniC2D               [.] vset_free
     0.18%     0.18%  miniC2D  miniC2D               [.] sat_is_subsumed_clause
     0.17%     0.00%  miniC2D  [unknown]             [k] 0xffffffffffffffff
     0.17%     0.00%  miniC2D  [kernel.kallsyms]     [k] tick_sched_timer
     0.17%     0.00%  miniC2D  [kernel.kallsyms]     [k] tick_sched_handle
     0.17%     0.00%  miniC2D  [kernel.kallsyms]     [k] update_process_times
     0.17%     0.17%  miniC2D  libc.so.6             [.] cfree
     0.16%     0.00%  miniC2D  miniC2D               [.] std::set_intersection<std::_Rb_tree_const_iterator<int>, std::_Rb_tree_const_iterator<int>, std::insert_iterator<std::set<int, std::less<int>, std::allocator<int> > > >
     0.16%     0.00%  miniC2D  miniC2D               [.] order2hdtree
     0.16%     0.00%  miniC2D  [kernel.kallsyms]     [k] entry_SYSCALL_64_after_hwframe
     0.16%     0.00%  miniC2D  [kernel.kallsyms]     [k] do_syscall_64
     0.15%     0.00%  miniC2D  miniC2D               [.] sat_state_free
     0.15%     0.15%  miniC2D  miniC2D               [.] sat_is_marked_var
     0.14%     0.03%  miniC2D  [kernel.kallsyms]     [k] __alloc_pages
     0.14%     0.00%  miniC2D  [kernel.kallsyms]     [k] scheduler_tick
     0.14%     0.00%  miniC2D  [kernel.kallsyms]     [k] task_tick_fair
     0.13%     0.03%  miniC2D  miniC2D               [.] vset_clause_new
     0.12%     0.02%  miniC2D  miniC2D               [.] eset_new
     0.11%     0.00%  miniC2D  ld-linux-x86-64.so.2  [.] 0x00007f7c8ad80b27
     0.11%     0.00%  miniC2D  ld-linux-x86-64.so.2  [.] 0x00007f7c8ad81c7b
     0.11%     0.00%  miniC2D  ld-linux-x86-64.so.2  [.] 0x00007f7c8ad802fe
     0.11%     0.00%  miniC2D  [kernel.kallsyms]     [k] get_page_from_freelist
     0.11%     0.00%  miniC2D  [kernel.kallsyms]     [k] vma_alloc_folio
     0.11%     0.00%  miniC2D  [kernel.kallsyms]     [k] __folio_alloc
     0.10%     0.00%  miniC2D  miniC2D               [.] pass1b
     0.10%     0.10%  miniC2D  miniC2D               [.] sat_mark_clause
     0.10%     0.02%  miniC2D  miniC2D               [.] sat_read_cnf
     0.09%     0.00%  miniC2D  libc.so.6             [.] 0x00007f7c8a8b58ff
     0.08%     0.06%  miniC2D  miniC2D               [.] mark_cset
     0.08%     0.00%  miniC2D  miniC2D               [.] fill_esets
     0.08%     0.00%  miniC2D  libc.so.6             [.] fscanf
     0.08%     0.00%  miniC2D  [kernel.kallsyms]     [k] update_curr
     0.08%     0.00%  miniC2D  libc.so.6             [.] 0x00007f7c8a8b70bd
     0.07%     0.07%  miniC2D  libc.so.6             [.] 0x0000000000097af8
     0.07%     0.00%  miniC2D  libc.so.6             [.] 0x00007f7c8a8b6af8
     0.06%     0.00%  miniC2D  ld-linux-x86-64.so.2  [.] 0x00007f7c8ad83d68
     0.06%     0.00%  miniC2D  miniC2D               [.] cnf2hgr_primal
     0.06%     0.04%  miniC2D  miniC2D               [.] std::_Rb_tree<int, int, std::_Identity<int>, std::less<int>, std::allocator<int> >::_M_insert_unique
     0.06%     0.00%  miniC2D  miniC2D               [.] eset_node_new
     0.06%     0.02%  miniC2D  miniC2D               [.] std::_Rb_tree<int, int, std::_Identity<int>, std::less<int>, std::allocator<int> >::_M_erase
     0.06%     0.04%  miniC2D  miniC2D               [.] unmark_cset
     0.06%     0.00%  miniC2D  miniC2D               [.] cset_intersection
     0.06%     0.00%  miniC2D  libc.so.6             [.] _IO_printf (inlined)
     0.06%     0.00%  miniC2D  [stack]               [.] 0x00007ffcf240e3a7
     0.06%     0.00%  miniC2D  [stack]               [.] 0x00007ffcf240d52f
     0.06%     0.06%  miniC2D  [kernel.kallsyms]     [k] _compound_head
     0.06%     0.00%  miniC2D  [kernel.kallsyms]     [k] unmap_vmas
     0.06%     0.00%  miniC2D  [kernel.kallsyms]     [k] unmap_page_range
     0.06%     0.06%  miniC2D  libc.so.6             [.] @plt
     0.06%     0.06%  miniC2D  miniC2D               [.] sat_is_irrelevant_var
     0.06%     0.00%  miniC2D  libc.so.6             [.] 0x00007f7c8a8b5c98
     0.06%     0.03%  miniC2D  [kernel.kallsyms]     [k] update_load_avg
     0.06%     0.00%  miniC2D  [kernel.kallsyms]     [k] __x64_sys_exit_group
     0.06%     0.00%  miniC2D  [kernel.kallsyms]     [k] do_group_exit
     0.06%     0.00%  miniC2D  [kernel.kallsyms]     [k] do_exit
     0.06%     0.06%  miniC2D  miniC2D               [.] sat_is_instantiated_var
     0.06%     0.06%  miniC2D  miniC2D               [.] sat_var2nliteral
     0.06%     0.00%  miniC2D  [kernel.kallsyms]     [k] __irq_exit_rcu
     0.06%     0.00%  miniC2D  [kernel.kallsyms]     [k] handle_softirqs
     0.06%     0.06%  miniC2D  miniC2D               [.] vtree_shannon_var
     0.06%     0.00%  miniC2D  miniC2D               [.] sat_state_new
     0.05%     0.00%  miniC2D  [heap]                [.] 0x000000002adc266f
     0.05%     0.00%  miniC2D  miniC2D               [.] eset_free
     0.05%     0.00%  miniC2D  [heap]                [.] 0x000000002adf4baf
     0.05%     0.00%  miniC2D  [heap]                [.] 0x000000002ae094ef
     0.05%     0.00%  miniC2D  [heap]                [.] 0x000000002adaa49f
     0.05%     0.02%  miniC2D  libc.so.6             [.] brk
     0.05%     0.00%  miniC2D  libc.so.6             [.] __default_morecore
     0.05%     0.00%  miniC2D  libc.so.6             [.] sbrk (inlined)
     0.05%     0.00%  miniC2D  [heap]                [.] 0x000000002adc8a7f
     0.05%     0.00%  miniC2D  [kernel.kallsyms]     [k] __mod_lruvec_page_state
     0.05%     0.00%  miniC2D  [heap]                [.] 0x000000002ae0711f
     0.04%     0.00%  miniC2D  [heap]                [.] 0x000000002ade6d2f
     0.04%     0.04%  miniC2D  miniC2D               [.] sat_literal2var
     0.04%     0.02%  miniC2D  miniC2D               [.] std::_Rb_tree<int, int, std::_Identity<int>, std::less<int>, std::allocator<int> >::_M_insert_unique_
     0.04%     0.02%  miniC2D  miniC2D               [.] std::_Rb_tree<int, int, std::_Identity<int>, std::less<int>, std::allocator<int> >::_M_insert_
     0.04%     0.00%  miniC2D  ld-linux-x86-64.so.2  [.] 0x00007f7c8ad74410
     0.04%     0.04%  miniC2D  libstdc++.so.6.0.30   [.] operator new
     0.04%     0.00%  miniC2D  miniC2D               [.] declare_in_hgr
     0.04%     0.00%  miniC2D  [stack]               [.] 0x00007ffcf240e227
     0.04%     0.02%  miniC2D  miniC2D               [.] Graph::addEdge
     0.04%     0.00%  miniC2D  miniC2D               [.] initialize_hdtree
     0.04%     0.00%  miniC2D  miniC2D               [.] fill_edges_etc
     0.04%     0.00%  miniC2D  miniC2D               [.] eset_minus
     0.04%     0.00%  miniC2D  miniC2D               [.] cutset2vtree_rl
     0.04%     0.00%  miniC2D  miniC2D               [.] combine_v
     0.04%     0.00%  miniC2D  miniC2D               [.] cset_union
     0.04%     0.00%  miniC2D  miniC2D               [.] cset_new
     0.04%     0.00%  miniC2D  [heap]                [.] 0x000000002ae0b4df
     0.04%     0.04%  miniC2D  miniC2D               [.] std::_Rb_tree_increment@plt
     0.04%     0.02%  miniC2D  miniC2D               [.] Graph::removeEdge
     0.04%     0.00%  miniC2D  [heap]                [.] 0x000000002adebedf
     0.04%     0.02%  miniC2D  miniC2D               [.] eset_intersection
     0.04%     0.04%  miniC2D  libc.so.6             [.] 0x0000000000096122
     0.04%     0.00%  miniC2D  libc.so.6             [.] 0x00007f7c8a8b5122
     0.04%     0.00%  miniC2D  [kernel.kallsyms]     [k] do_fault
     0.04%     0.00%  miniC2D  [kernel.kallsyms]     [k] filemap_map_pages
     0.03%     0.03%  miniC2D  libc.so.6             [.] 0x0000000000095284
     0.03%     0.00%  miniC2D  miniC2D               [.] free_hgr
     0.03%     0.00%  miniC2D  libc.so.6             [.] 0x00007f7c8a8b4284
     0.03%     0.03%  miniC2D  libc.so.6             [.] 0x00000000000961c9
     0.03%     0.00%  miniC2D  miniC2D               [.] free_hdtree
     0.03%     0.00%  miniC2D  libc.so.6             [.] 0x00007f7c8a8b51c9
     0.03%     0.03%  miniC2D  libc.so.6             [.] 0x000000000005c658
     0.03%     0.00%  miniC2D  libc.so.6             [.] 0x00007f7c8a87b658
     0.03%     0.03%  miniC2D  libc.so.6             [.] 0x00000000000961a1
     0.03%     0.00%  miniC2D  libc.so.6             [.] 0x00007f7c8a8b51a1
     0.03%     0.03%  miniC2D  libc.so.6             [.] 0x0000000000098340
     0.03%     0.00%  miniC2D  [unknown]             [.] 0x000000000000009f
     0.03%     0.00%  miniC2D  libc.so.6             [.] 0x00007f7c8a8b7340
     0.03%     0.00%  miniC2D  [heap]                [.] 0x000000002ad91dff
     0.03%     0.03%  miniC2D  miniC2D               [.] free@plt
     0.03%     0.03%  miniC2D  libc.so.6             [.] 0x000000000009778b
     0.03%     0.00%  miniC2D  libc.so.6             [.] 0x00007f7c8a8b678b
     0.03%     0.00%  miniC2D  [stack]               [.] 0x00007ffcf240d23f
     0.03%     0.03%  miniC2D  libc.so.6             [.] 0x000000000009838a
     0.03%     0.00%  miniC2D  libc.so.6             [.] 0x00007f7c8a8b738a
     0.03%     0.03%  miniC2D  libc.so.6             [.] 0x000000000009628b
     0.03%     0.00%  miniC2D  [heap]                [.] 0x000000002adb746f
     0.03%     0.00%  miniC2D  libc.so.6             [.] 0x00007f7c8a8b528b
     0.03%     0.03%  miniC2D  [kernel.kallsyms]     [k] __list_del_entry_valid
     0.03%     0.00%  miniC2D  [kernel.kallsyms]     [k] do_huge_pmd_anonymous_page
     0.03%     0.00%  miniC2D  [kernel.kallsyms]     [k] pte_alloc_one
     0.03%     0.03%  miniC2D  miniC2D               [.] calloc@plt
     0.03%     0.03%  miniC2D  libc.so.6             [.] 0x00000000000961bf
     0.03%     0.00%  miniC2D  libc.so.6             [.] 0x00007f7c8a8b51bf
     0.03%     0.00%  miniC2D  [heap]                [.] 0x000000002ac6e437
     0.03%     0.03%  miniC2D  miniC2D               [.] sat_at_assertion_level
     0.03%     0.03%  miniC2D  [ext4]                [k] ext4_release_file
     0.03%     0.00%  miniC2D  miniC2D               [.] save_nnf_manager_to_file
     0.03%     0.00%  miniC2D  libc.so.6             [.] _IO_fclose (inlined)
     0.03%     0.00%  miniC2D  libc.so.6             [.] _IO_file_close_it
     0.03%     0.00%  miniC2D  libc.so.6             [.] __close_nocancel
     0.03%     0.00%  miniC2D  [kernel.kallsyms]     [k] syscall_exit_to_user_mode
     0.03%     0.00%  miniC2D  [kernel.kallsyms]     [k] exit_to_user_mode_prepare
     0.03%     0.00%  miniC2D  [kernel.kallsyms]     [k] task_work_run
     0.03%     0.00%  miniC2D  [kernel.kallsyms]     [k] __fput
     0.03%     0.03%  miniC2D  miniC2D               [.] vtree_is_leaf
     0.03%     0.03%  miniC2D  [kernel.kallsyms]     [k] native_irq_return_iret
     0.03%     0.03%  miniC2D  miniC2D               [.] malloc@plt
     0.03%     0.03%  miniC2D  libc.so.6             [.] 0x0000000000096148
     0.03%     0.00%  miniC2D  libc.so.6             [.] 0x00007f7c8a8b5148
     0.03%     0.03%  miniC2D  [kernel.kallsyms]     [k] __irqentry_text_end
     0.03%     0.00%  miniC2D  [heap]                [.] 0x000000002ada7b3f
     0.03%     0.03%  miniC2D  libc.so.6             [.] 0x0000000000053a93
     0.03%     0.00%  miniC2D  libc.so.6             [.] 0x00007f7c8a87d04c
     0.03%     0.00%  miniC2D  libc.so.6             [.] 0x00007f7c8a872a93
     0.03%     0.00%  miniC2D  [heap]                [.] 0x000000002ac6e47f
     0.03%     0.00%  miniC2D  [heap]                [.] 0x000000002ac6e4e7
     0.03%     0.00%  miniC2D  [heap]                [.] 0x000000002ac1cdff
     0.03%     0.03%  miniC2D  libc.so.6             [.] 0x0000000000098109
     0.03%     0.00%  miniC2D  [heap]                [.] 0x000000002ac125c7
     0.03%     0.03%  miniC2D  libc.so.6             [.] 0x0000000000097cd5
     0.03%     0.00%  miniC2D  libc.so.6             [.] 0x00007f7c8a8b6cd5
     0.03%     0.00%  miniC2D  [heap]                [.] 0x000000002ac1cedf
     0.03%     0.00%  miniC2D  [heap]                [.] 0x000000002ada4b2f
     0.03%     0.00%  miniC2D  [heap]                [.] 0x000000002ac6e4d7
     0.03%     0.03%  miniC2D  libc.so.6             [.] 0x00000000000951ef
     0.03%     0.00%  miniC2D  libc.so.6             [.] 0x00007f7c8a8b41ef
     0.03%     0.00%  miniC2D  [heap]                [.] 0x000000002ac6e3ff
     0.03%     0.03%  miniC2D  [kernel.kallsyms]     [k] __cgroup_throttle_swaprate
     0.03%     0.03%  miniC2D  [kernel.kallsyms]     [k] folio_batch_move_lru
     0.03%     0.00%  miniC2D  [kernel.kallsyms]     [k] folio_add_lru
     0.03%     0.03%  miniC2D  [kernel.kallsyms]     [k] clear_page_rep
     0.03%     0.03%  miniC2D  [kernel.kallsyms]     [k] __mod_node_page_state
     0.03%     0.00%  miniC2D  [kernel.kallsyms]     [k] page_add_new_anon_rmap
     0.03%     0.00%  miniC2D  [kernel.kallsyms]     [k] __mod_lruvec_state
     0.03%     0.00%  miniC2D  [kernel.kallsyms]     [k] __mmput
     0.03%     0.00%  miniC2D  [kernel.kallsyms]     [k] exit_mmap
     0.03%     0.00%  miniC2D  [heap]                [.] 0x000000002ac6e68f
     0.03%     0.03%  miniC2D  [kernel.kallsyms]     [k] cpuacct_charge
     0.03%     0.03%  miniC2D  miniC2D               [.] sat_var2pliteral
     0.03%     0.00%  miniC2D  [heap]                [.] 0x000000002ad9d1ef
     0.03%     0.00%  miniC2D  libc.so.6             [.] 0x00007f7c8a8b592c
     0.03%     0.00%  miniC2D  libc.so.6             [.] 0x00007f7c8a8b50e3
     0.03%     0.00%  miniC2D  [kernel.kallsyms]     [k] __do_sys_brk
     0.03%     0.00%  miniC2D  [kernel.kallsyms]     [k] do_mas_align_munmap
     0.03%     0.00%  miniC2D  [kernel.kallsyms]     [k] unmap_region
     0.03%     0.03%  miniC2D  libc.so.6             [.] 0x0000000000097b29
     0.03%     0.00%  miniC2D  libc.so.6             [.] 0x00007f7c8a8b6b29
     0.03%     0.00%  miniC2D  [heap]                [.] 0x000000002ac43dcf
     0.03%     0.03%  miniC2D  libc.so.6             [.] 0x00000000000978c5
     0.03%     0.00%  miniC2D  libc.so.6             [.] 0x00007f7c8a8b68c5
     0.03%     0.03%  miniC2D  libc.so.6             [.] 0x0000000000095243
     0.03%     0.00%  miniC2D  libc.so.6             [.] 0x00007f7c8a8b4243
     0.03%     0.00%  miniC2D  [stack]               [.] 0x00007ffcf240d44f
     0.03%     0.00%  miniC2D  [heap]                [.] 0x000000002adb702f
     0.03%     0.00%  miniC2D  [stack]               [.] 0x00007ffcf240d30f
     0.03%     0.00%  miniC2D  [heap]                [.] 0x000000002ac6e78f
     0.03%     0.03%  miniC2D  [kernel.kallsyms]     [k] update_min_vruntime
     0.03%     0.00%  miniC2D  [stack]               [.] 0x00007ffcf240d2af
     0.03%     0.03%  miniC2D  [kernel.kallsyms]     [k] hrtimer_active
     0.03%     0.03%  miniC2D  [kernel.kallsyms]     [k] __update_load_avg_se
     0.03%     0.00%  miniC2D  [kernel.kallsyms]     [k] run_rebalance_domains
     0.03%     0.00%  miniC2D  [kernel.kallsyms]     [k] update_blocked_averages
     0.03%     0.03%  miniC2D  [kernel.kallsyms]     [k] trigger_load_balance
     0.03%     0.03%  miniC2D  [kernel.kallsyms]     [k] locks_remove_posix
     0.03%     0.00%  miniC2D  [kernel.kallsyms]     [k] put_files_struct
     0.03%     0.00%  miniC2D  [kernel.kallsyms]     [k] filp_close
     0.03%     0.03%  miniC2D  [kernel.kallsyms]     [k] timerqueue_del
     0.03%     0.00%  miniC2D  [stack]               [.] 0x00007ffcf240d1df
     0.03%     0.00%  miniC2D  [heap]                [.] 0x000000002adb8b17
     0.03%     0.03%  miniC2D  libc.so.6             [.] 0x0000000000096664
     0.03%     0.00%  miniC2D  libc.so.6             [.] 0x00007f7c8a8b5664
     0.03%     0.00%  miniC2D  [heap]                [.] 0x000000002ac127bf
     0.03%     0.00%  miniC2D  [heap]                [.] 0x000000002adb51af
     0.03%     0.03%  miniC2D  libc.so.6             [.] 0x00000000000975c0
     0.03%     0.00%  miniC2D  libc.so.6             [.] 0x00007f7c8a8b65c0
     0.03%     0.00%  miniC2D  [heap]                [.] 0x000000002ac6e987
     0.03%     0.00%  miniC2D  [heap]                [.] 0x000000002abf6eaf
     0.03%     0.03%  miniC2D  [kernel.kallsyms]     [k] _raw_spin_lock_irqsave
     0.03%     0.00%  miniC2D  [kernel.kallsyms]     [k] run_timer_softirq
     0.03%     0.00%  miniC2D  [kernel.kallsyms]     [k] __run_timers
     0.03%     0.00%  miniC2D  [kernel.kallsyms]     [k] call_timer_fn
     0.03%     0.00%  miniC2D  [kernel.kallsyms]     [k] fq_flush_timeout
     0.03%     0.03%  miniC2D  libc.so.6             [.] 0x000000000009614f
     0.03%     0.00%  miniC2D  libc.so.6             [.] 0x00007f7c8a8b514f
     0.03%     0.00%  miniC2D  [stack]               [.] 0x00007ffcf240d38f
     0.03%     0.00%  miniC2D  [heap]                [.] 0x000000002ac6e577
     0.03%     0.03%  miniC2D  [kernel.kallsyms]     [k] rmqueue_bulk
     0.03%     0.00%  miniC2D  miniC2D               [.] get_and_node
     0.03%     0.00%  miniC2D  [kernel.kallsyms]     [k] wp_page_copy
     0.03%     0.00%  miniC2D  [heap]                [.] 0x000000002ac6e407
     0.03%     0.00%  miniC2D  [heap]                [.] 0x000000002ac1cd1f
     0.03%     0.03%  miniC2D  libc.so.6             [.] 0x00000000000a3700
     0.03%     0.00%  miniC2D  libc.so.6             [.] 0x00007f7c8a8c2700
     0.03%     0.03%  miniC2D  libc.so.6             [.] 0x0000000000096135
     0.03%     0.00%  miniC2D  libc.so.6             [.] 0x00007f7c8a8b5135
     0.03%     0.03%  miniC2D  libc.so.6             [.] 0x00000000000973c3
     0.03%     0.00%  miniC2D  libc.so.6             [.] 0x00007f7c8a8b63c3
     0.03%     0.03%  miniC2D  libc.so.6             [.] 0x00000000000973f9
     0.03%     0.00%  miniC2D  libc.so.6             [.] 0x00007f7c8a8b63f9
     0.03%     0.00%  miniC2D  [heap]                [.] 0x000000002ad8eb8f
     0.03%     0.03%  miniC2D  libc.so.6             [.] 0x0000000000097e69
     0.03%     0.00%  miniC2D  libc.so.6             [.] 0x00007f7c8a8b6e69
     0.03%     0.00%  miniC2D  [heap]                [.] 0x000000002adbed5f
     0.03%     0.00%  miniC2D  [heap]                [.] 0x000000002ad90b1f
     0.03%     0.03%  miniC2D  libc.so.6             [.] 0x000000000009744c
     0.03%     0.00%  miniC2D  libc.so.6             [.] 0x00007f7c8a8b644c
     0.03%     0.00%  miniC2D  [heap]                [.] 0x000000002ad9a68f
     0.03%     0.00%  miniC2D  [unknown]             [.] 0x0000000000000001
     0.03%     0.00%  miniC2D  [heap]                [.] 0x000000002ae0348f
     0.03%     0.00%  miniC2D  [heap]                [.] 0x000000002adafcff
     0.03%     0.00%  miniC2D  [heap]                [.] 0x000000002adbef0f
     0.03%     0.03%  miniC2D  libc.so.6             [.] 0x0000000000095167
     0.03%     0.00%  miniC2D  libc.so.6             [.] 0x00007f7c8a8b68d7
     0.03%     0.00%  miniC2D  libc.so.6             [.] 0x00007f7c8a8b4167
     0.03%     0.00%  miniC2D  [heap]                [.] 0x000000002ae0845f
     0.03%     0.00%  miniC2D  [heap]                [.] 0x000000002adc605f
     0.02%     0.02%  miniC2D  libc.so.6             [.] 0x000000000009628d
     0.02%     0.00%  miniC2D  [heap]                [.] 0x000000002adeaa0f
     0.02%     0.00%  miniC2D  libc.so.6             [.] 0x00007f7c8a8b528d
     0.02%     0.00%  miniC2D  [heap]                [.] 0x000000002adbfa5f
     0.02%     0.02%  miniC2D  libc.so.6             [.] 0x0000000000097490
     0.02%     0.00%  miniC2D  libc.so.6             [.] 0x00007f7c8a8b6490
     0.02%     0.02%  miniC2D  libc.so.6             [.] 0x000000000009777a
     0.02%     0.00%  miniC2D  libc.so.6             [.] 0x00007f7c8a8b677a
     0.02%     0.02%  miniC2D  libc.so.6             [.] 0x000000000009745a
     0.02%     0.00%  miniC2D  libc.so.6             [.] 0x00007f7c8a8b645a
     0.02%     0.02%  miniC2D  ld-linux-x86-64.so.2  [.] 0x000000000000e354
     0.02%     0.00%  miniC2D  ld-linux-x86-64.so.2  [.] 0x00007f7c8ad74354
     0.02%     0.00%  miniC2D  [heap]                [.] 0x000000002adceedf
     0.02%     0.00%  miniC2D  [heap]                [.] 0x000000002ade765f
     0.02%     0.02%  miniC2D  miniC2D               [.] realloc@plt
     0.02%     0.02%  miniC2D  [kernel.kallsyms]     [k] next_uptodate_page
     0.02%     0.00%  miniC2D  ld-linux-x86-64.so.2  [.] 0x00007f7c8ad83e7e
     0.02%     0.00%  miniC2D  libc.so.6             [.] __libc_early_init
     0.02%     0.00%  miniC2D  libc.so.6             [.] 0x00007f7c8a8aa9b0
     0.02%     0.02%  miniC2D  libstdc++.so.6.0.30   [.] std::_Rb_tree_insert_and_rebalance
     0.02%     0.02%  miniC2D  ld-linux-x86-64.so.2  [.] 0x0000000000009016
     0.02%     0.00%  miniC2D  ld-linux-x86-64.so.2  [.] 0x00007f7c8ad6fa47
     0.02%     0.00%  miniC2D  ld-linux-x86-64.so.2  [.] 0x00007f7c8ad6f016
     0.02%     0.00%  miniC2D  miniC2D               [.] cset_minus
     0.02%     0.00%  miniC2D  [heap]                [.] 0x000000002acf35cf
     0.02%     0.00%  miniC2D  [heap]                [.] 0x000000002adcc29f
     0.02%     0.02%  miniC2D  libc.so.6             [.] 0x000000000009736b
     0.02%     0.00%  miniC2D  libc.so.6             [.] 0x00007f7c8a8b636b
     0.02%     0.02%  miniC2D  miniC2D               [.] Graph::containsEdge
     0.02%     0.02%  miniC2D  [kernel.kallsyms]     [k] _raw_spin_trylock
     0.02%     0.00%  miniC2D  [heap]                [.] 0x000000002adc609f
     0.02%     0.02%  miniC2D  [kernel.kallsyms]     [k] filemap_get_read_batch
     0.02%     0.00%  miniC2D  libc.so.6             [.] 0x00007f7c8a87fa70
     0.02%     0.00%  miniC2D  libc.so.6             [.] _IO_default_uflow
     0.02%     0.00%  miniC2D  libc.so.6             [.] _IO_file_underflow
     0.02%     0.00%  miniC2D  libc.so.6             [.] read
     0.02%     0.00%  miniC2D  [kernel.kallsyms]     [k] ksys_read
     0.02%     0.00%  miniC2D  [kernel.kallsyms]     [k] vfs_read
     0.02%     0.00%  miniC2D  [kernel.kallsyms]     [k] filemap_read
     0.02%     0.00%  miniC2D  [kernel.kallsyms]     [k] filemap_get_pages
     0.02%     0.02%  miniC2D  libc.so.6             [.] 0x0000000000098472
     0.02%     0.00%  miniC2D  libc.so.6             [.] 0x00007f7c8a8b7472
     0.02%     0.02%  miniC2D  libc.so.6             [.] 0x000000000009739f
     0.02%     0.00%  miniC2D  libc.so.6             [.] 0x00007f7c8a8b639f
     0.02%     0.00%  miniC2D  [heap]                [.] 0x000000002ae03daf
     0.02%     0.00%  miniC2D  [heap]                [.] 0x000000002ade5dcf
     0.02%     0.02%  miniC2D  libc.so.6             [.] 0x0000000000096228
     0.02%     0.00%  miniC2D  miniC2D               [.] balanced_compose_hdtrees
     0.02%     0.00%  miniC2D  libc.so.6             [.] 0x00007f7c8a8b5228
     0.02%     0.00%  miniC2D  [unknown]             [.] 0x000000000000006f
     0.02%     0.02%  miniC2D  [kernel.kallsyms]     [k] error_entry
     0.02%     0.00%  miniC2D  miniC2D               [.] hgr_new_finish
     0.02%     0.00%  miniC2D  libc.so.6             [.] 0x00007f7c8a8c2707
     0.02%     0.02%  miniC2D  [kernel.kallsyms]     [k] __calc_delta
     0.02%     0.00%  miniC2D  libc.so.6             [.] 0x00007f7c8a87ee49
     0.02%     0.02%  miniC2D  miniC2D               [.] sat_unmark_clause
     0.02%     0.02%  miniC2D  libc.so.6             [.] 0x0000000000098356
     0.02%     0.00%  miniC2D  libc.so.6             [.] 0x00007f7c8a8b7356
     0.02%     0.00%  miniC2D  [heap]                [.] 0x000000002ade631f
     0.02%     0.02%  miniC2D  libc.so.6             [.] 0x0000000000097fba
     0.02%     0.00%  miniC2D  libc.so.6             [.] 0x00007f7c8a8b6fba
     0.02%     0.00%  miniC2D  [stack]               [.] 0x00007ffcf240e12f
     0.02%     0.00%  miniC2D  [heap]                [.] 0x000000002adf881f
     0.02%     0.00%  miniC2D  [heap]                [.] 0x000000002ae0946f
     0.02%     0.02%  miniC2D  ld-linux-x86-64.so.2  [.] 0x0000000000009947
     0.02%     0.00%  miniC2D  ld-linux-x86-64.so.2  [.] 0x00007f7c8ad6f947
     0.02%     0.02%  miniC2D  libc.so.6             [.] 0x00000000000978c1
     0.02%     0.00%  miniC2D  miniC2D               [.] p_hdtree2vtree_aux
     0.02%     0.00%  miniC2D  libc.so.6             [.] 0x00007f7c8a8b68c1
     0.02%     0.02%  miniC2D  libc.so.6             [.] 0x0000000000097378
     0.02%     0.00%  miniC2D  [heap]                [.] 0x000000002adeecb7
     0.02%     0.00%  miniC2D  libc.so.6             [.] 0x00007f7c8a8b6378
     0.02%     0.02%  miniC2D  miniC2D               [.] vset_paste
     0.02%     0.00%  miniC2D  [heap]                [.] 0x000000002adbdbaf
     0.02%     0.00%  miniC2D  [heap]                [.] 0x000000002adfa6cf
     0.02%     0.00%  miniC2D  miniC2D               [.] Graph::Graph
     0.02%     0.00%  miniC2D  [heap]                [.] 0x000000002ad43ddf
     0.02%     0.00%  miniC2D  [heap]                [.] 0x000000002adb8adf
     0.02%     0.00%  miniC2D  [stack]               [.] 0x00007ffcf240e1ef
     0.02%     0.00%  miniC2D  [heap]                [.] 0x000000002ade34df
     0.02%     0.00%  miniC2D  miniC2D               [.] minFillScore
     0.02%     0.00%  miniC2D  [heap]                [.] 0x000000002ad9695f
     0.02%     0.00%  miniC2D  [heap]                [.] 0x000000002ade087f
     0.02%     0.00%  miniC2D  [heap]                [.] 0x000000002ade90df
     0.02%     0.00%  miniC2D  [heap]                [.] 0x000000002ade6317
     0.02%     0.00%  miniC2D  [heap]                [.] 0x000000002ae0c07f
     0.02%     0.00%  miniC2D  [heap]                [.] 0x000000002adc21df
     0.02%     0.00%  miniC2D  [heap]                [.] 0x000000002adf757f
     0.02%     0.00%  miniC2D  [heap]                [.] 0x000000002acdd69f
     0.02%     0.02%  miniC2D  libc.so.6             [.] 0x00000000000a3703
     0.02%     0.00%  miniC2D  libc.so.6             [.] 0x00007f7c8a8c2703
     0.02%     0.00%  miniC2D  [heap]                [.] 0x000000002adf48bf
     0.02%     0.00%  miniC2D  miniC2D               [.] initialize_sat_state
     0.02%     0.00%  miniC2D  miniC2D               [.] initialize_watched_literals
     0.02%     0.00%  miniC2D  [heap]                [.] 0x000000002ae034cf
     0.02%     0.00%  miniC2D  [kernel.kallsyms]     [k] __x64_sys_execve
     0.02%     0.00%  miniC2D  [kernel.kallsyms]     [k] do_execveat_common.isra.0
     0.02%     0.00%  miniC2D  [kernel.kallsyms]     [k] bprm_execve
     0.02%     0.00%  miniC2D  [kernel.kallsyms]     [k] load_elf_binary
     0.02%     0.02%  miniC2D  libc.so.6             [.] 0x00000000000983ed
     0.02%     0.00%  miniC2D  libc.so.6             [.] 0x00007f7c8a9f1c5f
     0.02%     0.00%  miniC2D  libc.so.6             [.] 0x00007f7c8a8b73ed
     0.02%     0.02%  miniC2D  libc.so.6             [.] 0x00000000000973ff
     0.02%     0.00%  miniC2D  libc.so.6             [.] 0x00007f7c8a8b63ff
     0.02%     0.02%  miniC2D  miniC2D               [.] sat_clause2literals
     0.02%     0.02%  miniC2D  libc.so.6             [.] 0x00000000000a370b
     0.02%     0.00%  miniC2D  libc.so.6             [.] 0x00007f7c8a8c270b
     0.02%     0.00%  miniC2D  [heap]                [.] 0x000000002ade76ff
     0.02%     0.00%  miniC2D  [heap]                [.] 0x000000002adba22f
     0.02%     0.02%  miniC2D  libc.so.6             [.] 0x000000000005ff93
     0.02%     0.00%  miniC2D  libc.so.6             [.] 0x00007f7c8a87ef93
     0.02%     0.02%  miniC2D  libc.so.6             [.] 0x00000000000950b6
     0.02%     0.00%  miniC2D  libc.so.6             [.] 0x00007f7c8a8b579a
     0.02%     0.00%  miniC2D  libc.so.6             [.] 0x00007f7c8a8b40b6
     0.02%     0.02%  miniC2D  libc.so.6             [.] 0x000000000008604d
     0.02%     0.00%  miniC2D  libc.so.6             [.] 0x00007f7c8a87df93
     0.02%     0.00%  miniC2D  libc.so.6             [.] 0x00007f7c8a8a504d
     0.02%     0.00%  miniC2D  miniC2D               [.] construct_cnf_vars_and_literals
     0.02%     0.00%  miniC2D  libc.so.6             [.] 0x00007f7c8a8b5f98
     0.02%     0.00%  miniC2D  [heap]                [.] 0x000000002add787f
     0.02%     0.02%  miniC2D  miniC2D               [.] sat_index2literal
     0.02%     0.00%  miniC2D  miniC2D               [.] construct_cnf_clauses
     0.02%     0.00%  miniC2D  miniC2D               [.] initialize_clause
     0.02%     0.02%  miniC2D  [kernel.kallsyms]     [k] __mod_memcg_lruvec_state
     0.02%     0.00%  miniC2D  ld-linux-x86-64.so.2  [.] 0x00007f7c8ad83a49
     0.02%     0.00%  miniC2D  ld-linux-x86-64.so.2  [.] 0x00007f7c8ad685c9
     0.02%     0.00%  miniC2D  ld-linux-x86-64.so.2  [.] _dl_catch_exception
     0.02%     0.00%  miniC2D  ld-linux-x86-64.so.2  [.] 0x00007f7c8ad68260
     0.02%     0.00%  miniC2D  ld-linux-x86-64.so.2  [.] 0x00007f7c8ad6e074
     0.02%     0.00%  miniC2D  ld-linux-x86-64.so.2  [.] 0x00007f7c8ad6cda9
     0.02%     0.00%  miniC2D  [kernel.kallsyms]     [k] do_set_pte
     0.02%     0.00%  miniC2D  [kernel.kallsyms]     [k] page_add_file_rmap
     0.01%     0.00%  miniC2D  ld-linux-x86-64.so.2  [.] 0x00007f7c8ad837a7
     0.01%     0.00%  miniC2D  ld-linux-x86-64.so.2  [.] 0x00007f7c8ad6c1ee
     0.01%     0.01%  miniC2D  [kernel.kallsyms]     [k] crng_make_state
     0.01%     0.00%  miniC2D  [kernel.kallsyms]     [k] _get_random_bytes
     0.01%     0.01%  miniC2D  [kernel.kallsyms]     [k] prepend
     0.01%     0.00%  miniC2D  [kernel.kallsyms]     [k] elf_map
     0.01%     0.00%  miniC2D  [kernel.kallsyms]     [k] vm_mmap_pgoff
     0.01%     0.00%  miniC2D  [kernel.kallsyms]     [k] do_mmap
     0.01%     0.00%  miniC2D  [kernel.kallsyms]     [k] mmap_region
     0.01%     0.00%  miniC2D  [kernel.kallsyms]     [k] perf_event_mmap
     0.01%     0.00%  miniC2D  [kernel.kallsyms]     [k] d_path
     0.01%     0.00%  miniC2D  [kernel.kallsyms]     [k] prepend_path
     0.00%     0.00%  miniC2D  [kernel.kallsyms]     [k] mtree_range_walk
     0.00%     0.00%  miniC2D  [kernel.kallsyms]     [k] setup_arg_pages
     0.00%     0.00%  miniC2D  [kernel.kallsyms]     [k] mprotect_fixup
     0.00%     0.00%  miniC2D  [kernel.kallsyms]     [k] vma_merge
     0.00%     0.00%  miniC2D  [kernel.kallsyms]     [k] mt_find
     0.00%     0.00%  perf-ex  [kernel.kallsyms]     [k] entry_SYSCALL_64_after_hwframe
     0.00%     0.00%  perf-ex  [kernel.kallsyms]     [k] do_syscall_64
     0.00%     0.00%  perf-ex  [kernel.kallsyms]     [k] __x64_sys_execve
     0.00%     0.00%  perf-ex  [kernel.kallsyms]     [k] do_execveat_common.isra.0
     0.00%     0.00%  perf-ex  [kernel.kallsyms]     [k] bprm_execve
     0.00%     0.00%  perf-ex  [kernel.kallsyms]     [k] load_elf_binary
     0.00%     0.00%  perf-ex  [kernel.kallsyms]     [k] begin_new_exec
     0.00%     0.00%  perf-ex  [kernel.kallsyms]     [k] perf_event_exec
     0.00%     0.00%  perf-ex  [kernel.kallsyms]     [k] select_task_rq_fair
     0.00%     0.00%  perf-ex  [kernel.kallsyms]     [k] asm_sysvec_irq_work
     0.00%     0.00%  perf-ex  [kernel.kallsyms]     [k] sysvec_irq_work
     0.00%     0.00%  perf-ex  [kernel.kallsyms]     [k] __sysvec_irq_work
     0.00%     0.00%  perf-ex  [kernel.kallsyms]     [k] irq_work_run
     0.00%     0.00%  perf-ex  [kernel.kallsyms]     [k] irq_work_run_list
     0.00%     0.00%  perf-ex  [kernel.kallsyms]     [k] irq_work_single
     0.00%     0.00%  perf-ex  [kernel.kallsyms]     [k] perf_pending_irq
     0.00%     0.00%  perf-ex  [kernel.kallsyms]     [k] perf_event_wakeup
     0.00%     0.00%  perf-ex  [kernel.kallsyms]     [k] __wake_up_common_lock
     0.00%     0.00%  perf-ex  [kernel.kallsyms]     [k] __wake_up_common
     0.00%     0.00%  perf-ex  [kernel.kallsyms]     [k] pollwake
     0.00%     0.00%  perf-ex  [kernel.kallsyms]     [k] try_to_wake_up
     0.00%     0.00%  perf-ex  [kernel.kallsyms]     [k] native_write_msr
     0.00%     0.00%  perf-ex  [kernel.kallsyms]     [k] __intel_pmu_enable_all.constprop.0
     0.00%     0.00%  perf-ex  [kernel.kallsyms]     [k] end_repeat_nmi
     0.00%     0.00%  perf-ex  [kernel.kallsyms]     [k] acpi_os_read_memory
     0.00%     0.00%  perf-ex  [kernel.kallsyms]     [k] nmi_handle


#
# (Tip: Show user configuration overrides: perf config --user --list)
#
