# To display the perf.data header info, please use --header/--header-only options.
#
#
# Total Lost Samples: 0
#
# Samples: 1K of event 'cycles'
# Event count (approx.): 1114627882
#
# Children      Self  Command  Shared Object         Symbol                                                                                                                                                                      
# ........  ........  .......  ....................  ............................................................................................................................................................................
#
    59.31%     0.00%  miniC2D  miniC2D               [.] _start
3.69% _start;__libc_start_main;0x7fbccae46249;main;print_vtree_cache_stats;clist_size
3.67% _start;__libc_start_main;0x7fbccae46249;main;vtree_manager_free;free_vtree_cache
2.54% _start;__libc_start_main;0x7fbccae46249;main;vtree_manager_new;cnf2vtree;p_hdtree2vtree;pass2;pass2;pass2;pass2;pass2;pass2;classify_clause_vars;vset_minus;unmark_vset
2.49% _start;__libc_start_main;0x7fbccae46249;main;vtree_manager_new;cnf2vtree;p_hdtree2vtree;pass2;pass2;pass2;pass2;pass2;pass2;classify_clause_vars;vset_intersection;mark_vset;sat_mark_var
2.48% _start;__libc_start_main;0x7fbccae46249;main;vtree_manager_new;cnf2vtree;p_hdtree2vtree;pass2;pass2;pass2;pass2;pass2;pass2;classify_clause_vars;vset_intersection;unmark_vset
2.33% _start;__libc_start_main;0x7fbccae46249;main;vtree_manager_new;cnf2vtree;p_hdtree2vtree;pass2;pass2;pass2;pass2;pass2;pass2;classify_clause_vars;vset_intersection;mark_vset
2.27% _start;__libc_start_main;0x7fbccae46249;main;vtree_manager_new;cnf2vtree;p_hdtree2vtree;pass2;pass2;pass2;pass2;pass2;pass2;classify_clause_vars;vset_intersection;unmark_vset;sat_unmark_var
2.26% _start;__libc_start_main;0x7fbccae46249;main;vtree_manager_new;cnf2vtree;p_hdtree2vtree;pass2;pass2;pass2;pass2;pass2;pass2;classify_clause_vars;vset_minus;unmark_vset;sat_unmark_var
2.05% _start;__libc_start_main;0x7fbccae46249;main;vtree_manager_new;cnf2vtree;p_hdtree2vtree;pass2;pass2;pass2;pass2;pass2;pass2;classify_clause_vars;vset_minus;mark_vset
1.56% _start;__libc_start_main;0x7fbccae46249;main;vtree_manager_new;cnf2vtree;p_hdtree2vtree;pass2;pass2;pass2;pass2;pass2;pass2;classify_clause_vars;vset_minus;mark_vset;sat_mark_var
0.59% _start;__libc_start_main;0x7fbccae46249;main;vtree_manager_new;cnf2vtree;cnf2hdtree;cnf2minfill_order;Graph::removeAndConnect;std::_Rb_tree_increment
0.57% _start;__libc_start_main;0x7fbccae46249;main;vtree_manager_new;cnf2vtree;p_hdtree2vtree;pass2;pass2;pass2;pass2;pass2;pass2;pass2;classify_clause_vars;vset_intersection;mark_vset;sat_mark_var
0.54% _start;__libc_start_main;0x7fbccae46249;main;vtree_manager_new;cnf2vtree;cnf2hdtree;cnf2minfill_order;Graph::removeAndConnect
    59.31%     0.00%  miniC2D  libc.so.6             [.] __libc_start_main
3.69% __libc_start_main;0x7fbccae46249;main;print_vtree_cache_stats;clist_size
3.67% __libc_start_main;0x7fbccae46249;main;vtree_manager_free;free_vtree_cache
2.54% __libc_start_main;0x7fbccae46249;main;vtree_manager_new;cnf2vtree;p_hdtree2vtree;pass2;pass2;pass2;pass2;pass2;pass2;classify_clause_vars;vset_minus;unmark_vset
2.49% __libc_start_main;0x7fbccae46249;main;vtree_manager_new;cnf2vtree;p_hdtree2vtree;pass2;pass2;pass2;pass2;pass2;pass2;classify_clause_vars;vset_intersection;mark_vset;sat_mark_var
2.48% __libc_start_main;0x7fbccae46249;main;vtree_manager_new;cnf2vtree;p_hdtree2vtree;pass2;pass2;pass2;pass2;pass2;pass2;classify_clause_vars;vset_intersection;unmark_vset
2.33% __libc_start_main;0x7fbccae46249;main;vtree_manager_new;cnf2vtree;p_hdtree2vtree;pass2;pass2;pass2;pass2;pass2;pass2;classify_clause_vars;vset_intersection;mark_vset
2.27% __libc_start_main;0x7fbccae46249;main;vtree_manager_new;cnf2vtree;p_hdtree2vtree;pass2;pass2;pass2;pass2;pass2;pass2;classify_clause_vars;vset_intersection;unmark_vset;sat_unmark_var
2.26% __libc_start_main;0x7fbccae46249;main;vtree_manager_new;cnf2vtree;p_hdtree2vtree;pass2;pass2;pass2;pass2;pass2;pass2;classify_clause_vars;vset_minus;unmark_vset;sat_unmark_var
2.05% __libc_start_main;0x7fbccae46249;main;vtree_manager_new;cnf2vtree;p_hdtree2vtree;pass2;pass2;pass2;pass2;pass2;pass2;classify_clause_vars;vset_minus;mark_vset
1.56% __libc_start_main;0x7fbccae46249;main;vtree_manager_new;cnf2vtree;p_hdtree2vtree;pass2;pass2;pass2;pass2;pass2;pass2;classify_clause_vars;vset_minus;mark_vset;sat_mark_var
0.59% __libc_start_main;0x7fbccae46249;main;vtree_manager_new;cnf2vtree;cnf2hdtree;cnf2minfill_order;Graph::removeAndConnect;std::_Rb_tree_increment
0.57% __libc_start_main;0x7fbccae46249;main;vtree_manager_new;cnf2vtree;p_hdtree2vtree;pass2;pass2;pass2;pass2;pass2;pass2;pass2;classify_clause_vars;vset_intersection;mark_vset;sat_mark_var
0.54% __libc_start_main;0x7fbccae46249;main;vtree_manager_new;cnf2vtree;cnf2hdtree;cnf2minfill_order;Graph::removeAndConnect
    59.31%     0.00%  miniC2D  libc.so.6             [.] 0x00007fbccae46249
3.69% 0x7fbccae46249;main;print_vtree_cache_stats;clist_size
3.67% 0x7fbccae46249;main;vtree_manager_free;free_vtree_cache
2.54% 0x7fbccae46249;main;vtree_manager_new;cnf2vtree;p_hdtree2vtree;pass2;pass2;pass2;pass2;pass2;pass2;classify_clause_vars;vset_minus;unmark_vset
2.49% 0x7fbccae46249;main;vtree_manager_new;cnf2vtree;p_hdtree2vtree;pass2;pass2;pass2;pass2;pass2;pass2;classify_clause_vars;vset_intersection;mark_vset;sat_mark_var
2.48% 0x7fbccae46249;main;vtree_manager_new;cnf2vtree;p_hdtree2vtree;pass2;pass2;pass2;pass2;pass2;pass2;classify_clause_vars;vset_intersection;unmark_vset
2.33% 0x7fbccae46249;main;vtree_manager_new;cnf2vtree;p_hdtree2vtree;pass2;pass2;pass2;pass2;pass2;pass2;classify_clause_vars;vset_intersection;mark_vset
2.27% 0x7fbccae46249;main;vtree_manager_new;cnf2vtree;p_hdtree2vtree;pass2;pass2;pass2;pass2;pass2;pass2;classify_clause_vars;vset_intersection;unmark_vset;sat_unmark_var
2.26% 0x7fbccae46249;main;vtree_manager_new;cnf2vtree;p_hdtree2vtree;pass2;pass2;pass2;pass2;pass2;pass2;classify_clause_vars;vset_minus;unmark_vset;sat_unmark_var
2.05% 0x7fbccae46249;main;vtree_manager_new;cnf2vtree;p_hdtree2vtree;pass2;pass2;pass2;pass2;pass2;pass2;classify_clause_vars;vset_minus;mark_vset
1.56% 0x7fbccae46249;main;vtree_manager_new;cnf2vtree;p_hdtree2vtree;pass2;pass2;pass2;pass2;pass2;pass2;classify_clause_vars;vset_minus;mark_vset;sat_mark_var
0.59% 0x7fbccae46249;main;vtree_manager_new;cnf2vtree;cnf2hdtree;cnf2minfill_order;Graph::removeAndConnect;std::_Rb_tree_increment
0.57% 0x7fbccae46249;main;vtree_manager_new;cnf2vtree;p_hdtree2vtree;pass2;pass2;pass2;pass2;pass2;pass2;pass2;classify_clause_vars;vset_intersection;mark_vset;sat_mark_var
0.54% 0x7fbccae46249;main;vtree_manager_new;cnf2vtree;cnf2hdtree;cnf2minfill_order;Graph::removeAndConnect
    59.31%     0.00%  miniC2D  miniC2D               [.] main
3.69% main;print_vtree_cache_stats;clist_size
3.67% main;vtree_manager_free;free_vtree_cache
2.54% main;vtree_manager_new;cnf2vtree;p_hdtree2vtree;pass2;pass2;pass2;pass2;pass2;pass2;classify_clause_vars;vset_minus;unmark_vset
2.49% main;vtree_manager_new;cnf2vtree;p_hdtree2vtree;pass2;pass2;pass2;pass2;pass2;pass2;classify_clause_vars;vset_intersection;mark_vset;sat_mark_var
2.48% main;vtree_manager_new;cnf2vtree;p_hdtree2vtree;pass2;pass2;pass2;pass2;pass2;pass2;classify_clause_vars;vset_intersection;unmark_vset
2.33% main;vtree_manager_new;cnf2vtree;p_hdtree2vtree;pass2;pass2;pass2;pass2;pass2;pass2;classify_clause_vars;vset_intersection;mark_vset
2.27% main;vtree_manager_new;cnf2vtree;p_hdtree2vtree;pass2;pass2;pass2;pass2;pass2;pass2;classify_clause_vars;vset_intersection;unmark_vset;sat_unmark_var
2.26% main;vtree_manager_new;cnf2vtree;p_hdtree2vtree;pass2;pass2;pass2;pass2;pass2;pass2;classify_clause_vars;vset_minus;unmark_vset;sat_unmark_var
2.05% main;vtree_manager_new;cnf2vtree;p_hdtree2vtree;pass2;pass2;pass2;pass2;pass2;pass2;classify_clause_vars;vset_minus;mark_vset
1.56% main;vtree_manager_new;cnf2vtree;p_hdtree2vtree;pass2;pass2;pass2;pass2;pass2;pass2;classify_clause_vars;vset_minus;mark_vset;sat_mark_var
0.59% main;vtree_manager_new;cnf2vtree;cnf2hdtree;cnf2minfill_order;Graph::removeAndConnect;std::_Rb_tree_increment
0.57% main;vtree_manager_new;cnf2vtree;p_hdtree2vtree;pass2;pass2;pass2;pass2;pass2;pass2;pass2;classify_clause_vars;vset_intersection;mark_vset;sat_mark_var
0.54% main;vtree_manager_new;cnf2vtree;cnf2hdtree;cnf2minfill_order;Graph::removeAndConnect
    43.61%     0.00%  miniC2D  miniC2D               [.] vtree_manager_new
2.54% vtree_manager_new;cnf2vtree;p_hdtree2vtree;pass2;pass2;pass2;pass2;pass2;pass2;classify_clause_vars;vset_minus;unmark_vset
2.49% vtree_manager_new;cnf2vtree;p_hdtree2vtree;pass2;pass2;pass2;pass2;pass2;pass2;classify_clause_vars;vset_intersection;mark_vset;sat_mark_var
2.48% vtree_manager_new;cnf2vtree;p_hdtree2vtree;pass2;pass2;pass2;pass2;pass2;pass2;classify_clause_vars;vset_intersection;unmark_vset
2.33% vtree_manager_new;cnf2vtree;p_hdtree2vtree;pass2;pass2;pass2;pass2;pass2;pass2;classify_clause_vars;vset_intersection;mark_vset
2.27% vtree_manager_new;cnf2vtree;p_hdtree2vtree;pass2;pass2;pass2;pass2;pass2;pass2;classify_clause_vars;vset_intersection;unmark_vset;sat_unmark_var
2.26% vtree_manager_new;cnf2vtree;p_hdtree2vtree;pass2;pass2;pass2;pass2;pass2;pass2;classify_clause_vars;vset_minus;unmark_vset;sat_unmark_var
2.05% vtree_manager_new;cnf2vtree;p_hdtree2vtree;pass2;pass2;pass2;pass2;pass2;pass2;classify_clause_vars;vset_minus;mark_vset
1.56% vtree_manager_new;cnf2vtree;p_hdtree2vtree;pass2;pass2;pass2;pass2;pass2;pass2;classify_clause_vars;vset_minus;mark_vset;sat_mark_var
0.59% vtree_manager_new;cnf2vtree;cnf2hdtree;cnf2minfill_order;Graph::removeAndConnect;std::_Rb_tree_increment
0.57% vtree_manager_new;cnf2vtree;p_hdtree2vtree;pass2;pass2;pass2;pass2;pass2;pass2;pass2;classify_clause_vars;vset_intersection;mark_vset;sat_mark_var
0.54% vtree_manager_new;cnf2vtree;cnf2hdtree;cnf2minfill_order;Graph::removeAndConnect
    43.54%     0.00%  miniC2D  miniC2D               [.] cnf2vtree
2.54% cnf2vtree;p_hdtree2vtree;pass2;pass2;pass2;pass2;pass2;pass2;classify_clause_vars;vset_minus;unmark_vset
2.49% cnf2vtree;p_hdtree2vtree;pass2;pass2;pass2;pass2;pass2;pass2;classify_clause_vars;vset_intersection;mark_vset;sat_mark_var
2.48% cnf2vtree;p_hdtree2vtree;pass2;pass2;pass2;pass2;pass2;pass2;classify_clause_vars;vset_intersection;unmark_vset
2.33% cnf2vtree;p_hdtree2vtree;pass2;pass2;pass2;pass2;pass2;pass2;classify_clause_vars;vset_intersection;mark_vset
2.27% cnf2vtree;p_hdtree2vtree;pass2;pass2;pass2;pass2;pass2;pass2;classify_clause_vars;vset_intersection;unmark_vset;sat_unmark_var
2.26% cnf2vtree;p_hdtree2vtree;pass2;pass2;pass2;pass2;pass2;pass2;classify_clause_vars;vset_minus;unmark_vset;sat_unmark_var
2.05% cnf2vtree;p_hdtree2vtree;pass2;pass2;pass2;pass2;pass2;pass2;classify_clause_vars;vset_minus;mark_vset
1.56% cnf2vtree;p_hdtree2vtree;pass2;pass2;pass2;pass2;pass2;pass2;classify_clause_vars;vset_minus;mark_vset;sat_mark_var
0.59% cnf2vtree;cnf2hdtree;cnf2minfill_order;Graph::removeAndConnect;std::_Rb_tree_increment
0.57% cnf2vtree;p_hdtree2vtree;pass2;pass2;pass2;pass2;pass2;pass2;pass2;classify_clause_vars;vset_intersection;mark_vset;sat_mark_var
0.54% cnf2vtree;cnf2hdtree;cnf2minfill_order;Graph::removeAndConnect
    38.45%     0.00%  miniC2D  miniC2D               [.] p_hdtree2vtree
2.54% p_hdtree2vtree;pass2;pass2;pass2;pass2;pass2;pass2;classify_clause_vars;vset_minus;unmark_vset
2.49% p_hdtree2vtree;pass2;pass2;pass2;pass2;pass2;pass2;classify_clause_vars;vset_intersection;mark_vset;sat_mark_var
2.48% p_hdtree2vtree;pass2;pass2;pass2;pass2;pass2;pass2;classify_clause_vars;vset_intersection;unmark_vset
2.33% p_hdtree2vtree;pass2;pass2;pass2;pass2;pass2;pass2;classify_clause_vars;vset_intersection;mark_vset
2.27% p_hdtree2vtree;pass2;pass2;pass2;pass2;pass2;pass2;classify_clause_vars;vset_intersection;unmark_vset;sat_unmark_var
2.26% p_hdtree2vtree;pass2;pass2;pass2;pass2;pass2;pass2;classify_clause_vars;vset_minus;unmark_vset;sat_unmark_var
2.05% p_hdtree2vtree;pass2;pass2;pass2;pass2;pass2;pass2;classify_clause_vars;vset_minus;mark_vset
1.56% p_hdtree2vtree;pass2;pass2;pass2;pass2;pass2;pass2;classify_clause_vars;vset_minus;mark_vset;sat_mark_var
0.57% p_hdtree2vtree;pass2;pass2;pass2;pass2;pass2;pass2;pass2;classify_clause_vars;vset_intersection;mark_vset;sat_mark_var
    36.71%     0.07%  miniC2D  miniC2D               [.] pass2
2.54% pass2;pass2;pass2;pass2;pass2;pass2;classify_clause_vars;vset_minus;unmark_vset
2.49% pass2;pass2;pass2;pass2;pass2;pass2;classify_clause_vars;vset_intersection;mark_vset;sat_mark_var
2.48% pass2;pass2;pass2;pass2;pass2;pass2;classify_clause_vars;vset_intersection;unmark_vset
2.33% pass2;pass2;pass2;pass2;pass2;pass2;classify_clause_vars;vset_intersection;mark_vset
2.27% pass2;pass2;pass2;pass2;pass2;pass2;classify_clause_vars;vset_intersection;unmark_vset;sat_unmark_var
2.26% pass2;pass2;pass2;pass2;pass2;pass2;classify_clause_vars;vset_minus;unmark_vset;sat_unmark_var
2.05% pass2;pass2;pass2;pass2;pass2;pass2;classify_clause_vars;vset_minus;mark_vset
1.56% pass2;pass2;pass2;pass2;pass2;pass2;classify_clause_vars;vset_minus;mark_vset;sat_mark_var
0.57% pass2;pass2;pass2;pass2;pass2;pass2;pass2;classify_clause_vars;vset_intersection;mark_vset;sat_mark_var
    36.00%     0.14%  miniC2D  miniC2D               [.] classify_clause_vars
5.08% classify_clause_vars;vset_intersection;mark_vset;sat_mark_var
4.28% classify_clause_vars;vset_minus;unmark_vset;sat_unmark_var
4.15% classify_clause_vars;vset_intersection;unmark_vset
4.08% classify_clause_vars;vset_minus;unmark_vset
4.05% classify_clause_vars;vset_intersection;mark_vset
3.63% classify_clause_vars;vset_minus;mark_vset
3.58% classify_clause_vars;vset_intersection;unmark_vset;sat_unmark_var
2.74% classify_clause_vars;vset_minus;mark_vset;sat_mark_var
0.64% classify_clause_vars;vset_union
    26.29%    18.42%  miniC2D  miniC2D               [.] unmark_vset
7.86% unmark_vset;sat_unmark_var
2.54% _start;__libc_start_main;0x7fbccae46249;main;vtree_manager_new;cnf2vtree;p_hdtree2vtree;pass2;pass2;pass2;pass2;pass2;pass2;classify_clause_vars;vset_minus;unmark_vset
2.48% _start;__libc_start_main;0x7fbccae46249;main;vtree_manager_new;cnf2vtree;p_hdtree2vtree;pass2;pass2;pass2;pass2;pass2;pass2;classify_clause_vars;vset_intersection;unmark_vset
    25.05%    17.16%  miniC2D  miniC2D               [.] mark_vset
7.89% mark_vset;sat_mark_var
2.33% _start;__libc_start_main;0x7fbccae46249;main;vtree_manager_new;cnf2vtree;p_hdtree2vtree;pass2;pass2;pass2;pass2;pass2;pass2;classify_clause_vars;vset_intersection;mark_vset
2.05% _start;__libc_start_main;0x7fbccae46249;main;vtree_manager_new;cnf2vtree;p_hdtree2vtree;pass2;pass2;pass2;pass2;pass2;pass2;classify_clause_vars;vset_minus;mark_vset
    17.51%     0.14%  miniC2D  miniC2D               [.] vset_intersection
5.08% vset_intersection;mark_vset;sat_mark_var
4.15% vset_intersection;unmark_vset
4.05% vset_intersection;mark_vset
3.58% vset_intersection;unmark_vset;sat_unmark_var
    15.54%    15.54%  miniC2D  miniC2D               [.] sat_unmark_var
3.74% sat_unmark_var
2.27% _start;__libc_start_main;0x7fbccae46249;main;vtree_manager_new;cnf2vtree;p_hdtree2vtree;pass2;pass2;pass2;pass2;pass2;pass2;classify_clause_vars;vset_intersection;unmark_vset;sat_unmark_var
2.26% _start;__libc_start_main;0x7fbccae46249;main;vtree_manager_new;cnf2vtree;p_hdtree2vtree;pass2;pass2;pass2;pass2;pass2;pass2;classify_clause_vars;vset_minus;unmark_vset;sat_unmark_var
    15.45%     0.14%  miniC2D  miniC2D               [.] vset_minus
4.28% vset_minus;unmark_vset;sat_unmark_var
4.08% vset_minus;unmark_vset
3.63% vset_minus;mark_vset
2.74% vset_minus;mark_vset;sat_mark_var
    15.33%    15.33%  miniC2D  miniC2D               [.] sat_mark_var
3.43% sat_mark_var
2.49% _start;__libc_start_main;0x7fbccae46249;main;vtree_manager_new;cnf2vtree;p_hdtree2vtree;pass2;pass2;pass2;pass2;pass2;pass2;classify_clause_vars;vset_intersection;mark_vset;sat_mark_var
1.56% _start;__libc_start_main;0x7fbccae46249;main;vtree_manager_new;cnf2vtree;p_hdtree2vtree;pass2;pass2;pass2;pass2;pass2;pass2;classify_clause_vars;vset_minus;mark_vset;sat_mark_var
0.57% _start;__libc_start_main;0x7fbccae46249;main;vtree_manager_new;cnf2vtree;p_hdtree2vtree;pass2;pass2;pass2;pass2;pass2;pass2;pass2;classify_clause_vars;vset_intersection;mark_vset;sat_mark_var
     7.69%     0.28%  miniC2D  miniC2D               [.] compile_vtree_shannon
     7.62%     0.28%  miniC2D  miniC2D               [.] compile_dispatcher
     7.62%     0.00%  miniC2D  miniC2D               [.] compile_vtree_decomposed
     6.64%     0.00%  miniC2D  miniC2D               [.] compile_vtree
     6.00%     0.00%  miniC2D  miniC2D               [.] compile_with_literal (inlined)
     4.33%     0.00%  miniC2D  miniC2D               [.] cnf2hdtree
0.59% cnf2hdtree;cnf2minfill_order;Graph::removeAndConnect;std::_Rb_tree_increment
0.54% cnf2hdtree;cnf2minfill_order;Graph::removeAndConnect
     3.95%     0.00%  miniC2D  miniC2D               [.] vtree_manager_free
3.67% vtree_manager_free;free_vtree_cache
     3.84%     3.69%  miniC2D  miniC2D               [.] clist_size
3.62% _start;__libc_start_main;0x7fbccae46249;main;print_vtree_cache_stats;clist_size
     3.81%     3.67%  miniC2D  miniC2D               [.] free_vtree_cache
3.67% _start;__libc_start_main;0x7fbccae46249;main;vtree_manager_free;free_vtree_cache
     3.76%     0.00%  miniC2D  miniC2D               [.] print_vtree_cache_stats
3.69% print_vtree_cache_stats;clist_size
     3.05%     0.00%  miniC2D  miniC2D               [.] cnf2minfill_order
0.59% cnf2minfill_order;Graph::removeAndConnect;std::_Rb_tree_increment
0.54% cnf2minfill_order;Graph::removeAndConnect
     2.51%     0.48%  miniC2D  libc.so.6             [.] __libc_calloc
     2.46%     0.54%  miniC2D  miniC2D               [.] Graph::removeAndConnect
0.59% Graph::removeAndConnect;std::_Rb_tree_increment
0.54% _start;__libc_start_main;0x7fbccae46249;main;vtree_manager_new;cnf2vtree;cnf2hdtree;cnf2minfill_order;Graph::removeAndConnect
     2.19%     0.71%  miniC2D  miniC2D               [.] get_and_node
     1.98%     0.70%  miniC2D  miniC2D               [.] vset_union
     1.87%     0.26%  miniC2D  miniC2D               [.] vset_new
0.50% vset_new;malloc
     1.48%     0.00%  miniC2D  libc.so.6             [.] __libc_free (inlined)
     1.48%     0.56%  miniC2D  miniC2D               [.] lookup_cache
     1.39%     0.71%  miniC2D  libc.so.6             [.] malloc
     1.33%     0.05%  miniC2D  miniC2D               [.] order2hdtree
     1.20%     0.92%  miniC2D  miniC2D               [.] set_literal
     1.20%     0.00%  miniC2D  [kernel.kallsyms]     [k] asm_exc_page_fault
     1.14%     0.00%  miniC2D  miniC2D               [.] pass1b
     1.00%     0.18%  miniC2D  miniC2D               [.] cset_intersection
     0.99%     0.00%  miniC2D  miniC2D               [.] sat_decide_literal
0.71% sat_decide_literal;set_literal
     0.99%     0.28%  miniC2D  libc.so.6             [.] qsort_r
     0.99%     0.63%  miniC2D  miniC2D               [.] insert_cache
     0.91%     0.00%  miniC2D  [kernel.kallsyms]     [k] exc_page_fault
     0.91%     0.00%  miniC2D  [kernel.kallsyms]     [k] do_user_addr_fault
     0.88%     0.00%  miniC2D  [kernel.kallsyms]     [k] entry_SYSCALL_64_after_hwframe
     0.88%     0.00%  miniC2D  [kernel.kallsyms]     [k] do_syscall_64
     0.87%     0.00%  miniC2D  [kernel.kallsyms]     [k] handle_mm_fault
     0.84%     0.84%  miniC2D  libstdc++.so.6.0.30   [.] std::_Rb_tree_increment
0.59% _start;__libc_start_main;0x7fbccae46249;main;vtree_manager_new;cnf2vtree;cnf2hdtree;cnf2minfill_order;Graph::removeAndConnect;std::_Rb_tree_increment
     0.83%     0.21%  miniC2D  miniC2D               [.] vset_clause_new
     0.82%     0.00%  miniC2D  miniC2D               [.] save_nnf_manager_to_file
     0.82%     0.07%  miniC2D  miniC2D               [.] save_nnf_nodes
     0.82%     0.00%  miniC2D  libc.so.6             [.] _IO_fprintf (inlined)
     0.82%     0.55%  miniC2D  miniC2D               [.] mark_cset
     0.81%     0.48%  miniC2D  libc.so.6             [.] realloc
     0.81%     0.05%  miniC2D  miniC2D               [.] eset_new
     0.77%     0.12%  miniC2D  [kernel.kallsyms]     [k] __handle_mm_fault
     0.74%     0.00%  miniC2D  [heap]                [.] 0x00000000357cbaff
     0.71%     0.00%  miniC2D  libc.so.6             [.] 0x00007fbccaeb7109
     0.69%     0.00%  miniC2D  [unknown]             [.] 0xffffffffffffffff
     0.64%     0.05%  miniC2D  miniC2D               [.] cset_union
     0.64%     0.00%  miniC2D  miniC2D               [.] cset_new
     0.61%     0.05%  miniC2D  miniC2D               [.] fill_esets
     0.60%     0.00%  miniC2D  miniC2D               [.] p_hdtree2vtree_aux
     0.60%     0.00%  miniC2D  miniC2D               [.] combine_v
     0.57%     0.00%  miniC2D  [heap]                [.] 0x00000000358bc9bf
     0.56%     0.07%  miniC2D  [kernel.kallsyms]     [k] __alloc_pages
     0.50%     0.50%  miniC2D  miniC2D               [.] unmark_cset
     0.50%     0.50%  miniC2D  miniC2D               [.] sat_is_marked_var
     0.50%     0.50%  miniC2D  miniC2D               [.] cset_subset
     0.49%     0.00%  miniC2D  [heap]                [.] 0x000000003582178f
     0.49%     0.28%  miniC2D  miniC2D               [.] construct_vtree_key
     0.46%     0.05%  miniC2D  miniC2D               [.] cutset2vtree_rl
     0.46%     0.46%  miniC2D  miniC2D               [.] sat_mark_clause
     0.44%     0.44%  miniC2D  libc.so.6             [.] cfree
     0.43%     0.05%  miniC2D  miniC2D               [.] sat_read_cnf
     0.43%     0.00%  miniC2D  [heap]                [.] 0x0000000035863e8f
     0.43%     0.00%  miniC2D  [heap]                [.] 0x000000003583019f
     0.43%     0.00%  miniC2D  [heap]                [.] 0x000000003581857f
     0.42%     0.42%  miniC2D  miniC2D               [.] erase_level
     0.42%     0.42%  miniC2D  [kernel.kallsyms]     [k] clear_page_rep
     0.42%     0.00%  miniC2D  [kernel.kallsyms]     [k] get_page_from_freelist
     0.42%     0.00%  miniC2D  [kernel.kallsyms]     [k] vma_alloc_folio
     0.42%     0.00%  miniC2D  [kernel.kallsyms]     [k] __folio_alloc
     0.42%     0.20%  miniC2D  libc.so.6             [.] _IO_file_xsputn
     0.40%     0.35%  miniC2D  [kernel.kallsyms]     [k] error_entry
     0.40%     0.40%  miniC2D  [kernel.kallsyms]     [k] __irqentry_text_end
     0.40%     0.40%  miniC2D  miniC2D               [.] Graph::containsEdge
     0.39%     0.00%  miniC2D  miniC2D               [.] std::set_intersection<std::_Rb_tree_const_iterator<int>, std::_Rb_tree_const_iterator<int>, std::insert_iterator<std::set<int, std::less<int>, std::allocator<int> > > >
     0.39%     0.24%  miniC2D  miniC2D               [.] std::_Rb_tree<int, int, std::_Identity<int>, std::less<int>, std::allocator<int> >::_M_insert_unique
     0.38%     0.00%  miniC2D  libc.so.6             [.] fscanf
     0.38%     0.00%  miniC2D  miniC2D               [.] eset_union
     0.38%     0.05%  miniC2D  miniC2D               [.] eset_intersection
     0.36%     0.00%  miniC2D  [heap]                [.] 0x00000000358563bf
     0.36%     0.00%  miniC2D  [heap]                [.] 0x000000003587190f
     0.36%     0.00%  miniC2D  [heap]                [.] 0x0000000035835ccf
     0.36%     0.00%  miniC2D  [heap]                [.] 0x000000003587185f
     0.35%     0.00%  miniC2D  libc.so.6             [.] 0x00007fbccaeb58ff
     0.35%     0.00%  miniC2D  [heap]                [.] 0x000000003587867f
     0.35%     0.35%  miniC2D  miniC2D               [.] literal2nnf_node
     0.35%     0.35%  miniC2D  miniC2D               [.] vtree_is_shannon_node
     0.35%     0.00%  miniC2D  [kernel.kallsyms]     [k] wp_page_copy
     0.35%     0.28%  miniC2D  miniC2D               [.] drop_vtree_cache_entries
     0.34%     0.10%  miniC2D  miniC2D               [.] std::_Rb_tree<int, int, std::_Identity<int>, std::less<int>, std::allocator<int> >::_M_insert_
     0.33%     0.00%  miniC2D  miniC2D               [.] initialize_hdtree
     0.33%     0.00%  miniC2D  miniC2D               [.] fill_edges_etc
     0.29%     0.00%  miniC2D  miniC2D               [.] sat_state_new
     0.29%     0.00%  miniC2D  [heap]                [.] 0x000000003590e3cf
     0.29%     0.00%  miniC2D  [heap]                [.] 0x000000003580b78f
     0.29%     0.00%  miniC2D  [heap]                [.] 0x00000000357c947f
     0.29%     0.00%  miniC2D  [heap]                [.] 0x00000000358428af
     0.29%     0.00%  miniC2D  [heap]                [.] 0x00000000358c38df
     0.29%     0.00%  miniC2D  [heap]                [.] 0x0000000035828a1f
     0.29%     0.00%  miniC2D  [heap]                [.] 0x000000003591546f
     0.29%     0.00%  miniC2D  miniC2D               [.] free_hgr
     0.29%     0.21%  miniC2D  miniC2D               [.] free_hdtree
     0.28%     0.00%  miniC2D  [heap]                [.] 0x00000000358c380f
     0.28%     0.00%  miniC2D  [heap]                [.] 0x000000003589a90f
     0.28%     0.00%  miniC2D  [heap]                [.] 0x00000000357d9ddf
     0.28%     0.00%  miniC2D  [heap]                [.] 0x000000003588ce7f
     0.28%     0.00%  miniC2D  [heap]                [.] 0x00000000358093af
     0.28%     0.28%  miniC2D  libc.so.6             [.] memcpy
     0.28%     0.00%  miniC2D  miniC2D               [.] sat_state_free
     0.28%     0.14%  miniC2D  [kernel.kallsyms]     [k] unmap_page_range
     0.28%     0.00%  miniC2D  [kernel.kallsyms]     [k] unmap_vmas
     0.28%     0.28%  miniC2D  miniC2D               [.] nnf_node_cmp
     0.26%     0.00%  miniC2D  ld-linux-x86-64.so.2  [.] 0x00007fbccb2cab27
     0.26%     0.00%  miniC2D  ld-linux-x86-64.so.2  [.] 0x00007fbccb2cbc7b
     0.26%     0.00%  miniC2D  ld-linux-x86-64.so.2  [.] 0x00007fbccb2ca2fe
     0.26%     0.00%  miniC2D  [heap]                [.] 0x000000003590e33f
     0.26%     0.00%  miniC2D  [heap]                [.] 0x0000000035829e9f
     0.26%     0.00%  miniC2D  [unknown]             [.] 0x0000000000000001
     0.26%     0.00%  miniC2D  [kernel.kallsyms]     [k] do_mas_munmap
     0.26%     0.00%  miniC2D  [kernel.kallsyms]     [k] do_mas_align_munmap
     0.25%     0.00%  miniC2D  libstdc++.so.6.0.30   [.] operator new
     0.24%     0.10%  miniC2D  miniC2D               [.] Graph::removeEdge
     0.24%     0.00%  miniC2D  [heap]                [.] 0x00000000357cbabf
     0.22%     0.00%  miniC2D  [heap]                [.] 0x000000003582174f
     0.22%     0.00%  miniC2D  [heap]                [.] 0x00000000358300ff
     0.21%     0.00%  miniC2D  [heap]                [.] 0x00000000357ea51f
     0.21%     0.00%  miniC2D  [heap]                [.] 0x000000003580b72f
     0.21%     0.00%  miniC2D  [heap]                [.] 0x00000000358a838f
     0.21%     0.00%  miniC2D  [heap]                [.] 0x000000003583bd5f
     0.21%     0.00%  miniC2D  [heap]                [.] 0x000000003568ae0f
     0.21%     0.00%  miniC2D  [heap]                [.] 0x000000003589736f
     0.21%     0.00%  miniC2D  [heap]                [.] 0x000000003587f3ef
     0.21%     0.21%  miniC2D  miniC2D               [.] vset_free
     0.21%     0.00%  miniC2D  [heap]                [.] 0x0000000035808f0f
     0.21%     0.00%  miniC2D  [heap]                [.] 0x000000003585098f
     0.21%     0.00%  miniC2D  [heap]                [.] 0x000000003580b70f
     0.21%     0.00%  miniC2D  [heap]                [.] 0x00000000358b5ddf
     0.21%     0.00%  miniC2D  [heap]                [.] 0x00000000358ca67f
     0.21%     0.00%  miniC2D  [heap]                [.] 0x000000003589a84f
     0.21%     0.00%  miniC2D  [heap]                [.] 0x00000000357e630f
     0.21%     0.00%  miniC2D  [heap]                [.] 0x00000000359176ff
     0.21%     0.21%  miniC2D  miniC2D               [.] sat_is_instantiated_var
     0.21%     0.00%  miniC2D  [heap]                [.] 0x000000003580a49f
     0.21%     0.14%  miniC2D  miniC2D               [.] var2nnf
     0.21%     0.00%  miniC2D  [heap]                [.] 0x0000000035893b7f
     0.21%     0.00%  miniC2D  libc.so.6             [.] __munmap
     0.21%     0.00%  miniC2D  [kernel.kallsyms]     [k] __x64_sys_munmap
     0.21%     0.00%  miniC2D  [kernel.kallsyms]     [k] __vm_munmap
     0.21%     0.00%  miniC2D  [kernel.kallsyms]     [k] unmap_region
     0.21%     0.00%  miniC2D  libc.so.6             [.] 0x00007fbccae5eb9c
     0.21%     0.00%  miniC2D  [kernel.kallsyms]     [k] __x64_sys_exit_group
     0.21%     0.00%  miniC2D  [kernel.kallsyms]     [k] do_group_exit
     0.21%     0.00%  miniC2D  [kernel.kallsyms]     [k] do_exit
     0.21%     0.21%  miniC2D  miniC2D               [.] sat_is_implied_literal
     0.21%     0.00%  miniC2D  [heap]                [.] 0x00000000358ca54f
     0.21%     0.00%  miniC2D  miniC2D               [.] sat_assert_clause
     0.21%     0.00%  miniC2D  libc.so.6             [.] 0x00007fbccae7b50d
     0.20%     0.00%  miniC2D  miniC2D               [.] Graph::Graph
     0.20%     0.00%  miniC2D  miniC2D               [.] Graph::addEdge
     0.20%     0.00%  miniC2D  miniC2D               [.] std::_Rb_tree<int, int, std::_Identity<int>, std::less<int>, std::allocator<int> >::_M_insert_unique_
     0.20%     0.05%  miniC2D  miniC2D               [.] minFillScore
     0.19%     0.00%  miniC2D  miniC2D               [.] cnf2hgr_primal
     0.19%     0.00%  miniC2D  miniC2D               [.] eset_node_new
     0.19%     0.00%  miniC2D  [heap]                [.] 0x000000003581c37f
     0.19%     0.19%  miniC2D  miniC2D               [.] sat_clause2literals
     0.19%     0.00%  miniC2D  miniC2D               [.] balanced_compose_hdtrees
     0.19%     0.00%  miniC2D  libc.so.6             [.] _IO_do_write
     0.19%     0.00%  miniC2D  libc.so.6             [.] 0x00007fbccae9f37f
     0.19%     0.00%  miniC2D  libc.so.6             [.] _IO_file_write
     0.19%     0.00%  miniC2D  libc.so.6             [.] __write (inlined)
     0.19%     0.00%  miniC2D  [kernel.kallsyms]     [k] ksys_write
     0.19%     0.00%  miniC2D  [kernel.kallsyms]     [k] vfs_write
     0.19%     0.14%  miniC2D  miniC2D               [.] eset_free
     0.17%     0.00%  miniC2D  [heap]                [.] 0x0000000035821aff
     0.17%     0.17%  miniC2D  [kernel.kallsyms]     [k] native_irq_return_iret
     0.16%     0.00%  miniC2D  libc.so.6             [.] 0x00007fbccaec2700
     0.16%     0.00%  miniC2D  [heap]                [.] 0x0000000035903e1f
     0.15%     0.00%  miniC2D  [heap]                [.] 0x000000003582172f
     0.14%     0.00%  miniC2D  [heap]                [.] 0x000000003574cb2f
     0.14%     0.00%  miniC2D  [heap]                [.] 0x000000003580c1ef
     0.14%     0.00%  miniC2D  miniC2D               [.] declare_in_hgr
     0.14%     0.00%  miniC2D  [heap]                [.] 0x0000000035863dcf
     0.14%     0.00%  miniC2D  [heap]                [.] 0x000000003570d68f
     0.14%     0.00%  miniC2D  [heap]                [.] 0x000000003571a20f
     0.14%     0.00%  miniC2D  [heap]                [.] 0x0000000035718cff
     0.14%     0.00%  miniC2D  [heap]                [.] 0x00000000358af09f
     0.14%     0.00%  miniC2D  [heap]                [.] 0x000000003570cbaf
     0.14%     0.00%  miniC2D  [heap]                [.] 0x000000003580b6cf
     0.14%     0.00%  miniC2D  [heap]                [.] 0x0000000035808eef
     0.14%     0.00%  miniC2D  [heap]                [.] 0x00000000358bcb0f
     0.14%     0.00%  miniC2D  [heap]                [.] 0x000000003570d5cf
     0.14%     0.00%  miniC2D  [heap]                [.] 0x0000000035701fef
     0.14%     0.00%  miniC2D  [heap]                [.] 0x000000003580b6af
     0.14%     0.00%  miniC2D  miniC2D               [.] vset_duplicate
     0.14%     0.00%  miniC2D  [heap]                [.] 0x00000000357e262f
     0.14%     0.00%  miniC2D  [heap]                [.] 0x000000003580cd0f
     0.14%     0.00%  miniC2D  [heap]                [.] 0x000000003588616f
     0.14%     0.00%  miniC2D  [heap]                [.] 0x000000003570d64f
     0.14%     0.00%  miniC2D  [heap]                [.] 0x000000003585d0ff
     0.14%     0.00%  miniC2D  [heap]                [.] 0x00000000358a162f
     0.14%     0.00%  miniC2D  [heap]                [.] 0x000000003580aa8f
     0.14%     0.00%  miniC2D  [heap]                [.] 0x00000000357d9d7f
     0.14%     0.00%  miniC2D  [heap]                [.] 0x0000000035893bbf
     0.14%     0.00%  miniC2D  [heap]                [.] 0x00000000357cf4ef
     0.14%     0.00%  miniC2D  [heap]                [.] 0x00000000356ffa1f
     0.14%     0.00%  miniC2D  [heap]                [.] 0x00000000357cefef
     0.14%     0.00%  miniC2D  [heap]                [.] 0x0000000035823a5f
     0.14%     0.00%  miniC2D  [heap]                [.] 0x0000000035808ecf
     0.14%     0.00%  miniC2D  [heap]                [.] 0x00000000358a82df
     0.14%     0.14%  miniC2D  miniC2D               [.] zchaff_conflict_clause
     0.14%     0.00%  miniC2D  miniC2D               [.] analyze_conflict
     0.14%     0.00%  miniC2D  miniC2D               [.] compile_vtree_leaf (inlined)
     0.14%     0.00%  miniC2D  [heap]                [.] 0x000000003586abaf
     0.14%     0.00%  miniC2D  [heap]                [.] 0x00000000357093ff
     0.14%     0.00%  miniC2D  [heap]                [.] 0x000000003570beff
     0.14%     0.00%  miniC2D  [heap]                [.] 0x00000000358deeef
     0.14%     0.00%  miniC2D  [heap]                [.] 0x000000003580aa6f
     0.14%     0.00%  miniC2D  [heap]                [.] 0x000000003580afcf
     0.14%     0.00%  miniC2D  [kernel.kallsyms]     [k] __mmput
     0.14%     0.00%  miniC2D  [kernel.kallsyms]     [k] exit_mmap
     0.14%     0.00%  miniC2D  miniC2D               [.] get_or_node
     0.14%     0.07%  miniC2D  miniC2D               [.] move_watched_literal
     0.14%     0.14%  miniC2D  libc.so.6             [.] 0x00000000000961e0
     0.14%     0.00%  miniC2D  libc.so.6             [.] 0x00007fbccaeb51e0
     0.14%     0.00%  miniC2D  [heap]                [.] 0x00000000358d138f
     0.14%     0.00%  miniC2D  [heap]                [.] 0x00000000358e5b6f
     0.14%     0.14%  miniC2D  [kernel.kallsyms]     [k] _compound_head
     0.14%     0.00%  miniC2D  [heap]                [.] 0x000000003590cd7f
     0.14%     0.00%  miniC2D  [heap]                [.] 0x00000000358d811f
     0.14%     0.00%  miniC2D  miniC2D               [.] free_dvtree
     0.14%     0.14%  miniC2D  libc.so.6             [.] fprintf
     0.13%     0.00%  miniC2D  [heap]                [.] 0x000000003582821f
     0.13%     0.00%  miniC2D  [kernel.kallsyms]     [k] vm_mmap_pgoff
     0.13%     0.00%  miniC2D  [kernel.kallsyms]     [k] do_mmap
     0.13%     0.00%  miniC2D  [heap]                [.] 0x00000000357d9dff
     0.12%     0.00%  miniC2D  [heap]                [.] 0x0000000035821adf
     0.12%     0.12%  miniC2D  libc.so.6             [.] 0x000000000009746d
     0.12%     0.00%  miniC2D  libc.so.6             [.] 0x00007fbccaeb646d
     0.12%     0.00%  miniC2D  [heap]                [.] 0x00000000358ecb4f
     0.12%     0.00%  miniC2D  [heap]                [.] 0x00000000357c98cf
     0.12%     0.12%  miniC2D  libc.so.6             [.] 0x000000000009744c
     0.12%     0.00%  miniC2D  libc.so.6             [.] 0x00007fbccaeb644c
     0.12%     0.12%  miniC2D  libc.so.6             [.] 0x0000000000095190
     0.12%     0.00%  miniC2D  libc.so.6             [.] 0x00007fbccaeb4190
     0.12%     0.12%  miniC2D  libc.so.6             [.] 0x00000000000973bc
     0.12%     0.00%  miniC2D  libc.so.6             [.] 0x00007fbccaeb63bc
     0.12%     0.00%  miniC2D  [ext4]                [k] ext4_buffered_write_iter
     0.12%     0.00%  miniC2D  [kernel.kallsyms]     [k] generic_perform_write
     0.12%     0.00%  miniC2D  libc.so.6             [.] 0x00007fbccaeb70bd
     0.12%     0.00%  miniC2D  [heap]                [.] 0x00000000357d9e1f
     0.12%     0.00%  miniC2D  [heap]                [.] 0x00000000358ecb8f
     0.12%     0.00%  miniC2D  [kernel.kallsyms]     [k] page_add_new_anon_rmap
     0.12%     0.00%  miniC2D  [kernel.kallsyms]     [k] __mod_lruvec_page_state
     0.12%     0.12%  miniC2D  libc.so.6             [.] 0x00000000000a3700
     0.12%     0.00%  miniC2D  [heap]                [.] 0x00000000358e5c6f
     0.12%     0.00%  miniC2D  [heap]                [.] 0x0000000035823abf
     0.11%     0.00%  miniC2D  miniC2D               [.] cset_free
     0.11%     0.00%  miniC2D  [heap]                [.] 0x000000003582a25f
     0.10%     0.00%  miniC2D  [heap]                [.] 0x00000000358217cf
     0.10%     0.00%  miniC2D  miniC2D               [.] initialize_sat_state
     0.10%     0.10%  miniC2D  libstdc++.so.6.0.30   [.] std::_Rb_tree_rebalance_for_erase
     0.10%     0.10%  miniC2D  libc.so.6             [.] _IO_sputbackc
     0.10%     0.00%  miniC2D  libc.so.6             [.] 0x00007fbccae7ee89
     0.10%     0.00%  miniC2D  ld-linux-x86-64.so.2  [.] 0x00007fbccb2cdd68
     0.10%     0.05%  miniC2D  miniC2D               [.] std::_Rb_tree<int, int, std::_Identity<int>, std::less<int>, std::allocator<int> >::_M_copy
     0.10%     0.00%  miniC2D  miniC2D               [.] Graph::getNeighbors
     0.10%     0.05%  miniC2D  miniC2D               [.] std::_Rb_tree<int, int, std::_Identity<int>, std::less<int>, std::allocator<int> >::_M_erase
     0.10%     0.10%  miniC2D  miniC2D               [.] std::_Rb_tree_increment@plt
     0.10%     0.10%  miniC2D  libc.so.6             [.] 0x0000000000097385
     0.10%     0.00%  miniC2D  libc.so.6             [.] 0x00007fbccaeb6385
     0.10%     0.00%  miniC2D  miniC2D               [.] construct_cnf_clauses
     0.10%     0.00%  miniC2D  [unknown]             [.] 0x0000000000001c7a
     0.10%     0.00%  miniC2D  libc.so.6             [.] 0x00007fbccae7eefd
     0.10%     0.00%  miniC2D  [kernel.kallsyms]     [k] __split_vma
     0.10%     0.00%  miniC2D  [kernel.kallsyms]     [k] __vma_adjust
     0.10%     0.10%  miniC2D  miniC2D               [.] mark_eset
     0.09%     0.05%  miniC2D  miniC2D               [.] eset_minus
     0.09%     0.09%  miniC2D  [kernel.kallsyms]     [k] __count_memcg_events
     0.09%     0.00%  miniC2D  [kernel.kallsyms]     [k] count_memcg_events.constprop.0
     0.08%     0.00%  miniC2D  ld-linux-x86-64.so.2  [.] 0x00007fbccb2cda49
     0.08%     0.00%  miniC2D  ld-linux-x86-64.so.2  [.] 0x00007fbccb2b25c9
     0.08%     0.00%  miniC2D  ld-linux-x86-64.so.2  [.] _dl_catch_exception
     0.08%     0.00%  miniC2D  ld-linux-x86-64.so.2  [.] 0x00007fbccb2b2260
     0.08%     0.00%  miniC2D  ld-linux-x86-64.so.2  [.] 0x00007fbccb2b8074
     0.07%     0.00%  miniC2D  [heap]                [.] 0x000000003570b7df
     0.07%     0.00%  miniC2D  [heap]                [.] 0x000000003570397f
     0.07%     0.00%  miniC2D  [heap]                [.] 0x000000003571698f
     0.07%     0.00%  miniC2D  [heap]                [.] 0x0000000035703c1f
     0.07%     0.00%  miniC2D  [heap]                [.] 0x00000000357f115f
     0.07%     0.00%  miniC2D  [heap]                [.] 0x00000000358b5d9f
     0.07%     0.00%  miniC2D  [heap]                [.] 0x000000003578881f
     0.07%     0.00%  miniC2D  [heap]                [.] 0x00000000358bcb4f
     0.07%     0.00%  miniC2D  [heap]                [.] 0x000000003568484f
     0.07%     0.07%  miniC2D  libc.so.6             [.] 0x000000000009742e
     0.07%     0.00%  miniC2D  libc.so.6             [.] 0x00007fbccaeb642e
     0.07%     0.07%  miniC2D  libc.so.6             [.] 0x000000000009837c
     0.07%     0.00%  miniC2D  libc.so.6             [.] 0x00007fbccaeb737c
     0.07%     0.00%  miniC2D  [heap]                [.] 0x0000000035885fdf
     0.07%     0.07%  miniC2D  libc.so.6             [.] 0x00000000000983db
     0.07%     0.00%  miniC2D  libc.so.6             [.] 0x00007fbccaeb73db
     0.07%     0.07%  miniC2D  libc.so.6             [.] 0x0000000000097490
     0.07%     0.00%  miniC2D  libc.so.6             [.] 0x00007fbccaeb6490
     0.07%     0.00%  miniC2D  [heap]                [.] 0x000000003570f75f
     0.07%     0.00%  miniC2D  [heap]                [.] 0x000000003582bc9f
     0.07%     0.07%  miniC2D  libc.so.6             [.] 0x000000000009628d
     0.07%     0.00%  miniC2D  [heap]                [.] 0x000000003579e79f
     0.07%     0.00%  miniC2D  libc.so.6             [.] 0x00007fbccaeb528d
     0.07%     0.00%  miniC2D  [heap]                [.] 0x00000000357cfdbf
     0.07%     0.00%  miniC2D  [heap]                [.] 0x000000003582ea6f
     0.07%     0.00%  miniC2D  [heap]                [.] 0x000000003582ab6f
     0.07%     0.07%  miniC2D  [kernel.kallsyms]     [k] security_file_permission
     0.07%     0.07%  miniC2D  libc.so.6             [.] 0x0000000000096279
     0.07%     0.00%  miniC2D  libc.so.6             [.] 0x00007fbccaeb5279
     0.07%     0.00%  miniC2D  [heap]                [.] 0x000000003569111f
     0.07%     0.00%  miniC2D  [heap]                [.] 0x00000000357e1ccf
     0.07%     0.00%  miniC2D  [heap]                [.] 0x000000003582b93f
     0.07%     0.00%  miniC2D  [heap]                [.] 0x000000003582962f
     0.07%     0.00%  miniC2D  [heap]                [.] 0x0000000035754d5f
     0.07%     0.00%  miniC2D  [heap]                [.] 0x000000003580cfdf
     0.07%     0.07%  miniC2D  miniC2D               [.] count_nnf_nodes
     0.07%     0.00%  miniC2D  [unknown]             [.] 0x00000000ffffffff
     0.07%     0.00%  miniC2D  [heap]                [.] 0x000000003580a96f
     0.07%     0.00%  miniC2D  [heap]                [.] 0x00000000356f8d3f
     0.07%     0.00%  miniC2D  [heap]                [.] 0x00000000357cfaef
     0.07%     0.00%  miniC2D  [heap]                [.] 0x00000000356feccf
     0.07%     0.00%  miniC2D  [unknown]             [.] 0x000000000000000b
     0.07%     0.00%  miniC2D  [unknown]             [.] 0x000000000000002c
     0.07%     0.00%  miniC2D  [heap]                [.] 0x00000000358428a7
     0.07%     0.00%  miniC2D  [heap]                [.] 0x000000003570ddff
     0.07%     0.00%  miniC2D  [heap]                [.] 0x0000000035755b7f
     0.07%     0.07%  miniC2D  libc.so.6             [.] 0x0000000000098394
     0.07%     0.00%  miniC2D  libc.so.6             [.] 0x00007fbccaeb7394
     0.07%     0.00%  miniC2D  [heap]                [.] 0x0000000035823a7f
     0.07%     0.00%  miniC2D  [heap]                [.] 0x0000000035808a5f
     0.07%     0.00%  miniC2D  [heap]                [.] 0x000000003582f59f
     0.07%     0.00%  miniC2D  [heap]                [.] 0x00000000356f3a7f
     0.07%     0.07%  miniC2D  libc.so.6             [.] 0x0000000000097615
     0.07%     0.00%  miniC2D  libc.so.6             [.] 0x00007fbccaeb6615
     0.07%     0.07%  miniC2D  miniC2D               [.] sat_literal2var
     0.07%     0.00%  miniC2D  [heap]                [.] 0x000000003574ad3f
     0.07%     0.07%  miniC2D  libc.so.6             [.] 0x0000000000096122
     0.07%     0.00%  miniC2D  [heap]                [.] 0x000000003582ba87
     0.07%     0.00%  miniC2D  libc.so.6             [.] 0x00007fbccaeb5122
     0.07%     0.00%  miniC2D  [heap]                [.] 0x000000003574bc3f
     0.07%     0.00%  miniC2D  [heap]                [.] 0x00000000357141af
     0.07%     0.07%  miniC2D  libc.so.6             [.] 0x0000000000095236
     0.07%     0.00%  miniC2D  libc.so.6             [.] 0x00007fbccaeb4236
     0.07%     0.00%  miniC2D  [heap]                [.] 0x00000000357fb9af
     0.07%     0.00%  miniC2D  [heap]                [.] 0x000000003582f51f
     0.07%     0.00%  miniC2D  [heap]                [.] 0x000000003584a86f
     0.07%     0.00%  miniC2D  [heap]                [.] 0x0000000035809e47
     0.07%     0.00%  miniC2D  [heap]                [.] 0x000000003580940f
     0.07%     0.00%  miniC2D  [heap]                [.] 0x000000003568d2af
     0.07%     0.00%  miniC2D  [heap]                [.] 0x00000000358502df
     0.07%     0.00%  miniC2D  [heap]                [.] 0x0000000035759a8f
     0.07%     0.00%  miniC2D  [heap]                [.] 0x000000003554ed8f
     0.07%     0.00%  miniC2D  [heap]                [.] 0x0000000035737c7f
     0.07%     0.00%  miniC2D  [heap]                [.] 0x00000000356f8d7f
     0.07%     0.00%  miniC2D  [heap]                [.] 0x0000000035734b1f
     0.07%     0.07%  miniC2D  libc.so.6             [.] 0x00000000000951fb
     0.07%     0.00%  miniC2D  libc.so.6             [.] 0x00007fbccaeb41fb
     0.07%     0.07%  miniC2D  libc.so.6             [.] 0x0000000000096287
     0.07%     0.00%  miniC2D  libc.so.6             [.] 0x00007fbccaeb5287
     0.07%     0.00%  miniC2D  [heap]                [.] 0x000000003570e12f
     0.07%     0.00%  miniC2D  [heap]                [.] 0x00000000357cf50f
     0.07%     0.07%  miniC2D  libc.so.6             [.] 0x0000000000095073
     0.07%     0.00%  miniC2D  libc.so.6             [.] 0x00007fbccaeb6e8c
     0.07%     0.00%  miniC2D  libc.so.6             [.] 0x00007fbccaeb4073
     0.07%     0.00%  miniC2D  [heap]                [.] 0x000000003591662f
     0.07%     0.00%  miniC2D  [heap]                [.] 0x000000003587f26f
     0.07%     0.00%  miniC2D  [heap]                [.] 0x000000003575379f
     0.07%     0.00%  miniC2D  [heap]                [.] 0x00000000356f8d5f
     0.07%     0.00%  miniC2D  [heap]                [.] 0x000000003571967f
     0.07%     0.00%  miniC2D  [heap]                [.] 0x0000000035808a7f
     0.07%     0.00%  miniC2D  [heap]                [.] 0x00000000356863df
     0.07%     0.00%  miniC2D  [heap]                [.] 0x000000003570d97f
     0.07%     0.00%  miniC2D  [heap]                [.] 0x00000000356839df
     0.07%     0.00%  miniC2D  [heap]                [.] 0x000000003584a40f
     0.07%     0.00%  miniC2D  [heap]                [.] 0x000000003580a58f
     0.07%     0.00%  miniC2D  [heap]                [.] 0x000000003582b10f
     0.07%     0.00%  miniC2D  [heap]                [.] 0x000000003580af1f
     0.07%     0.00%  miniC2D  [heap]                [.] 0x000000003570f15f
     0.07%     0.00%  miniC2D  [heap]                [.] 0x0000000035734c0f
     0.07%     0.07%  miniC2D  libc.so.6             [.] 0x00000000000973ed
     0.07%     0.00%  miniC2D  libc.so.6             [.] 0x00007fbccaeb63ed
     0.07%     0.00%  miniC2D  [heap]                [.] 0x0000000035685b2f
     0.07%     0.00%  miniC2D  [heap]                [.] 0x00000000357303df
     0.07%     0.00%  miniC2D  libc.so.6             [.] 0x00007fbccae7bf75
     0.07%     0.00%  miniC2D  [ext4]                [k] ext4_da_write_begin
     0.07%     0.00%  miniC2D  [kernel.kallsyms]     [k] pagecache_get_page
     0.07%     0.00%  miniC2D  [kernel.kallsyms]     [k] __filemap_get_folio
     0.07%     0.00%  miniC2D  [kernel.kallsyms]     [k] folio_alloc
     0.07%     0.00%  miniC2D  [heap]                [.] 0x000000003576477f
     0.07%     0.00%  miniC2D  [heap]                [.] 0x00000000358b5d3f
     0.07%     0.07%  miniC2D  libc.so.6             [.] 0x00000000000965c6
     0.07%     0.00%  miniC2D  libc.so.6             [.] 0x00007fbccaeb55c6
     0.07%     0.00%  miniC2D  [heap]                [.] 0x00000000357d782f
     0.07%     0.00%  miniC2D  [heap]                [.] 0x000000003571568f
     0.07%     0.00%  miniC2D  [heap]                [.] 0x000000003541ada7
     0.07%     0.00%  miniC2D  [heap]                [.] 0x000000003574acff
     0.07%     0.00%  miniC2D  libc.so.6             [.] 0x00007fbccae5ea19
     0.07%     0.00%  miniC2D  [heap]                [.] 0x000000003582b0df
     0.07%     0.00%  miniC2D  [heap]                [.] 0x0000000035419fa7
     0.07%     0.07%  miniC2D  libc.so.6             [.] 0x00000000000961ff
     0.07%     0.00%  miniC2D  libc.so.6             [.] 0x00007fbccaeb51ff
     0.07%     0.00%  miniC2D  [heap]                [.] 0x00000000357ceecf
     0.07%     0.00%  miniC2D  [heap]                [.] 0x00000000357165ef
     0.07%     0.07%  miniC2D  libc.so.6             [.] 0x000000000009839e
     0.07%     0.00%  miniC2D  libc.so.6             [.] 0x00007fbccaeb739e
     0.07%     0.00%  miniC2D  [heap]                [.] 0x000000003568681f
     0.07%     0.00%  miniC2D  [heap]                [.] 0x000000003580cd2f
     0.07%     0.00%  miniC2D  [heap]                [.] 0x0000000035648627
     0.07%     0.00%  miniC2D  [heap]                [.] 0x0000000035813ab7
     0.07%     0.00%  miniC2D  [heap]                [.] 0x000000003580a51f
     0.07%     0.07%  miniC2D  libc.so.6             [.] 0x000000000003fb61
     0.07%     0.00%  miniC2D  anon                  [.] 0x00007fbcb3c1a49f
     0.07%     0.00%  miniC2D  libc.so.6             [.] 0x00007fbccae5eb61
     0.07%     0.00%  miniC2D  [heap]                [.] 0x00000000358717bf
     0.07%     0.00%  miniC2D  miniC2D               [.] sat_free_cnf
     0.07%     0.00%  miniC2D  [heap]                [.] 0x000000003588601f
     0.07%     0.00%  miniC2D  [heap]                [.] 0x000000003567cb4f
     0.07%     0.00%  miniC2D  [heap]                [.] 0x000000003580a53f
     0.07%     0.07%  miniC2D  [kernel.kallsyms]     [k] __mod_memcg_lruvec_state
     0.07%     0.00%  miniC2D  [kernel.kallsyms]     [k] cgroup_rstat_updated
     0.07%     0.00%  miniC2D  [heap]                [.] 0x00000000358c391f
     0.07%     0.07%  miniC2D  [kernel.kallsyms]     [k] mas_empty_area_rev
     0.07%     0.00%  miniC2D  miniC2D               [.] construct_nnf_manager
     0.07%     0.00%  miniC2D  miniC2D               [.] allocate_nnf_memory_block
     0.07%     0.00%  miniC2D  libc.so.6             [.] 0x00007fbccaeb5cfb
     0.07%     0.00%  miniC2D  libc.so.6             [.] 0x00007fbccaeb4f27
     0.07%     0.00%  miniC2D  libc.so.6             [.] __mmap
     0.07%     0.00%  miniC2D  [kernel.kallsyms]     [k] get_unmapped_area
     0.07%     0.00%  miniC2D  [kernel.kallsyms]     [k] arch_get_unmapped_area_topdown
     0.07%     0.00%  miniC2D  [kernel.kallsyms]     [k] vm_unmapped_area
     0.07%     0.07%  miniC2D  libc.so.6             [.] 0x0000000000097ed0
     0.07%     0.00%  miniC2D  libc.so.6             [.] 0x00007fbccaeb6ed0
     0.07%     0.00%  miniC2D  [heap]                [.] 0x0000000035714ecf
     0.07%     0.00%  miniC2D  [heap]                [.] 0x00000000357ceb3f
     0.07%     0.00%  miniC2D  [heap]                [.] 0x000000003582b0ef
     0.07%     0.07%  miniC2D  ld-linux-x86-64.so.2  [.] 0x00000000000223d6
     0.07%     0.00%  miniC2D  ld-linux-x86-64.so.2  [.] 0x00007fbccb2c21f9
     0.07%     0.00%  miniC2D  ld-linux-x86-64.so.2  [.] 0x00007fbccb2bfebd
     0.07%     0.00%  miniC2D  ld-linux-x86-64.so.2  [.] 0x00007fbccb2b9a47
     0.07%     0.00%  miniC2D  ld-linux-x86-64.so.2  [.] 0x00007fbccb2b90c9
     0.07%     0.00%  miniC2D  ld-linux-x86-64.so.2  [.] 0x00007fbccb2b8ca3
     0.07%     0.00%  miniC2D  ld-linux-x86-64.so.2  [.] 0x00007fbccb2d23d6
     0.07%     0.00%  miniC2D  [heap]                [.] 0x000000003571424f
     0.07%     0.00%  miniC2D  [heap]                [.] 0x00000000356fdd0f
     0.07%     0.07%  miniC2D  libc.so.6             [.] 0x00000000000979bb
     0.07%     0.00%  miniC2D  miniC2D               [.] construct_var_map
     0.07%     0.00%  miniC2D  libc.so.6             [.] 0x00007fbccaeb69bb
     0.07%     0.00%  miniC2D  [heap]                [.] 0x00000000357dedff
     0.07%     0.07%  miniC2D  libc.so.6             [.] 0x0000000000097414
     0.07%     0.00%  miniC2D  libc.so.6             [.] 0x00007fbccaeb6414
     0.07%     0.00%  miniC2D  [heap]                [.] 0x000000003580ea1f
     0.07%     0.07%  miniC2D  miniC2D               [.] remove_watched_clause
     0.07%     0.07%  miniC2D  [kernel.kallsyms]     [k] try_charge_memcg
     0.07%     0.00%  miniC2D  [kernel.kallsyms]     [k] do_huge_pmd_anonymous_page
     0.07%     0.00%  miniC2D  [kernel.kallsyms]     [k] pte_alloc_one
     0.07%     0.00%  miniC2D  [kernel.kallsyms]     [k] __memcg_kmem_charge_page
     0.07%     0.00%  miniC2D  [heap]                [.] 0x00000000356ff0ff
     0.07%     0.07%  miniC2D  libc.so.6             [.] 0x00000000000951ef
     0.07%     0.00%  miniC2D  libc.so.6             [.] 0x00007fbccaeb41ef
     0.07%     0.07%  miniC2D  libc.so.6             [.] 0x000000000003fb51
     0.07%     0.00%  miniC2D  libc.so.6             [.] 0x00007fbccae5eb51
     0.07%     0.07%  miniC2D  miniC2D               [.] sat_is_subsumed_clause
     0.07%     0.07%  miniC2D  miniC2D               [.] free@plt
     0.07%     0.00%  miniC2D  miniC2D               [.] drop_cache_entry (inlined)
     0.07%     0.00%  miniC2D  miniC2D               [.] free_cache_entry (inlined)
     0.07%     0.07%  miniC2D  libc.so.6             [.] 0x000000000009508b
     0.07%     0.00%  miniC2D  libc.so.6             [.] 0x00007fbccaeb426b
     0.07%     0.00%  miniC2D  libc.so.6             [.] 0x00007fbccaeb408b
     0.07%     0.07%  miniC2D  libc.so.6             [.] 0x0000000000097928
     0.07%     0.00%  miniC2D  libc.so.6             [.] 0x00007fbccaeb6928
     0.07%     0.00%  miniC2D  [heap]                [.] 0x000000003582110f
     0.07%     0.00%  miniC2D  [heap]                [.] 0x00000000353f8abf
     0.07%     0.07%  miniC2D  [kernel.kallsyms]     [k] free_pcppages_bulk
     0.07%     0.00%  miniC2D  [kernel.kallsyms]     [k] tlb_finish_mmu
     0.07%     0.00%  miniC2D  [kernel.kallsyms]     [k] tlb_batch_pages_flush
     0.07%     0.00%  miniC2D  [kernel.kallsyms]     [k] release_pages
     0.07%     0.00%  miniC2D  [kernel.kallsyms]     [k] free_unref_page_list
     0.07%     0.07%  miniC2D  libc.so.6             [.] 0x000000000003f962
     0.07%     0.00%  miniC2D  libc.so.6             [.] 0x00007fbccae5e962
     0.07%     0.00%  miniC2D  [heap]                [.] 0x00000000353cb13f
     0.07%     0.07%  miniC2D  libc.so.6             [.] 0x0000000000026360
     0.07%     0.00%  miniC2D  libc.so.6             [.] 0x00007fbccae45360
     0.07%     0.05%  miniC2D  [kernel.kallsyms]     [k] exit_to_user_mode_prepare
     0.07%     0.07%  miniC2D  libc.so.6             [.] 0x0000000000096135
     0.07%     0.00%  miniC2D  libc.so.6             [.] 0x00007fbccaeb5135
     0.07%     0.00%  miniC2D  [heap]                [.] 0x00000000357d9dbf
     0.07%     0.07%  miniC2D  libc.so.6             [.] 0x000000000009749d
     0.07%     0.00%  miniC2D  libc.so.6             [.] 0x00007fbccaeb649d
     0.07%     0.00%  miniC2D  [heap]                [.] 0x0000000035849f7f
     0.07%     0.07%  miniC2D  libc.so.6             [.] 0x00000000000a2d56
     0.07%     0.00%  miniC2D  libc.so.6             [.] 0x00007fbccaec1d56
     0.07%     0.07%  miniC2D  [kernel.kallsyms]     [k] mntput_no_expire
     0.07%     0.00%  miniC2D  [kernel.kallsyms]     [k] exit_fs
     0.07%     0.00%  miniC2D  miniC2D               [.] free_nnf_manager
     0.07%     0.07%  miniC2D  libc.so.6             [.] 0x000000000005c672
     0.07%     0.00%  miniC2D  libc.so.6             [.] 0x00007fbccae7b672
     0.07%     0.07%  miniC2D  libc.so.6             [.] 0x000000000005c788
     0.07%     0.00%  miniC2D  [stack]               [.] 0x00007fffc2030127
     0.07%     0.00%  miniC2D  libc.so.6             [.] 0x00007fbccae7b788
     0.07%     0.00%  miniC2D  [unknown]             [.] 0x0000000000000004
     0.07%     0.07%  miniC2D  libc.so.6             [.] 0x0000000000051ab0
     0.07%     0.00%  miniC2D  libc.so.6             [.] 0x00007fbccae7be58
     0.07%     0.00%  miniC2D  libc.so.6             [.] 0x00007fbccae70ab0
     0.07%     0.00%  miniC2D  anon                  [.] 0x00007fbcb3c839af
     0.07%     0.07%  miniC2D  libc.so.6             [.] 0x000000000005cf99
     0.07%     0.00%  miniC2D  libc.so.6             [.] 0x00007fbccae7bf99
     0.07%     0.07%  miniC2D  libc.so.6             [.] 0x000000000005c758
     0.07%     0.00%  miniC2D  libc.so.6             [.] 0x00007fbccae7b758
     0.07%     0.00%  miniC2D  [kernel.kallsyms]     [k] mas_preallocate
     0.07%     0.00%  miniC2D  [kernel.kallsyms]     [k] mas_alloc_nodes
     0.07%     0.00%  miniC2D  [kernel.kallsyms]     [k] kmem_cache_alloc_bulk
     0.07%     0.00%  miniC2D  [heap]                [.] 0x000000003582826f
     0.07%     0.00%  miniC2D  [heap]                [.] 0x000000003581c35f
     0.07%     0.00%  miniC2D  miniC2D               [.] 0x000000000043ad90
     0.07%     0.07%  miniC2D  libc.so.6             [.] 0x000000000005d597
     0.07%     0.00%  miniC2D  libc.so.6             [.] 0x00007fbccae7c597
     0.07%     0.07%  miniC2D  libc.so.6             [.] 0x00000000000a7d81
     0.07%     0.00%  miniC2D  libc.so.6             [.] 0x00007fbccae7b49f
     0.07%     0.00%  miniC2D  libc.so.6             [.] 0x00007fbccaec6d81
     0.07%     0.00%  miniC2D  [heap]                [.] 0x00000000358deeaf
     0.06%     0.00%  miniC2D  [heap]                [.] 0x00000000358e5c2f
     0.06%     0.00%  miniC2D  [heap]                [.] 0x00000000357c941f
     0.06%     0.06%  miniC2D  miniC2D               [.] calloc@plt
     0.06%     0.00%  miniC2D  [kernel.kallsyms]     [k] mmap_region
     0.06%     0.00%  miniC2D  [heap]                [.] 0x00000000358f3d3f
     0.06%     0.00%  miniC2D  [kernel.kallsyms]     [k] mprotect_fixup
     0.06%     0.00%  miniC2D  [heap]                [.] 0x00000000357d9cbf
     0.06%     0.00%  miniC2D  [heap]                [.] 0x00000000358fb66f
     0.05%     0.00%  miniC2D  [heap]                [.] 0x000000003582176f
     0.05%     0.05%  miniC2D  ld-linux-x86-64.so.2  [.] 0x0000000000009947
     0.05%     0.05%  miniC2D  [kernel.kallsyms]     [k] ___slab_alloc
     0.05%     0.00%  miniC2D  ld-linux-x86-64.so.2  [.] 0x00007fbccb2ce950
     0.05%     0.00%  miniC2D  ld-linux-x86-64.so.2  [.] 0x00007fbccb2beca7
     0.05%     0.00%  miniC2D  ld-linux-x86-64.so.2  [.] 0x00007fbccb2bdadc
     0.05%     0.00%  miniC2D  ld-linux-x86-64.so.2  [.] 0x00007fbccb2d0c17
     0.05%     0.00%  miniC2D  [kernel.kallsyms]     [k] __x64_sys_mprotect
     0.05%     0.00%  miniC2D  [kernel.kallsyms]     [k] do_mprotect_pkey
     0.05%     0.05%  miniC2D  miniC2D               [.] sift_down
     0.05%     0.05%  miniC2D  [kernel.kallsyms]     [k] sync_regs
     0.05%     0.05%  miniC2D  ld-linux-x86-64.so.2  [.] 0x000000000000996c
     0.05%     0.00%  miniC2D  ld-linux-x86-64.so.2  [.] 0x00007fbccb2be410
     0.05%     0.00%  miniC2D  ld-linux-x86-64.so.2  [.] 0x00007fbccb2b996c
     0.05%     0.05%  miniC2D  libc.so.6             [.] getopt_long
     0.05%     0.00%  miniC2D  ld-linux-x86-64.so.2  [.] 0x00007fbccb2e42df
     0.05%     0.05%  miniC2D  libc.so.6             [.] 0x00000000000975b7
     0.05%     0.00%  miniC2D  libc.so.6             [.] 0x00007fbccaeb65b7
     0.05%     0.05%  miniC2D  libc.so.6             [.] 0x000000000005f1d0
     0.05%     0.00%  miniC2D  libc.so.6             [.] 0x00007fbccae7e1d0
     0.05%     0.00%  miniC2D  [heap]                [.] 0x000000003582180f
     0.05%     0.05%  miniC2D  libc.so.6             [.] 0x0000000000048c7e
     0.05%     0.00%  miniC2D  libc.so.6             [.] 0x00007fbccae67c7e
     0.05%     0.05%  miniC2D  libc.so.6             [.] 0x0000000000097ce2
     0.05%     0.00%  miniC2D  libc.so.6             [.] 0x00007fbccaeb6ce2
     0.05%     0.00%  miniC2D  libc.so.6             [.] 0x00007fbccaeb6d1f
     0.05%     0.05%  miniC2D  libc.so.6             [.] 0x0000000000098147
     0.05%     0.00%  miniC2D  libc.so.6             [.] 0x00007fbccaeb7147
     0.05%     0.05%  miniC2D  libc.so.6             [.] 0x000000000005fda2
     0.05%     0.00%  miniC2D  libc.so.6             [.] 0x00007fbccae7eda2
     0.05%     0.05%  miniC2D  libstdc++.so.6.0.30   [.] std::_Rb_tree_insert_and_rebalance
     0.05%     0.05%  miniC2D  miniC2D               [.] eset_remove
     0.05%     0.05%  miniC2D  miniC2D               [.] initialize_watched_literals
     0.05%     0.00%  miniC2D  [unknown]             [.] 0x0000000000014857
     0.05%     0.00%  miniC2D  miniC2D               [.] initialize_clause
     0.05%     0.05%  miniC2D  [kernel.kallsyms]     [k] mas_prev_nentry
     0.05%     0.00%  miniC2D  miniC2D               [.] var_order
     0.05%     0.00%  miniC2D  libc.so.6             [.] 0x00007fbccaeb5f98
     0.05%     0.00%  miniC2D  libc.so.6             [.] __default_morecore
     0.05%     0.00%  miniC2D  libc.so.6             [.] sbrk (inlined)
     0.05%     0.00%  miniC2D  libc.so.6             [.] brk
     0.05%     0.00%  miniC2D  [kernel.kallsyms]     [k] __do_sys_brk
     0.05%     0.00%  miniC2D  [kernel.kallsyms]     [k] mas_prev
     0.05%     0.05%  miniC2D  libc.so.6             [.] 0x000000000009747a
     0.05%     0.00%  miniC2D  libc.so.6             [.] 0x00007fbccaeb647a
     0.05%     0.05%  miniC2D  libc.so.6             [.] 0x00000000000961bf
     0.05%     0.00%  miniC2D  libc.so.6             [.] 0x00007fbccaeb51bf
     0.05%     0.05%  miniC2D  [kernel.kallsyms]     [k] _raw_spin_lock
     0.05%     0.00%  miniC2D  libc.so.6             [.] fflush (inlined)
     0.05%     0.00%  miniC2D  libc.so.6             [.] _IO_file_sync
     0.05%     0.00%  miniC2D  [kernel.kallsyms]     [k] generic_write_end
     0.05%     0.00%  miniC2D  [kernel.kallsyms]     [k] __block_commit_write.constprop.0.isra.0
     0.05%     0.00%  miniC2D  [kernel.kallsyms]     [k] __mark_inode_dirty
     0.05%     0.05%  miniC2D  libc.so.6             [.] 0x0000000000097947
     0.05%     0.00%  miniC2D  [heap]                [.] 0x0000000035605f3f
     0.05%     0.00%  miniC2D  libc.so.6             [.] 0x00007fbccaeb6947
     0.05%     0.05%  miniC2D  libc.so.6             [.] 0x000000000009612b
     0.05%     0.00%  miniC2D  [heap]                [.] 0x000000003553d987
     0.05%     0.00%  miniC2D  libc.so.6             [.] 0x00007fbccaeb512b
     0.05%     0.00%  miniC2D  [heap]                [.] 0x000000003558b9bf
     0.05%     0.05%  miniC2D  ld-linux-x86-64.so.2  [.] 0x000000000000e48d
     0.05%     0.00%  miniC2D  ld-linux-x86-64.so.2  [.] 0x00007fbccb2be48d
     0.05%     0.05%  miniC2D  libc.so.6             [.] 0x00000000000973a8
     0.05%     0.00%  miniC2D  miniC2D               [.] construct_cnf_vars_and_literals
     0.05%     0.00%  miniC2D  libc.so.6             [.] 0x00007fbccaeb63a8
     0.05%     0.05%  miniC2D  [kernel.kallsyms]     [k] pmd_val
     0.05%     0.00%  miniC2D  [kernel.kallsyms]     [k] pmd_page_vaddr
     0.05%     0.05%  miniC2D  libstdc++.so.6.0.30   [.] free@plt
     0.05%     0.05%  miniC2D  libc.so.6             [.] 0x0000000000097659
     0.05%     0.00%  miniC2D  libc.so.6             [.] 0x00007fbccaeb6659
     0.05%     0.05%  miniC2D  [kernel.kallsyms]     [k] mt_find
     0.05%     0.00%  miniC2D  [kernel.kallsyms]     [k] lock_mm_and_find_vma
     0.05%     0.00%  miniC2D  [kernel.kallsyms]     [k] find_vma
     0.05%     0.05%  miniC2D  libc.so.6             [.] 0x00000000000983b0
     0.05%     0.00%  miniC2D  libc.so.6             [.] 0x00007fbccaeb73b0
     0.05%     0.00%  miniC2D  [heap]                [.] 0x00000000358216cf
     0.05%     0.05%  miniC2D  libc.so.6             [.] 0x000000000005ef81
     0.05%     0.00%  miniC2D  libc.so.6             [.] 0x00007fbccae7df81
     0.05%     0.05%  miniC2D  libc.so.6             [.] 0x000000000009778b
     0.05%     0.00%  miniC2D  libc.so.6             [.] 0x00007fbccaeb678b
     0.05%     0.00%  miniC2D  [heap]                [.] 0x000000003590d81f
     0.05%     0.05%  miniC2D  libc.so.6             [.] 0x0000000000097476
     0.05%     0.00%  miniC2D  libc.so.6             [.] 0x00007fbccaeb6476
     0.05%     0.05%  miniC2D  libc.so.6             [.] 0x000000000009737d
     0.05%     0.00%  miniC2D  libc.so.6             [.] 0x00007fbccaeb637d
     0.05%     0.05%  miniC2D  miniC2D               [.] sat_index2var
     0.05%     0.05%  miniC2D  libc.so.6             [.] 0x0000000000097dd0
     0.05%     0.00%  miniC2D  libc.so.6             [.] 0x00007fbccaeb6dd0
     0.05%     0.00%  miniC2D  [unknown]             [k] 0x00000000000150ef
     0.05%     0.05%  miniC2D  libc.so.6             [.] 0x00000000000977a0
     0.05%     0.00%  miniC2D  libc.so.6             [.] 0x00007fbccaeb67a0
     0.05%     0.05%  miniC2D  [kernel.kallsyms]     [k] __mod_node_page_state
     0.05%     0.00%  miniC2D  [kernel.kallsyms]     [k] __mod_lruvec_state
     0.05%     0.00%  miniC2D  [heap]                [.] 0x000000003582182f
     0.05%     0.00%  miniC2D  libc.so.6             [.] 0x00007fbccaec2703
     0.05%     0.05%  miniC2D  libc.so.6             [.] 0x000000000009762f
     0.05%     0.00%  miniC2D  libc.so.6             [.] 0x00007fbccaeb662f
     0.05%     0.00%  miniC2D  [unknown]             [k] 0x000000000000006e
     0.05%     0.00%  miniC2D  [kernel.kallsyms]     [k] irqentry_exit_to_user_mode
     0.05%     0.05%  miniC2D  miniC2D               [.] unmark_eset
     0.05%     0.00%  miniC2D  [heap]                [.] 0x000000003590dd8f
     0.05%     0.05%  miniC2D  libc.so.6             [.] 0x0000000000097beb
     0.05%     0.00%  miniC2D  libc.so.6             [.] 0x00007fbccaeb6beb
     0.05%     0.00%  miniC2D  [heap]                [.] 0x000000003554fbef
     0.05%     0.05%  miniC2D  miniC2D               [.] sat_unmark_clause
     0.05%     0.00%  miniC2D  [heap]                [.] 0x00000000358c389f
     0.05%     0.00%  miniC2D  [heap]                [.] 0x00000000358d80bf
     0.05%     0.00%  miniC2D  libc.so.6             [.] 0x00007fbccaec270b
     0.05%     0.00%  miniC2D  [heap]                [.] 0x00000000358af05f
     0.05%     0.05%  miniC2D  libc.so.6             [.] 0x0000000000048cc4
     0.05%     0.00%  miniC2D  libc.so.6             [.] 0x00007fbccae67cc4
     0.05%     0.00%  miniC2D  [heap]                [.] 0x00000000358fb6af
     0.05%     0.00%  miniC2D  [unknown]             [.] 0x0000000000000003
     0.05%     0.05%  miniC2D  libc.so.6             [.] 0x00000000000a3703
     0.05%     0.00%  miniC2D  [heap]                [.] 0x00000000358d809f
     0.05%     0.00%  miniC2D  [heap]                [.] 0x000000003589a94f
     0.05%     0.05%  miniC2D  libc.so.6             [.] 0x000000000005ebba
     0.05%     0.00%  miniC2D  libc.so.6             [.] 0x00007fbccae7dbba
     0.05%     0.05%  miniC2D  libc.so.6             [.] 0x0000000000097ada
     0.05%     0.00%  miniC2D  libc.so.6             [.] 0x00007fbccaeb6ada
     0.05%     0.00%  miniC2D  libc.so.6             [.] 0x00007fbccaec2707
     0.05%     0.05%  miniC2D  libc.so.6             [.] 0x000000000009777a
     0.05%     0.00%  miniC2D  libc.so.6             [.] 0x00007fbccaeb677a
     0.05%     0.00%  miniC2D  [unknown]             [.] 0x000000000000000e
     0.05%     0.05%  miniC2D  libc.so.6             [.] 0x0000000000097af8
     0.05%     0.00%  miniC2D  libc.so.6             [.] 0x00007fbccaeb6af8
     0.05%     0.00%  miniC2D  [heap]                [.] 0x00000000357ea55f
     0.05%     0.00%  miniC2D  [heap]                [.] 0x00000000358bc96f
     0.05%     0.05%  miniC2D  libc.so.6             [.] 0x0000000000097ae8
     0.05%     0.00%  miniC2D  libc.so.6             [.] 0x00007fbccaeb6ae8
     0.05%     0.00%  miniC2D  [heap]                [.] 0x000000003578c43f
     0.05%     0.00%  miniC2D  miniC2D               [.] cset_minus
     0.05%     0.00%  miniC2D  [heap]                [.] 0x00000000357f95bf
     0.05%     0.00%  miniC2D  [unknown]             [.] 0x0000000000000005
     0.05%     0.00%  miniC2D  [heap]                [.] 0x000000003574105f
     0.05%     0.00%  miniC2D  [heap]                [.] 0x0000000035760faf
     0.04%     0.04%  miniC2D  [kernel.kallsyms]     [k] mas_is_span_wr
     0.04%     0.00%  miniC2D  ld-linux-x86-64.so.2  [.] 0x00007fbccb2b6a28
     0.04%     0.00%  miniC2D  ld-linux-x86-64.so.2  [.] 0x00007fbccb2d0bb3
     0.04%     0.00%  miniC2D  [kernel.kallsyms]     [k] ksys_mmap_pgoff
     0.04%     0.00%  miniC2D  [kernel.kallsyms]     [k] mas_store_prealloc
     0.04%     0.00%  miniC2D  [kernel.kallsyms]     [k] mas_wr_store_entry.isra.0
     0.04%     0.00%  miniC2D  [kernel.kallsyms]     [k] mas_wr_walk
     0.04%     0.04%  miniC2D  ld-linux-x86-64.so.2  [.] 0x0000000000007146
     0.04%     0.00%  miniC2D  ld-linux-x86-64.so.2  [.] 0x00007fbccb2b7146
     0.03%     0.03%  miniC2D  [kernel.kallsyms]     [k] entry_SYSCALL_64
     0.03%     0.00%  miniC2D  ld-linux-x86-64.so.2  [.] 0x00007fbccb2cd984
     0.02%     0.00%  miniC2D  [kernel.kallsyms]     [k] __x64_sys_execve
     0.02%     0.00%  miniC2D  [kernel.kallsyms]     [k] do_execveat_common.isra.0
     0.02%     0.00%  miniC2D  [kernel.kallsyms]     [k] bprm_execve
     0.02%     0.00%  miniC2D  [kernel.kallsyms]     [k] load_elf_binary
     0.02%     0.02%  miniC2D  [kernel.kallsyms]     [k] wake_up_bit
     0.02%     0.00%  miniC2D  ld-linux-x86-64.so.2  [.] 0x00007fbccb2cab20
     0.02%     0.00%  miniC2D  [kernel.kallsyms]     [k] syscall_exit_to_user_mode
     0.02%     0.00%  miniC2D  [kernel.kallsyms]     [k] task_work_run
     0.02%     0.00%  miniC2D  [kernel.kallsyms]     [k] __fput
     0.02%     0.00%  miniC2D  [kernel.kallsyms]     [k] __dentry_kill
     0.02%     0.00%  miniC2D  [kernel.kallsyms]     [k] evict
     0.02%     0.02%  miniC2D  [kernel.kallsyms]     [k] memset
     0.02%     0.00%  miniC2D  [kernel.kallsyms]     [k] elf_map
     0.01%     0.01%  miniC2D  [kernel.kallsyms]     [k] perf_output_begin
     0.01%     0.00%  miniC2D  [kernel.kallsyms]     [k] setup_arg_pages
     0.01%     0.00%  miniC2D  [kernel.kallsyms]     [k] perf_event_mmap
     0.01%     0.00%  miniC2D  [kernel.kallsyms]     [k] perf_iterate_sb
     0.01%     0.00%  miniC2D  [kernel.kallsyms]     [k] perf_iterate_ctx
     0.01%     0.00%  miniC2D  [kernel.kallsyms]     [k] perf_event_mmap_output
     0.01%     0.00%  miniC2D  [kernel.kallsyms]     [k] __rcu_read_lock
     0.00%     0.00%  perf-ex  [kernel.kallsyms]     [k] entry_SYSCALL_64_after_hwframe
     0.00%     0.00%  perf-ex  [kernel.kallsyms]     [k] do_syscall_64
     0.00%     0.00%  perf-ex  [kernel.kallsyms]     [k] __x64_sys_execve
     0.00%     0.00%  perf-ex  [kernel.kallsyms]     [k] do_execveat_common.isra.0
     0.00%     0.00%  perf-ex  [kernel.kallsyms]     [k] bprm_execve
     0.00%     0.00%  perf-ex  [kernel.kallsyms]     [k] load_elf_binary
     0.00%     0.00%  perf-ex  [kernel.kallsyms]     [k] begin_new_exec
     0.00%     0.00%  perf-ex  [kernel.kallsyms]     [k] perf_event_exec
     0.00%     0.00%  perf-ex  [kernel.kallsyms]     [k] select_task_rq_fair
     0.00%     0.00%  perf-ex  [kernel.kallsyms]     [k] asm_sysvec_irq_work
     0.00%     0.00%  perf-ex  [kernel.kallsyms]     [k] sysvec_irq_work
     0.00%     0.00%  perf-ex  [kernel.kallsyms]     [k] __sysvec_irq_work
     0.00%     0.00%  perf-ex  [kernel.kallsyms]     [k] irq_work_run
     0.00%     0.00%  perf-ex  [kernel.kallsyms]     [k] irq_work_run_list
     0.00%     0.00%  perf-ex  [kernel.kallsyms]     [k] irq_work_single
     0.00%     0.00%  perf-ex  [kernel.kallsyms]     [k] perf_pending_irq
     0.00%     0.00%  perf-ex  [kernel.kallsyms]     [k] perf_event_wakeup
     0.00%     0.00%  perf-ex  [kernel.kallsyms]     [k] __wake_up_common_lock
     0.00%     0.00%  perf-ex  [kernel.kallsyms]     [k] __wake_up_common
     0.00%     0.00%  perf-ex  [kernel.kallsyms]     [k] pollwake
     0.00%     0.00%  perf-ex  [kernel.kallsyms]     [k] try_to_wake_up
     0.00%     0.00%  perf-ex  [kernel.kallsyms]     [k] native_write_msr
     0.00%     0.00%  perf-ex  [kernel.kallsyms]     [k] __intel_pmu_enable_all.constprop.0
     0.00%     0.00%  perf-ex  [kernel.kallsyms]     [k] nmi_restore
     0.00%     0.00%  perf-ex  [kernel.kallsyms]     [k] acpi_os_read_memory
     0.00%     0.00%  perf-ex  [kernel.kallsyms]     [k] perf_sample_event_took


#
# (Tip: Sample related events with: perf record -e '{cycles,instructions}:S')
#
