# To display the perf.data header info, please use --header/--header-only options.
#
#
# Total Lost Samples: 1
#
# Samples: 1K of event 'cycles'
# Event count (approx.): 1461983903
#
# Children      Self  Command  Shared Object         Symbol                                                                                                                                                                      
# ........  ........  .......  ....................  ............................................................................................................................................................................
#
    63.04%     0.00%  miniC2D  miniC2D               [.] main
2.93% main;vtree_manager_new;cnf2vtree;p_hdtree2vtree;pass2;classify_clause_vars;vset_minus;unmark_vset;sat_unmark_var
2.92% main;print_vtree_cache_stats;clist_size
2.87% main;vtree_manager_free;free_vtree_cache
2.77% main;vtree_manager_new;cnf2vtree;p_hdtree2vtree;pass2;classify_clause_vars;vset_intersection;unmark_vset;sat_unmark_var
2.55% main;vtree_manager_new;cnf2vtree;p_hdtree2vtree;pass2;classify_clause_vars;vset_minus;mark_vset;sat_mark_var
2.55% main;vtree_manager_new;cnf2vtree;cnf2hdtree;cnf2minfill_order;Graph::removeAndConnect;std::_Rb_tree_increment
2.33% main;vtree_manager_new;cnf2vtree;p_hdtree2vtree;pass2;classify_clause_vars;vset_intersection;mark_vset;sat_mark_var
2.04% main;vtree_manager_new;cnf2vtree;cnf2hdtree;cnf2minfill_order;Graph::removeAndConnect
1.89% main;vtree_manager_new;cnf2vtree;p_hdtree2vtree;pass2;pass2;classify_clause_vars;vset_minus;mark_vset;sat_mark_var
1.86% main;vtree_manager_new;cnf2vtree;cnf2hdtree;cnf2minfill_order;Graph::removeAndConnect;std::set_intersection<std::_Rb_tree_const_iterator<int>, std::_Rb_tree_const_iterator<int>, std::insert_iterator<std::set<int, std::less<int>, std::allocator<int> > > >;std::_Rb_tree_increment
1.85% main;vtree_manager_new;cnf2vtree;p_hdtree2vtree;pass2;classify_clause_vars;vset_minus;mark_vset
1.78% main;vtree_manager_new;cnf2vtree;cnf2hdtree;cnf2minfill_order;Graph::removeAndConnect;Graph::containsEdge
1.58% main;vtree_manager_new;cnf2vtree;p_hdtree2vtree;pass2;classify_clause_vars;vset_intersection;mark_vset
1.03% main;vtree_manager_new;cnf2vtree;p_hdtree2vtree;pass2;pass2;classify_clause_vars;vset_intersection;mark_vset;sat_mark_var
1.03% main;vtree_manager_new;cnf2vtree;p_hdtree2vtree;pass2;pass2;classify_clause_vars;vset_minus;unmark_vset;sat_unmark_var
0.97% main;vtree_manager_new;cnf2vtree;p_hdtree2vtree;pass2;classify_clause_vars;vset_intersection;unmark_vset
0.97% main;vtree_manager_new;cnf2vtree;p_hdtree2vtree;pass2;pass2;classify_clause_vars;vset_intersection;unmark_vset;sat_unmark_var
0.71% main;vtree_manager_new;cnf2vtree;p_hdtree2vtree;pass2;classify_clause_vars;vset_minus;unmark_vset
0.70% main;vtree_manager_new;cnf2vtree;p_hdtree2vtree;pass2;pass2;classify_clause_vars;vset_intersection;unmark_vset
0.67% main;vtree_manager_new;cnf2vtree;cnf2hdtree;cnf2minfill_order;Graph::removeAndConnect;std::_Rb_tree<int, int, std::_Identity<int>, std::less<int>, std::allocator<int> >::_M_insert_unique
0.65% main;vtree_manager_new;cnf2vtree;p_hdtree2vtree;pass2;classify_clause_vars;vset_union;sat_is_marked_var
0.65% main;vtree_manager_new;cnf2vtree;p_hdtree2vtree;pass2;classify_clause_vars;vset_union
0.65% main;vtree_manager_new;cnf2vtree;p_hdtree2vtree;pass2;pass2;classify_clause_vars;vset_minus;unmark_vset
0.60% main;vtree_manager_new;cnf2vtree;p_hdtree2vtree;pass2;pass2;classify_clause_vars;vset_minus;mark_vset
0.59% main;vtree_manager_new;cnf2vtree;p_hdtree2vtree;pass2;pass2;classify_clause_vars;vset_intersection;mark_vset
0.56% main;vtree_manager_new;cnf2vtree;cnf2hdtree;cnf2minfill_order;Graph::removeAndConnect;std::set_intersection<std::_Rb_tree_const_iterator<int>, std::_Rb_tree_const_iterator<int>, std::insert_iterator<std::set<int, std::less<int>, std::allocator<int> > > >;std::_Rb_tree<int, int, std::_Identity<int>, std::less<int>, std::allocator<int> >::_M_insert_unique_;std::_Rb_tree<int, int, std::_Identity<int>, std::less<int>, std::allocator<int> >::_M_insert_;std::_Rb_tree_insert_and_rebalance
    62.29%     0.00%  miniC2D  libc.so.6             [.] 0x00007f5672a46249
2.93% 0x7f5672a46249;main;vtree_manager_new;cnf2vtree;p_hdtree2vtree;pass2;classify_clause_vars;vset_minus;unmark_vset;sat_unmark_var
2.92% 0x7f5672a46249;main;print_vtree_cache_stats;clist_size
2.87% 0x7f5672a46249;main;vtree_manager_free;free_vtree_cache
2.77% 0x7f5672a46249;main;vtree_manager_new;cnf2vtree;p_hdtree2vtree;pass2;classify_clause_vars;vset_intersection;unmark_vset;sat_unmark_var
2.55% 0x7f5672a46249;main;vtree_manager_new;cnf2vtree;p_hdtree2vtree;pass2;classify_clause_vars;vset_minus;mark_vset;sat_mark_var
2.55% 0x7f5672a46249;main;vtree_manager_new;cnf2vtree;cnf2hdtree;cnf2minfill_order;Graph::removeAndConnect;std::_Rb_tree_increment
2.33% 0x7f5672a46249;main;vtree_manager_new;cnf2vtree;p_hdtree2vtree;pass2;classify_clause_vars;vset_intersection;mark_vset;sat_mark_var
2.04% 0x7f5672a46249;main;vtree_manager_new;cnf2vtree;cnf2hdtree;cnf2minfill_order;Graph::removeAndConnect
1.89% 0x7f5672a46249;main;vtree_manager_new;cnf2vtree;p_hdtree2vtree;pass2;pass2;classify_clause_vars;vset_minus;mark_vset;sat_mark_var
1.86% 0x7f5672a46249;main;vtree_manager_new;cnf2vtree;cnf2hdtree;cnf2minfill_order;Graph::removeAndConnect;std::set_intersection<std::_Rb_tree_const_iterator<int>, std::_Rb_tree_const_iterator<int>, std::insert_iterator<std::set<int, std::less<int>, std::allocator<int> > > >;std::_Rb_tree_increment
1.85% 0x7f5672a46249;main;vtree_manager_new;cnf2vtree;p_hdtree2vtree;pass2;classify_clause_vars;vset_minus;mark_vset
1.78% 0x7f5672a46249;main;vtree_manager_new;cnf2vtree;cnf2hdtree;cnf2minfill_order;Graph::removeAndConnect;Graph::containsEdge
1.58% 0x7f5672a46249;main;vtree_manager_new;cnf2vtree;p_hdtree2vtree;pass2;classify_clause_vars;vset_intersection;mark_vset
1.03% 0x7f5672a46249;main;vtree_manager_new;cnf2vtree;p_hdtree2vtree;pass2;pass2;classify_clause_vars;vset_intersection;mark_vset;sat_mark_var
1.03% 0x7f5672a46249;main;vtree_manager_new;cnf2vtree;p_hdtree2vtree;pass2;pass2;classify_clause_vars;vset_minus;unmark_vset;sat_unmark_var
0.97% 0x7f5672a46249;main;vtree_manager_new;cnf2vtree;p_hdtree2vtree;pass2;classify_clause_vars;vset_intersection;unmark_vset
0.97% 0x7f5672a46249;main;vtree_manager_new;cnf2vtree;p_hdtree2vtree;pass2;pass2;classify_clause_vars;vset_intersection;unmark_vset;sat_unmark_var
0.71% 0x7f5672a46249;main;vtree_manager_new;cnf2vtree;p_hdtree2vtree;pass2;classify_clause_vars;vset_minus;unmark_vset
0.70% 0x7f5672a46249;main;vtree_manager_new;cnf2vtree;p_hdtree2vtree;pass2;pass2;classify_clause_vars;vset_intersection;unmark_vset
0.67% 0x7f5672a46249;main;vtree_manager_new;cnf2vtree;cnf2hdtree;cnf2minfill_order;Graph::removeAndConnect;std::_Rb_tree<int, int, std::_Identity<int>, std::less<int>, std::allocator<int> >::_M_insert_unique
0.65% 0x7f5672a46249;main;vtree_manager_new;cnf2vtree;p_hdtree2vtree;pass2;classify_clause_vars;vset_union;sat_is_marked_var
0.65% 0x7f5672a46249;main;vtree_manager_new;cnf2vtree;p_hdtree2vtree;pass2;classify_clause_vars;vset_union
0.65% 0x7f5672a46249;main;vtree_manager_new;cnf2vtree;p_hdtree2vtree;pass2;pass2;classify_clause_vars;vset_minus;unmark_vset
0.60% 0x7f5672a46249;main;vtree_manager_new;cnf2vtree;p_hdtree2vtree;pass2;pass2;classify_clause_vars;vset_minus;mark_vset
0.59% 0x7f5672a46249;main;vtree_manager_new;cnf2vtree;p_hdtree2vtree;pass2;pass2;classify_clause_vars;vset_intersection;mark_vset
0.56% 0x7f5672a46249;main;vtree_manager_new;cnf2vtree;cnf2hdtree;cnf2minfill_order;Graph::removeAndConnect;std::set_intersection<std::_Rb_tree_const_iterator<int>, std::_Rb_tree_const_iterator<int>, std::insert_iterator<std::set<int, std::less<int>, std::allocator<int> > > >;std::_Rb_tree<int, int, std::_Identity<int>, std::less<int>, std::allocator<int> >::_M_insert_unique_;std::_Rb_tree<int, int, std::_Identity<int>, std::less<int>, std::allocator<int> >::_M_insert_;std::_Rb_tree_insert_and_rebalance
    61.68%     0.00%  miniC2D  libc.so.6             [.] __libc_start_main
2.93% __libc_start_main;0x7f5672a46249;main;vtree_manager_new;cnf2vtree;p_hdtree2vtree;pass2;classify_clause_vars;vset_minus;unmark_vset;sat_unmark_var
2.92% __libc_start_main;0x7f5672a46249;main;print_vtree_cache_stats;clist_size
2.87% __libc_start_main;0x7f5672a46249;main;vtree_manager_free;free_vtree_cache
2.77% __libc_start_main;0x7f5672a46249;main;vtree_manager_new;cnf2vtree;p_hdtree2vtree;pass2;classify_clause_vars;vset_intersection;unmark_vset;sat_unmark_var
2.55% __libc_start_main;0x7f5672a46249;main;vtree_manager_new;cnf2vtree;p_hdtree2vtree;pass2;classify_clause_vars;vset_minus;mark_vset;sat_mark_var
2.55% __libc_start_main;0x7f5672a46249;main;vtree_manager_new;cnf2vtree;cnf2hdtree;cnf2minfill_order;Graph::removeAndConnect;std::_Rb_tree_increment
2.33% __libc_start_main;0x7f5672a46249;main;vtree_manager_new;cnf2vtree;p_hdtree2vtree;pass2;classify_clause_vars;vset_intersection;mark_vset;sat_mark_var
2.04% __libc_start_main;0x7f5672a46249;main;vtree_manager_new;cnf2vtree;cnf2hdtree;cnf2minfill_order;Graph::removeAndConnect
1.89% __libc_start_main;0x7f5672a46249;main;vtree_manager_new;cnf2vtree;p_hdtree2vtree;pass2;pass2;classify_clause_vars;vset_minus;mark_vset;sat_mark_var
1.86% __libc_start_main;0x7f5672a46249;main;vtree_manager_new;cnf2vtree;cnf2hdtree;cnf2minfill_order;Graph::removeAndConnect;std::set_intersection<std::_Rb_tree_const_iterator<int>, std::_Rb_tree_const_iterator<int>, std::insert_iterator<std::set<int, std::less<int>, std::allocator<int> > > >;std::_Rb_tree_increment
1.85% __libc_start_main;0x7f5672a46249;main;vtree_manager_new;cnf2vtree;p_hdtree2vtree;pass2;classify_clause_vars;vset_minus;mark_vset
1.78% __libc_start_main;0x7f5672a46249;main;vtree_manager_new;cnf2vtree;cnf2hdtree;cnf2minfill_order;Graph::removeAndConnect;Graph::containsEdge
1.58% __libc_start_main;0x7f5672a46249;main;vtree_manager_new;cnf2vtree;p_hdtree2vtree;pass2;classify_clause_vars;vset_intersection;mark_vset
1.03% __libc_start_main;0x7f5672a46249;main;vtree_manager_new;cnf2vtree;p_hdtree2vtree;pass2;pass2;classify_clause_vars;vset_intersection;mark_vset;sat_mark_var
1.03% __libc_start_main;0x7f5672a46249;main;vtree_manager_new;cnf2vtree;p_hdtree2vtree;pass2;pass2;classify_clause_vars;vset_minus;unmark_vset;sat_unmark_var
0.97% __libc_start_main;0x7f5672a46249;main;vtree_manager_new;cnf2vtree;p_hdtree2vtree;pass2;classify_clause_vars;vset_intersection;unmark_vset
0.97% __libc_start_main;0x7f5672a46249;main;vtree_manager_new;cnf2vtree;p_hdtree2vtree;pass2;pass2;classify_clause_vars;vset_intersection;unmark_vset;sat_unmark_var
0.71% __libc_start_main;0x7f5672a46249;main;vtree_manager_new;cnf2vtree;p_hdtree2vtree;pass2;classify_clause_vars;vset_minus;unmark_vset
0.70% __libc_start_main;0x7f5672a46249;main;vtree_manager_new;cnf2vtree;p_hdtree2vtree;pass2;pass2;classify_clause_vars;vset_intersection;unmark_vset
0.67% __libc_start_main;0x7f5672a46249;main;vtree_manager_new;cnf2vtree;cnf2hdtree;cnf2minfill_order;Graph::removeAndConnect;std::_Rb_tree<int, int, std::_Identity<int>, std::less<int>, std::allocator<int> >::_M_insert_unique
0.65% __libc_start_main;0x7f5672a46249;main;vtree_manager_new;cnf2vtree;p_hdtree2vtree;pass2;classify_clause_vars;vset_union;sat_is_marked_var
0.65% __libc_start_main;0x7f5672a46249;main;vtree_manager_new;cnf2vtree;p_hdtree2vtree;pass2;classify_clause_vars;vset_union
0.65% __libc_start_main;0x7f5672a46249;main;vtree_manager_new;cnf2vtree;p_hdtree2vtree;pass2;pass2;classify_clause_vars;vset_minus;unmark_vset
0.60% __libc_start_main;0x7f5672a46249;main;vtree_manager_new;cnf2vtree;p_hdtree2vtree;pass2;pass2;classify_clause_vars;vset_minus;mark_vset
0.59% __libc_start_main;0x7f5672a46249;main;vtree_manager_new;cnf2vtree;p_hdtree2vtree;pass2;pass2;classify_clause_vars;vset_intersection;mark_vset
0.56% __libc_start_main;0x7f5672a46249;main;vtree_manager_new;cnf2vtree;cnf2hdtree;cnf2minfill_order;Graph::removeAndConnect;std::set_intersection<std::_Rb_tree_const_iterator<int>, std::_Rb_tree_const_iterator<int>, std::insert_iterator<std::set<int, std::less<int>, std::allocator<int> > > >;std::_Rb_tree<int, int, std::_Identity<int>, std::less<int>, std::allocator<int> >::_M_insert_unique_;std::_Rb_tree<int, int, std::_Identity<int>, std::less<int>, std::allocator<int> >::_M_insert_;std::_Rb_tree_insert_and_rebalance
    61.46%     0.00%  miniC2D  miniC2D               [.] _start
2.93% _start;__libc_start_main;0x7f5672a46249;main;vtree_manager_new;cnf2vtree;p_hdtree2vtree;pass2;classify_clause_vars;vset_minus;unmark_vset;sat_unmark_var
2.92% _start;__libc_start_main;0x7f5672a46249;main;print_vtree_cache_stats;clist_size
2.87% _start;__libc_start_main;0x7f5672a46249;main;vtree_manager_free;free_vtree_cache
2.77% _start;__libc_start_main;0x7f5672a46249;main;vtree_manager_new;cnf2vtree;p_hdtree2vtree;pass2;classify_clause_vars;vset_intersection;unmark_vset;sat_unmark_var
2.55% _start;__libc_start_main;0x7f5672a46249;main;vtree_manager_new;cnf2vtree;p_hdtree2vtree;pass2;classify_clause_vars;vset_minus;mark_vset;sat_mark_var
2.55% _start;__libc_start_main;0x7f5672a46249;main;vtree_manager_new;cnf2vtree;cnf2hdtree;cnf2minfill_order;Graph::removeAndConnect;std::_Rb_tree_increment
2.33% _start;__libc_start_main;0x7f5672a46249;main;vtree_manager_new;cnf2vtree;p_hdtree2vtree;pass2;classify_clause_vars;vset_intersection;mark_vset;sat_mark_var
2.04% _start;__libc_start_main;0x7f5672a46249;main;vtree_manager_new;cnf2vtree;cnf2hdtree;cnf2minfill_order;Graph::removeAndConnect
1.89% _start;__libc_start_main;0x7f5672a46249;main;vtree_manager_new;cnf2vtree;p_hdtree2vtree;pass2;pass2;classify_clause_vars;vset_minus;mark_vset;sat_mark_var
1.86% _start;__libc_start_main;0x7f5672a46249;main;vtree_manager_new;cnf2vtree;cnf2hdtree;cnf2minfill_order;Graph::removeAndConnect;std::set_intersection<std::_Rb_tree_const_iterator<int>, std::_Rb_tree_const_iterator<int>, std::insert_iterator<std::set<int, std::less<int>, std::allocator<int> > > >;std::_Rb_tree_increment
1.85% _start;__libc_start_main;0x7f5672a46249;main;vtree_manager_new;cnf2vtree;p_hdtree2vtree;pass2;classify_clause_vars;vset_minus;mark_vset
1.78% _start;__libc_start_main;0x7f5672a46249;main;vtree_manager_new;cnf2vtree;cnf2hdtree;cnf2minfill_order;Graph::removeAndConnect;Graph::containsEdge
1.58% _start;__libc_start_main;0x7f5672a46249;main;vtree_manager_new;cnf2vtree;p_hdtree2vtree;pass2;classify_clause_vars;vset_intersection;mark_vset
1.03% _start;__libc_start_main;0x7f5672a46249;main;vtree_manager_new;cnf2vtree;p_hdtree2vtree;pass2;pass2;classify_clause_vars;vset_intersection;mark_vset;sat_mark_var
1.03% _start;__libc_start_main;0x7f5672a46249;main;vtree_manager_new;cnf2vtree;p_hdtree2vtree;pass2;pass2;classify_clause_vars;vset_minus;unmark_vset;sat_unmark_var
0.97% _start;__libc_start_main;0x7f5672a46249;main;vtree_manager_new;cnf2vtree;p_hdtree2vtree;pass2;classify_clause_vars;vset_intersection;unmark_vset
0.97% _start;__libc_start_main;0x7f5672a46249;main;vtree_manager_new;cnf2vtree;p_hdtree2vtree;pass2;pass2;classify_clause_vars;vset_intersection;unmark_vset;sat_unmark_var
0.71% _start;__libc_start_main;0x7f5672a46249;main;vtree_manager_new;cnf2vtree;p_hdtree2vtree;pass2;classify_clause_vars;vset_minus;unmark_vset
0.70% _start;__libc_start_main;0x7f5672a46249;main;vtree_manager_new;cnf2vtree;p_hdtree2vtree;pass2;pass2;classify_clause_vars;vset_intersection;unmark_vset
0.67% _start;__libc_start_main;0x7f5672a46249;main;vtree_manager_new;cnf2vtree;cnf2hdtree;cnf2minfill_order;Graph::removeAndConnect;std::_Rb_tree<int, int, std::_Identity<int>, std::less<int>, std::allocator<int> >::_M_insert_unique
0.65% _start;__libc_start_main;0x7f5672a46249;main;vtree_manager_new;cnf2vtree;p_hdtree2vtree;pass2;classify_clause_vars;vset_union;sat_is_marked_var
0.65% _start;__libc_start_main;0x7f5672a46249;main;vtree_manager_new;cnf2vtree;p_hdtree2vtree;pass2;classify_clause_vars;vset_union
0.65% _start;__libc_start_main;0x7f5672a46249;main;vtree_manager_new;cnf2vtree;p_hdtree2vtree;pass2;pass2;classify_clause_vars;vset_minus;unmark_vset
0.60% _start;__libc_start_main;0x7f5672a46249;main;vtree_manager_new;cnf2vtree;p_hdtree2vtree;pass2;pass2;classify_clause_vars;vset_minus;mark_vset
0.59% _start;__libc_start_main;0x7f5672a46249;main;vtree_manager_new;cnf2vtree;p_hdtree2vtree;pass2;pass2;classify_clause_vars;vset_intersection;mark_vset
0.56% _start;__libc_start_main;0x7f5672a46249;main;vtree_manager_new;cnf2vtree;cnf2hdtree;cnf2minfill_order;Graph::removeAndConnect;std::set_intersection<std::_Rb_tree_const_iterator<int>, std::_Rb_tree_const_iterator<int>, std::insert_iterator<std::set<int, std::less<int>, std::allocator<int> > > >;std::_Rb_tree<int, int, std::_Identity<int>, std::less<int>, std::allocator<int> >::_M_insert_unique_;std::_Rb_tree<int, int, std::_Identity<int>, std::less<int>, std::allocator<int> >::_M_insert_;std::_Rb_tree_insert_and_rebalance
    47.88%     0.00%  miniC2D  miniC2D               [.] vtree_manager_new
2.93% vtree_manager_new;cnf2vtree;p_hdtree2vtree;pass2;classify_clause_vars;vset_minus;unmark_vset;sat_unmark_var
2.77% vtree_manager_new;cnf2vtree;p_hdtree2vtree;pass2;classify_clause_vars;vset_intersection;unmark_vset;sat_unmark_var
2.55% vtree_manager_new;cnf2vtree;p_hdtree2vtree;pass2;classify_clause_vars;vset_minus;mark_vset;sat_mark_var
2.55% vtree_manager_new;cnf2vtree;cnf2hdtree;cnf2minfill_order;Graph::removeAndConnect;std::_Rb_tree_increment
2.33% vtree_manager_new;cnf2vtree;p_hdtree2vtree;pass2;classify_clause_vars;vset_intersection;mark_vset;sat_mark_var
2.04% vtree_manager_new;cnf2vtree;cnf2hdtree;cnf2minfill_order;Graph::removeAndConnect
1.89% vtree_manager_new;cnf2vtree;p_hdtree2vtree;pass2;pass2;classify_clause_vars;vset_minus;mark_vset;sat_mark_var
1.86% vtree_manager_new;cnf2vtree;cnf2hdtree;cnf2minfill_order;Graph::removeAndConnect;std::set_intersection<std::_Rb_tree_const_iterator<int>, std::_Rb_tree_const_iterator<int>, std::insert_iterator<std::set<int, std::less<int>, std::allocator<int> > > >;std::_Rb_tree_increment
1.85% vtree_manager_new;cnf2vtree;p_hdtree2vtree;pass2;classify_clause_vars;vset_minus;mark_vset
1.78% vtree_manager_new;cnf2vtree;cnf2hdtree;cnf2minfill_order;Graph::removeAndConnect;Graph::containsEdge
1.58% vtree_manager_new;cnf2vtree;p_hdtree2vtree;pass2;classify_clause_vars;vset_intersection;mark_vset
1.03% vtree_manager_new;cnf2vtree;p_hdtree2vtree;pass2;pass2;classify_clause_vars;vset_intersection;mark_vset;sat_mark_var
1.03% vtree_manager_new;cnf2vtree;p_hdtree2vtree;pass2;pass2;classify_clause_vars;vset_minus;unmark_vset;sat_unmark_var
0.97% vtree_manager_new;cnf2vtree;p_hdtree2vtree;pass2;classify_clause_vars;vset_intersection;unmark_vset
0.97% vtree_manager_new;cnf2vtree;p_hdtree2vtree;pass2;pass2;classify_clause_vars;vset_intersection;unmark_vset;sat_unmark_var
0.71% vtree_manager_new;cnf2vtree;p_hdtree2vtree;pass2;classify_clause_vars;vset_minus;unmark_vset
0.70% vtree_manager_new;cnf2vtree;p_hdtree2vtree;pass2;pass2;classify_clause_vars;vset_intersection;unmark_vset
0.67% vtree_manager_new;cnf2vtree;cnf2hdtree;cnf2minfill_order;Graph::removeAndConnect;std::_Rb_tree<int, int, std::_Identity<int>, std::less<int>, std::allocator<int> >::_M_insert_unique
0.65% vtree_manager_new;cnf2vtree;p_hdtree2vtree;pass2;classify_clause_vars;vset_union;sat_is_marked_var
0.65% vtree_manager_new;cnf2vtree;p_hdtree2vtree;pass2;classify_clause_vars;vset_union
0.65% vtree_manager_new;cnf2vtree;p_hdtree2vtree;pass2;pass2;classify_clause_vars;vset_minus;unmark_vset
0.60% vtree_manager_new;cnf2vtree;p_hdtree2vtree;pass2;pass2;classify_clause_vars;vset_minus;mark_vset
0.59% vtree_manager_new;cnf2vtree;p_hdtree2vtree;pass2;pass2;classify_clause_vars;vset_intersection;mark_vset
0.56% vtree_manager_new;cnf2vtree;cnf2hdtree;cnf2minfill_order;Graph::removeAndConnect;std::set_intersection<std::_Rb_tree_const_iterator<int>, std::_Rb_tree_const_iterator<int>, std::insert_iterator<std::set<int, std::less<int>, std::allocator<int> > > >;std::_Rb_tree<int, int, std::_Identity<int>, std::less<int>, std::allocator<int> >::_M_insert_unique_;std::_Rb_tree<int, int, std::_Identity<int>, std::less<int>, std::allocator<int> >::_M_insert_;std::_Rb_tree_insert_and_rebalance
    47.88%     0.00%  miniC2D  miniC2D               [.] cnf2vtree
2.93% cnf2vtree;p_hdtree2vtree;pass2;classify_clause_vars;vset_minus;unmark_vset;sat_unmark_var
2.77% cnf2vtree;p_hdtree2vtree;pass2;classify_clause_vars;vset_intersection;unmark_vset;sat_unmark_var
2.55% cnf2vtree;p_hdtree2vtree;pass2;classify_clause_vars;vset_minus;mark_vset;sat_mark_var
2.55% cnf2vtree;cnf2hdtree;cnf2minfill_order;Graph::removeAndConnect;std::_Rb_tree_increment
2.33% cnf2vtree;p_hdtree2vtree;pass2;classify_clause_vars;vset_intersection;mark_vset;sat_mark_var
2.04% cnf2vtree;cnf2hdtree;cnf2minfill_order;Graph::removeAndConnect
1.89% cnf2vtree;p_hdtree2vtree;pass2;pass2;classify_clause_vars;vset_minus;mark_vset;sat_mark_var
1.86% cnf2vtree;cnf2hdtree;cnf2minfill_order;Graph::removeAndConnect;std::set_intersection<std::_Rb_tree_const_iterator<int>, std::_Rb_tree_const_iterator<int>, std::insert_iterator<std::set<int, std::less<int>, std::allocator<int> > > >;std::_Rb_tree_increment
1.85% cnf2vtree;p_hdtree2vtree;pass2;classify_clause_vars;vset_minus;mark_vset
1.78% cnf2vtree;cnf2hdtree;cnf2minfill_order;Graph::removeAndConnect;Graph::containsEdge
1.58% cnf2vtree;p_hdtree2vtree;pass2;classify_clause_vars;vset_intersection;mark_vset
1.03% cnf2vtree;p_hdtree2vtree;pass2;pass2;classify_clause_vars;vset_intersection;mark_vset;sat_mark_var
1.03% cnf2vtree;p_hdtree2vtree;pass2;pass2;classify_clause_vars;vset_minus;unmark_vset;sat_unmark_var
0.97% cnf2vtree;p_hdtree2vtree;pass2;classify_clause_vars;vset_intersection;unmark_vset
0.97% cnf2vtree;p_hdtree2vtree;pass2;pass2;classify_clause_vars;vset_intersection;unmark_vset;sat_unmark_var
0.71% cnf2vtree;p_hdtree2vtree;pass2;classify_clause_vars;vset_minus;unmark_vset
0.70% cnf2vtree;p_hdtree2vtree;pass2;pass2;classify_clause_vars;vset_intersection;unmark_vset
0.67% cnf2vtree;cnf2hdtree;cnf2minfill_order;Graph::removeAndConnect;std::_Rb_tree<int, int, std::_Identity<int>, std::less<int>, std::allocator<int> >::_M_insert_unique
0.65% cnf2vtree;p_hdtree2vtree;pass2;classify_clause_vars;vset_union;sat_is_marked_var
0.65% cnf2vtree;p_hdtree2vtree;pass2;classify_clause_vars;vset_union
0.65% cnf2vtree;p_hdtree2vtree;pass2;pass2;classify_clause_vars;vset_minus;unmark_vset
0.60% cnf2vtree;p_hdtree2vtree;pass2;pass2;classify_clause_vars;vset_minus;mark_vset
0.59% cnf2vtree;p_hdtree2vtree;pass2;pass2;classify_clause_vars;vset_intersection;mark_vset
0.56% cnf2vtree;cnf2hdtree;cnf2minfill_order;Graph::removeAndConnect;std::set_intersection<std::_Rb_tree_const_iterator<int>, std::_Rb_tree_const_iterator<int>, std::insert_iterator<std::set<int, std::less<int>, std::allocator<int> > > >;std::_Rb_tree<int, int, std::_Identity<int>, std::less<int>, std::allocator<int> >::_M_insert_unique_;std::_Rb_tree<int, int, std::_Identity<int>, std::less<int>, std::allocator<int> >::_M_insert_;std::_Rb_tree_insert_and_rebalance
    34.97%     0.00%  miniC2D  miniC2D               [.] p_hdtree2vtree
2.93% p_hdtree2vtree;pass2;classify_clause_vars;vset_minus;unmark_vset;sat_unmark_var
2.77% p_hdtree2vtree;pass2;classify_clause_vars;vset_intersection;unmark_vset;sat_unmark_var
2.55% p_hdtree2vtree;pass2;classify_clause_vars;vset_minus;mark_vset;sat_mark_var
2.33% p_hdtree2vtree;pass2;classify_clause_vars;vset_intersection;mark_vset;sat_mark_var
1.89% p_hdtree2vtree;pass2;pass2;classify_clause_vars;vset_minus;mark_vset;sat_mark_var
1.85% p_hdtree2vtree;pass2;classify_clause_vars;vset_minus;mark_vset
1.58% p_hdtree2vtree;pass2;classify_clause_vars;vset_intersection;mark_vset
1.03% p_hdtree2vtree;pass2;pass2;classify_clause_vars;vset_intersection;mark_vset;sat_mark_var
1.03% p_hdtree2vtree;pass2;pass2;classify_clause_vars;vset_minus;unmark_vset;sat_unmark_var
0.97% p_hdtree2vtree;pass2;classify_clause_vars;vset_intersection;unmark_vset
0.97% p_hdtree2vtree;pass2;pass2;classify_clause_vars;vset_intersection;unmark_vset;sat_unmark_var
0.71% p_hdtree2vtree;pass2;classify_clause_vars;vset_minus;unmark_vset
0.70% p_hdtree2vtree;pass2;pass2;classify_clause_vars;vset_intersection;unmark_vset
0.65% p_hdtree2vtree;pass2;classify_clause_vars;vset_union;sat_is_marked_var
0.65% p_hdtree2vtree;pass2;classify_clause_vars;vset_union
0.65% p_hdtree2vtree;pass2;pass2;classify_clause_vars;vset_minus;unmark_vset
0.60% p_hdtree2vtree;pass2;pass2;classify_clause_vars;vset_minus;mark_vset
0.59% p_hdtree2vtree;pass2;pass2;classify_clause_vars;vset_intersection;mark_vset
    34.01%     0.16%  miniC2D  miniC2D               [.] pass2
2.93% pass2;classify_clause_vars;vset_minus;unmark_vset;sat_unmark_var
2.77% pass2;classify_clause_vars;vset_intersection;unmark_vset;sat_unmark_var
2.55% pass2;classify_clause_vars;vset_minus;mark_vset;sat_mark_var
2.33% pass2;classify_clause_vars;vset_intersection;mark_vset;sat_mark_var
1.89% pass2;pass2;classify_clause_vars;vset_minus;mark_vset;sat_mark_var
1.85% pass2;classify_clause_vars;vset_minus;mark_vset
1.58% pass2;classify_clause_vars;vset_intersection;mark_vset
1.03% pass2;pass2;classify_clause_vars;vset_intersection;mark_vset;sat_mark_var
1.03% pass2;pass2;classify_clause_vars;vset_minus;unmark_vset;sat_unmark_var
0.97% pass2;classify_clause_vars;vset_intersection;unmark_vset
0.97% pass2;pass2;classify_clause_vars;vset_intersection;unmark_vset;sat_unmark_var
0.71% pass2;classify_clause_vars;vset_minus;unmark_vset
0.70% pass2;pass2;classify_clause_vars;vset_intersection;unmark_vset
0.65% pass2;classify_clause_vars;vset_union;sat_is_marked_var
0.65% pass2;classify_clause_vars;vset_union
0.65% pass2;pass2;classify_clause_vars;vset_minus;unmark_vset
0.60% pass2;pass2;classify_clause_vars;vset_minus;mark_vset
0.59% pass2;pass2;classify_clause_vars;vset_intersection;mark_vset
    33.25%     0.05%  miniC2D  miniC2D               [.] classify_clause_vars
4.99% classify_clause_vars;vset_minus;mark_vset;sat_mark_var
4.72% classify_clause_vars;vset_minus;unmark_vset;sat_unmark_var
3.96% classify_clause_vars;vset_intersection;unmark_vset;sat_unmark_var
3.53% classify_clause_vars;vset_intersection;mark_vset;sat_mark_var
2.82% classify_clause_vars;vset_minus;mark_vset
2.39% classify_clause_vars;vset_intersection;mark_vset
1.79% classify_clause_vars;vset_intersection;unmark_vset
1.63% classify_clause_vars;vset_union
1.52% classify_clause_vars;vset_minus;unmark_vset
1.25% classify_clause_vars;vset_union;sat_is_marked_var
    27.30%     1.13%  miniC2D  miniC2D               [.] compile_dispatcher
    27.20%     0.54%  miniC2D  miniC2D               [.] compile_vtree_shannon
    24.08%     0.05%  miniC2D  miniC2D               [.] compile_vtree_decomposed
    17.41%     8.90%  miniC2D  miniC2D               [.] mark_vset
8.51% mark_vset;sat_mark_var
1.85% _start;__libc_start_main;0x7f5672a46249;main;vtree_manager_new;cnf2vtree;p_hdtree2vtree;pass2;classify_clause_vars;vset_minus;mark_vset
1.58% _start;__libc_start_main;0x7f5672a46249;main;vtree_manager_new;cnf2vtree;p_hdtree2vtree;pass2;classify_clause_vars;vset_intersection;mark_vset
0.60% _start;__libc_start_main;0x7f5672a46249;main;vtree_manager_new;cnf2vtree;p_hdtree2vtree;pass2;pass2;classify_clause_vars;vset_minus;mark_vset
0.59% _start;__libc_start_main;0x7f5672a46249;main;vtree_manager_new;cnf2vtree;p_hdtree2vtree;pass2;pass2;classify_clause_vars;vset_intersection;mark_vset
    14.86%     0.27%  miniC2D  miniC2D               [.] vset_minus
4.99% vset_minus;mark_vset;sat_mark_var
4.72% vset_minus;unmark_vset;sat_unmark_var
2.82% vset_minus;mark_vset
1.52% vset_minus;unmark_vset
    14.69%     5.96%  miniC2D  miniC2D               [.] unmark_vset
8.73% unmark_vset;sat_unmark_var
0.97% _start;__libc_start_main;0x7f5672a46249;main;vtree_manager_new;cnf2vtree;p_hdtree2vtree;pass2;classify_clause_vars;vset_intersection;unmark_vset
0.71% _start;__libc_start_main;0x7f5672a46249;main;vtree_manager_new;cnf2vtree;p_hdtree2vtree;pass2;classify_clause_vars;vset_minus;unmark_vset
0.70% _start;__libc_start_main;0x7f5672a46249;main;vtree_manager_new;cnf2vtree;p_hdtree2vtree;pass2;pass2;classify_clause_vars;vset_intersection;unmark_vset
0.65% _start;__libc_start_main;0x7f5672a46249;main;vtree_manager_new;cnf2vtree;p_hdtree2vtree;pass2;pass2;classify_clause_vars;vset_minus;unmark_vset
    12.64%     0.00%  miniC2D  miniC2D               [.] cnf2hdtree
2.55% cnf2hdtree;cnf2minfill_order;Graph::removeAndConnect;std::_Rb_tree_increment
2.04% cnf2hdtree;cnf2minfill_order;Graph::removeAndConnect
1.86% cnf2hdtree;cnf2minfill_order;Graph::removeAndConnect;std::set_intersection<std::_Rb_tree_const_iterator<int>, std::_Rb_tree_const_iterator<int>, std::insert_iterator<std::set<int, std::less<int>, std::allocator<int> > > >;std::_Rb_tree_increment
1.78% cnf2hdtree;cnf2minfill_order;Graph::removeAndConnect;Graph::containsEdge
0.67% cnf2hdtree;cnf2minfill_order;Graph::removeAndConnect;std::_Rb_tree<int, int, std::_Identity<int>, std::less<int>, std::allocator<int> >::_M_insert_unique
0.56% cnf2hdtree;cnf2minfill_order;Graph::removeAndConnect;std::set_intersection<std::_Rb_tree_const_iterator<int>, std::_Rb_tree_const_iterator<int>, std::insert_iterator<std::set<int, std::less<int>, std::allocator<int> > > >;std::_Rb_tree<int, int, std::_Identity<int>, std::less<int>, std::allocator<int> >::_M_insert_unique_;std::_Rb_tree<int, int, std::_Identity<int>, std::less<int>, std::allocator<int> >::_M_insert_;std::_Rb_tree_insert_and_rebalance
    12.42%     0.22%  miniC2D  miniC2D               [.] vset_intersection
3.96% vset_intersection;unmark_vset;sat_unmark_var
3.53% vset_intersection;mark_vset;sat_mark_var
2.39% vset_intersection;mark_vset
1.79% vset_intersection;unmark_vset
    12.13%     0.00%  miniC2D  miniC2D               [.] cnf2minfill_order
2.55% cnf2minfill_order;Graph::removeAndConnect;std::_Rb_tree_increment
2.04% cnf2minfill_order;Graph::removeAndConnect
1.86% cnf2minfill_order;Graph::removeAndConnect;std::set_intersection<std::_Rb_tree_const_iterator<int>, std::_Rb_tree_const_iterator<int>, std::insert_iterator<std::set<int, std::less<int>, std::allocator<int> > > >;std::_Rb_tree_increment
1.78% cnf2minfill_order;Graph::removeAndConnect;Graph::containsEdge
0.67% cnf2minfill_order;Graph::removeAndConnect;std::_Rb_tree<int, int, std::_Identity<int>, std::less<int>, std::allocator<int> >::_M_insert_unique
0.56% cnf2minfill_order;Graph::removeAndConnect;std::set_intersection<std::_Rb_tree_const_iterator<int>, std::_Rb_tree_const_iterator<int>, std::insert_iterator<std::set<int, std::less<int>, std::allocator<int> > > >;std::_Rb_tree<int, int, std::_Identity<int>, std::less<int>, std::allocator<int> >::_M_insert_unique_;std::_Rb_tree<int, int, std::_Identity<int>, std::less<int>, std::allocator<int> >::_M_insert_;std::_Rb_tree_insert_and_rebalance
    11.67%     2.09%  miniC2D  miniC2D               [.] Graph::removeAndConnect
2.55% Graph::removeAndConnect;std::_Rb_tree_increment
2.04% _start;__libc_start_main;0x7f5672a46249;main;vtree_manager_new;cnf2vtree;cnf2hdtree;cnf2minfill_order;Graph::removeAndConnect
1.86% Graph::removeAndConnect;std::set_intersection<std::_Rb_tree_const_iterator<int>, std::_Rb_tree_const_iterator<int>, std::insert_iterator<std::set<int, std::less<int>, std::allocator<int> > > >;std::_Rb_tree_increment
1.78% Graph::removeAndConnect;Graph::containsEdge
0.67% Graph::removeAndConnect;std::_Rb_tree<int, int, std::_Identity<int>, std::less<int>, std::allocator<int> >::_M_insert_unique
0.56% Graph::removeAndConnect;std::set_intersection<std::_Rb_tree_const_iterator<int>, std::_Rb_tree_const_iterator<int>, std::insert_iterator<std::set<int, std::less<int>, std::allocator<int> > > >;std::_Rb_tree<int, int, std::_Identity<int>, std::less<int>, std::allocator<int> >::_M_insert_unique_;std::_Rb_tree<int, int, std::_Identity<int>, std::less<int>, std::allocator<int> >::_M_insert_;std::_Rb_tree_insert_and_rebalance
    11.44%    11.44%  miniC2D  miniC2D               [.] sat_mark_var
2.55% _start;__libc_start_main;0x7f5672a46249;main;vtree_manager_new;cnf2vtree;p_hdtree2vtree;pass2;classify_clause_vars;vset_minus;mark_vset;sat_mark_var
2.33% _start;__libc_start_main;0x7f5672a46249;main;vtree_manager_new;cnf2vtree;p_hdtree2vtree;pass2;classify_clause_vars;vset_intersection;mark_vset;sat_mark_var
1.89% _start;__libc_start_main;0x7f5672a46249;main;vtree_manager_new;cnf2vtree;p_hdtree2vtree;pass2;pass2;classify_clause_vars;vset_minus;mark_vset;sat_mark_var
1.03% sat_mark_var
1.03% _start;__libc_start_main;0x7f5672a46249;main;vtree_manager_new;cnf2vtree;p_hdtree2vtree;pass2;pass2;classify_clause_vars;vset_intersection;mark_vset;sat_mark_var
    10.59%     5.65%  miniC2D  miniC2D               [.] get_and_node
1.23% get_and_node;qsort_r;0x7f5672a5eb9c;nnf_node_cmp
0.92% get_and_node;qsort_r;memcpy
0.81% get_and_node;qsort_r
     9.92%     9.92%  miniC2D  miniC2D               [.] sat_unmark_var
2.93% _start;__libc_start_main;0x7f5672a46249;main;vtree_manager_new;cnf2vtree;p_hdtree2vtree;pass2;classify_clause_vars;vset_minus;unmark_vset;sat_unmark_var
2.77% _start;__libc_start_main;0x7f5672a46249;main;vtree_manager_new;cnf2vtree;p_hdtree2vtree;pass2;classify_clause_vars;vset_intersection;unmark_vset;sat_unmark_var
1.03% _start;__libc_start_main;0x7f5672a46249;main;vtree_manager_new;cnf2vtree;p_hdtree2vtree;pass2;pass2;classify_clause_vars;vset_minus;unmark_vset;sat_unmark_var
0.97% _start;__libc_start_main;0x7f5672a46249;main;vtree_manager_new;cnf2vtree;p_hdtree2vtree;pass2;pass2;classify_clause_vars;vset_intersection;unmark_vset;sat_unmark_var
0.54% sat_unmark_var
     6.55%     0.00%  miniC2D  miniC2D               [.] compile_vtree
     5.96%     0.86%  miniC2D  miniC2D               [.] lookup_cache
1.77% lookup_cache;construct_vtree_key
1.18% lookup_cache;lookup_cache;vtree_is_shannon_node
0.86% lookup_cache;construct_vtree_key;sat_is_implied_literal
0.54% lookup_cache;lookup_cache;sat_is_instantiated_var
     4.72%     1.90%  miniC2D  miniC2D               [.] vset_union
1.25% vset_union;sat_is_marked_var
0.65% _start;__libc_start_main;0x7f5672a46249;main;vtree_manager_new;cnf2vtree;p_hdtree2vtree;pass2;classify_clause_vars;vset_union
     4.55%     4.55%  miniC2D  libstdc++.so.6.0.30   [.] std::_Rb_tree_increment
2.55% _start;__libc_start_main;0x7f5672a46249;main;vtree_manager_new;cnf2vtree;cnf2hdtree;cnf2minfill_order;Graph::removeAndConnect;std::_Rb_tree_increment
1.86% _start;__libc_start_main;0x7f5672a46249;main;vtree_manager_new;cnf2vtree;cnf2hdtree;cnf2minfill_order;Graph::removeAndConnect;std::set_intersection<std::_Rb_tree_const_iterator<int>, std::_Rb_tree_const_iterator<int>, std::insert_iterator<std::set<int, std::less<int>, std::allocator<int> > > >;std::_Rb_tree_increment
     4.14%     0.81%  miniC2D  libc.so.6             [.] qsort_r
1.23% qsort_r;0x7f5672a5eb9c;nnf_node_cmp
0.92% qsort_r;memcpy
     3.33%     1.99%  miniC2D  miniC2D               [.] construct_vtree_key
0.86% construct_vtree_key;sat_is_implied_literal
     3.30%     0.42%  miniC2D  miniC2D               [.] std::set_intersection<std::_Rb_tree_const_iterator<int>, std::_Rb_tree_const_iterator<int>, std::insert_iterator<std::set<int, std::less<int>, std::allocator<int> > > >
1.86% std::set_intersection<std::_Rb_tree_const_iterator<int>, std::_Rb_tree_const_iterator<int>, std::insert_iterator<std::set<int, std::less<int>, std::allocator<int> > > >;std::_Rb_tree_increment
0.56% std::set_intersection<std::_Rb_tree_const_iterator<int>, std::_Rb_tree_const_iterator<int>, std::insert_iterator<std::set<int, std::less<int>, std::allocator<int> > > >;std::_Rb_tree<int, int, std::_Identity<int>, std::less<int>, std::allocator<int> >::_M_insert_unique_;std::_Rb_tree<int, int, std::_Identity<int>, std::less<int>, std::allocator<int> >::_M_insert_;std::_Rb_tree_insert_and_rebalance
     3.24%     0.00%  miniC2D  miniC2D               [.] vtree_manager_free
2.87% vtree_manager_free;free_vtree_cache
     3.24%     2.92%  miniC2D  miniC2D               [.] free_vtree_cache
2.87% _start;__libc_start_main;0x7f5672a46249;main;vtree_manager_free;free_vtree_cache
     3.03%     0.00%  miniC2D  miniC2D               [.] print_vtree_cache_stats
2.92% print_vtree_cache_stats;clist_size
     3.03%     2.92%  miniC2D  miniC2D               [.] clist_size
2.92% _start;__libc_start_main;0x7f5672a46249;main;print_vtree_cache_stats;clist_size
     3.02%     0.00%  miniC2D  libc.so.6             [.] __libc_free (inlined)
0.81% __libc_free (inlined)
     2.84%     1.02%  miniC2D  miniC2D               [.] insert_cache
     2.77%     0.04%  miniC2D  [kernel.kallsyms]     [k] asm_exc_page_fault
0.59% asm_exc_page_fault;exc_page_fault;do_user_addr_fault;handle_mm_fault;__handle_mm_fault;wp_page_copy;vma_alloc_folio;__folio_alloc;__alloc_pages;get_page_from_freelist;clear_page_rep
     2.58%     0.00%  miniC2D  [kernel.kallsyms]     [k] exc_page_fault
0.59% exc_page_fault;do_user_addr_fault;handle_mm_fault;__handle_mm_fault;wp_page_copy;vma_alloc_folio;__folio_alloc;__alloc_pages;get_page_from_freelist;clear_page_rep
     2.58%     0.00%  miniC2D  [kernel.kallsyms]     [k] do_user_addr_fault
0.59% do_user_addr_fault;handle_mm_fault;__handle_mm_fault;wp_page_copy;vma_alloc_folio;__folio_alloc;__alloc_pages;get_page_from_freelist;clear_page_rep
     2.47%     0.11%  miniC2D  [kernel.kallsyms]     [k] handle_mm_fault
0.59% handle_mm_fault;__handle_mm_fault;wp_page_copy;vma_alloc_folio;__folio_alloc;__alloc_pages;get_page_from_freelist;clear_page_rep
     2.34%     0.22%  miniC2D  miniC2D               [.] vset_new
0.60% vset_new;__libc_calloc
     2.26%     0.11%  miniC2D  [kernel.kallsyms]     [k] __handle_mm_fault
0.59% __handle_mm_fault;wp_page_copy;vma_alloc_folio;__folio_alloc;__alloc_pages;get_page_from_freelist;clear_page_rep
     2.21%     0.00%  miniC2D  miniC2D               [.] compile_with_literal (inlined)
1.45% compile_with_literal (inlined);sat_decide_literal;set_literal
     2.10%     0.60%  miniC2D  libc.so.6             [.] __libc_calloc
     2.03%     0.00%  miniC2D  miniC2D               [.] save_nnf_manager_to_file
     1.98%     0.05%  miniC2D  miniC2D               [.] save_nnf_nodes
     1.93%     0.00%  miniC2D  libc.so.6             [.] _IO_fprintf (inlined)
     1.85%     1.85%  miniC2D  miniC2D               [.] Graph::containsEdge
1.78% _start;__libc_start_main;0x7f5672a46249;main;vtree_manager_new;cnf2vtree;cnf2hdtree;cnf2minfill_order;Graph::removeAndConnect;Graph::containsEdge
     1.72%     0.16%  miniC2D  miniC2D               [.] sat_decide_literal
1.45% sat_decide_literal;set_literal
     1.72%     1.34%  miniC2D  miniC2D               [.] literal2nnf_node
     1.63%     1.63%  miniC2D  miniC2D               [.] sat_is_marked_var
0.65% _start;__libc_start_main;0x7f5672a46249;main;vtree_manager_new;cnf2vtree;p_hdtree2vtree;pass2;classify_clause_vars;vset_union;sat_is_marked_var
     1.61%     1.51%  miniC2D  miniC2D               [.] set_literal
     1.61%     0.00%  miniC2D  [kernel.kallsyms]     [k] wp_page_copy
0.59% wp_page_copy;vma_alloc_folio;__folio_alloc;__alloc_pages;get_page_from_freelist;clear_page_rep
     1.61%     1.61%  miniC2D  miniC2D               [.] vtree_is_shannon_node
     1.40%     0.64%  miniC2D  miniC2D               [.] var2nnf
     1.40%     1.40%  miniC2D  miniC2D               [.] sat_is_implied_literal
     1.23%     1.23%  miniC2D  miniC2D               [.] nnf_node_cmp
     1.23%     0.00%  miniC2D  libc.so.6             [.] 0x00007f5672a5eb9c
1.23% 0x7f5672a5eb9c;nnf_node_cmp
     1.12%     0.69%  miniC2D  libc.so.6             [.] malloc
     1.10%     0.07%  miniC2D  miniC2D               [.] std::_Rb_tree<int, int, std::_Identity<int>, std::less<int>, std::allocator<int> >::_M_insert_
0.64% std::_Rb_tree<int, int, std::_Identity<int>, std::less<int>, std::allocator<int> >::_M_insert_;std::_Rb_tree_insert_and_rebalance
     1.09%     0.11%  miniC2D  [kernel.kallsyms]     [k] vma_alloc_folio
0.79% vma_alloc_folio;__folio_alloc;__alloc_pages;get_page_from_freelist;clear_page_rep
     1.08%     0.79%  miniC2D  miniC2D               [.] std::_Rb_tree<int, int, std::_Identity<int>, std::less<int>, std::allocator<int> >::_M_insert_unique
0.67% _start;__libc_start_main;0x7f5672a46249;main;vtree_manager_new;cnf2vtree;cnf2hdtree;cnf2minfill_order;Graph::removeAndConnect;std::_Rb_tree<int, int, std::_Identity<int>, std::less<int>, std::allocator<int> >::_M_insert_unique
     1.07%     0.11%  miniC2D  miniC2D               [.] get_or_node
     1.06%     0.12%  miniC2D  miniC2D               [.] std::_Rb_tree<int, int, std::_Identity<int>, std::less<int>, std::allocator<int> >::_M_insert_unique_
0.56% std::_Rb_tree<int, int, std::_Identity<int>, std::less<int>, std::allocator<int> >::_M_insert_unique_;std::_Rb_tree<int, int, std::_Identity<int>, std::less<int>, std::allocator<int> >::_M_insert_;std::_Rb_tree_insert_and_rebalance
     0.98%     0.05%  miniC2D  [kernel.kallsyms]     [k] __alloc_pages
0.79% __alloc_pages;get_page_from_freelist;clear_page_rep
     0.98%     0.00%  miniC2D  [kernel.kallsyms]     [k] __folio_alloc
0.79% __folio_alloc;__alloc_pages;get_page_from_freelist;clear_page_rep
     0.97%     0.97%  miniC2D  libc.so.6             [.] memcpy
     0.93%     0.00%  miniC2D  [kernel.kallsyms]     [k] get_page_from_freelist
0.79% get_page_from_freelist;clear_page_rep
     0.84%     0.84%  miniC2D  [kernel.kallsyms]     [k] clear_page_rep
     0.81%     0.81%  miniC2D  libc.so.6             [.] cfree
     0.80%     0.00%  miniC2D  [kernel.kallsyms]     [k] entry_SYSCALL_64_after_hwframe
     0.80%     0.00%  miniC2D  [kernel.kallsyms]     [k] do_syscall_64
     0.75%     0.00%  miniC2D  miniC2D               [.] compile_vtree_leaf (inlined)
     0.70%     0.00%  miniC2D  miniC2D               [.] pass1b
     0.65%     0.05%  miniC2D  miniC2D               [.] vset_free
     0.64%     0.64%  miniC2D  libstdc++.so.6.0.30   [.] std::_Rb_tree_insert_and_rebalance
0.56% _start;__libc_start_main;0x7f5672a46249;main;vtree_manager_new;cnf2vtree;cnf2hdtree;cnf2minfill_order;Graph::removeAndConnect;std::set_intersection<std::_Rb_tree_const_iterator<int>, std::_Rb_tree_const_iterator<int>, std::insert_iterator<std::set<int, std::less<int>, std::allocator<int> > > >;std::_Rb_tree<int, int, std::_Identity<int>, std::less<int>, std::allocator<int> >::_M_insert_unique_;std::_Rb_tree<int, int, std::_Identity<int>, std::less<int>, std::allocator<int> >::_M_insert_;std::_Rb_tree_insert_and_rebalance
     0.60%     0.54%  miniC2D  libc.so.6             [.] realloc
     0.58%     0.16%  miniC2D  miniC2D               [.] std::_Rb_tree<int, int, std::_Identity<int>, std::less<int>, std::allocator<int> >::_M_erase
     0.56%     0.00%  miniC2D  miniC2D               [.] order2hdtree
     0.55%     0.11%  miniC2D  miniC2D               [.] vset_clause_new
     0.54%     0.54%  miniC2D  miniC2D               [.] sat_is_instantiated_var
     0.54%     0.54%  miniC2D  [kernel.kallsyms]     [k] __irqentry_text_end
     0.54%     0.05%  miniC2D  miniC2D               [.] cset_intersection
     0.50%     0.25%  miniC2D  miniC2D               [.] Graph::removeEdge
     0.50%     0.00%  miniC2D  [kernel.kallsyms]     [k] do_mas_munmap
     0.50%     0.00%  miniC2D  [kernel.kallsyms]     [k] do_mas_align_munmap
     0.49%     0.49%  miniC2D  miniC2D               [.] sat_var2pliteral
     0.48%     0.48%  miniC2D  miniC2D               [.] erase_level
     0.48%     0.00%  miniC2D  libc.so.6             [.] __munmap
     0.48%     0.00%  miniC2D  [kernel.kallsyms]     [k] __x64_sys_munmap
     0.48%     0.00%  miniC2D  [kernel.kallsyms]     [k] __vm_munmap
     0.48%     0.00%  miniC2D  [kernel.kallsyms]     [k] unmap_region
     0.44%     0.00%  miniC2D  libstdc++.so.6.0.30   [.] operator new
     0.39%     0.35%  miniC2D  [kernel.kallsyms]     [k] error_entry
     0.37%     0.32%  miniC2D  miniC2D               [.] mark_cset
     0.37%     0.37%  miniC2D  miniC2D               [.] unmark_cset
     0.37%     0.00%  miniC2D  miniC2D               [.] cset_new
     0.37%     0.00%  miniC2D  miniC2D               [.] cset_union
     0.36%     0.36%  miniC2D  libc.so.6             [.] 0x000000000005c758
     0.36%     0.00%  miniC2D  libc.so.6             [.] 0x00007f5672a7b758
     0.36%     0.10%  miniC2D  libc.so.6             [.] _IO_file_xsputn
     0.36%     0.00%  miniC2D  miniC2D               [.] fill_esets
     0.34%     0.00%  miniC2D  [unknown]             [k] 0xffffffffffffffff
     0.34%     0.00%  miniC2D  libc.so.6             [.] 0x00007f5672ab7109
     0.33%     0.33%  miniC2D  miniC2D               [.] cset_subset
     0.32%     0.00%  miniC2D  [kernel.kallsyms]     [k] __mem_cgroup_charge
     0.32%     0.00%  miniC2D  libc.so.6             [.] 0x00007f5672ab68d7
     0.32%     0.27%  miniC2D  miniC2D               [.] sat_is_subsumed_clause
     0.32%     0.05%  miniC2D  [kernel.kallsyms]     [k] tlb_finish_mmu
     0.31%     0.00%  miniC2D  miniC2D               [.] p_hdtree2vtree_aux
     0.31%     0.00%  miniC2D  miniC2D               [.] cutset2vtree_rl
     0.31%     0.00%  miniC2D  miniC2D               [.] combine_v
     0.31%     0.00%  miniC2D  miniC2D               [.] Graph::addEdge
     0.27%     0.11%  miniC2D  miniC2D               [.] new_and_node
     0.27%     0.05%  miniC2D  [kernel.kallsyms]     [k] folio_add_lru
     0.27%     0.00%  miniC2D  [heap]                [.] 0x000000000531f22f
     0.27%     0.27%  miniC2D  miniC2D               [.] sort_nnf_node
     0.27%     0.27%  miniC2D  miniC2D               [.] sat_literal2var
     0.26%     0.00%  miniC2D  [kernel.kallsyms]     [k] tlb_batch_pages_flush
     0.26%     0.00%  miniC2D  [kernel.kallsyms]     [k] release_pages
     0.26%     0.26%  miniC2D  libc.so.6             [.] 0x000000000005c672
     0.26%     0.00%  miniC2D  libc.so.6             [.] 0x00007f5672a7b672
     0.26%     0.00%  miniC2D  libc.so.6             [.] 0x00007f5672a7be58
     0.22%     0.04%  miniC2D  miniC2D               [.] minFillScore
     0.22%     0.22%  miniC2D  libc.so.6             [.] 0x0000000000095167
     0.22%     0.00%  miniC2D  libc.so.6             [.] 0x00007f5672ab4167
     0.22%     0.00%  miniC2D  [heap]                [.] 0x000000000528dabf
     0.22%     0.00%  miniC2D  [heap]                [.] 0x00000000052c040f
     0.22%     0.22%  miniC2D  miniC2D               [.] vtree_is_leaf
     0.22%     0.00%  miniC2D  [kernel.kallsyms]     [k] charge_memcg
     0.22%     0.16%  miniC2D  [kernel.kallsyms]     [k] folio_batch_move_lru
     0.21%     0.00%  miniC2D  libc.so.6             [.] 0x00007f5672a5ea19
     0.21%     0.05%  miniC2D  [kernel.kallsyms]     [k] free_unref_page_list
     0.21%     0.11%  miniC2D  [kernel.kallsyms]     [k] unmap_page_range
     0.21%     0.00%  miniC2D  [kernel.kallsyms]     [k] unmap_vmas
     0.21%     0.00%  miniC2D  libc.so.6             [.] _IO_do_write
     0.21%     0.00%  miniC2D  libc.so.6             [.] 0x00007f5672a9f37f
     0.21%     0.00%  miniC2D  libc.so.6             [.] _IO_file_write
     0.21%     0.00%  miniC2D  [kernel.kallsyms]     [k] ksys_write
     0.21%     0.00%  miniC2D  [kernel.kallsyms]     [k] vfs_write
     0.21%     0.00%  miniC2D  libc.so.6             [.] __write (inlined)
     0.21%     0.05%  miniC2D  miniC2D               [.] eset_intersection
     0.21%     0.00%  miniC2D  miniC2D               [.] eset_new
     0.20%     0.00%  miniC2D  miniC2D               [.] initialize_hdtree
     0.20%     0.05%  miniC2D  miniC2D               [.] fill_edges_etc
     0.20%     0.05%  miniC2D  miniC2D               [.] eset_union
     0.20%     0.20%  miniC2D  miniC2D               [.] sat_clause2literals
     0.20%     0.20%  miniC2D  [kernel.kallsyms]     [k] __list_del_entry_valid
     0.18%     0.00%  miniC2D  ld-linux-x86-64.so.2  [.] 0x00007f5672e6fb27
     0.18%     0.00%  miniC2D  ld-linux-x86-64.so.2  [.] 0x00007f5672e70c7b
     0.18%     0.00%  miniC2D  ld-linux-x86-64.so.2  [.] 0x00007f5672e6f2fe
     0.18%     0.00%  miniC2D  miniC2D               [.] sat_read_cnf
     0.16%     0.00%  miniC2D  [heap]                [.] 0x00000000052d7dff
     0.16%     0.00%  miniC2D  [heap]                [.] 0x000000000526947f
     0.16%     0.00%  miniC2D  [heap]                [.] 0x00000000053540af
     0.16%     0.16%  miniC2D  libc.so.6             [.] 0x00000000000961b9
     0.16%     0.00%  miniC2D  libc.so.6             [.] 0x00007f5672ab51b9
     0.16%     0.16%  miniC2D  libc.so.6             [.] 0x0000000000096124
     0.16%     0.00%  miniC2D  libc.so.6             [.] 0x00007f5672ab5124
     0.16%     0.00%  miniC2D  [heap]                [.] 0x00000000052ff65f
     0.16%     0.05%  miniC2D  miniC2D               [.] free_hdtree
     0.16%     0.00%  miniC2D  [heap]                [.] 0x00000000053536ff
     0.16%     0.00%  miniC2D  [heap]                [.] 0x000000000528214f
     0.16%     0.00%  miniC2D  [heap]                [.] 0x000000000526918f
     0.16%     0.16%  miniC2D  [kernel.kallsyms]     [k] try_charge_memcg
     0.16%     0.05%  miniC2D  [kernel.kallsyms]     [k] ptep_clear_flush
     0.16%     0.00%  miniC2D  libc.so.6             [.] 0x00007f5672ab58ff
     0.16%     0.00%  miniC2D  miniC2D               [.] set_vtree_hashcode (inlined)
     0.16%     0.16%  miniC2D  miniC2D               [.] qsort@plt
     0.16%     0.00%  miniC2D  libc.so.6             [.] 0x00007f5672ac2703
     0.16%     0.16%  miniC2D  miniC2D               [.] sat_mark_clause
     0.16%     0.16%  miniC2D  libc.so.6             [.] 0x000000000009508b
     0.16%     0.00%  miniC2D  libc.so.6             [.] 0x00007f5672ab408b
     0.16%     0.00%  miniC2D  libc.so.6             [.] 0x00007f5672a7bf75
     0.16%     0.00%  miniC2D  miniC2D               [.] free_nnf_manager
     0.16%     0.00%  miniC2D  libc.so.6             [.] 0x00007f5672a7b50d
     0.15%     0.15%  miniC2D  libc.so.6             [.] 0x0000000000096285
     0.15%     0.00%  miniC2D  libc.so.6             [.] 0x00007f5672ab5285
     0.15%     0.00%  miniC2D  miniC2D               [.] sat_state_new
     0.14%     0.14%  miniC2D  libc.so.6             [.] 0x0000000000096148
     0.14%     0.00%  miniC2D  libc.so.6             [.] 0x00007f5672ab5148
     0.14%     0.14%  miniC2D  libc.so.6             [.] 0x0000000000096218
     0.14%     0.00%  miniC2D  libc.so.6             [.] 0x00007f5672ab5218
     0.14%     0.00%  miniC2D  libc.so.6             [.] fscanf
     0.14%     0.14%  miniC2D  libstdc++.so.6.0.30   [.] std::_Rb_tree_decrement
     0.13%     0.13%  miniC2D  libstdc++.so.6.0.30   [.] std::_Rb_tree_rebalance_for_erase
     0.12%     0.00%  miniC2D  ld-linux-x86-64.so.2  [.] 0x00007f5672e72d68
     0.11%     0.00%  miniC2D  miniC2D               [.] Graph::Graph
     0.11%     0.00%  miniC2D  [heap]                [.] 0x000000000527cd2f
     0.11%     0.00%  miniC2D  [heap]                [.] 0x00000000052b0aff
     0.11%     0.00%  miniC2D  [heap]                [.] 0x000000000523acff
     0.11%     0.11%  miniC2D  miniC2D               [.] sat_clause_size
     0.11%     0.00%  miniC2D  [heap]                [.] 0x00000000052fb73f
     0.11%     0.00%  miniC2D  [heap]                [.] 0x00000000052acc6f
     0.11%     0.00%  miniC2D  [heap]                [.] 0x00000000052d00df
     0.11%     0.00%  miniC2D  [heap]                [.] 0x00000000052f78cf
     0.11%     0.11%  miniC2D  libc.so.6             [.] 0x000000000009612d
     0.11%     0.00%  miniC2D  libc.so.6             [.] 0x00007f5672ab512d
     0.11%     0.00%  miniC2D  [heap]                [.] 0x00000000053371ff
     0.11%     0.00%  miniC2D  miniC2D               [.] eset_free
     0.11%     0.11%  miniC2D  libc.so.6             [.] 0x00000000000a370b
     0.11%     0.00%  miniC2D  libc.so.6             [.] 0x00007f5672ac270b
     0.11%     0.00%  miniC2D  [heap]                [.] 0x000000000530372f
     0.11%     0.00%  miniC2D  [heap]                [.] 0x000000000523690f
     0.11%     0.00%  miniC2D  [heap]                [.] 0x000000000526c16f
     0.11%     0.00%  miniC2D  [heap]                [.] 0x00000000052efacf
     0.11%     0.00%  miniC2D  [heap]                [.] 0x00000000052accaf
     0.11%     0.00%  miniC2D  [heap]                [.] 0x000000000527e3ef
     0.11%     0.00%  miniC2D  [heap]                [.] 0x0000000005268c4f
     0.11%     0.00%  miniC2D  [heap]                [.] 0x000000000504947f
     0.11%     0.00%  miniC2D  [heap]                [.] 0x00000000052ebb5f
     0.11%     0.11%  miniC2D  miniC2D               [.] nnf_literal2node
     0.11%     0.11%  miniC2D  libc.so.6             [.] 0x00000000000a3703
     0.11%     0.11%  miniC2D  libc.so.6             [.] 0x000000000009778b
     0.11%     0.00%  miniC2D  libc.so.6             [.] 0x00007f5672ab678b
     0.11%     0.00%  miniC2D  miniC2D               [.] free_hgr
     0.11%     0.00%  miniC2D  [heap]                [.] 0x000000000526f5ef
     0.11%     0.11%  miniC2D  libc.so.6             [.] 0x000000000003f98e
     0.11%     0.00%  miniC2D  libc.so.6             [.] 0x00007f5672a5e98e
     0.11%     0.00%  miniC2D  [kernel.kallsyms]     [k] do_huge_pmd_anonymous_page
     0.11%     0.00%  miniC2D  [heap]                [.] 0x0000000005353a5f
     0.11%     0.00%  miniC2D  miniC2D               [.] cnf2hgr_primal
     0.11%     0.00%  miniC2D  [heap]                [.] 0x000000000520c11f
     0.11%     0.05%  miniC2D  miniC2D               [.] move_watched_literal
     0.11%     0.00%  miniC2D  [heap]                [.] 0x00000000052691af
     0.11%     0.11%  miniC2D  miniC2D               [.] sat_var2nliteral
     0.11%     0.00%  miniC2D  [heap]                [.] 0x0000000005264adf
     0.11%     0.11%  miniC2D  libc.so.6             [.] @plt
     0.11%     0.00%  miniC2D  [heap]                [.] 0x0000000005184747
     0.11%     0.11%  miniC2D  [kernel.kallsyms]     [k] native_flush_tlb_one_user
     0.11%     0.00%  miniC2D  [kernel.kallsyms]     [k] flush_tlb_mm_range
     0.11%     0.00%  miniC2D  [kernel.kallsyms]     [k] flush_tlb_func
     0.11%     0.05%  miniC2D  [kernel.kallsyms]     [k] mt_find
     0.11%     0.00%  miniC2D  [kernel.kallsyms]     [k] lock_mm_and_find_vma
     0.11%     0.00%  miniC2D  [kernel.kallsyms]     [k] find_vma
     0.11%     0.00%  miniC2D  miniC2D               [.] sat_state_free
     0.11%     0.11%  miniC2D  libc.so.6             [.] 0x000000000003faad
     0.11%     0.00%  miniC2D  libc.so.6             [.] 0x00007f5672a5eaad
     0.11%     0.05%  miniC2D  [kernel.kallsyms]     [k] get_mem_cgroup_from_mm
     0.11%     0.11%  miniC2D  miniC2D               [.] count_nnf_nodes
     0.11%     0.11%  miniC2D  [kernel.kallsyms]     [k] __free_one_page
     0.11%     0.00%  miniC2D  [kernel.kallsyms]     [k] free_pcppages_bulk
     0.11%     0.11%  miniC2D  libc.so.6             [.] 0x000000000003fb9f
     0.11%     0.00%  miniC2D  libc.so.6             [.] 0x00007f5672a5eb9f
     0.11%     0.00%  miniC2D  [kernel.kallsyms]     [k] rmqueue_bulk
     0.11%     0.11%  miniC2D  miniC2D               [.] sat_literal2index
     0.11%     0.11%  miniC2D  miniC2D               [.] sat_var2index
     0.11%     0.11%  miniC2D  miniC2D               [.] sat_is_marked_clause
     0.11%     0.11%  miniC2D  libc.so.6             [.] 0x00000000000a7d4b
     0.11%     0.00%  miniC2D  libc.so.6             [.] 0x00007f5672ac6d4b
     0.11%     0.00%  miniC2D  libc.so.6             [.] 0x00007f5672ac2707
     0.11%     0.00%  miniC2D  [kernel.kallsyms]     [k] __fsnotify_parent
     0.11%     0.00%  miniC2D  [kernel.kallsyms]     [k] fsnotify
     0.11%     0.11%  miniC2D  [kernel.kallsyms]     [k] cgroup_rstat_updated
     0.11%     0.00%  miniC2D  [kernel.kallsyms]     [k] count_memcg_events.constprop.0
     0.11%     0.00%  miniC2D  [kernel.kallsyms]     [k] __count_memcg_events
     0.11%     0.00%  miniC2D  libc.so.6             [.] 0x00007f5672a7b49f
     0.11%     0.11%  miniC2D  libc.so.6             [.] 0x000000000005c4a0
     0.11%     0.00%  miniC2D  libc.so.6             [.] 0x00007f5672a7b4a0
     0.10%     0.10%  miniC2D  libc.so.6             [.] 0x000000000009760e
     0.10%     0.00%  miniC2D  libc.so.6             [.] 0x00007f5672ab660e
     0.10%     0.00%  miniC2D  libc.so.6             [.] 0x00007f5672ab42af
     0.10%     0.00%  miniC2D  [stack]               [.] 0x00007fff9eb93ed7
     0.10%     0.00%  miniC2D  [ext4]                [k] ext4_buffered_write_iter
     0.10%     0.10%  miniC2D  libc.so.6             [.] 0x00000000000961bf
     0.10%     0.00%  miniC2D  libc.so.6             [.] 0x00007f5672ab51bf
     0.10%     0.10%  miniC2D  libc.so.6             [.] 0x0000000000051a93
     0.10%     0.00%  miniC2D  libc.so.6             [.] 0x00007f5672a70a93
     0.10%     0.10%  miniC2D  miniC2D               [.] unmark_eset
     0.10%     0.10%  miniC2D  miniC2D               [.] mark_eset
     0.10%     0.10%  miniC2D  libc.so.6             [.] 0x0000000000096279
     0.10%     0.00%  miniC2D  libc.so.6             [.] 0x00007f5672ab5279
     0.10%     0.10%  miniC2D  libc.so.6             [.] 0x0000000000096178
     0.10%     0.00%  miniC2D  libc.so.6             [.] 0x00007f5672ab5178
     0.10%     0.10%  miniC2D  libc.so.6             [.] 0x0000000000096188
     0.10%     0.00%  miniC2D  libc.so.6             [.] 0x00007f5672ab5188
     0.10%     0.10%  miniC2D  libc.so.6             [.] 0x0000000000096162
     0.10%     0.00%  miniC2D  libc.so.6             [.] 0x00007f5672ab5162
     0.09%     0.00%  miniC2D  libc.so.6             [.] 0x00007f5672ac2700
     0.09%     0.04%  miniC2D  [kernel.kallsyms]     [k] __mod_lruvec_page_state
     0.09%     0.00%  miniC2D  libc.so.6             [.] 0x00007f5672ab70bd
     0.08%     0.00%  miniC2D  miniC2D               [.] Graph::getNeighbors
     0.08%     0.00%  miniC2D  miniC2D               [.] std::_Rb_tree<int, int, std::_Identity<int>, std::less<int>, std::allocator<int> >::_M_copy
     0.08%     0.08%  miniC2D  libc.so.6             [.] 0x00000000000974ac
     0.08%     0.00%  miniC2D  libc.so.6             [.] 0x00007f5672ab64ac
     0.07%     0.07%  miniC2D  miniC2D               [.] std::_Rb_tree_increment@plt
     0.07%     0.00%  miniC2D  miniC2D               [.] initialize_sat_state
     0.07%     0.00%  miniC2D  libc.so.6             [.] 0x00007f5672a7eefd
     0.05%     0.00%  miniC2D  [heap]                [.] 0x00000000052b4977
     0.05%     0.00%  miniC2D  [heap]                [.] 0x0000000005236b8f
     0.05%     0.00%  miniC2D  [heap]                [.] 0x000000000529199f
     0.05%     0.05%  miniC2D  libc.so.6             [.] 0x00000000000983b9
     0.05%     0.00%  miniC2D  libc.so.6             [.] 0x00007f5672ab73b9
     0.05%     0.00%  miniC2D  [heap]                [.] 0x0000000005353c0f
     0.05%     0.00%  miniC2D  [heap]                [.] 0x000000000522e27f
     0.05%     0.00%  miniC2D  [heap]                [.] 0x000000000527907f
     0.05%     0.05%  miniC2D  libc.so.6             [.] 0x000000000009739f
     0.05%     0.00%  miniC2D  libc.so.6             [.] 0x00007f5672ab639f
     0.05%     0.00%  miniC2D  [unknown]             [.] 0x0000000000000001
     0.05%     0.00%  miniC2D  [heap]                [.] 0x000000000517cd9f
     0.05%     0.00%  miniC2D  [heap]                [.] 0x00000000052599ff
     0.05%     0.05%  miniC2D  libc.so.6             [.] 0x00000000000979cc
     0.05%     0.00%  miniC2D  libc.so.6             [.] 0x00007f5672ab69cc
     0.05%     0.00%  miniC2D  [heap]                [.] 0x000000000515d1cf
     0.05%     0.00%  miniC2D  [heap]                [.] 0x0000000005210e9f
     0.05%     0.00%  miniC2D  [heap]                [.] 0x00000000052103ef
     0.05%     0.00%  miniC2D  [heap]                [.] 0x00000000051f9747
     0.05%     0.00%  miniC2D  [heap]                [.] 0x00000000052ff6ff
     0.05%     0.00%  miniC2D  [heap]                [.] 0x00000000051e24bf
     0.05%     0.00%  miniC2D  [heap]                [.] 0x00000000051d989f
     0.05%     0.05%  miniC2D  libc.so.6             [.] 0x00000000000961c9
     0.05%     0.00%  miniC2D  libc.so.6             [.] 0x00007f5672ab51c9
     0.05%     0.00%  miniC2D  [heap]                [.] 0x000000000514f737
     0.05%     0.00%  miniC2D  [heap]                [.] 0x000000000515911f
     0.05%     0.00%  miniC2D  [heap]                [.] 0x0000000005285e8f
     0.05%     0.00%  miniC2D  [heap]                [.] 0x0000000005225fdf
     0.05%     0.00%  miniC2D  [heap]                [.] 0x00000000052c8247
     0.05%     0.00%  miniC2D  [heap]                [.] 0x000000000520c33f
     0.05%     0.00%  miniC2D  [heap]                [.] 0x00000000051dd6bf
     0.05%     0.00%  miniC2D  [heap]                [.] 0x000000000527b5af
     0.05%     0.00%  miniC2D  [heap]                [.] 0x00000000052a118f
     0.05%     0.05%  miniC2D  libc.so.6             [.] 0x00000000000951ef
     0.05%     0.00%  miniC2D  libc.so.6             [.] 0x00007f5672ab41ef
     0.05%     0.00%  miniC2D  [heap]                [.] 0x000000000525675f
     0.05%     0.05%  miniC2D  libc.so.6             [.] 0x0000000000097662
     0.05%     0.00%  miniC2D  libc.so.6             [.] 0x00007f5672ab6662
     0.05%     0.00%  miniC2D  [heap]                [.] 0x00000000053173ff
     0.05%     0.00%  miniC2D  [heap]                [.] 0x00000000051d5caf
     0.05%     0.00%  miniC2D  [heap]                [.] 0x00000000052609af
     0.05%     0.00%  miniC2D  [heap]                [.] 0x0000000005237a5f
     0.05%     0.00%  miniC2D  [heap]                [.] 0x0000000005217fbf
     0.05%     0.00%  miniC2D  [heap]                [.] 0x00000000052b87ff
     0.05%     0.00%  miniC2D  [heap]                [.] 0x000000000521610f
     0.05%     0.00%  miniC2D  [heap]                [.] 0x000000000530763f
     0.05%     0.00%  miniC2D  [heap]                [.] 0x000000000523d7ef
     0.05%     0.00%  miniC2D  [heap]                [.] 0x00000000052f39ff
     0.05%     0.00%  miniC2D  [heap]                [.] 0x0000000005210e97
     0.05%     0.00%  miniC2D  [heap]                [.] 0x000000000535602f
     0.05%     0.00%  miniC2D  [heap]                [.] 0x000000000530b60f
     0.05%     0.00%  miniC2D  [heap]                [.] 0x00000000051d8c4f
     0.05%     0.00%  miniC2D  [heap]                [.] 0x000000000533112f
     0.05%     0.00%  miniC2D  [heap]                [.] 0x00000000052735cf
     0.05%     0.00%  miniC2D  [heap]                [.] 0x000000000517678f
     0.05%     0.00%  miniC2D  [heap]                [.] 0x00000000050cbbef
     0.05%     0.00%  miniC2D  [heap]                [.] 0x000000000535355f
     0.05%     0.05%  miniC2D  libc.so.6             [.] 0x00000000000a3718
     0.05%     0.00%  miniC2D  libc.so.6             [.] 0x00007f5672ac2718
     0.05%     0.05%  miniC2D  libc.so.6             [.] 0x0000000000097385
     0.05%     0.00%  miniC2D  libc.so.6             [.] 0x00007f5672ab6385
     0.05%     0.00%  miniC2D  [heap]                [.] 0x0000000005237fdf
     0.05%     0.00%  miniC2D  [heap]                [.] 0x00000000052619cf
     0.05%     0.00%  miniC2D  [heap]                [.] 0x00000000051bd03f
     0.05%     0.05%  miniC2D  libc.so.6             [.] 0x000000000009628d
     0.05%     0.00%  miniC2D  libc.so.6             [.] 0x00007f5672ab528d
     0.05%     0.00%  miniC2D  [heap]                [.] 0x0000000005283bdf
     0.05%     0.00%  miniC2D  [heap]                [.] 0x00000000052c43ff
     0.05%     0.00%  miniC2D  [heap]                [.] 0x000000000527204f
     0.05%     0.00%  miniC2D  [heap]                [.] 0x00000000052f786f
     0.05%     0.00%  miniC2D  [heap]                [.] 0x000000000523694f
     0.05%     0.00%  miniC2D  [heap]                [.] 0x000000000524dcbf
     0.05%     0.00%  miniC2D  [heap]                [.] 0x00000000050adddf
     0.05%     0.00%  miniC2D  [heap]                [.] 0x000000000522685f
     0.05%     0.00%  miniC2D  [heap]                [.] 0x00000000050a18ef
     0.05%     0.00%  miniC2D  [heap]                [.] 0x000000000522dd2f
     0.05%     0.05%  miniC2D  libc.so.6             [.] 0x00000000000979ad
     0.05%     0.00%  miniC2D  libc.so.6             [.] 0x00007f5672ab69ad
     0.05%     0.00%  miniC2D  [heap]                [.] 0x00000000051db7bf
     0.05%     0.00%  miniC2D  [heap]                [.] 0x0000000005257a7f
     0.05%     0.00%  miniC2D  [heap]                [.] 0x000000000515045f
     0.05%     0.05%  miniC2D  libc.so.6             [.] 0x00000000000961a3
     0.05%     0.00%  miniC2D  libc.so.6             [.] 0x00007f5672ab51a3
     0.05%     0.00%  miniC2D  [heap]                [.] 0x0000000005202f5f
     0.05%     0.05%  miniC2D  miniC2D               [.] free@plt
     0.05%     0.00%  miniC2D  [heap]                [.] 0x0000000005202f1f
     0.05%     0.00%  miniC2D  [heap]                [.] 0x0000000005157f4f
     0.05%     0.00%  miniC2D  [heap]                [.] 0x000000000534f58f
     0.05%     0.05%  miniC2D  libc.so.6             [.] 0x0000000000097668
     0.05%     0.00%  miniC2D  libc.so.6             [.] 0x00007f5672ab6668
     0.05%     0.00%  miniC2D  [heap]                [.] 0x000000000527219f
     0.05%     0.00%  miniC2D  [heap]                [.] 0x00000000052d3fff
     0.05%     0.05%  miniC2D  libc.so.6             [.] 0x000000000009747a
     0.05%     0.00%  miniC2D  libc.so.6             [.] 0x00007f5672ab647a
     0.05%     0.00%  miniC2D  [heap]                [.] 0x00000000051e1157
     0.05%     0.00%  miniC2D  [heap]                [.] 0x000000000520589f
     0.05%     0.05%  miniC2D  libc.so.6             [.] 0x00000000000a3707
     0.05%     0.00%  miniC2D  [heap]                [.] 0x000000000534f36f
     0.05%     0.00%  miniC2D  [heap]                [.] 0x00000000050bf63f
     0.05%     0.00%  miniC2D  [heap]                [.] 0x00000000050afa7f
     0.05%     0.05%  miniC2D  libc.so.6             [.] 0x0000000000097947
     0.05%     0.00%  miniC2D  [heap]                [.] 0x0000000004fc4acf
     0.05%     0.00%  miniC2D  libc.so.6             [.] 0x00007f5672ab6947
     0.05%     0.00%  miniC2D  [heap]                [.] 0x00000000052821ff
     0.05%     0.00%  miniC2D  [heap]                [.] 0x000000000524296f
     0.05%     0.00%  miniC2D  [heap]                [.] 0x00000000051b5d7f
     0.05%     0.00%  miniC2D  [heap]                [.] 0x00000000051d4b2f
     0.05%     0.05%  miniC2D  libc.so.6             [.] 0x000000000003fb9b
     0.05%     0.00%  miniC2D  libc.so.6             [.] 0x00007f5672a5eb9b
     0.05%     0.05%  miniC2D  libc.so.6             [.] 0x000000000009781c
     0.05%     0.00%  miniC2D  libc.so.6             [.] 0x00007f5672ab681c
     0.05%     0.00%  miniC2D  [heap]                [.] 0x00000000052ff7ef
     0.05%     0.00%  miniC2D  [heap]                [.] 0x00000000052d7eef
     0.05%     0.05%  miniC2D  [kernel.kallsyms]     [k] fsnotify_handle_inode_event.isra.0
     0.05%     0.00%  miniC2D  libc.so.6             [.] fflush (inlined)
     0.05%     0.00%  miniC2D  libc.so.6             [.] _IO_file_sync
     0.05%     0.00%  miniC2D  [heap]                [.] 0x00000000052dbd6f
     0.05%     0.00%  miniC2D  [heap]                [.] 0x000000000526096f
     0.05%     0.05%  miniC2D  miniC2D               [.] cset_minus
     0.05%     0.00%  miniC2D  [heap]                [.] 0x00000000050f5abf
     0.05%     0.00%  miniC2D  [heap]                [.] 0x00000000051ddf8f
     0.05%     0.05%  miniC2D  [kernel.kallsyms]     [k] native_write_msr
     0.05%     0.00%  miniC2D  [kernel.kallsyms]     [k] asm_sysvec_apic_timer_interrupt
     0.05%     0.00%  miniC2D  [kernel.kallsyms]     [k] sysvec_apic_timer_interrupt
     0.05%     0.00%  miniC2D  [kernel.kallsyms]     [k] __sysvec_apic_timer_interrupt
     0.05%     0.00%  miniC2D  [kernel.kallsyms]     [k] hrtimer_interrupt
     0.05%     0.00%  miniC2D  [kernel.kallsyms]     [k] __hrtimer_run_queues
     0.05%     0.00%  miniC2D  [kernel.kallsyms]     [k] tick_sched_timer
     0.05%     0.00%  miniC2D  [kernel.kallsyms]     [k] tick_sched_handle
     0.05%     0.00%  miniC2D  [kernel.kallsyms]     [k] update_process_times
     0.05%     0.00%  miniC2D  [kernel.kallsyms]     [k] scheduler_tick
     0.05%     0.00%  miniC2D  [kernel.kallsyms]     [k] perf_event_task_tick
     0.05%     0.00%  miniC2D  [kernel.kallsyms]     [k] intel_pmu_disable_all
     0.05%     0.05%  miniC2D  libc.so.6             [.] 0x000000000003fa9d
     0.05%     0.00%  miniC2D  libc.so.6             [.] 0x00007f5672a5ea9d
     0.05%     0.05%  miniC2D  miniC2D               [.] remove_watched_clause
     0.05%     0.05%  miniC2D  libc.so.6             [.] 0x000000000003f96e
     0.05%     0.00%  miniC2D  libc.so.6             [.] 0x00007f5672a5e96e
     0.05%     0.00%  miniC2D  [heap]                [.] 0x00000000052a8ddf
     0.05%     0.00%  miniC2D  [heap]                [.] 0x000000000533b27f
     0.05%     0.00%  miniC2D  [heap]                [.] 0x0000000005353b7f
     0.05%     0.00%  miniC2D  [heap]                [.] 0x0000000005274c5f
     0.05%     0.05%  miniC2D  miniC2D               [.] allocate_nnf_node
     0.05%     0.00%  miniC2D  [heap]                [.] 0x000000000534743f
     0.05%     0.05%  miniC2D  libc.so.6             [.] 0x000000000003f962
     0.05%     0.00%  miniC2D  libc.so.6             [.] 0x00007f5672a5e962
     0.05%     0.00%  miniC2D  [heap]                [.] 0x0000000005209d87
     0.05%     0.05%  miniC2D  libc.so.6             [.] 0x00000000000973ed
     0.05%     0.00%  miniC2D  libc.so.6             [.] 0x00007f5672ab63ed
     0.05%     0.00%  miniC2D  [heap]                [.] 0x00000000052d3edf
     0.05%     0.00%  miniC2D  [heap]                [.] 0x000000000526a5cf
     0.05%     0.00%  miniC2D  [stack]               [.] 0x00007fff9eb8f8af
     0.05%     0.00%  miniC2D  [stack]               [.] 0x00007fff9eb901cf
     0.05%     0.00%  miniC2D  anon                  [.] 0x00007f565b7e8fff
     0.05%     0.05%  miniC2D  libc.so.6             [.] 0x00000000000a3700
     0.05%     0.00%  miniC2D  libc.so.6             [.] 0x00007f5672a7b99d
     0.05%     0.00%  miniC2D  [heap]                [.] 0x000000000527a5ff
     0.05%     0.00%  miniC2D  [heap]                [.] 0x000000000527321f
     0.05%     0.00%  miniC2D  [heap]                [.] 0x0000000005221abf
     0.05%     0.05%  miniC2D  libc.so.6             [.] 0x00000000000951f8
     0.05%     0.00%  miniC2D  libc.so.6             [.] 0x00007f5672ab41f8
     0.05%     0.00%  miniC2D  [heap]                [.] 0x0000000005201f3f
     0.05%     0.05%  miniC2D  libc.so.6             [.] 0x000000000003fa15
     0.05%     0.00%  miniC2D  libc.so.6             [.] 0x00007f5672a5ea15
     0.05%     0.00%  miniC2D  [heap]                [.] 0x00000000052acb9f
     0.05%     0.05%  miniC2D  miniC2D               [.] complimentary_nnf_nodes
     0.05%     0.00%  miniC2D  miniC2D               [.] disjoin_nnfs_i
     0.05%     0.00%  miniC2D  [heap]                [.] 0x00000000052957bf
     0.05%     0.00%  miniC2D  [kernel.kallsyms]     [k] clear_huge_page
     0.05%     0.00%  miniC2D  [heap]                [.] 0x000000000528600f
     0.05%     0.00%  miniC2D  [heap]                [.] 0x00000000052415ff
     0.05%     0.05%  miniC2D  libc.so.6             [.] 0x000000000003fb5a
     0.05%     0.00%  miniC2D  anon                  [.] 0x00007f565b7e3dc7
     0.05%     0.00%  miniC2D  libc.so.6             [.] 0x00007f5672a5eb5a
     0.05%     0.05%  miniC2D  libc.so.6             [.] 0x000000000003f973
     0.05%     0.00%  miniC2D  libc.so.6             [.] 0x00007f5672a5e973
     0.05%     0.00%  miniC2D  [heap]                [.] 0x000000000509891f
     0.05%     0.00%  miniC2D  [stack]               [.] 0x00007fff9eb907cf
     0.05%     0.00%  miniC2D  [heap]                [.] 0x000000000528dbcf
     0.05%     0.05%  miniC2D  libc.so.6             [.] 0x0000000000097378
     0.05%     0.00%  miniC2D  [heap]                [.] 0x00000000052fb817
     0.05%     0.00%  miniC2D  libc.so.6             [.] 0x00007f5672ab6378
     0.05%     0.00%  miniC2D  [heap]                [.] 0x000000000526670f
     0.05%     0.05%  miniC2D  [kernel.kallsyms]     [k] memcg_check_events
     0.05%     0.00%  miniC2D  [heap]                [.] 0x0000000005250adf
     0.05%     0.00%  miniC2D  [heap]                [.] 0x00000000052cff8f
     0.05%     0.00%  miniC2D  [heap]                [.] 0x000000000518e00f
     0.05%     0.00%  miniC2D  [heap]                [.] 0x000000000527362f
     0.05%     0.05%  miniC2D  libc.so.6             [.] 0x000000000003f9a8
     0.05%     0.00%  miniC2D  libc.so.6             [.] 0x00007f5672a5e9a8
     0.05%     0.05%  miniC2D  libc.so.6             [.] 0x000000000009638a
     0.05%     0.00%  miniC2D  libc.so.6             [.] 0x00007f5672ab538a
     0.05%     0.00%  miniC2D  [heap]                [.] 0x000000000522639f
     0.05%     0.05%  miniC2D  libc.so.6             [.] 0x00000000000965ce
     0.05%     0.00%  miniC2D  libc.so.6             [.] 0x00007f5672ab55ce
     0.05%     0.00%  miniC2D  [heap]                [.] 0x000000000527aa4f
     0.05%     0.00%  miniC2D  [heap]                [.] 0x000000000532f31f
     0.05%     0.05%  miniC2D  libc.so.6             [.] 0x000000000003f980
     0.05%     0.00%  miniC2D  libc.so.6             [.] 0x00007f5672a5e980
     0.05%     0.05%  miniC2D  libc.so.6             [.] 0x000000000003fb7b
     0.05%     0.00%  miniC2D  libc.so.6             [.] 0x00007f5672a5eb7b
     0.05%     0.00%  miniC2D  [stack]               [.] 0x00007fff9eb9039f
     0.05%     0.05%  miniC2D  miniC2D               [.] realloc@plt
     0.05%     0.05%  miniC2D  libc.so.6             [.] 0x0000000000097e69
     0.05%     0.00%  miniC2D  libc.so.6             [.] 0x00007f5672ab6e69
     0.05%     0.05%  miniC2D  libc.so.6             [.] 0x0000000000096357
     0.05%     0.00%  miniC2D  libc.so.6             [.] 0x00007f5672ab5357
     0.05%     0.00%  miniC2D  [heap]                [.] 0x0000000005355c3f
     0.05%     0.05%  miniC2D  libc.so.6             [.] 0x000000000009615b
     0.05%     0.00%  miniC2D  libc.so.6             [.] 0x00007f5672ab515b
     0.05%     0.00%  miniC2D  [heap]                [.] 0x0000000005266d5f
     0.05%     0.00%  miniC2D  [stack]               [.] 0x00007fff9eb9060f
     0.05%     0.00%  miniC2D  [heap]                [.] 0x00000000052c824f
     0.05%     0.00%  miniC2D  [heap]                [.] 0x0000000005353bbf
     0.05%     0.05%  miniC2D  [kernel.kallsyms]     [k] mtree_range_walk
     0.05%     0.00%  miniC2D  [heap]                [.] 0x000000000528223f
     0.05%     0.00%  miniC2D  [heap]                [.] 0x000000000522b87f
     0.05%     0.05%  miniC2D  [kernel.kallsyms]     [k] __split_huge_pmd
     0.05%     0.00%  miniC2D  [kernel.kallsyms]     [k] do_huge_pmd_wp_page
     0.05%     0.00%  miniC2D  miniC2D               [.] copy_key (inlined)
     0.05%     0.00%  miniC2D  libc.so.6             [.] 0x00007f5672ab579a
     0.05%     0.05%  miniC2D  [kernel.kallsyms]     [k] lru_add_fn
     0.05%     0.00%  miniC2D  [heap]                [.] 0x000000000523858f
     0.05%     0.00%  miniC2D  [stack]               [.] 0x00007fff9eb8e84f
     0.05%     0.00%  miniC2D  [stack]               [.] 0x00007fff9eb903df
     0.05%     0.00%  miniC2D  [heap]                [.] 0x00000000050afb1f
     0.05%     0.00%  miniC2D  miniC2D               [.] free_cache_entry (inlined)
     0.05%     0.00%  miniC2D  [heap]                [.] 0x00000000052b491f
     0.05%     0.05%  miniC2D  libc.so.6             [.] 0x000000000003f985
     0.05%     0.00%  miniC2D  libc.so.6             [.] 0x00007f5672a5e985
     0.05%     0.00%  miniC2D  [heap]                [.] 0x000000000527e42f
     0.05%     0.00%  miniC2D  [heap]                [.] 0x000000000527215f
     0.05%     0.05%  miniC2D  miniC2D               [.] vtree_shannon_var
     0.05%     0.00%  miniC2D  anon                  [.] 0x00007f565b7e08ff
     0.05%     0.05%  miniC2D  libc.so.6             [.] 0x000000000003fb4d
     0.05%     0.00%  miniC2D  libc.so.6             [.] 0x00007f5672a5eb4d
     0.05%     0.05%  miniC2D  libc.so.6             [.] 0x0000000000095190
     0.05%     0.00%  miniC2D  libc.so.6             [.] 0x00007f5672ab4190
     0.05%     0.00%  miniC2D  [heap]                [.] 0x0000000004fb65cf
     0.05%     0.05%  miniC2D  [kernel.kallsyms]     [k] __rcu_read_unlock
     0.05%     0.05%  miniC2D  libc.so.6             [.] 0x0000000000096790
     0.05%     0.00%  miniC2D  miniC2D               [.] cset_free
     0.05%     0.00%  miniC2D  libc.so.6             [.] 0x00007f5672ab5790
     0.05%     0.00%  miniC2D  [heap]                [.] 0x0000000005103d0f
     0.05%     0.00%  miniC2D  [heap]                [.] 0x00000000052452bf
     0.05%     0.00%  miniC2D  [heap]                [.] 0x000000000528dc0f
     0.05%     0.05%  miniC2D  [kernel.kallsyms]     [k] free_pcp_prepare
     0.05%     0.05%  miniC2D  libc.so.6             [.] 0x0000000000054e53
     0.05%     0.00%  miniC2D  libc.so.6             [.] _IO_printf (inlined)
     0.05%     0.00%  miniC2D  libc.so.6             [.] 0x00007f5672a7d04c
     0.05%     0.00%  miniC2D  libc.so.6             [.] 0x00007f5672a73e53
     0.05%     0.00%  miniC2D  [heap]                [.] 0x000000000522e2df
     0.05%     0.00%  miniC2D  [heap]                [.] 0x000000000509883f
     0.05%     0.00%  miniC2D  [heap]                [.] 0x00000000050ba58f
     0.05%     0.00%  miniC2D  [unknown]             [.] 0x00000000000001d4
     0.05%     0.05%  miniC2D  [kernel.kallsyms]     [k] _compound_head
     0.05%     0.05%  miniC2D  libc.so.6             [.] 0x000000000003fb70
     0.05%     0.00%  miniC2D  libc.so.6             [.] 0x00007f5672a5eb70
     0.05%     0.00%  miniC2D  miniC2D               [.] sat_assert_clause
     0.05%     0.00%  miniC2D  [heap]                [.] 0x000000000527a5df
     0.05%     0.05%  miniC2D  [kernel.kallsyms]     [k] _raw_spin_unlock
     0.05%     0.05%  miniC2D  libc.so.6             [.] 0x0000000000096240
     0.05%     0.00%  miniC2D  libc.so.6             [.] 0x00007f5672ab5240
     0.05%     0.00%  miniC2D  [heap]                [.] 0x000000000509e96f
     0.05%     0.00%  miniC2D  [stack]               [.] 0x00007fff9eb93e57
     0.05%     0.00%  miniC2D  miniC2D               [.] vset_adjoin
     0.05%     0.05%  miniC2D  libc.so.6             [.] 0x00000000000978bc
     0.05%     0.00%  miniC2D  libc.so.6             [.] 0x00007f5672ab68bc
     0.05%     0.00%  miniC2D  [heap]                [.] 0x00000000052291d7
     0.05%     0.00%  miniC2D  [heap]                [.] 0x00000000052ec5df
     0.05%     0.05%  miniC2D  libstdc++.so.6.0.30   [.] std::basic_ostream<wchar_t, std::char_traits<wchar_t> >::flush
     0.05%     0.00%  miniC2D  libc.so.6             [.] 0x00007f5672a46250
     0.05%     0.00%  miniC2D  libc.so.6             [.] exit
     0.05%     0.00%  miniC2D  libc.so.6             [.] 0x00007f5672a5d55c
     0.05%     0.00%  miniC2D  libstdc++.so.6.0.30   [.] std::ios_base::Init::~Init
     0.05%     0.00%  miniC2D  [heap]                [.] 0x000000000522ba17
     0.05%     0.05%  miniC2D  miniC2D               [.] conjoin_nnfs
     0.05%     0.05%  miniC2D  libc.so.6             [.] 0x000000000005d578
     0.05%     0.00%  miniC2D  libc.so.6             [.] 0x00007f5672a7c578
     0.05%     0.00%  miniC2D  [stack]               [.] 0x00007fff9eb8f87f
     0.05%     0.05%  miniC2D  libc.so.6             [.] 0x00000000000a2e23
     0.05%     0.00%  miniC2D  libc.so.6             [.] 0x00007f5672ac1e23
     0.05%     0.00%  miniC2D  [heap]                [.] 0x00000000052ff63f
     0.05%     0.05%  miniC2D  libc.so.6             [.] 0x000000000005ce02
     0.05%     0.00%  miniC2D  libc.so.6             [.] 0x00007f5672a7be02
     0.05%     0.00%  miniC2D  [heap]                [.] 0x000000000535416f
     0.05%     0.05%  miniC2D  libc.so.6             [.] 0x00000000000983f3
     0.05%     0.00%  miniC2D  libc.so.6             [.] 0x00007f5672bf1c5f
     0.05%     0.00%  miniC2D  libc.so.6             [.] 0x00007f5672ab73f3
     0.05%     0.05%  miniC2D  libc.so.6             [.] 0x0000000000051aab
     0.05%     0.00%  miniC2D  libc.so.6             [.] 0x00007f5672a70aab
     0.05%     0.05%  miniC2D  libc.so.6             [.] 0x000000000005cdeb
     0.05%     0.00%  miniC2D  libc.so.6             [.] 0x00007f5672a7bdeb
     0.05%     0.05%  miniC2D  libc.so.6             [.] 0x00000000000a2e2f
     0.05%     0.00%  miniC2D  libc.so.6             [.] 0x00007f5672ac1e2f
     0.05%     0.05%  miniC2D  libc.so.6             [.] 0x00000000000519f0
     0.05%     0.00%  miniC2D  libc.so.6             [.] 0x00007f5672a709f0
     0.05%     0.05%  miniC2D  libc.so.6             [.] 0x00000000000a7d86
     0.05%     0.00%  miniC2D  libc.so.6             [.] 0x00007f5672ac6d86
     0.05%     0.05%  miniC2D  libc.so.6             [.] 0x000000000005c49b
     0.05%     0.00%  miniC2D  libc.so.6             [.] 0x00007f5672a7b49b
     0.05%     0.00%  miniC2D  [heap]                [.] 0x000000000527e34f
     0.05%     0.05%  miniC2D  [kernel.kallsyms]     [k] generic_write_check_limits
     0.05%     0.00%  miniC2D  [ext4]                [k] ext4_generic_write_checks
     0.05%     0.00%  miniC2D  [kernel.kallsyms]     [k] generic_write_checks
     0.05%     0.00%  miniC2D  [heap]                [.] 0x00000000053036ef
     0.05%     0.05%  miniC2D  libc.so.6             [.] 0x00000000000a2e46
     0.05%     0.00%  miniC2D  libc.so.6             [.] 0x00007f5672ac1e46
     0.05%     0.05%  miniC2D  libc.so.6             [.] 0x000000000005d701
     0.05%     0.00%  miniC2D  libc.so.6             [.] 0x00007f5672a7c701
     0.05%     0.00%  miniC2D  libc.so.6             [.] 0x00007f5672ab5c98
     0.05%     0.05%  miniC2D  libc.so.6             [.] 0x000000000005d6e8
     0.05%     0.00%  miniC2D  libc.so.6             [.] 0x00007f5672a7c6e8
     0.05%     0.05%  miniC2D  libc.so.6             [.] 0x000000000005ceee
     0.05%     0.00%  miniC2D  libc.so.6             [.] 0x00007f5672a7beee
     0.05%     0.05%  miniC2D  libc.so.6             [.] 0x0000000000098109
     0.05%     0.00%  miniC2D  [heap]                [.] 0x000000000531b40f
     0.05%     0.00%  miniC2D  [kernel.kallsyms]     [k] __x64_sys_exit_group
     0.05%     0.00%  miniC2D  [kernel.kallsyms]     [k] do_group_exit
     0.05%     0.00%  miniC2D  [kernel.kallsyms]     [k] do_exit
     0.05%     0.00%  miniC2D  [kernel.kallsyms]     [k] __mmput
     0.05%     0.00%  miniC2D  [kernel.kallsyms]     [k] exit_mmap
     0.05%     0.05%  miniC2D  libc.so.6             [.] 0x00000000000973dc
     0.05%     0.00%  miniC2D  libc.so.6             [.] 0x00007f5672ab63dc
     0.05%     0.05%  miniC2D  [kernel.kallsyms]     [k] __mod_memcg_lruvec_state
     0.05%     0.00%  miniC2D  [kernel.kallsyms]     [k] page_remove_rmap
     0.05%     0.05%  miniC2D  libc.so.6             [.] 0x0000000000096284
     0.05%     0.00%  miniC2D  libc.so.6             [.] 0x00007f5672ab5284
     0.05%     0.00%  miniC2D  [unknown]             [.] 0x0000000000000004
     0.05%     0.05%  miniC2D  [ext4]                [k] ext4_inode_csum_set
     0.05%     0.00%  miniC2D  [kernel.kallsyms]     [k] generic_perform_write
     0.05%     0.00%  miniC2D  [kernel.kallsyms]     [k] generic_write_end
     0.05%     0.00%  miniC2D  [kernel.kallsyms]     [k] __mark_inode_dirty
     0.05%     0.00%  miniC2D  [ext4]                [k] ext4_dirty_inode
     0.05%     0.00%  miniC2D  [ext4]                [k] __ext4_mark_inode_dirty
     0.05%     0.00%  miniC2D  [ext4]                [k] ext4_mark_iloc_dirty
     0.05%     0.00%  miniC2D  [ext4]                [k] ext4_fill_raw_inode
     0.05%     0.05%  miniC2D  [kernel.kallsyms]     [k] __list_add_valid
     0.05%     0.00%  miniC2D  [kernel.kallsyms]     [k] inotify_handle_inode_event
     0.05%     0.00%  miniC2D  [kernel.kallsyms]     [k] fsnotify_insert_event
     0.05%     0.00%  miniC2D  miniC2D               [.] eset_node_new
     0.05%     0.05%  miniC2D  libc.so.6             [.] 0x000000000005cf6f
     0.05%     0.00%  miniC2D  libc.so.6             [.] 0x00007f5672a7bf6f
     0.05%     0.05%  miniC2D  libc.so.6             [.] 0x0000000000097785
     0.05%     0.00%  miniC2D  libc.so.6             [.] 0x00007f5672ab6785
     0.05%     0.00%  miniC2D  miniC2D               [.] balanced_compose_hdtrees
     0.05%     0.00%  miniC2D  anon                  [.] 0x00007f565b96626f
     0.05%     0.00%  miniC2D  [heap]                [.] 0x0000000005111e7f
     0.05%     0.00%  miniC2D  [heap]                [.] 0x00000000050fbe3f
     0.05%     0.05%  miniC2D  libc.so.6             [.] 0x000000000005c6f0
     0.05%     0.00%  miniC2D  libc.so.6             [.] 0x00007f5672a7b6f0
     0.05%     0.05%  miniC2D  libc.so.6             [.] 0x000000000005c73b
     0.05%     0.00%  miniC2D  libc.so.6             [.] 0x00007f5672a7b73b
     0.05%     0.00%  miniC2D  [stack]               [.] 0x00007fff9eb93cd7
     0.05%     0.05%  miniC2D  libc.so.6             [.] 0x0000000000051a9a
     0.05%     0.00%  miniC2D  libc.so.6             [.] 0x00007f5672a70a9a
     0.05%     0.00%  miniC2D  [stack]               [.] 0x00007fff9eb93ccf
     0.05%     0.05%  miniC2D  libc.so.6             [.] 0x000000000009619a
     0.05%     0.00%  miniC2D  libc.so.6             [.] 0x00007f5672ab519a
     0.05%     0.00%  miniC2D  [stack]               [.] 0x00007fff9eb93bdf
     0.04%     0.04%  miniC2D  miniC2D               [.] sift_up
     0.04%     0.04%  miniC2D  libc.so.6             [.] 0x0000000000097465
     0.04%     0.00%  miniC2D  libc.so.6             [.] 0x00007f5672ab6465
     0.04%     0.00%  miniC2D  [heap]                [.] 0x0000000005093eaf
     0.04%     0.00%  miniC2D  [kernel.kallsyms]     [k] vm_mmap_pgoff
     0.04%     0.00%  miniC2D  [kernel.kallsyms]     [k] do_mmap
     0.04%     0.00%  miniC2D  [kernel.kallsyms]     [k] mmap_region
     0.04%     0.04%  miniC2D  ld-linux-x86-64.so.2  [.] 0x000000000000e354
     0.04%     0.00%  miniC2D  ld-linux-x86-64.so.2  [.] 0x00007f5672e63354
     0.04%     0.04%  miniC2D  ld-linux-x86-64.so.2  [.] 0x0000000000009060
     0.04%     0.00%  miniC2D  ld-linux-x86-64.so.2  [.] 0x00007f5672e63410
     0.04%     0.00%  miniC2D  ld-linux-x86-64.so.2  [.] 0x00007f5672e5ea47
     0.04%     0.00%  miniC2D  ld-linux-x86-64.so.2  [.] 0x00007f5672e5e060
     0.04%     0.04%  miniC2D  libstdc++.so.6.0.30   [.] std::__timepunct<wchar_t>::_M_initialize_timepunct
     0.04%     0.00%  miniC2D  miniC2D               [.] global constructors keyed to Graph::Graph(sat_state_t const*, char)
     0.04%     0.00%  miniC2D  libstdc++.so.6.0.30   [.] std::ios_base::Init::Init
     0.04%     0.00%  miniC2D  libstdc++.so.6.0.30   [.] std::locale::locale
     0.04%     0.00%  miniC2D  libstdc++.so.6.0.30   [.] 0x00007f5672cbbb53
     0.04%     0.00%  miniC2D  libstdc++.so.6.0.30   [.] std::locale::_Impl::_Impl
     0.04%     0.00%  miniC2D  libstdc++.so.6.0.30   [.] std::__timepunct<wchar_t>::__timepunct
     0.04%     0.04%  miniC2D  libc.so.6             [.] 0x000000000009618f
     0.04%     0.00%  miniC2D  libc.so.6             [.] 0x00007f5672ab518f
     0.04%     0.00%  miniC2D  ld-linux-x86-64.so.2  [.] 0x00007f5672e6326c
     0.04%     0.00%  miniC2D  [kernel.kallsyms]     [k] do_fault
     0.04%     0.00%  miniC2D  [kernel.kallsyms]     [k] page_add_new_anon_rmap
     0.04%     0.00%  miniC2D  [heap]                [.] 0x00000000050c7a7f
     0.04%     0.04%  miniC2D  libc.so.6             [.] 0x0000000000096172
     0.04%     0.00%  miniC2D  libc.so.6             [.] 0x00007f5672ab5172
     0.04%     0.04%  miniC2D  miniC2D               [.] initialize_clause
     0.04%     0.00%  miniC2D  miniC2D               [.] construct_cnf_clauses
     0.04%     0.00%  miniC2D  [heap]                [.] 0x00000000050c91bf
     0.04%     0.00%  miniC2D  [heap]                [.] 0x00000000050d083f
     0.04%     0.04%  miniC2D  [kernel.kallsyms]     [k] pmd_val
     0.04%     0.00%  miniC2D  [kernel.kallsyms]     [k] pmd_page_vaddr
     0.04%     0.04%  miniC2D  libc.so.6             [.] 0x0000000000097ccc
     0.04%     0.00%  miniC2D  libc.so.6             [.] 0x00007f5672ab6ccc
     0.04%     0.04%  miniC2D  libstdc++.so.6.0.30   [.] free@plt
     0.04%     0.04%  miniC2D  ld-linux-x86-64.so.2  [.] 0x00000000000237d4
     0.04%     0.00%  miniC2D  ld-linux-x86-64.so.2  [.] 0x00007f5672e72ba8
     0.04%     0.00%  miniC2D  ld-linux-x86-64.so.2  [.] 0x00007f5672e6d4ad
     0.04%     0.00%  miniC2D  ld-linux-x86-64.so.2  [.] 0x00007f5672e706f7
     0.04%     0.00%  miniC2D  ld-linux-x86-64.so.2  [.] 0x00007f5672e67c1f
     0.04%     0.00%  miniC2D  ld-linux-x86-64.so.2  [.] 0x00007f5672e673d7
     0.04%     0.00%  miniC2D  ld-linux-x86-64.so.2  [.] 0x00007f5672e5f98b
     0.04%     0.00%  miniC2D  ld-linux-x86-64.so.2  [.] 0x00007f5672e787d4
     0.04%     0.04%  miniC2D  miniC2D               [.] declare_in_hgr
     0.04%     0.04%  miniC2D  libc.so.6             [.] 0x000000000009612c
     0.04%     0.00%  miniC2D  [heap]                [.] 0x00000000050e223f
     0.04%     0.00%  miniC2D  libc.so.6             [.] 0x00007f5672ab512c
     0.04%     0.04%  miniC2D  miniC2D               [.] operator new@plt
     0.04%     0.00%  miniC2D  miniC2D               [.] construct_cnf_vars_and_literals
     0.04%     0.00%  miniC2D  libc.so.6             [.] 0x00007f5672ab5f98
     0.04%     0.00%  miniC2D  libc.so.6             [.] __default_morecore
     0.04%     0.00%  miniC2D  libc.so.6             [.] sbrk (inlined)
     0.04%     0.00%  miniC2D  libc.so.6             [.] brk
     0.04%     0.04%  miniC2D  [kernel.kallsyms]     [k] __rcu_read_lock
     0.04%     0.00%  miniC2D  [kernel.kallsyms]     [k] __cgroup_throttle_swaprate
     0.04%     0.00%  miniC2D  [kernel.kallsyms]     [k] blk_cgroup_congested
     0.04%     0.04%  miniC2D  libc.so.6             [.] 0x0000000000096135
     0.04%     0.00%  miniC2D  libc.so.6             [.] 0x00007f5672ab5135
     0.04%     0.00%  miniC2D  miniC2D               [.] hgr_new_finish
     0.04%     0.04%  miniC2D  miniC2D               [.] sift
     0.04%     0.04%  miniC2D  libc.so.6             [.] 0x0000000000048cbe
     0.04%     0.00%  miniC2D  libc.so.6             [.] 0x00007f5672a67cbe
     0.03%     0.03%  miniC2D  libc.so.6             [.] 0x000000000005ed2e
     0.03%     0.00%  miniC2D  libc.so.6             [.] 0x00007f5672a7dd2e
     0.03%     0.03%  miniC2D  [kernel.kallsyms]     [k] __page_set_anon_rmap
     0.03%     0.03%  miniC2D  libc.so.6             [.] 0x0000000000048cad
     0.03%     0.00%  miniC2D  libc.so.6             [.] 0x00007f5672a67cad
     0.03%     0.03%  miniC2D  libc.so.6             [.] 0x000000000005ef81
     0.03%     0.00%  miniC2D  libc.so.6             [.] 0x00007f5672a7df81
     0.03%     0.00%  miniC2D  [heap]                [.] 0x00000000050959af
     0.03%     0.00%  miniC2D  [kernel.kallsyms]     [k] __x64_sys_execve
     0.03%     0.00%  miniC2D  [kernel.kallsyms]     [k] do_execveat_common.isra.0
     0.03%     0.00%  miniC2D  [kernel.kallsyms]     [k] bprm_execve
     0.03%     0.00%  miniC2D  [kernel.kallsyms]     [k] load_elf_binary
     0.03%     0.03%  miniC2D  [kernel.kallsyms]     [k] vma_adjust_trans_huge
     0.03%     0.00%  miniC2D  ld-linux-x86-64.so.2  [.] 0x00007f5672e72a49
     0.03%     0.00%  miniC2D  ld-linux-x86-64.so.2  [.] 0x00007f5672e575c9
     0.03%     0.00%  miniC2D  ld-linux-x86-64.so.2  [.] _dl_catch_exception
     0.03%     0.00%  miniC2D  ld-linux-x86-64.so.2  [.] 0x00007f5672e57260
     0.03%     0.00%  miniC2D  ld-linux-x86-64.so.2  [.] 0x00007f5672e5d074
     0.03%     0.00%  miniC2D  ld-linux-x86-64.so.2  [.] 0x00007f5672e5ba28
     0.03%     0.00%  miniC2D  ld-linux-x86-64.so.2  [.] 0x00007f5672e75bb3
     0.03%     0.00%  miniC2D  [kernel.kallsyms]     [k] ksys_mmap_pgoff
     0.03%     0.00%  miniC2D  [kernel.kallsyms]     [k] __split_vma
     0.03%     0.00%  miniC2D  [kernel.kallsyms]     [k] __vma_adjust
     0.02%     0.02%  miniC2D  ld-linux-x86-64.so.2  [.] 0x00000000000184e0
     0.02%     0.00%  miniC2D  [unknown]             [.] 0x000000000000008f
     0.02%     0.00%  miniC2D  ld-linux-x86-64.so.2  [.] 0x00007f5672e6d4e0
     0.02%     0.01%  miniC2D  [kernel.kallsyms]     [k] perf_event_mmap
     0.02%     0.02%  miniC2D  [kernel.kallsyms]     [k] chacha_permute
     0.02%     0.00%  miniC2D  [kernel.kallsyms]     [k] _get_random_bytes
     0.02%     0.00%  miniC2D  [kernel.kallsyms]     [k] crng_make_state
     0.02%     0.00%  miniC2D  [kernel.kallsyms]     [k] crng_fast_key_erasure
     0.02%     0.00%  miniC2D  [kernel.kallsyms]     [k] chacha_block_generic
     0.01%     0.01%  miniC2D  [kernel.kallsyms]     [k] perf_event_mmap_output
     0.01%     0.00%  miniC2D  [kernel.kallsyms]     [k] elf_map
     0.01%     0.00%  miniC2D  [kernel.kallsyms]     [k] perf_iterate_sb
     0.01%     0.00%  miniC2D  [kernel.kallsyms]     [k] perf_iterate_ctx
     0.01%     0.00%  miniC2D  [kernel.kallsyms]     [k] setup_arg_pages
     0.01%     0.00%  miniC2D  [kernel.kallsyms]     [k] mprotect_fixup
     0.00%     0.00%  perf-ex  [kernel.kallsyms]     [k] entry_SYSCALL_64_after_hwframe
     0.00%     0.00%  perf-ex  [kernel.kallsyms]     [k] do_syscall_64
     0.00%     0.00%  perf-ex  [kernel.kallsyms]     [k] __x64_sys_execve
     0.00%     0.00%  perf-ex  [kernel.kallsyms]     [k] do_execveat_common.isra.0
     0.00%     0.00%  perf-ex  [kernel.kallsyms]     [k] bprm_execve
     0.00%     0.00%  perf-ex  [kernel.kallsyms]     [k] load_elf_binary
     0.00%     0.00%  perf-ex  [kernel.kallsyms]     [k] begin_new_exec
     0.00%     0.00%  perf-ex  [kernel.kallsyms]     [k] perf_event_exec
     0.00%     0.00%  perf-ex  [kernel.kallsyms]     [k] _raw_spin_lock_irqsave
     0.00%     0.00%  perf-ex  [kernel.kallsyms]     [k] asm_sysvec_irq_work
     0.00%     0.00%  perf-ex  [kernel.kallsyms]     [k] sysvec_irq_work
     0.00%     0.00%  perf-ex  [kernel.kallsyms]     [k] __sysvec_irq_work
     0.00%     0.00%  perf-ex  [kernel.kallsyms]     [k] irq_work_run
     0.00%     0.00%  perf-ex  [kernel.kallsyms]     [k] irq_work_run_list
     0.00%     0.00%  perf-ex  [kernel.kallsyms]     [k] irq_work_single
     0.00%     0.00%  perf-ex  [kernel.kallsyms]     [k] perf_pending_irq
     0.00%     0.00%  perf-ex  [kernel.kallsyms]     [k] perf_event_wakeup
     0.00%     0.00%  perf-ex  [kernel.kallsyms]     [k] __wake_up_common_lock
     0.00%     0.00%  perf-ex  [kernel.kallsyms]     [k] __wake_up_common
     0.00%     0.00%  perf-ex  [kernel.kallsyms]     [k] pollwake
     0.00%     0.00%  perf-ex  [kernel.kallsyms]     [k] try_to_wake_up
     0.00%     0.00%  perf-ex  [kernel.kallsyms]     [k] native_write_msr
     0.00%     0.00%  perf-ex  [kernel.kallsyms]     [k] __intel_pmu_enable_all.constprop.0
     0.00%     0.00%  perf-ex  [kernel.kallsyms]     [k] nmi_restore
     0.00%     0.00%  perf-ex  [kernel.kallsyms]     [k] acpi_os_read_memory
     0.00%     0.00%  perf-ex  [kernel.kallsyms]     [k] nmi_handle


#
# (Tip: To set sample time separation other than 100ms with --sort time use --time-quantum)
#
